# JRE version: OpenJDK Runtime Environment (17.0.6) (build 17.0.6+0-b2043.56-10027231)
# Java VM: OpenJDK 64-Bit Server VM (17.0.6+0-b2043.56-10027231, mixed mode, tiered, compressed oops, compressed class ptrs, g1 gc, windows-amd64)
GC Precious Log:
 CPUs: 8 total, 8 available
 Memory: 8072M
 Large Page Support: Disabled
 NUMA Support: Disabled
 Compressed Oops: Enabled (32-bit)
 Heap Region Size: 1M
 Heap Min Capacity: 8M
 Heap Initial Capacity: 128M
 Heap Max Capacity: 2G
 Pre-touch: Disabled
 Parallel Workers: 8
 Concurrent Workers: 2
 Concurrent Refinement Workers: 8
 Periodic GC: Disabled
Heap:
 garbage-first heap   total 467968K, used 172349K [0x0000000080000000, 0x0000000100000000)
  region size 1024K, 4 young (4096K), 4 survivors (4096K)
 Metaspace       used 135952K, committed 137344K, reserved 1171456K
  class space    used 18357K, committed 19008K, reserved 1048576K
GC Heap History (20 events):
Event: 1003.953 GC heap after
{Heap after GC invocations=57 (full 0):
 garbage-first heap   total 302080K, used 258997K [0x0000000080000000, 0x0000000100000000)
  region size 1024K, 3 young (3072K), 3 survivors (3072K)
 Metaspace       used 135376K, committed 136448K, reserved 1171456K
  class space    used 18240K, committed 18752K, reserved 1048576K
}
Event: 1003.956 GC heap before
{Heap before GC invocations=57 (full 0):
 garbage-first heap   total 302080K, used 258997K [0x0000000080000000, 0x0000000100000000)
  region size 1024K, 4 young (4096K), 3 survivors (3072K)
 Metaspace       used 135376K, committed 136448K, reserved 1171456K
  class space    used 18240K, committed 18752K, reserved 1048576K
}
Event: 1003.963 GC heap after
{Heap after GC invocations=58 (full 0):
 garbage-first heap   total 467968K, used 259806K [0x0000000080000000, 0x0000000100000000)
  region size 1024K, 1 young (1024K), 1 survivors (1024K)
 Metaspace       used 135376K, committed 136448K, reserved 1171456K
  class space    used 18240K, committed 18752K, reserved 1048576K
}
Event: 1005.355 GC heap before
{Heap before GC invocations=58 (full 0):
 garbage-first heap   total 467968K, used 363230K [0x0000000080000000, 0x0000000100000000)
  region size 1024K, 87 young (89088K), 1 survivors (1024K)
 Metaspace       used 135496K, committed 136576K, reserved 1171456K
  class space    used 18240K, committed 18752K, reserved 1048576K
}
Event: 1005.361 GC heap after
{Heap after GC invocations=59 (full 0):
 garbage-first heap   total 467968K, used 270448K [0x0000000080000000, 0x0000000100000000)
  region size 1024K, 7 young (7168K), 7 survivors (7168K)
 Metaspace       used 135496K, committed 136576K, reserved 1171456K
  class space    used 18240K, committed 18752K, reserved 1048576K
}
Event: 1005.369 GC heap before
{Heap before GC invocations=59 (full 0):
 garbage-first heap   total 467968K, used 280688K [0x0000000080000000, 0x0000000100000000)
  region size 1024K, 8 young (8192K), 7 survivors (7168K)
 Metaspace       used 135499K, committed 136576K, reserved 1171456K
  class space    used 18240K, committed 18752K, reserved 1048576K
}
Event: 1005.373 GC heap after
{Heap after GC invocations=60 (full 0):
 garbage-first heap   total 467968K, used 281373K [0x0000000080000000, 0x0000000100000000)
  region size 1024K, 1 young (1024K), 1 survivors (1024K)
 Metaspace       used 135499K, committed 136576K, reserved 1171456K
  class space    used 18240K, committed 18752K, reserved 1048576K
}
Event: 1026.999 GC heap before
{Heap before GC invocations=61 (full 0):
 garbage-first heap   total 467968K, used 341789K [0x0000000080000000, 0x0000000100000000)
  region size 1024K, 91 young (93184K), 1 survivors (1024K)
 Metaspace       used 135015K, committed 136256K, reserved 1171456K
  class space    used 18176K, committed 18752K, reserved 1048576K
}
Event: 1027.018 GC heap after
{Heap after GC invocations=62 (full 0):
 garbage-first heap   total 467968K, used 256875K [0x0000000080000000, 0x0000000100000000)
  region size 1024K, 12 young (12288K), 12 survivors (12288K)
 Metaspace       used 135015K, committed 136256K, reserved 1171456K
  class space    used 18176K, committed 18752K, reserved 1048576K
}
Event: 1027.063 GC heap before
{Heap before GC invocations=62 (full 0):
 garbage-first heap   total 467968K, used 266091K [0x0000000080000000, 0x0000000100000000)
  region size 1024K, 22 young (22528K), 12 survivors (12288K)
 Metaspace       used 135015K, committed 136256K, reserved 1171456K
  class space    used 18176K, committed 18752K, reserved 1048576K
}
Event: 1027.074 GC heap after
{Heap after GC invocations=63 (full 0):
 garbage-first heap   total 467968K, used 215898K [0x0000000080000000, 0x0000000100000000)
  region size 1024K, 3 young (3072K), 3 survivors (3072K)
 Metaspace       used 135015K, committed 136256K, reserved 1171456K
  class space    used 18176K, committed 18752K, reserved 1048576K
}
Event: 1027.165 GC heap before
{Heap before GC invocations=63 (full 0):
 garbage-first heap   total 467968K, used 263002K [0x0000000080000000, 0x0000000100000000)
  region size 1024K, 22 young (22528K), 3 survivors (3072K)
 Metaspace       used 135024K, committed 136256K, reserved 1171456K
  class space    used 18176K, committed 18752K, reserved 1048576K
}
Event: 1027.183 GC heap after
{Heap after GC invocations=64 (full 0):
 garbage-first heap   total 467968K, used 184655K [0x0000000080000000, 0x0000000100000000)
  region size 1024K, 3 young (3072K), 3 survivors (3072K)
 Metaspace       used 135024K, committed 136256K, reserved 1171456K
  class space    used 18176K, committed 18752K, reserved 1048576K
}
Event: 1028.555 GC heap before
{Heap before GC invocations=64 (full 0):
 garbage-first heap   total 467968K, used 260431K [0x0000000080000000, 0x0000000100000000)
  region size 1024K, 79 young (80896K), 3 survivors (3072K)
 Metaspace       used 135077K, committed 136256K, reserved 1171456K
  class space    used 18177K, committed 18752K, reserved 1048576K
}
Event: 1028.570 GC heap after
{Heap after GC invocations=65 (full 0):
 garbage-first heap   total 467968K, used 191057K [0x0000000080000000, 0x0000000100000000)
  region size 1024K, 10 young (10240K), 10 survivors (10240K)
 Metaspace       used 135077K, committed 136256K, reserved 1171456K
  class space    used 18177K, committed 18752K, reserved 1048576K
}
Event: 1067.695 GC heap before
{Heap before GC invocations=66 (full 0):
 garbage-first heap   total 467968K, used 393809K [0x0000000080000000, 0x0000000100000000)
  region size 1024K, 163 young (166912K), 10 survivors (10240K)
 Metaspace       used 135756K, committed 137024K, reserved 1171456K
  class space    used 18311K, committed 18880K, reserved 1048576K
}
Event: 1067.705 GC heap after
{Heap after GC invocations=67 (full 0):
 garbage-first heap   total 467968K, used 190152K [0x0000000080000000, 0x0000000100000000)
  region size 1024K, 18 young (18432K), 18 survivors (18432K)
 Metaspace       used 135756K, committed 137024K, reserved 1171456K
  class space    used 18311K, committed 18880K, reserved 1048576K
}
Event: 1067.709 GC heap before
{Heap before GC invocations=67 (full 0):
 garbage-first heap   total 467968K, used 193224K [0x0000000080000000, 0x0000000100000000)
  region size 1024K, 22 young (22528K), 18 survivors (18432K)
 Metaspace       used 135756K, committed 137024K, reserved 1171456K
  class space    used 18311K, committed 18880K, reserved 1048576K
}
Event: 1067.723 GC heap after
{Heap after GC invocations=68 (full 0):
 garbage-first heap   total 467968K, used 171325K [0x0000000080000000, 0x0000000100000000)
  region size 1024K, 3 young (3072K), 3 survivors (3072K)
 Metaspace       used 135756K, committed 137024K, reserved 1171456K
  class space    used 18311K, committed 18880K, reserved 1048576K
}
Event: 1067.887 GC heap before
{Heap before GC invocations=68 (full 0):
 garbage-first heap   total 467968K, used 214333K [0x0000000080000000, 0x0000000100000000)
  region size 1024K, 47 young (48128K), 3 survivors (3072K)
 Metaspace       used 135952K, committed 137344K, reserved 1171456K
  class space    used 18357K, committed 19008K, reserved 1048576K
}

