# JRE version: OpenJDK Runtime Environment (17.0.6) (build 17.0.6+0-b2043.56-10027231)
# Java VM: OpenJDK 64-Bit Server VM (17.0.6+0-b2043.56-10027231, mixed mode, tiered, compressed oops, compressed class ptrs, g1 gc, windows-amd64)
GC Precious Log:
 CPUs: 8 total, 8 available
 Memory: 8072M
 Large Page Support: Disabled
 NUMA Support: Disabled
 Compressed Oops: Enabled (32-bit)
 Heap Region Size: 1M
 Heap Min Capacity: 8M
 Heap Initial Capacity: 128M
 Heap Max Capacity: 2G
 Pre-touch: Disabled
 Parallel Workers: 8
 Concurrent Workers: 2
 Concurrent Refinement Workers: 8
 Periodic GC: Disabled
Heap:
 garbage-first heap   total 220160K, used 146070K [0x0000000080000000, 0x0000000100000000)
  region size 1024K, 14 young (14336K), 6 survivors (6144K)
 Metaspace       used 94307K, committed 95040K, reserved 1138688K
  class space    used 12672K, committed 12992K, reserved 1048576K
GC Heap History (20 events):
Event: 13.831 GC heap before
{Heap before GC invocations=38 (full 0):
 garbage-first heap   total 163840K, used 122706K [0x0000000080000000, 0x0000000100000000)
  region size 1024K, 39 young (39936K), 4 survivors (4096K)
 Metaspace       used 69178K, committed 69824K, reserved 1114112K
  class space    used 9197K, committed 9472K, reserved 1048576K
}
Event: 13.836 GC heap after
{Heap after GC invocations=39 (full 0):
 garbage-first heap   total 163840K, used 89963K [0x0000000080000000, 0x0000000100000000)
  region size 1024K, 4 young (4096K), 4 survivors (4096K)
 Metaspace       used 69178K, committed 69824K, reserved 1114112K
  class space    used 9197K, committed 9472K, reserved 1048576K
}
Event: 14.366 GC heap before
{Heap before GC invocations=40 (full 0):
 garbage-first heap   total 163840K, used 125803K [0x0000000080000000, 0x0000000100000000)
  region size 1024K, 39 young (39936K), 4 survivors (4096K)
 Metaspace       used 70751K, committed 71424K, reserved 1114112K
  class space    used 9416K, committed 9728K, reserved 1048576K
}
Event: 14.373 GC heap after
{Heap after GC invocations=41 (full 0):
 garbage-first heap   total 163840K, used 92385K [0x0000000080000000, 0x0000000100000000)
  region size 1024K, 3 young (3072K), 3 survivors (3072K)
 Metaspace       used 70751K, committed 71424K, reserved 1114112K
  class space    used 9416K, committed 9728K, reserved 1048576K
}
Event: 14.463 GC heap before
{Heap before GC invocations=41 (full 0):
 garbage-first heap   total 163840K, used 96481K [0x0000000080000000, 0x0000000100000000)
  region size 1024K, 8 young (8192K), 3 survivors (3072K)
 Metaspace       used 71239K, committed 71872K, reserved 1114112K
  class space    used 9487K, committed 9792K, reserved 1048576K
}
Event: 14.467 GC heap after
{Heap after GC invocations=42 (full 0):
 garbage-first heap   total 196608K, used 92838K [0x0000000080000000, 0x0000000100000000)
  region size 1024K, 3 young (3072K), 3 survivors (3072K)
 Metaspace       used 71239K, committed 71872K, reserved 1114112K
  class space    used 9487K, committed 9792K, reserved 1048576K
}
Event: 15.688 GC heap before
{Heap before GC invocations=43 (full 0):
 garbage-first heap   total 196608K, used 146086K [0x0000000080000000, 0x0000000100000000)
  region size 1024K, 55 young (56320K), 3 survivors (3072K)
 Metaspace       used 77485K, committed 78144K, reserved 1122304K
  class space    used 10520K, committed 10816K, reserved 1048576K
}
Event: 15.694 GC heap after
{Heap after GC invocations=44 (full 0):
 garbage-first heap   total 196608K, used 97330K [0x0000000080000000, 0x0000000100000000)
  region size 1024K, 8 young (8192K), 8 survivors (8192K)
 Metaspace       used 77485K, committed 78144K, reserved 1122304K
  class space    used 10520K, committed 10816K, reserved 1048576K
}
Event: 17.309 GC heap before
{Heap before GC invocations=45 (full 0):
 garbage-first heap   total 206848K, used 178226K [0x0000000080000000, 0x0000000100000000)
  region size 1024K, 65 young (66560K), 8 survivors (8192K)
 Metaspace       used 82617K, committed 83328K, reserved 1122304K
  class space    used 11157K, committed 11456K, reserved 1048576K
}
Event: 17.320 GC heap after
{Heap after GC invocations=46 (full 0):
 garbage-first heap   total 206848K, used 127495K [0x0000000080000000, 0x0000000100000000)
  region size 1024K, 9 young (9216K), 9 survivors (9216K)
 Metaspace       used 82617K, committed 83328K, reserved 1122304K
  class space    used 11157K, committed 11456K, reserved 1048576K
}
Event: 17.343 GC heap before
{Heap before GC invocations=46 (full 0):
 garbage-first heap   total 206848K, used 128519K [0x0000000080000000, 0x0000000100000000)
  region size 1024K, 10 young (10240K), 9 survivors (9216K)
 Metaspace       used 82714K, committed 83392K, reserved 1122304K
  class space    used 11168K, committed 11456K, reserved 1048576K
}
Event: 17.351 GC heap after
{Heap after GC invocations=47 (full 0):
 garbage-first heap   total 206848K, used 127447K [0x0000000080000000, 0x0000000100000000)
  region size 1024K, 1 young (1024K), 1 survivors (1024K)
 Metaspace       used 82714K, committed 83392K, reserved 1122304K
  class space    used 11168K, committed 11456K, reserved 1048576K
}
Event: 18.418 GC heap before
{Heap before GC invocations=47 (full 0):
 garbage-first heap   total 206848K, used 170455K [0x0000000080000000, 0x0000000100000000)
  region size 1024K, 43 young (44032K), 1 survivors (1024K)
 Metaspace       used 89204K, committed 89984K, reserved 1130496K
  class space    used 12099K, committed 12480K, reserved 1048576K
}
Event: 18.426 GC heap after
{Heap after GC invocations=48 (full 0):
 garbage-first heap   total 206848K, used 129344K [0x0000000080000000, 0x0000000100000000)
  region size 1024K, 3 young (3072K), 3 survivors (3072K)
 Metaspace       used 89204K, committed 89984K, reserved 1130496K
  class space    used 12099K, committed 12480K, reserved 1048576K
}
Event: 21.111 GC heap before
{Heap before GC invocations=49 (full 0):
 garbage-first heap   total 220160K, used 172352K [0x0000000080000000, 0x0000000100000000)
  region size 1024K, 44 young (45056K), 3 survivors (3072K)
 Metaspace       used 93775K, committed 94464K, reserved 1138688K
  class space    used 12630K, committed 12928K, reserved 1048576K
}
Event: 21.122 GC heap after
{Heap after GC invocations=50 (full 0):
 garbage-first heap   total 220160K, used 133630K [0x0000000080000000, 0x0000000100000000)
  region size 1024K, 6 young (6144K), 6 survivors (6144K)
 Metaspace       used 93775K, committed 94464K, reserved 1138688K
  class space    used 12630K, committed 12928K, reserved 1048576K
}
Event: 21.314 GC heap before
{Heap before GC invocations=50 (full 0):
 garbage-first heap   total 220160K, used 136702K [0x0000000080000000, 0x0000000100000000)
  region size 1024K, 10 young (10240K), 6 survivors (6144K)
 Metaspace       used 93950K, committed 94720K, reserved 1138688K
  class space    used 12643K, committed 12992K, reserved 1048576K
}
Event: 21.325 GC heap after
{Heap after GC invocations=51 (full 0):
 garbage-first heap   total 220160K, used 134277K [0x0000000080000000, 0x0000000100000000)
  region size 1024K, 2 young (2048K), 2 survivors (2048K)
 Metaspace       used 93950K, committed 94720K, reserved 1138688K
  class space    used 12643K, committed 12992K, reserved 1048576K
}
Event: 22.499 GC heap before
{Heap before GC invocations=51 (full 0):
 garbage-first heap   total 220160K, used 182405K [0x0000000080000000, 0x0000000100000000)
  region size 1024K, 50 young (51200K), 2 survivors (2048K)
 Metaspace       used 94255K, committed 94976K, reserved 1138688K
  class space    used 12672K, committed 12992K, reserved 1048576K
}
Event: 22.506 GC heap after
{Heap after GC invocations=52 (full 0):
 garbage-first heap   total 220160K, used 138902K [0x0000000080000000, 0x0000000100000000)
  region size 1024K, 6 young (6144K), 6 survivors (6144K)
 Metaspace       used 94255K, committed 94976K, reserved 1138688K
  class space    used 12672K, committed 12992K, reserved 1048576K
}

