# JRE version: OpenJDK Runtime Environment (17.0.6) (build 17.0.6+0-b2043.56-10027231)
# Java VM: OpenJDK 64-Bit Server VM (17.0.6+0-b2043.56-10027231, mixed mode, tiered, compressed oops, compressed class ptrs, g1 gc, windows-amd64)
GC Precious Log:
 CPUs: 8 total, 8 available
 Memory: 8072M
 Large Page Support: Disabled
 NUMA Support: Disabled
 Compressed Oops: Enabled (32-bit)
 Heap Region Size: 1M
 Heap Min Capacity: 8M
 Heap Initial Capacity: 128M
 Heap Max Capacity: 2G
 Pre-touch: Disabled
 Parallel Workers: 8
 Concurrent Workers: 2
 Concurrent Refinement Workers: 8
 Periodic GC: Disabled
Heap:
 garbage-first heap   total 225280K, used 136321K [0x0000000080000000, 0x0000000100000000)
  region size 1024K, 9 young (9216K), 3 survivors (3072K)
 Metaspace       used 91033K, committed 91840K, reserved 1130496K
  class space    used 12425K, committed 12800K, reserved 1048576K
GC Heap History (20 events):
Event: 12.292 GC heap before
{Heap before GC invocations=34 (full 0):
 garbage-first heap   total 152576K, used 102477K [0x0000000080000000, 0x0000000100000000)
  region size 1024K, 22 young (22528K), 4 survivors (4096K)
 Metaspace       used 65270K, committed 65920K, reserved 1105920K
  class space    used 8680K, committed 8960K, reserved 1048576K
}
Event: 12.298 GC heap after
{Heap after GC invocations=35 (full 0):
 garbage-first heap   total 152576K, used 88135K [0x0000000080000000, 0x0000000100000000)
  region size 1024K, 3 young (3072K), 3 survivors (3072K)
 Metaspace       used 65270K, committed 65920K, reserved 1105920K
  class space    used 8680K, committed 8960K, reserved 1048576K
}
Event: 12.758 GC heap before
{Heap before GC invocations=36 (full 0):
 garbage-first heap   total 176128K, used 122951K [0x0000000080000000, 0x0000000100000000)
  region size 1024K, 31 young (31744K), 3 survivors (3072K)
 Metaspace       used 67078K, committed 67712K, reserved 1114112K
  class space    used 8923K, committed 9216K, reserved 1048576K
}
Event: 12.764 GC heap after
{Heap after GC invocations=37 (full 0):
 garbage-first heap   total 176128K, used 90865K [0x0000000080000000, 0x0000000100000000)
  region size 1024K, 4 young (4096K), 4 survivors (4096K)
 Metaspace       used 67078K, committed 67712K, reserved 1114112K
  class space    used 8923K, committed 9216K, reserved 1048576K
}
Event: 12.833 GC heap before
{Heap before GC invocations=37 (full 0):
 garbage-first heap   total 176128K, used 94961K [0x0000000080000000, 0x0000000100000000)
  region size 1024K, 8 young (8192K), 4 survivors (4096K)
 Metaspace       used 67407K, committed 68096K, reserved 1114112K
  class space    used 8967K, committed 9280K, reserved 1048576K
}
Event: 12.838 GC heap after
{Heap after GC invocations=38 (full 0):
 garbage-first heap   total 176128K, used 91420K [0x0000000080000000, 0x0000000100000000)
  region size 1024K, 1 young (1024K), 1 survivors (1024K)
 Metaspace       used 67407K, committed 68096K, reserved 1114112K
  class space    used 8967K, committed 9280K, reserved 1048576K
}
Event: 13.390 GC heap before
{Heap before GC invocations=38 (full 0):
 garbage-first heap   total 176128K, used 130332K [0x0000000080000000, 0x0000000100000000)
  region size 1024K, 39 young (39936K), 1 survivors (1024K)
 Metaspace       used 69498K, committed 70144K, reserved 1114112K
  class space    used 9250K, committed 9536K, reserved 1048576K
}
Event: 13.396 GC heap after
{Heap after GC invocations=39 (full 0):
 garbage-first heap   total 211968K, used 93860K [0x0000000080000000, 0x0000000100000000)
  region size 1024K, 4 young (4096K), 4 survivors (4096K)
 Metaspace       used 69498K, committed 70144K, reserved 1114112K
  class space    used 9250K, committed 9536K, reserved 1048576K
}
Event: 14.599 GC heap before
{Heap before GC invocations=40 (full 0):
 garbage-first heap   total 211968K, used 162468K [0x0000000080000000, 0x0000000100000000)
  region size 1024K, 70 young (71680K), 4 survivors (4096K)
 Metaspace       used 75854K, committed 76480K, reserved 1122304K
  class space    used 10305K, committed 10624K, reserved 1048576K
}
Event: 14.605 GC heap after
{Heap after GC invocations=41 (full 0):
 garbage-first heap   total 211968K, used 97933K [0x0000000080000000, 0x0000000100000000)
  region size 1024K, 7 young (7168K), 7 survivors (7168K)
 Metaspace       used 75854K, committed 76480K, reserved 1122304K
  class space    used 10305K, committed 10624K, reserved 1048576K
}
Event: 14.638 GC heap before
{Heap before GC invocations=41 (full 0):
 garbage-first heap   total 211968K, used 101005K [0x0000000080000000, 0x0000000100000000)
  region size 1024K, 10 young (10240K), 7 survivors (7168K)
 Metaspace       used 76109K, committed 76736K, reserved 1122304K
  class space    used 10341K, committed 10624K, reserved 1048576K
}
Event: 14.644 GC heap after
{Heap after GC invocations=42 (full 0):
 garbage-first heap   total 211968K, used 98093K [0x0000000080000000, 0x0000000100000000)
  region size 1024K, 1 young (1024K), 1 survivors (1024K)
 Metaspace       used 76109K, committed 76736K, reserved 1122304K
  class space    used 10341K, committed 10624K, reserved 1048576K
}
Event: 14.965 GC heap before
{Heap before GC invocations=42 (full 0):
 garbage-first heap   total 211968K, used 111405K [0x0000000080000000, 0x0000000100000000)
  region size 1024K, 15 young (15360K), 1 survivors (1024K)
 Metaspace       used 77817K, committed 78528K, reserved 1122304K
  class space    used 10570K, committed 10880K, reserved 1048576K
}
Event: 14.968 GC heap after
{Heap after GC invocations=43 (full 0):
 garbage-first heap   total 211968K, used 98716K [0x0000000080000000, 0x0000000100000000)
  region size 1024K, 2 young (2048K), 2 survivors (2048K)
 Metaspace       used 77817K, committed 78528K, reserved 1122304K
  class space    used 10570K, committed 10880K, reserved 1048576K
}
Event: 16.088 GC heap before
{Heap before GC invocations=44 (full 0):
 garbage-first heap   total 211968K, used 185756K [0x0000000080000000, 0x0000000100000000)
  region size 1024K, 65 young (66560K), 2 survivors (2048K)
 Metaspace       used 83599K, committed 84288K, reserved 1122304K
  class space    used 11308K, committed 11648K, reserved 1048576K
}
Event: 16.097 GC heap after
{Heap after GC invocations=45 (full 0):
 garbage-first heap   total 211968K, used 128975K [0x0000000080000000, 0x0000000100000000)
  region size 1024K, 9 young (9216K), 9 survivors (9216K)
 Metaspace       used 83599K, committed 84288K, reserved 1122304K
  class space    used 11308K, committed 11648K, reserved 1048576K
}
Event: 16.119 GC heap before
{Heap before GC invocations=45 (full 0):
 garbage-first heap   total 211968K, used 129999K [0x0000000080000000, 0x0000000100000000)
  region size 1024K, 10 young (10240K), 9 survivors (9216K)
 Metaspace       used 83807K, committed 84480K, reserved 1122304K
  class space    used 11328K, committed 11648K, reserved 1048576K
}
Event: 16.125 GC heap after
{Heap after GC invocations=46 (full 0):
 garbage-first heap   total 211968K, used 129067K [0x0000000080000000, 0x0000000100000000)
  region size 1024K, 1 young (1024K), 1 survivors (1024K)
 Metaspace       used 83807K, committed 84480K, reserved 1122304K
  class space    used 11328K, committed 11648K, reserved 1048576K
}
Event: 17.105 GC heap before
{Heap before GC invocations=46 (full 0):
 garbage-first heap   total 211968K, used 173099K [0x0000000080000000, 0x0000000100000000)
  region size 1024K, 44 young (45056K), 1 survivors (1024K)
 Metaspace       used 90332K, committed 91072K, reserved 1130496K
  class space    used 12332K, committed 12672K, reserved 1048576K
}
Event: 17.113 GC heap after
{Heap after GC invocations=47 (full 0):
 garbage-first heap   total 211968K, used 131201K [0x0000000080000000, 0x0000000100000000)
  region size 1024K, 3 young (3072K), 3 survivors (3072K)
 Metaspace       used 90332K, committed 91072K, reserved 1130496K
  class space    used 12332K, committed 12672K, reserved 1048576K
}

