# JRE version: OpenJDK Runtime Environment (17.0.6) (build 17.0.6+0-b2043.56-10027231)
# Java VM: OpenJDK 64-Bit Server VM (17.0.6+0-b2043.56-10027231, mixed mode, tiered, compressed oops, compressed class ptrs, g1 gc, windows-amd64)
GC Precious Log:
 CPUs: 8 total, 8 available
 Memory: 8072M
 Large Page Support: Disabled
 NUMA Support: Disabled
 Compressed Oops: Enabled (32-bit)
 Heap Region Size: 1M
 Heap Min Capacity: 8M
 Heap Initial Capacity: 128M
 Heap Max Capacity: 2G
 Pre-touch: Disabled
 Parallel Workers: 8
 Concurrent Workers: 2
 Concurrent Refinement Workers: 8
 Periodic GC: Disabled
Heap:
 garbage-first heap   total 343040K, used 235089K [0x0000000080000000, 0x0000000100000000)
  region size 1024K, 23 young (23552K), 2 survivors (2048K)
 Metaspace       used 136204K, committed 137024K, reserved 1171456K
  class space    used 17802K, committed 18176K, reserved 1048576K
GC Heap History (20 events):
Event: 2299.673 GC heap before
{Heap before GC invocations=56 (full 0):
 garbage-first heap   total 339968K, used 271896K [0x0000000080000000, 0x0000000100000000)
  region size 1024K, 84 young (86016K), 12 survivors (12288K)
 Metaspace       used 120308K, committed 121792K, reserved 1155072K
  class space    used 15845K, committed 16576K, reserved 1048576K
}
Event: 2299.712 GC heap after
{Heap after GC invocations=57 (full 0):
 garbage-first heap   total 339968K, used 204006K [0x0000000080000000, 0x0000000100000000)
  region size 1024K, 11 young (11264K), 11 survivors (11264K)
 Metaspace       used 120308K, committed 121792K, reserved 1155072K
  class space    used 15845K, committed 16576K, reserved 1048576K
}
Event: 2299.843 GC heap before
{Heap before GC invocations=57 (full 0):
 garbage-first heap   total 339968K, used 209126K [0x0000000080000000, 0x0000000100000000)
  region size 1024K, 16 young (16384K), 11 survivors (11264K)
 Metaspace       used 120333K, committed 121792K, reserved 1155072K
  class space    used 15848K, committed 16576K, reserved 1048576K
}
Event: 2299.885 GC heap after
{Heap after GC invocations=58 (full 0):
 garbage-first heap   total 339968K, used 202156K [0x0000000080000000, 0x0000000100000000)
  region size 1024K, 2 young (2048K), 2 survivors (2048K)
 Metaspace       used 120333K, committed 121792K, reserved 1155072K
  class space    used 15848K, committed 16576K, reserved 1048576K
}
Event: 2300.693 GC heap before
{Heap before GC invocations=58 (full 0):
 garbage-first heap   total 339968K, used 285100K [0x0000000080000000, 0x0000000100000000)
  region size 1024K, 67 young (68608K), 2 survivors (2048K)
 Metaspace       used 123542K, committed 124480K, reserved 1163264K
  class space    used 16138K, committed 16640K, reserved 1048576K
}
Event: 2300.708 GC heap after
{Heap after GC invocations=59 (full 0):
 garbage-first heap   total 339968K, used 211968K [0x0000000080000000, 0x0000000100000000)
  region size 1024K, 9 young (9216K), 9 survivors (9216K)
 Metaspace       used 123542K, committed 124480K, reserved 1163264K
  class space    used 16138K, committed 16640K, reserved 1048576K
}
Event: 2301.228 GC heap before
{Heap before GC invocations=59 (full 0):
 garbage-first heap   total 339968K, used 273408K [0x0000000080000000, 0x0000000100000000)
  region size 1024K, 70 young (71680K), 9 survivors (9216K)
 Metaspace       used 124983K, committed 125888K, reserved 1163264K
  class space    used 16295K, committed 16768K, reserved 1048576K
}
Event: 2301.241 GC heap after
{Heap after GC invocations=60 (full 0):
 garbage-first heap   total 339968K, used 212764K [0x0000000080000000, 0x0000000100000000)
  region size 1024K, 4 young (4096K), 4 survivors (4096K)
 Metaspace       used 124983K, committed 125888K, reserved 1163264K
  class space    used 16295K, committed 16768K, reserved 1048576K
}
Event: 2301.980 GC heap before
{Heap before GC invocations=60 (full 0):
 garbage-first heap   total 339968K, used 278300K [0x0000000080000000, 0x0000000100000000)
  region size 1024K, 68 young (69632K), 4 survivors (4096K)
 Metaspace       used 127301K, committed 128192K, reserved 1163264K
  class space    used 16592K, committed 17024K, reserved 1048576K
}
Event: 2302.006 GC heap after
{Heap after GC invocations=61 (full 0):
 garbage-first heap   total 339968K, used 214812K [0x0000000080000000, 0x0000000100000000)
  region size 1024K, 6 young (6144K), 6 survivors (6144K)
 Metaspace       used 127301K, committed 128192K, reserved 1163264K
  class space    used 16592K, committed 17024K, reserved 1048576K
}
Event: 2303.230 GC heap before
{Heap before GC invocations=62 (full 0):
 garbage-first heap   total 343040K, used 263964K [0x0000000080000000, 0x0000000100000000)
  region size 1024K, 71 young (72704K), 6 survivors (6144K)
 Metaspace       used 130858K, committed 131712K, reserved 1171456K
  class space    used 17052K, committed 17472K, reserved 1048576K
}
Event: 2303.252 GC heap after
{Heap after GC invocations=63 (full 0):
 garbage-first heap   total 343040K, used 200415K [0x0000000080000000, 0x0000000100000000)
  region size 1024K, 7 young (7168K), 7 survivors (7168K)
 Metaspace       used 130858K, committed 131712K, reserved 1171456K
  class space    used 17052K, committed 17472K, reserved 1048576K
}
Event: 2303.311 GC heap before
{Heap before GC invocations=63 (full 0):
 garbage-first heap   total 343040K, used 208607K [0x0000000080000000, 0x0000000100000000)
  region size 1024K, 16 young (16384K), 7 survivors (7168K)
 Metaspace       used 131103K, committed 131904K, reserved 1171456K
  class space    used 17084K, committed 17472K, reserved 1048576K
}
Event: 2303.326 GC heap after
{Heap after GC invocations=64 (full 0):
 garbage-first heap   total 343040K, used 170195K [0x0000000080000000, 0x0000000100000000)
  region size 1024K, 2 young (2048K), 2 survivors (2048K)
 Metaspace       used 131103K, committed 131904K, reserved 1171456K
  class space    used 17084K, committed 17472K, reserved 1048576K
}
Event: 2303.470 GC heap before
{Heap before GC invocations=64 (full 0):
 garbage-first heap   total 343040K, used 183507K [0x0000000080000000, 0x0000000100000000)
  region size 1024K, 16 young (16384K), 2 survivors (2048K)
 Metaspace       used 131517K, committed 132416K, reserved 1171456K
  class space    used 17134K, committed 17536K, reserved 1048576K
}
Event: 2303.479 GC heap after
{Heap after GC invocations=65 (full 0):
 garbage-first heap   total 343040K, used 164750K [0x0000000080000000, 0x0000000100000000)
  region size 1024K, 2 young (2048K), 2 survivors (2048K)
 Metaspace       used 131517K, committed 132416K, reserved 1171456K
  class space    used 17134K, committed 17536K, reserved 1048576K
}
Event: 2304.321 GC heap before
{Heap before GC invocations=65 (full 0):
 garbage-first heap   total 343040K, used 284558K [0x0000000080000000, 0x0000000100000000)
  region size 1024K, 100 young (102400K), 2 survivors (2048K)
 Metaspace       used 135868K, committed 136768K, reserved 1171456K
  class space    used 17753K, committed 18176K, reserved 1048576K
}
Event: 2304.331 GC heap after
{Heap after GC invocations=66 (full 0):
 garbage-first heap   total 343040K, used 192943K [0x0000000080000000, 0x0000000100000000)
  region size 1024K, 13 young (13312K), 13 survivors (13312K)
 Metaspace       used 135868K, committed 136768K, reserved 1171456K
  class space    used 17753K, committed 18176K, reserved 1048576K
}
Event: 2304.332 GC heap before
{Heap before GC invocations=66 (full 0):
 garbage-first heap   total 343040K, used 196015K [0x0000000080000000, 0x0000000100000000)
  region size 1024K, 15 young (15360K), 13 survivors (13312K)
 Metaspace       used 135868K, committed 136768K, reserved 1171456K
  class space    used 17753K, committed 18176K, reserved 1048576K
}
Event: 2304.354 GC heap after
{Heap after GC invocations=67 (full 0):
 garbage-first heap   total 343040K, used 197201K [0x0000000080000000, 0x0000000100000000)
  region size 1024K, 2 young (2048K), 2 survivors (2048K)
 Metaspace       used 135868K, committed 136768K, reserved 1171456K
  class space    used 17753K, committed 18176K, reserved 1048576K
}

