# JRE version: OpenJDK Runtime Environment (17.0.6) (build 17.0.6+0-b2043.56-10027231)
# Java VM: OpenJDK 64-Bit Server VM (17.0.6+0-b2043.56-10027231, mixed mode, tiered, compressed oops, compressed class ptrs, g1 gc, windows-amd64)
GC Precious Log:
 CPUs: 8 total, 8 available
 Memory: 8072M
 Large Page Support: Disabled
 NUMA Support: Disabled
 Compressed Oops: Enabled (32-bit)
 Heap Region Size: 1M
 Heap Min Capacity: 8M
 Heap Initial Capacity: 128M
 Heap Max Capacity: 2G
 Pre-touch: Disabled
 Parallel Workers: 8
 Concurrent Workers: 2
 Concurrent Refinement Workers: 8
 Periodic GC: Disabled
Heap:
 garbage-first heap   total 365568K, used 255148K [0x0000000080000000, 0x0000000100000000)
  region size 1024K, 5 young (5120K), 5 survivors (5120K)
 Metaspace       used 108592K, committed 109376K, reserved 1146880K
  class space    used 14661K, committed 15040K, reserved 1048576K
GC Heap History (20 events):
Event: 18.984 GC heap after
{Heap after GC invocations=31 (full 0):
 garbage-first heap   total 191488K, used 74938K [0x0000000080000000, 0x0000000100000000)
  region size 1024K, 10 young (10240K), 10 survivors (10240K)
 Metaspace       used 84328K, committed 84928K, reserved 1122304K
  class space    used 11652K, committed 11968K, reserved 1048576K
}
Event: 20.510 GC heap before
{Heap before GC invocations=31 (full 0):
 garbage-first heap   total 191488K, used 145594K [0x0000000080000000, 0x0000000100000000)
  region size 1024K, 79 young (80896K), 10 survivors (10240K)
 Metaspace       used 88516K, committed 89152K, reserved 1130496K
  class space    used 12104K, committed 12416K, reserved 1048576K
}
Event: 20.537 GC heap after
{Heap after GC invocations=32 (full 0):
 garbage-first heap   total 191488K, used 80089K [0x0000000080000000, 0x0000000100000000)
  region size 1024K, 6 young (6144K), 6 survivors (6144K)
 Metaspace       used 88516K, committed 89152K, reserved 1130496K
  class space    used 12104K, committed 12416K, reserved 1048576K
}
Event: 21.891 GC heap before
{Heap before GC invocations=32 (full 0):
 garbage-first heap   total 191488K, used 166105K [0x0000000080000000, 0x0000000100000000)
  region size 1024K, 74 young (75776K), 6 survivors (6144K)
 Metaspace       used 89372K, committed 90048K, reserved 1130496K
  class space    used 12166K, committed 12544K, reserved 1048576K
}
Event: 21.929 GC heap after
{Heap after GC invocations=33 (full 0):
 garbage-first heap   total 198656K, used 107354K [0x0000000080000000, 0x0000000100000000)
  region size 1024K, 10 young (10240K), 10 survivors (10240K)
 Metaspace       used 89372K, committed 90048K, reserved 1130496K
  class space    used 12166K, committed 12544K, reserved 1048576K
}
Event: 22.941 GC heap before
{Heap before GC invocations=33 (full 0):
 garbage-first heap   total 198656K, used 167770K [0x0000000080000000, 0x0000000100000000)
  region size 1024K, 53 young (54272K), 10 survivors (10240K)
 Metaspace       used 89917K, committed 90624K, reserved 1130496K
  class space    used 12206K, committed 12544K, reserved 1048576K
}
Event: 22.969 GC heap after
{Heap after GC invocations=34 (full 0):
 garbage-first heap   total 198656K, used 113881K [0x0000000080000000, 0x0000000100000000)
  region size 1024K, 6 young (6144K), 6 survivors (6144K)
 Metaspace       used 89917K, committed 90624K, reserved 1130496K
  class space    used 12206K, committed 12544K, reserved 1048576K
}
Event: 23.382 GC heap before
{Heap before GC invocations=34 (full 0):
 garbage-first heap   total 198656K, used 154841K [0x0000000080000000, 0x0000000100000000)
  region size 1024K, 47 young (48128K), 6 survivors (6144K)
 Metaspace       used 92608K, committed 93312K, reserved 1130496K
  class space    used 12441K, committed 12800K, reserved 1048576K
}
Event: 23.416 GC heap after
{Heap after GC invocations=35 (full 0):
 garbage-first heap   total 365568K, used 120102K [0x0000000080000000, 0x0000000100000000)
  region size 1024K, 6 young (6144K), 6 survivors (6144K)
 Metaspace       used 92608K, committed 93312K, reserved 1130496K
  class space    used 12441K, committed 12800K, reserved 1048576K
}
Event: 24.851 GC heap before
{Heap before GC invocations=35 (full 0):
 garbage-first heap   total 365568K, used 265510K [0x0000000080000000, 0x0000000100000000)
  region size 1024K, 149 young (152576K), 6 survivors (6144K)
 Metaspace       used 95612K, committed 96384K, reserved 1138688K
  class space    used 12710K, committed 13056K, reserved 1048576K
}
Event: 24.874 GC heap after
{Heap after GC invocations=36 (full 0):
 garbage-first heap   total 365568K, used 126646K [0x0000000080000000, 0x0000000100000000)
  region size 1024K, 13 young (13312K), 13 survivors (13312K)
 Metaspace       used 95612K, committed 96384K, reserved 1138688K
  class space    used 12710K, committed 13056K, reserved 1048576K
}
Event: 26.181 GC heap before
{Heap before GC invocations=36 (full 0):
 garbage-first heap   total 365568K, used 320182K [0x0000000080000000, 0x0000000100000000)
  region size 1024K, 164 young (167936K), 13 survivors (13312K)
 Metaspace       used 100632K, committed 101376K, reserved 1138688K
  class space    used 13389K, committed 13760K, reserved 1048576K
}
Event: 26.206 GC heap after
{Heap after GC invocations=37 (full 0):
 garbage-first heap   total 365568K, used 164287K [0x0000000080000000, 0x0000000100000000)
  region size 1024K, 21 young (21504K), 21 survivors (21504K)
 Metaspace       used 100632K, committed 101376K, reserved 1138688K
  class space    used 13389K, committed 13760K, reserved 1048576K
}
Event: 27.348 GC heap before
{Heap before GC invocations=37 (full 0):
 garbage-first heap   total 365568K, used 286143K [0x0000000080000000, 0x0000000100000000)
  region size 1024K, 137 young (140288K), 21 survivors (21504K)
 Metaspace       used 103542K, committed 104320K, reserved 1138688K
  class space    used 13960K, committed 14336K, reserved 1048576K
}
Event: 27.445 GC heap after
{Heap after GC invocations=38 (full 0):
 garbage-first heap   total 365568K, used 206384K [0x0000000080000000, 0x0000000100000000)
  region size 1024K, 18 young (18432K), 18 survivors (18432K)
 Metaspace       used 103542K, committed 104320K, reserved 1138688K
  class space    used 13960K, committed 14336K, reserved 1048576K
}
Event: 28.719 GC heap before
{Heap before GC invocations=38 (full 0):
 garbage-first heap   total 365568K, used 274992K [0x0000000080000000, 0x0000000100000000)
  region size 1024K, 86 young (88064K), 18 survivors (18432K)
 Metaspace       used 107297K, committed 108160K, reserved 1146880K
  class space    used 14506K, committed 14912K, reserved 1048576K
}
Event: 28.777 GC heap after
{Heap after GC invocations=39 (full 0):
 garbage-first heap   total 365568K, used 227840K [0x0000000080000000, 0x0000000100000000)
  region size 1024K, 11 young (11264K), 11 survivors (11264K)
 Metaspace       used 107297K, committed 108160K, reserved 1146880K
  class space    used 14506K, committed 14912K, reserved 1048576K
}
Event: 29.550 GC heap before
{Heap before GC invocations=39 (full 0):
 garbage-first heap   total 365568K, used 283136K [0x0000000080000000, 0x0000000100000000)
  region size 1024K, 66 young (67584K), 11 survivors (11264K)
 Metaspace       used 108171K, committed 108928K, reserved 1146880K
  class space    used 14616K, committed 14976K, reserved 1048576K
}
Event: 29.581 GC heap after
{Heap after GC invocations=40 (full 0):
 garbage-first heap   total 365568K, used 236534K [0x0000000080000000, 0x0000000100000000)
  region size 1024K, 8 young (8192K), 8 survivors (8192K)
 Metaspace       used 108171K, committed 108928K, reserved 1146880K
  class space    used 14616K, committed 14976K, reserved 1048576K
}
Event: 31.076 GC heap before
{Heap before GC invocations=40 (full 0):
 garbage-first heap   total 365568K, used 305142K [0x0000000080000000, 0x0000000100000000)
  region size 1024K, 61 young (62464K), 8 survivors (8192K)
 Metaspace       used 108592K, committed 109376K, reserved 1146880K
  class space    used 14661K, committed 15040K, reserved 1048576K
}

