# JRE version: OpenJDK Runtime Environment (17.0.6) (build 17.0.6+0-b2043.56-10027231)
# Java VM: OpenJDK 64-Bit Server VM (17.0.6+0-b2043.56-10027231, mixed mode, tiered, compressed oops, compressed class ptrs, g1 gc, windows-amd64)
GC Precious Log:
 CPUs: 8 total, 8 available
 Memory: 8072M
 Large Page Support: Disabled
 NUMA Support: Disabled
 Compressed Oops: Enabled (32-bit)
 Heap Region Size: 1M
 Heap Min Capacity: 8M
 Heap Initial Capacity: 128M
 Heap Max Capacity: 2G
 Pre-touch: Disabled
 Parallel Workers: 8
 Concurrent Workers: 2
 Concurrent Refinement Workers: 8
 Periodic GC: Disabled
Heap:
 garbage-first heap   total 349184K, used 225926K [0x0000000080000000, 0x0000000100000000)
  region size 1024K, 8 young (8192K), 8 survivors (8192K)
 Metaspace       used 143447K, committed 144384K, reserved 1179648K
  class space    used 19580K, committed 20032K, reserved 1048576K
GC Heap History (20 events):
Event: 137.820 GC heap after
{Heap after GC invocations=45 (full 0):
 garbage-first heap   total 316416K, used 133875K [0x0000000080000000, 0x0000000100000000)
  region size 1024K, 2 young (2048K), 2 survivors (2048K)
 Metaspace       used 137490K, committed 138368K, reserved 1171456K
  class space    used 19101K, committed 19520K, reserved 1048576K
}
Event: 139.125 GC heap before
{Heap before GC invocations=45 (full 0):
 garbage-first heap   total 316416K, used 198387K [0x0000000080000000, 0x0000000100000000)
  region size 1024K, 67 young (68608K), 2 survivors (2048K)
 Metaspace       used 138368K, committed 139264K, reserved 1171456K
  class space    used 19176K, committed 19584K, reserved 1048576K
}
Event: 139.133 GC heap after
{Heap after GC invocations=46 (full 0):
 garbage-first heap   total 316416K, used 146183K [0x0000000080000000, 0x0000000100000000)
  region size 1024K, 14 young (14336K), 14 survivors (14336K)
 Metaspace       used 138368K, committed 139264K, reserved 1171456K
  class space    used 19176K, committed 19584K, reserved 1048576K
}
Event: 140.755 GC heap before
{Heap before GC invocations=47 (full 0):
 garbage-first heap   total 316416K, used 284423K [0x0000000080000000, 0x0000000100000000)
  region size 1024K, 106 young (108544K), 14 survivors (14336K)
 Metaspace       used 138654K, committed 139520K, reserved 1171456K
  class space    used 19179K, committed 19584K, reserved 1048576K
}
Event: 140.773 GC heap after
{Heap after GC invocations=48 (full 0):
 garbage-first heap   total 323584K, used 170315K [0x0000000080000000, 0x0000000100000000)
  region size 1024K, 14 young (14336K), 14 survivors (14336K)
 Metaspace       used 138654K, committed 139520K, reserved 1171456K
  class space    used 19179K, committed 19584K, reserved 1048576K
}
Event: 140.776 GC heap before
{Heap before GC invocations=48 (full 0):
 garbage-first heap   total 323584K, used 170315K [0x0000000080000000, 0x0000000100000000)
  region size 1024K, 15 young (15360K), 14 survivors (14336K)
 Metaspace       used 138654K, committed 139520K, reserved 1171456K
  class space    used 19179K, committed 19584K, reserved 1048576K
}
Event: 140.790 GC heap after
{Heap after GC invocations=49 (full 0):
 garbage-first heap   total 323584K, used 163840K [0x0000000080000000, 0x0000000100000000)
  region size 1024K, 2 young (2048K), 2 survivors (2048K)
 Metaspace       used 138654K, committed 139520K, reserved 1171456K
  class space    used 19179K, committed 19584K, reserved 1048576K
}
Event: 141.140 GC heap before
{Heap before GC invocations=49 (full 0):
 garbage-first heap   total 323584K, used 249856K [0x0000000080000000, 0x0000000100000000)
  region size 1024K, 87 young (89088K), 2 survivors (2048K)
 Metaspace       used 141072K, committed 141888K, reserved 1171456K
  class space    used 19372K, committed 19776K, reserved 1048576K
}
Event: 141.149 GC heap after
{Heap after GC invocations=50 (full 0):
 garbage-first heap   total 323584K, used 175970K [0x0000000080000000, 0x0000000100000000)
  region size 1024K, 11 young (11264K), 11 survivors (11264K)
 Metaspace       used 141072K, committed 141888K, reserved 1171456K
  class space    used 19372K, committed 19776K, reserved 1048576K
}
Event: 141.658 GC heap before
{Heap before GC invocations=51 (full 0):
 garbage-first heap   total 323584K, used 231266K [0x0000000080000000, 0x0000000100000000)
  region size 1024K, 90 young (92160K), 11 survivors (11264K)
 Metaspace       used 141773K, committed 142656K, reserved 1179648K
  class space    used 19411K, committed 19840K, reserved 1048576K
}
Event: 141.664 GC heap after
{Heap after GC invocations=52 (full 0):
 garbage-first heap   total 323584K, used 152219K [0x0000000080000000, 0x0000000100000000)
  region size 1024K, 2 young (2048K), 2 survivors (2048K)
 Metaspace       used 141773K, committed 142656K, reserved 1179648K
  class space    used 19411K, committed 19840K, reserved 1048576K
}
Event: 141.743 GC heap before
{Heap before GC invocations=52 (full 0):
 garbage-first heap   total 323584K, used 164507K [0x0000000080000000, 0x0000000100000000)
  region size 1024K, 15 young (15360K), 2 survivors (2048K)
 Metaspace       used 141839K, committed 142720K, reserved 1179648K
  class space    used 19411K, committed 19840K, reserved 1048576K
}
Event: 141.751 GC heap after
{Heap after GC invocations=53 (full 0):
 garbage-first heap   total 323584K, used 140574K [0x0000000080000000, 0x0000000100000000)
  region size 1024K, 2 young (2048K), 2 survivors (2048K)
 Metaspace       used 141839K, committed 142720K, reserved 1179648K
  class space    used 19411K, committed 19840K, reserved 1048576K
}
Event: 142.823 GC heap before
{Heap before GC invocations=53 (full 0):
 garbage-first heap   total 323584K, used 230686K [0x0000000080000000, 0x0000000100000000)
  region size 1024K, 92 young (94208K), 2 survivors (2048K)
 Metaspace       used 143377K, committed 144320K, reserved 1179648K
  class space    used 19580K, committed 20032K, reserved 1048576K
}
Event: 142.828 GC heap after
{Heap after GC invocations=54 (full 0):
 garbage-first heap   total 323584K, used 142830K [0x0000000080000000, 0x0000000100000000)
  region size 1024K, 4 young (4096K), 4 survivors (4096K)
 Metaspace       used 143377K, committed 144320K, reserved 1179648K
  class space    used 19580K, committed 20032K, reserved 1048576K
}
Event: 143.285 GC heap before
{Heap before GC invocations=55 (full 0):
 garbage-first heap   total 323584K, used 305646K [0x0000000080000000, 0x0000000100000000)
  region size 1024K, 86 young (88064K), 4 survivors (4096K)
 Metaspace       used 143447K, committed 144384K, reserved 1179648K
  class space    used 19580K, committed 20032K, reserved 1048576K
}
Event: 143.312 GC heap after
{Heap after GC invocations=56 (full 0):
 garbage-first heap   total 349184K, used 226473K [0x0000000080000000, 0x0000000100000000)
  region size 1024K, 14 young (14336K), 14 survivors (14336K)
 Metaspace       used 143447K, committed 144384K, reserved 1179648K
  class space    used 19580K, committed 20032K, reserved 1048576K
}
Event: 143.338 GC heap before
{Heap before GC invocations=56 (full 0):
 garbage-first heap   total 349184K, used 229545K [0x0000000080000000, 0x0000000100000000)
  region size 1024K, 17 young (17408K), 14 survivors (14336K)
 Metaspace       used 143447K, committed 144384K, reserved 1179648K
  class space    used 19580K, committed 20032K, reserved 1048576K
}
Event: 143.355 GC heap after
{Heap after GC invocations=57 (full 0):
 garbage-first heap   total 349184K, used 215809K [0x0000000080000000, 0x0000000100000000)
  region size 1024K, 2 young (2048K), 2 survivors (2048K)
 Metaspace       used 143447K, committed 144384K, reserved 1179648K
  class space    used 19580K, committed 20032K, reserved 1048576K
}
Event: 143.527 GC heap before
{Heap before GC invocations=57 (full 0):
 garbage-first heap   total 349184K, used 243457K [0x0000000080000000, 0x0000000100000000)
  region size 1024K, 30 young (30720K), 2 survivors (2048K)
 Metaspace       used 143447K, committed 144384K, reserved 1179648K
  class space    used 19580K, committed 20032K, reserved 1048576K
}

