# JRE version: OpenJDK Runtime Environment (17.0.6) (build 17.0.6+0-b2043.56-10027231)
# Java VM: OpenJDK 64-Bit Server VM (17.0.6+0-b2043.56-10027231, mixed mode, tiered, compressed oops, compressed class ptrs, g1 gc, windows-amd64)
GC Precious Log:
 CPUs: 8 total, 8 available
 Memory: 8072M
 Large Page Support: Disabled
 NUMA Support: Disabled
 Compressed Oops: Enabled (32-bit)
 Heap Region Size: 1M
 Heap Min Capacity: 8M
 Heap Initial Capacity: 128M
 Heap Max Capacity: 2G
 Pre-touch: Disabled
 Parallel Workers: 8
 Concurrent Workers: 2
 Concurrent Refinement Workers: 8
 Periodic GC: Disabled
Heap:
 garbage-first heap   total 413696K, used 213972K [0x0000000080000000, 0x0000000100000000)
  region size 1024K, 4 young (4096K), 4 survivors (4096K)
 Metaspace       used 131186K, committed 132224K, reserved 1171456K
  class space    used 17084K, committed 17600K, reserved 1048576K
GC Heap History (20 events):
Event: 57.858 GC heap after
{Heap after GC invocations=72 (full 0):
 garbage-first heap   total 327680K, used 172205K [0x0000000080000000, 0x0000000100000000)
  region size 1024K, 2 young (2048K), 2 survivors (2048K)
 Metaspace       used 119831K, committed 120768K, reserved 1155072K
  class space    used 15899K, committed 16384K, reserved 1048576K
}
Event: 59.090 GC heap before
{Heap before GC invocations=72 (full 0):
 garbage-first heap   total 327680K, used 271533K [0x0000000080000000, 0x0000000100000000)
  region size 1024K, 100 young (102400K), 2 survivors (2048K)
 Metaspace       used 122855K, committed 123904K, reserved 1163264K
  class space    used 16309K, committed 16832K, reserved 1048576K
}
Event: 59.100 GC heap after
{Heap after GC invocations=73 (full 0):
 garbage-first heap   total 327680K, used 179373K [0x0000000080000000, 0x0000000100000000)
  region size 1024K, 9 young (9216K), 9 survivors (9216K)
 Metaspace       used 122855K, committed 123904K, reserved 1163264K
  class space    used 16309K, committed 16832K, reserved 1048576K
}
Event: 60.413 GC heap before
{Heap before GC invocations=74 (full 0):
 garbage-first heap   total 327680K, used 280749K [0x0000000080000000, 0x0000000100000000)
  region size 1024K, 100 young (102400K), 9 survivors (9216K)
 Metaspace       used 125421K, committed 126464K, reserved 1163264K
  class space    used 16571K, committed 17088K, reserved 1048576K
}
Event: 60.435 GC heap after
{Heap after GC invocations=75 (full 0):
 garbage-first heap   total 327680K, used 209504K [0x0000000080000000, 0x0000000100000000)
  region size 1024K, 13 young (13312K), 13 survivors (13312K)
 Metaspace       used 125421K, committed 126464K, reserved 1163264K
  class space    used 16571K, committed 17088K, reserved 1048576K
}
Event: 60.522 GC heap before
{Heap before GC invocations=75 (full 0):
 garbage-first heap   total 327680K, used 212576K [0x0000000080000000, 0x0000000100000000)
  region size 1024K, 16 young (16384K), 13 survivors (13312K)
 Metaspace       used 125504K, committed 126528K, reserved 1163264K
  class space    used 16582K, committed 17088K, reserved 1048576K
}
Event: 60.536 GC heap after
{Heap after GC invocations=76 (full 0):
 garbage-first heap   total 327680K, used 206572K [0x0000000080000000, 0x0000000100000000)
  region size 1024K, 2 young (2048K), 2 survivors (2048K)
 Metaspace       used 125504K, committed 126528K, reserved 1163264K
  class space    used 16582K, committed 17088K, reserved 1048576K
}
Event: 60.596 GC heap before
{Heap before GC invocations=76 (full 0):
 garbage-first heap   total 327680K, used 208620K [0x0000000080000000, 0x0000000100000000)
  region size 1024K, 5 young (5120K), 2 survivors (2048K)
 Metaspace       used 125568K, committed 126592K, reserved 1163264K
  class space    used 16583K, committed 17088K, reserved 1048576K
}
Event: 60.604 GC heap after
{Heap after GC invocations=77 (full 0):
 garbage-first heap   total 327680K, used 206535K [0x0000000080000000, 0x0000000100000000)
  region size 1024K, 2 young (2048K), 2 survivors (2048K)
 Metaspace       used 125568K, committed 126592K, reserved 1163264K
  class space    used 16583K, committed 17088K, reserved 1048576K
}
Event: 61.456 GC heap before
{Heap before GC invocations=78 (full 0):
 garbage-first heap   total 370688K, used 255687K [0x0000000080000000, 0x0000000100000000)
  region size 1024K, 43 young (44032K), 2 survivors (2048K)
 Metaspace       used 125745K, committed 126784K, reserved 1163264K
  class space    used 16594K, committed 17088K, reserved 1048576K
}
Event: 61.470 GC heap after
{Heap after GC invocations=79 (full 0):
 garbage-first heap   total 370688K, used 214742K [0x0000000080000000, 0x0000000100000000)
  region size 1024K, 6 young (6144K), 6 survivors (6144K)
 Metaspace       used 125745K, committed 126784K, reserved 1163264K
  class space    used 16594K, committed 17088K, reserved 1048576K
}
Event: 61.660 GC heap before
{Heap before GC invocations=79 (full 0):
 garbage-first heap   total 370688K, used 254678K [0x0000000080000000, 0x0000000100000000)
  region size 1024K, 18 young (18432K), 6 survivors (6144K)
 Metaspace       used 126009K, committed 126976K, reserved 1163264K
  class space    used 16616K, committed 17088K, reserved 1048576K
}
Event: 61.677 GC heap after
{Heap after GC invocations=80 (full 0):
 garbage-first heap   total 370688K, used 214288K [0x0000000080000000, 0x0000000100000000)
  region size 1024K, 3 young (3072K), 3 survivors (3072K)
 Metaspace       used 126009K, committed 126976K, reserved 1163264K
  class space    used 16616K, committed 17088K, reserved 1048576K
}
Event: 62.093 GC heap before
{Heap before GC invocations=80 (full 0):
 garbage-first heap   total 370688K, used 273680K [0x0000000080000000, 0x0000000100000000)
  region size 1024K, 62 young (63488K), 3 survivors (3072K)
 Metaspace       used 128938K, committed 130048K, reserved 1163264K
  class space    used 16873K, committed 17408K, reserved 1048576K
}
Event: 62.102 GC heap after
{Heap after GC invocations=81 (full 0):
 garbage-first heap   total 370688K, used 223767K [0x0000000080000000, 0x0000000100000000)
  region size 1024K, 8 young (8192K), 8 survivors (8192K)
 Metaspace       used 128938K, committed 130048K, reserved 1163264K
  class space    used 16873K, committed 17408K, reserved 1048576K
}
Event: 62.650 GC heap before
{Heap before GC invocations=82 (full 0):
 garbage-first heap   total 413696K, used 284183K [0x0000000080000000, 0x0000000100000000)
  region size 1024K, 66 young (67584K), 8 survivors (8192K)
 Metaspace       used 129900K, committed 130944K, reserved 1163264K
  class space    used 16948K, committed 17472K, reserved 1048576K
}
Event: 62.660 GC heap after
{Heap after GC invocations=83 (full 0):
 garbage-first heap   total 413696K, used 225914K [0x0000000080000000, 0x0000000100000000)
  region size 1024K, 4 young (4096K), 4 survivors (4096K)
 Metaspace       used 129900K, committed 130944K, reserved 1163264K
  class space    used 16948K, committed 17472K, reserved 1048576K
}
Event: 62.713 GC heap before
{Heap before GC invocations=83 (full 0):
 garbage-first heap   total 413696K, used 242298K [0x0000000080000000, 0x0000000100000000)
  region size 1024K, 20 young (20480K), 4 survivors (4096K)
 Metaspace       used 130048K, committed 131072K, reserved 1163264K
  class space    used 16965K, committed 17472K, reserved 1048576K
}
Event: 62.726 GC heap after
{Heap after GC invocations=84 (full 0):
 garbage-first heap   total 413696K, used 212264K [0x0000000080000000, 0x0000000100000000)
  region size 1024K, 2 young (2048K), 2 survivors (2048K)
 Metaspace       used 130048K, committed 131072K, reserved 1163264K
  class space    used 16965K, committed 17472K, reserved 1048576K
}
Event: 63.434 GC heap before
{Heap before GC invocations=84 (full 0):
 garbage-first heap   total 413696K, used 308520K [0x0000000080000000, 0x0000000100000000)
  region size 1024K, 97 young (99328K), 2 survivors (2048K)
 Metaspace       used 131186K, committed 132224K, reserved 1171456K
  class space    used 17084K, committed 17600K, reserved 1048576K
}

