# JRE version: OpenJDK Runtime Environment (17.0.6) (build 17.0.6+0-b2043.56-10027231)
# Java VM: OpenJDK 64-Bit Server VM (17.0.6+0-b2043.56-10027231, mixed mode, tiered, compressed oops, compressed class ptrs, g1 gc, windows-amd64)
GC Precious Log:
 CPUs: 8 total, 8 available
 Memory: 8072M
 Large Page Support: Disabled
 NUMA Support: Disabled
 Compressed Oops: Enabled (32-bit)
 Heap Region Size: 1M
 Heap Min Capacity: 8M
 Heap Initial Capacity: 128M
 Heap Max Capacity: 2G
 Pre-touch: Disabled
 Parallel Workers: 8
 Concurrent Workers: 2
 Concurrent Refinement Workers: 8
 Periodic GC: Disabled
Heap:
 garbage-first heap   total 457728K, used 272858K [0x0000000080000000, 0x0000000100000000)
  region size 1024K, 9 young (9216K), 9 survivors (9216K)
 Metaspace       used 117329K, committed 118144K, reserved 1155072K
  class space    used 15773K, committed 16128K, reserved 1048576K
GC Heap History (20 events):
Event: 14.323 GC heap after
{Heap after GC invocations=45 (full 0):
 garbage-first heap   total 387072K, used 131830K [0x0000000080000000, 0x0000000100000000)
  region size 1024K, 28 young (28672K), 28 survivors (28672K)
 Metaspace       used 95597K, committed 96320K, reserved 1138688K
  class space    used 12724K, committed 13056K, reserved 1048576K
}
Event: 14.329 GC heap before
{Heap before GC invocations=45 (full 0):
 garbage-first heap   total 387072K, used 132854K [0x0000000080000000, 0x0000000100000000)
  region size 1024K, 29 young (29696K), 28 survivors (28672K)
 Metaspace       used 95600K, committed 96320K, reserved 1138688K
  class space    used 12724K, committed 13056K, reserved 1048576K
}
Event: 14.350 GC heap after
{Heap after GC invocations=46 (full 0):
 garbage-first heap   total 387072K, used 134737K [0x0000000080000000, 0x0000000100000000)
  region size 1024K, 4 young (4096K), 4 survivors (4096K)
 Metaspace       used 95600K, committed 96320K, reserved 1138688K
  class space    used 12724K, committed 13056K, reserved 1048576K
}
Event: 15.901 GC heap before
{Heap before GC invocations=46 (full 0):
 garbage-first heap   total 387072K, used 282193K [0x0000000080000000, 0x0000000100000000)
  region size 1024K, 149 young (152576K), 4 survivors (4096K)
 Metaspace       used 102264K, committed 102976K, reserved 1138688K
  class space    used 13556K, committed 13888K, reserved 1048576K
}
Event: 15.908 GC heap after
{Heap after GC invocations=47 (full 0):
 garbage-first heap   total 387072K, used 138833K [0x0000000080000000, 0x0000000100000000)
  region size 1024K, 8 young (8192K), 8 survivors (8192K)
 Metaspace       used 102264K, committed 102976K, reserved 1138688K
  class space    used 13556K, committed 13888K, reserved 1048576K
}
Event: 17.069 GC heap before
{Heap before GC invocations=47 (full 0):
 garbage-first heap   total 387072K, used 293457K [0x0000000080000000, 0x0000000100000000)
  region size 1024K, 160 young (163840K), 8 survivors (8192K)
 Metaspace       used 104576K, committed 105408K, reserved 1146880K
  class space    used 13820K, committed 14208K, reserved 1048576K
}
Event: 17.087 GC heap after
{Heap after GC invocations=48 (full 0):
 garbage-first heap   total 387072K, used 154236K [0x0000000080000000, 0x0000000100000000)
  region size 1024K, 20 young (20480K), 20 survivors (20480K)
 Metaspace       used 104576K, committed 105408K, reserved 1146880K
  class space    used 13820K, committed 14208K, reserved 1048576K
}
Event: 18.132 GC heap before
{Heap before GC invocations=48 (full 0):
 garbage-first heap   total 387072K, used 339580K [0x0000000080000000, 0x0000000100000000)
  region size 1024K, 161 young (164864K), 20 survivors (20480K)
 Metaspace       used 109213K, committed 110016K, reserved 1146880K
  class space    used 14472K, committed 14848K, reserved 1048576K
}
Event: 18.154 GC heap after
{Heap after GC invocations=49 (full 0):
 garbage-first heap   total 387072K, used 198852K [0x0000000080000000, 0x0000000100000000)
  region size 1024K, 19 young (19456K), 19 survivors (19456K)
 Metaspace       used 109213K, committed 110016K, reserved 1146880K
  class space    used 14472K, committed 14848K, reserved 1048576K
}
Event: 19.638 GC heap before
{Heap before GC invocations=49 (full 0):
 garbage-first heap   total 387072K, used 316612K [0x0000000080000000, 0x0000000100000000)
  region size 1024K, 127 young (130048K), 19 survivors (19456K)
 Metaspace       used 112322K, committed 113088K, reserved 1155072K
  class space    used 15073K, committed 15424K, reserved 1048576K
}
Event: 19.685 GC heap after
{Heap after GC invocations=50 (full 0):
 garbage-first heap   total 387072K, used 238084K [0x0000000080000000, 0x0000000100000000)
  region size 1024K, 16 young (16384K), 16 survivors (16384K)
 Metaspace       used 112322K, committed 113088K, reserved 1155072K
  class space    used 15073K, committed 15424K, reserved 1048576K
}
Event: 19.999 GC heap before
{Heap before GC invocations=50 (full 0):
 garbage-first heap   total 387072K, used 305668K [0x0000000080000000, 0x0000000100000000)
  region size 1024K, 83 young (84992K), 16 survivors (16384K)
 Metaspace       used 112408K, committed 113216K, reserved 1155072K
  class space    used 15073K, committed 15424K, reserved 1048576K
}
Event: 20.056 GC heap after
{Heap after GC invocations=51 (full 0):
 garbage-first heap   total 387072K, used 273187K [0x0000000080000000, 0x0000000100000000)
  region size 1024K, 11 young (11264K), 11 survivors (11264K)
 Metaspace       used 112408K, committed 113216K, reserved 1155072K
  class space    used 15073K, committed 15424K, reserved 1048576K
}
Event: 20.463 GC heap before
{Heap before GC invocations=51 (full 0):
 garbage-first heap   total 457728K, used 286720K [0x0000000080000000, 0x0000000100000000)
  region size 1024K, 49 young (50176K), 11 survivors (11264K)
 Metaspace       used 112410K, committed 113216K, reserved 1155072K
  class space    used 15073K, committed 15424K, reserved 1048576K
}
Event: 20.501 GC heap after
{Heap after GC invocations=52 (full 0):
 garbage-first heap   total 457728K, used 269824K [0x0000000080000000, 0x0000000100000000)
  region size 1024K, 7 young (7168K), 7 survivors (7168K)
 Metaspace       used 112410K, committed 113216K, reserved 1155072K
  class space    used 15073K, committed 15424K, reserved 1048576K
}
Event: 21.439 GC heap before
{Heap before GC invocations=53 (full 0):
 garbage-first heap   total 457728K, used 342528K [0x0000000080000000, 0x0000000100000000)
  region size 1024K, 79 young (80896K), 7 survivors (7168K)
 Metaspace       used 116120K, committed 116928K, reserved 1155072K
  class space    used 15616K, committed 16000K, reserved 1048576K
}
Event: 21.465 GC heap after
{Heap after GC invocations=54 (full 0):
 garbage-first heap   total 457728K, used 280832K [0x0000000080000000, 0x0000000100000000)
  region size 1024K, 9 young (9216K), 9 survivors (9216K)
 Metaspace       used 116120K, committed 116928K, reserved 1155072K
  class space    used 15616K, committed 16000K, reserved 1048576K
}
Event: 21.541 GC heap before
{Heap before GC invocations=54 (full 0):
 garbage-first heap   total 457728K, used 293120K [0x0000000080000000, 0x0000000100000000)
  region size 1024K, 22 young (22528K), 9 survivors (9216K)
 Metaspace       used 116297K, committed 117120K, reserved 1155072K
  class space    used 15633K, committed 16000K, reserved 1048576K
}
Event: 21.555 GC heap after
{Heap after GC invocations=55 (full 0):
 garbage-first heap   total 457728K, used 266294K [0x0000000080000000, 0x0000000100000000)
  region size 1024K, 3 young (3072K), 3 survivors (3072K)
 Metaspace       used 116297K, committed 117120K, reserved 1155072K
  class space    used 15633K, committed 16000K, reserved 1048576K
}
Event: 21.979 GC heap before
{Heap before GC invocations=55 (full 0):
 garbage-first heap   total 457728K, used 347190K [0x0000000080000000, 0x0000000100000000)
  region size 1024K, 83 young (84992K), 3 survivors (3072K)
 Metaspace       used 117329K, committed 118144K, reserved 1155072K
  class space    used 15773K, committed 16128K, reserved 1048576K
}

