# JRE version: OpenJDK Runtime Environment (17.0.6) (build 17.0.6+0-b2043.56-10027231)
# Java VM: OpenJDK 64-Bit Server VM (17.0.6+0-b2043.56-10027231, mixed mode, tiered, compressed oops, compressed class ptrs, g1 gc, windows-amd64)
GC Precious Log:
 CPUs: 8 total, 8 available
 Memory: 8072M
 Large Page Support: Disabled
 NUMA Support: Disabled
 Compressed Oops: Enabled (32-bit)
 Heap Region Size: 1M
 Heap Min Capacity: 8M
 Heap Initial Capacity: 128M
 Heap Max Capacity: 2G
 Pre-touch: Disabled
 Parallel Workers: 8
 Concurrent Workers: 2
 Concurrent Refinement Workers: 8
 Periodic GC: Disabled
Heap:
 garbage-first heap   total 197632K, used 146407K [0x0000000080000000, 0x0000000100000000)
  region size 1024K, 4 young (4096K), 4 survivors (4096K)
 Metaspace       used 101899K, committed 102656K, reserved 1138688K
  class space    used 13775K, committed 14144K, reserved 1048576K
GC Heap History (20 events):
Event: 10.866 GC heap after
{Heap after GC invocations=41 (full 0):
 garbage-first heap   total 155648K, used 89223K [0x0000000080000000, 0x0000000100000000)
  region size 1024K, 1 young (1024K), 1 survivors (1024K)
 Metaspace       used 87615K, committed 88256K, reserved 1130496K
  class space    used 12006K, committed 12352K, reserved 1048576K
}
Event: 11.714 GC heap before
{Heap before GC invocations=41 (full 0):
 garbage-first heap   total 155648K, used 126087K [0x0000000080000000, 0x0000000100000000)
  region size 1024K, 37 young (37888K), 1 survivors (1024K)
 Metaspace       used 89133K, committed 89856K, reserved 1130496K
  class space    used 12198K, committed 12544K, reserved 1048576K
}
Event: 11.726 GC heap after
{Heap after GC invocations=42 (full 0):
 garbage-first heap   total 197632K, used 110111K [0x0000000080000000, 0x0000000100000000)
  region size 1024K, 5 young (5120K), 5 survivors (5120K)
 Metaspace       used 89133K, committed 89856K, reserved 1130496K
  class space    used 12198K, committed 12544K, reserved 1048576K
}
Event: 12.835 GC heap before
{Heap before GC invocations=43 (full 0):
 garbage-first heap   total 197632K, used 170527K [0x0000000080000000, 0x0000000100000000)
  region size 1024K, 40 young (40960K), 5 survivors (5120K)
 Metaspace       used 91160K, committed 91776K, reserved 1130496K
  class space    used 12404K, committed 12672K, reserved 1048576K
}
Event: 12.846 GC heap after
{Heap after GC invocations=44 (full 0):
 garbage-first heap   total 197632K, used 111604K [0x0000000080000000, 0x0000000100000000)
  region size 1024K, 5 young (5120K), 5 survivors (5120K)
 Metaspace       used 91160K, committed 91776K, reserved 1130496K
  class space    used 12404K, committed 12672K, reserved 1048576K
}
Event: 12.868 GC heap before
{Heap before GC invocations=44 (full 0):
 garbage-first heap   total 197632K, used 114676K [0x0000000080000000, 0x0000000100000000)
  region size 1024K, 9 young (9216K), 5 survivors (5120K)
 Metaspace       used 91302K, committed 91968K, reserved 1130496K
  class space    used 12415K, committed 12736K, reserved 1048576K
}
Event: 12.877 GC heap after
{Heap after GC invocations=45 (full 0):
 garbage-first heap   total 197632K, used 112021K [0x0000000080000000, 0x0000000100000000)
  region size 1024K, 1 young (1024K), 1 survivors (1024K)
 Metaspace       used 91302K, committed 91968K, reserved 1130496K
  class space    used 12415K, committed 12736K, reserved 1048576K
}
Event: 13.603 GC heap before
{Heap before GC invocations=45 (full 0):
 garbage-first heap   total 197632K, used 147861K [0x0000000080000000, 0x0000000100000000)
  region size 1024K, 37 young (37888K), 1 survivors (1024K)
 Metaspace       used 94155K, committed 94848K, reserved 1138688K
  class space    used 12773K, committed 13120K, reserved 1048576K
}
Event: 13.608 GC heap after
{Heap after GC invocations=46 (full 0):
 garbage-first heap   total 197632K, used 113280K [0x0000000080000000, 0x0000000100000000)
  region size 1024K, 3 young (3072K), 3 survivors (3072K)
 Metaspace       used 94155K, committed 94848K, reserved 1138688K
  class space    used 12773K, committed 13120K, reserved 1048576K
}
Event: 14.443 GC heap before
{Heap before GC invocations=47 (full 0):
 garbage-first heap   total 197632K, used 135808K [0x0000000080000000, 0x0000000100000000)
  region size 1024K, 41 young (41984K), 3 survivors (3072K)
 Metaspace       used 97855K, committed 98496K, reserved 1138688K
  class space    used 13250K, committed 13568K, reserved 1048576K
}
Event: 14.451 GC heap after
{Heap after GC invocations=48 (full 0):
 garbage-first heap   total 197632K, used 101498K [0x0000000080000000, 0x0000000100000000)
  region size 1024K, 6 young (6144K), 6 survivors (6144K)
 Metaspace       used 97855K, committed 98496K, reserved 1138688K
  class space    used 13250K, committed 13568K, reserved 1048576K
}
Event: 14.474 GC heap before
{Heap before GC invocations=48 (full 0):
 garbage-first heap   total 197632K, used 104570K [0x0000000080000000, 0x0000000100000000)
  region size 1024K, 9 young (9216K), 6 survivors (6144K)
 Metaspace       used 97882K, committed 98560K, reserved 1138688K
  class space    used 13250K, committed 13568K, reserved 1048576K
}
Event: 14.482 GC heap after
{Heap after GC invocations=49 (full 0):
 garbage-first heap   total 197632K, used 97286K [0x0000000080000000, 0x0000000100000000)
  region size 1024K, 1 young (1024K), 1 survivors (1024K)
 Metaspace       used 97882K, committed 98560K, reserved 1138688K
  class space    used 13250K, committed 13568K, reserved 1048576K
}
Event: 14.919 GC heap before
{Heap before GC invocations=49 (full 0):
 garbage-first heap   total 197632K, used 150534K [0x0000000080000000, 0x0000000100000000)
  region size 1024K, 54 young (55296K), 1 survivors (1024K)
 Metaspace       used 98131K, committed 98816K, reserved 1138688K
  class space    used 13259K, committed 13568K, reserved 1048576K
}
Event: 14.924 GC heap after
{Heap after GC invocations=50 (full 0):
 garbage-first heap   total 197632K, used 100910K [0x0000000080000000, 0x0000000100000000)
  region size 1024K, 5 young (5120K), 5 survivors (5120K)
 Metaspace       used 98131K, committed 98816K, reserved 1138688K
  class space    used 13259K, committed 13568K, reserved 1048576K
}
Event: 15.241 GC heap before
{Heap before GC invocations=50 (full 0):
 garbage-first heap   total 197632K, used 166446K [0x0000000080000000, 0x0000000100000000)
  region size 1024K, 57 young (58368K), 5 survivors (5120K)
 Metaspace       used 99194K, committed 99904K, reserved 1138688K
  class space    used 13396K, committed 13760K, reserved 1048576K
}
Event: 15.254 GC heap after
{Heap after GC invocations=51 (full 0):
 garbage-first heap   total 197632K, used 122864K [0x0000000080000000, 0x0000000100000000)
  region size 1024K, 8 young (8192K), 8 survivors (8192K)
 Metaspace       used 99194K, committed 99904K, reserved 1138688K
  class space    used 13396K, committed 13760K, reserved 1048576K
}
Event: 15.566 GC heap before
{Heap before GC invocations=51 (full 0):
 garbage-first heap   total 197632K, used 169968K [0x0000000080000000, 0x0000000100000000)
  region size 1024K, 41 young (41984K), 8 survivors (8192K)
 Metaspace       used 101880K, committed 102592K, reserved 1138688K
  class space    used 13771K, committed 14144K, reserved 1048576K
}
Event: 15.571 GC heap after
{Heap after GC invocations=52 (full 0):
 garbage-first heap   total 197632K, used 136084K [0x0000000080000000, 0x0000000100000000)
  region size 1024K, 6 young (6144K), 6 survivors (6144K)
 Metaspace       used 101880K, committed 102592K, reserved 1138688K
  class space    used 13771K, committed 14144K, reserved 1048576K
}
Event: 15.584 GC heap before
{Heap before GC invocations=52 (full 0):
 garbage-first heap   total 197632K, used 156564K [0x0000000080000000, 0x0000000100000000)
  region size 1024K, 15 young (15360K), 6 survivors (6144K)
 Metaspace       used 101899K, committed 102656K, reserved 1138688K
  class space    used 13775K, committed 14144K, reserved 1048576K
}

