# JRE version: OpenJDK Runtime Environment (17.0.6) (build 17.0.6+0-b2043.56-10027231)
# Java VM: OpenJDK 64-Bit Server VM (17.0.6+0-b2043.56-10027231, mixed mode, tiered, compressed oops, compressed class ptrs, g1 gc, windows-amd64)
GC Precious Log:
 CPUs: 8 total, 8 available
 Memory: 8072M
 Large Page Support: Disabled
 NUMA Support: Disabled
 Compressed Oops: Enabled (32-bit)
 Heap Region Size: 1M
 Heap Min Capacity: 8M
 Heap Initial Capacity: 128M
 Heap Max Capacity: 2G
 Pre-touch: Disabled
 Parallel Workers: 8
 Concurrent Workers: 2
 Concurrent Refinement Workers: 8
 Periodic GC: Disabled
Heap:
 garbage-first heap   total 232448K, used 141963K [0x0000000080000000, 0x0000000100000000)
  region size 1024K, 6 young (6144K), 6 survivors (6144K)
 Metaspace       used 94764K, committed 95488K, reserved 1138688K
  class space    used 12742K, committed 13120K, reserved 1048576K
GC Heap History (20 events):
Event: 4.193 GC heap after
{Heap after GC invocations=25 (full 0):
 garbage-first heap   total 207872K, used 73082K [0x0000000080000000, 0x0000000100000000)
  region size 1024K, 1 young (1024K), 1 survivors (1024K)
 Metaspace       used 53793K, committed 54400K, reserved 1097728K
  class space    used 7209K, committed 7488K, reserved 1048576K
}
Event: 4.801 GC heap before
{Heap before GC invocations=25 (full 0):
 garbage-first heap   total 207872K, used 149882K [0x0000000080000000, 0x0000000100000000)
  region size 1024K, 73 young (74752K), 1 survivors (1024K)
 Metaspace       used 58503K, committed 59136K, reserved 1105920K
  class space    used 7811K, committed 8128K, reserved 1048576K
}
Event: 4.806 GC heap after
{Heap after GC invocations=26 (full 0):
 garbage-first heap   total 207872K, used 85231K [0x0000000080000000, 0x0000000100000000)
  region size 1024K, 10 young (10240K), 10 survivors (10240K)
 Metaspace       used 58503K, committed 59136K, reserved 1105920K
  class space    used 7811K, committed 8128K, reserved 1048576K
}
Event: 5.478 GC heap before
{Heap before GC invocations=26 (full 0):
 garbage-first heap   total 207872K, used 163055K [0x0000000080000000, 0x0000000100000000)
  region size 1024K, 80 young (81920K), 10 survivors (10240K)
 Metaspace       used 67713K, committed 68352K, reserved 1114112K
  class space    used 8985K, committed 9280K, reserved 1048576K
}
Event: 5.484 GC heap after
{Heap after GC invocations=27 (full 0):
 garbage-first heap   total 207872K, used 90776K [0x0000000080000000, 0x0000000100000000)
  region size 1024K, 6 young (6144K), 6 survivors (6144K)
 Metaspace       used 67713K, committed 68352K, reserved 1114112K
  class space    used 8985K, committed 9280K, reserved 1048576K
}
Event: 5.957 GC heap before
{Heap before GC invocations=27 (full 0):
 garbage-first heap   total 207872K, used 162456K [0x0000000080000000, 0x0000000100000000)
  region size 1024K, 75 young (76800K), 6 survivors (6144K)
 Metaspace       used 71788K, committed 72448K, reserved 1114112K
  class space    used 9545K, committed 9856K, reserved 1048576K
}
Event: 5.962 GC heap after
{Heap after GC invocations=28 (full 0):
 garbage-first heap   total 207872K, used 97518K [0x0000000080000000, 0x0000000100000000)
  region size 1024K, 7 young (7168K), 7 survivors (7168K)
 Metaspace       used 71788K, committed 72448K, reserved 1114112K
  class space    used 9545K, committed 9856K, reserved 1048576K
}
Event: 6.536 GC heap before
{Heap before GC invocations=28 (full 0):
 garbage-first heap   total 207872K, used 148718K [0x0000000080000000, 0x0000000100000000)
  region size 1024K, 56 young (57344K), 7 survivors (7168K)
 Metaspace       used 77813K, committed 78528K, reserved 1122304K
  class space    used 10553K, committed 10880K, reserved 1048576K
}
Event: 6.543 GC heap after
{Heap after GC invocations=29 (full 0):
 garbage-first heap   total 207872K, used 102006K [0x0000000080000000, 0x0000000100000000)
  region size 1024K, 4 young (4096K), 4 survivors (4096K)
 Metaspace       used 77813K, committed 78528K, reserved 1122304K
  class space    used 10553K, committed 10880K, reserved 1048576K
}
Event: 7.188 GC heap before
{Heap before GC invocations=30 (full 0):
 garbage-first heap   total 211968K, used 188022K [0x0000000080000000, 0x0000000100000000)
  region size 1024K, 68 young (69632K), 4 survivors (4096K)
 Metaspace       used 84131K, committed 84800K, reserved 1130496K
  class space    used 11357K, committed 11648K, reserved 1048576K
}
Event: 7.194 GC heap after
{Heap after GC invocations=31 (full 0):
 garbage-first heap   total 211968K, used 129872K [0x0000000080000000, 0x0000000100000000)
  region size 1024K, 9 young (9216K), 9 survivors (9216K)
 Metaspace       used 84131K, committed 84800K, reserved 1130496K
  class space    used 11357K, committed 11648K, reserved 1048576K
}
Event: 7.209 GC heap before
{Heap before GC invocations=31 (full 0):
 garbage-first heap   total 211968K, used 130896K [0x0000000080000000, 0x0000000100000000)
  region size 1024K, 10 young (10240K), 9 survivors (9216K)
 Metaspace       used 84258K, committed 84992K, reserved 1130496K
  class space    used 11376K, committed 11712K, reserved 1048576K
}
Event: 7.215 GC heap after
{Heap after GC invocations=32 (full 0):
 garbage-first heap   total 211968K, used 130531K [0x0000000080000000, 0x0000000100000000)
  region size 1024K, 1 young (1024K), 1 survivors (1024K)
 Metaspace       used 84258K, committed 84992K, reserved 1130496K
  class space    used 11376K, committed 11712K, reserved 1048576K
}
Event: 7.944 GC heap before
{Heap before GC invocations=32 (full 0):
 garbage-first heap   total 211968K, used 175587K [0x0000000080000000, 0x0000000100000000)
  region size 1024K, 45 young (46080K), 1 survivors (1024K)
 Metaspace       used 90924K, committed 91712K, reserved 1130496K
  class space    used 12399K, committed 12800K, reserved 1048576K
}
Event: 7.950 GC heap after
{Heap after GC invocations=33 (full 0):
 garbage-first heap   total 211968K, used 132916K [0x0000000080000000, 0x0000000100000000)
  region size 1024K, 4 young (4096K), 4 survivors (4096K)
 Metaspace       used 90924K, committed 91712K, reserved 1130496K
  class space    used 12399K, committed 12800K, reserved 1048576K
}
Event: 8.570 GC heap before
{Heap before GC invocations=34 (full 0):
 garbage-first heap   total 232448K, used 175924K [0x0000000080000000, 0x0000000100000000)
  region size 1024K, 45 young (46080K), 4 survivors (4096K)
 Metaspace       used 94220K, committed 94976K, reserved 1138688K
  class space    used 12702K, committed 13056K, reserved 1048576K
}
Event: 8.580 GC heap after
{Heap after GC invocations=35 (full 0):
 garbage-first heap   total 232448K, used 137697K [0x0000000080000000, 0x0000000100000000)
  region size 1024K, 5 young (5120K), 5 survivors (5120K)
 Metaspace       used 94220K, committed 94976K, reserved 1138688K
  class space    used 12702K, committed 13056K, reserved 1048576K
}
Event: 8.611 GC heap before
{Heap before GC invocations=35 (full 0):
 garbage-first heap   total 232448K, used 143841K [0x0000000080000000, 0x0000000100000000)
  region size 1024K, 11 young (11264K), 5 survivors (5120K)
 Metaspace       used 94234K, committed 94976K, reserved 1138688K
  class space    used 12702K, committed 13056K, reserved 1048576K
}
Event: 8.617 GC heap after
{Heap after GC invocations=36 (full 0):
 garbage-first heap   total 232448K, used 138576K [0x0000000080000000, 0x0000000100000000)
  region size 1024K, 2 young (2048K), 2 survivors (2048K)
 Metaspace       used 94234K, committed 94976K, reserved 1138688K
  class space    used 12702K, committed 13056K, reserved 1048576K
}
Event: 9.036 GC heap before
{Heap before GC invocations=36 (full 0):
 garbage-first heap   total 232448K, used 191824K [0x0000000080000000, 0x0000000100000000)
  region size 1024K, 55 young (56320K), 2 survivors (2048K)
 Metaspace       used 94764K, committed 95488K, reserved 1138688K
  class space    used 12742K, committed 13120K, reserved 1048576K
}

