# JRE version: OpenJDK Runtime Environment (17.0.6) (build 17.0.6+0-b2043.56-10027231)
# Java VM: OpenJDK 64-Bit Server VM (17.0.6+0-b2043.56-10027231, mixed mode, tiered, compressed oops, compressed class ptrs, g1 gc, windows-amd64)
GC Precious Log:
 CPUs: 8 total, 8 available
 Memory: 8072M
 Large Page Support: Disabled
 NUMA Support: Disabled
 Compressed Oops: Enabled (32-bit)
 Heap Region Size: 1M
 Heap Min Capacity: 8M
 Heap Initial Capacity: 128M
 Heap Max Capacity: 2G
 Pre-touch: Disabled
 Parallel Workers: 8
 Concurrent Workers: 2
 Concurrent Refinement Workers: 8
 Periodic GC: Disabled
Heap:
 garbage-first heap   total 400384K, used 256699K [0x0000000080000000, 0x0000000100000000)
  region size 1024K, 7 young (7168K), 7 survivors (7168K)
 Metaspace       used 107375K, committed 108160K, reserved 1146880K
  class space    used 14810K, committed 15168K, reserved 1048576K
GC Heap History (20 events):
Event: 5.994 GC heap after
{Heap after GC invocations=31 (full 0):
 garbage-first heap   total 201728K, used 61288K [0x0000000080000000, 0x0000000100000000)
  region size 1024K, 1 young (1024K), 1 survivors (1024K)
 Metaspace       used 73070K, committed 73600K, reserved 1114112K
  class space    used 9870K, committed 10112K, reserved 1048576K
}
Event: 6.840 GC heap before
{Heap before GC invocations=31 (full 0):
 garbage-first heap   total 201728K, used 144232K [0x0000000080000000, 0x0000000100000000)
  region size 1024K, 82 young (83968K), 1 survivors (1024K)
 Metaspace       used 81787K, committed 82496K, reserved 1122304K
  class space    used 11135K, committed 11456K, reserved 1048576K
}
Event: 6.845 GC heap after
{Heap after GC invocations=32 (full 0):
 garbage-first heap   total 201728K, used 67028K [0x0000000080000000, 0x0000000100000000)
  region size 1024K, 7 young (7168K), 7 survivors (7168K)
 Metaspace       used 81787K, committed 82496K, reserved 1122304K
  class space    used 11135K, committed 11456K, reserved 1048576K
}
Event: 7.438 GC heap before
{Heap before GC invocations=32 (full 0):
 garbage-first heap   total 201728K, used 149972K [0x0000000080000000, 0x0000000100000000)
  region size 1024K, 88 young (90112K), 7 survivors (7168K)
 Metaspace       used 84715K, committed 85376K, reserved 1122304K
  class space    used 11706K, committed 11968K, reserved 1048576K
}
Event: 7.448 GC heap after
{Heap after GC invocations=33 (full 0):
 garbage-first heap   total 201728K, used 78076K [0x0000000080000000, 0x0000000100000000)
  region size 1024K, 11 young (11264K), 11 survivors (11264K)
 Metaspace       used 84715K, committed 85376K, reserved 1122304K
  class space    used 11706K, committed 11968K, reserved 1048576K
}
Event: 7.795 GC heap before
{Heap before GC invocations=33 (full 0):
 garbage-first heap   total 201728K, used 151804K [0x0000000080000000, 0x0000000100000000)
  region size 1024K, 84 young (86016K), 11 survivors (11264K)
 Metaspace       used 85144K, committed 85824K, reserved 1130496K
  class space    used 11720K, committed 12032K, reserved 1048576K
}
Event: 7.803 GC heap after
{Heap after GC invocations=34 (full 0):
 garbage-first heap   total 201728K, used 84663K [0x0000000080000000, 0x0000000100000000)
  region size 1024K, 7 young (7168K), 7 survivors (7168K)
 Metaspace       used 85144K, committed 85824K, reserved 1130496K
  class space    used 11720K, committed 12032K, reserved 1048576K
}
Event: 8.502 GC heap before
{Heap before GC invocations=34 (full 0):
 garbage-first heap   total 201728K, used 157367K [0x0000000080000000, 0x0000000100000000)
  region size 1024K, 78 young (79872K), 7 survivors (7168K)
 Metaspace       used 92441K, committed 93120K, reserved 1130496K
  class space    used 12601K, committed 12928K, reserved 1048576K
}
Event: 8.507 GC heap after
{Heap after GC invocations=35 (full 0):
 garbage-first heap   total 201728K, used 88605K [0x0000000080000000, 0x0000000100000000)
  region size 1024K, 5 young (5120K), 5 survivors (5120K)
 Metaspace       used 92441K, committed 93120K, reserved 1130496K
  class space    used 12601K, committed 12928K, reserved 1048576K
}
Event: 8.952 GC heap before
{Heap before GC invocations=35 (full 0):
 garbage-first heap   total 201728K, used 159261K [0x0000000080000000, 0x0000000100000000)
  region size 1024K, 75 young (76800K), 5 survivors (5120K)
 Metaspace       used 94862K, committed 95552K, reserved 1138688K
  class space    used 12919K, committed 13248K, reserved 1048576K
}
Event: 8.958 GC heap after
{Heap after GC invocations=36 (full 0):
 garbage-first heap   total 201728K, used 95139K [0x0000000080000000, 0x0000000100000000)
  region size 1024K, 10 young (10240K), 10 survivors (10240K)
 Metaspace       used 94862K, committed 95552K, reserved 1138688K
  class space    used 12919K, committed 13248K, reserved 1048576K
}
Event: 9.132 GC heap before
{Heap before GC invocations=36 (full 0):
 garbage-first heap   total 201728K, used 173987K [0x0000000080000000, 0x0000000100000000)
  region size 1024K, 75 young (76800K), 10 survivors (10240K)
 Metaspace       used 95586K, committed 96320K, reserved 1138688K
  class space    used 13003K, committed 13312K, reserved 1048576K
}
Event: 9.142 GC heap after
{Heap after GC invocations=37 (full 0):
 garbage-first heap   total 400384K, used 119583K [0x0000000080000000, 0x0000000100000000)
  region size 1024K, 10 young (10240K), 10 survivors (10240K)
 Metaspace       used 95586K, committed 96320K, reserved 1138688K
  class space    used 13003K, committed 13312K, reserved 1048576K
}
Event: 9.795 GC heap before
{Heap before GC invocations=37 (full 0):
 garbage-first heap   total 400384K, used 336671K [0x0000000080000000, 0x0000000100000000)
  region size 1024K, 190 young (194560K), 10 survivors (10240K)
 Metaspace       used 100283K, committed 100992K, reserved 1138688K
  class space    used 13647K, committed 13952K, reserved 1048576K
}
Event: 9.821 GC heap after
{Heap after GC invocations=38 (full 0):
 garbage-first heap   total 400384K, used 164478K [0x0000000080000000, 0x0000000100000000)
  region size 1024K, 24 young (24576K), 24 survivors (24576K)
 Metaspace       used 100283K, committed 100992K, reserved 1138688K
  class space    used 13647K, committed 13952K, reserved 1048576K
}
Event: 10.558 GC heap before
{Heap before GC invocations=38 (full 0):
 garbage-first heap   total 400384K, used 290430K [0x0000000080000000, 0x0000000100000000)
  region size 1024K, 144 young (147456K), 24 survivors (24576K)
 Metaspace       used 103182K, committed 103936K, reserved 1138688K
  class space    used 14208K, committed 14528K, reserved 1048576K
}
Event: 10.610 GC heap after
{Heap after GC invocations=39 (full 0):
 garbage-first heap   total 400384K, used 208505K [0x0000000080000000, 0x0000000100000000)
  region size 1024K, 18 young (18432K), 18 survivors (18432K)
 Metaspace       used 103182K, committed 103936K, reserved 1138688K
  class space    used 14208K, committed 14528K, reserved 1048576K
}
Event: 11.157 GC heap before
{Heap before GC invocations=39 (full 0):
 garbage-first heap   total 400384K, used 295545K [0x0000000080000000, 0x0000000100000000)
  region size 1024K, 104 young (106496K), 18 survivors (18432K)
 Metaspace       used 105923K, committed 106624K, reserved 1146880K
  class space    used 14589K, committed 14912K, reserved 1048576K
}
Event: 11.212 GC heap after
{Heap after GC invocations=40 (full 0):
 garbage-first heap   total 400384K, used 247808K [0x0000000080000000, 0x0000000100000000)
  region size 1024K, 13 young (13312K), 13 survivors (13312K)
 Metaspace       used 105923K, committed 106624K, reserved 1146880K
  class space    used 14589K, committed 14912K, reserved 1048576K
}
Event: 11.866 GC heap before
{Heap before GC invocations=40 (full 0):
 garbage-first heap   total 400384K, used 306176K [0x0000000080000000, 0x0000000100000000)
  region size 1024K, 71 young (72704K), 13 survivors (13312K)
 Metaspace       used 107375K, committed 108160K, reserved 1146880K
  class space    used 14810K, committed 15168K, reserved 1048576K
}

