# JRE version: OpenJDK Runtime Environment (17.0.6) (build 17.0.6+0-b2043.56-10027231)
# Java VM: OpenJDK 64-Bit Server VM (17.0.6+0-b2043.56-10027231, mixed mode, tiered, compressed oops, compressed class ptrs, g1 gc, windows-amd64)
GC Precious Log:
 CPUs: 8 total, 8 available
 Memory: 8072M
 Large Page Support: Disabled
 NUMA Support: Disabled
 Compressed Oops: Enabled (32-bit)
 Heap Region Size: 1M
 Heap Min Capacity: 8M
 Heap Initial Capacity: 128M
 Heap Max Capacity: 2G
 Pre-touch: Disabled
 Parallel Workers: 8
 Concurrent Workers: 2
 Concurrent Refinement Workers: 8
 Periodic GC: Disabled
Heap:
 garbage-first heap   total 229376K, used 133257K [0x0000000080000000, 0x0000000100000000)
  region size 1024K, 3 young (3072K), 3 survivors (3072K)
 Metaspace       used 99894K, committed 100608K, reserved 1138688K
  class space    used 13338K, committed 13696K, reserved 1048576K
GC Heap History (20 events):
Event: 7.858 GC heap after
{Heap after GC invocations=28 (full 0):
 garbage-first heap   total 159744K, used 77195K [0x0000000080000000, 0x0000000100000000)
  region size 1024K, 8 young (8192K), 8 survivors (8192K)
 Metaspace       used 84199K, committed 84800K, reserved 1122304K
  class space    used 11572K, committed 11840K, reserved 1048576K
}
Event: 8.201 GC heap before
{Heap before GC invocations=28 (full 0):
 garbage-first heap   total 159744K, used 124299K [0x0000000080000000, 0x0000000100000000)
  region size 1024K, 55 young (56320K), 8 survivors (8192K)
 Metaspace       used 85068K, committed 85696K, reserved 1122304K
  class space    used 11731K, committed 12032K, reserved 1048576K
}
Event: 8.209 GC heap after
{Heap after GC invocations=29 (full 0):
 garbage-first heap   total 159744K, used 83696K [0x0000000080000000, 0x0000000100000000)
  region size 1024K, 6 young (6144K), 6 survivors (6144K)
 Metaspace       used 85068K, committed 85696K, reserved 1122304K
  class space    used 11731K, committed 12032K, reserved 1048576K
}
Event: 8.473 GC heap before
{Heap before GC invocations=29 (full 0):
 garbage-first heap   total 159744K, used 126704K [0x0000000080000000, 0x0000000100000000)
  region size 1024K, 49 young (50176K), 6 survivors (6144K)
 Metaspace       used 85409K, committed 86080K, reserved 1130496K
  class space    used 11738K, committed 12032K, reserved 1048576K
}
Event: 8.477 GC heap after
{Heap after GC invocations=30 (full 0):
 garbage-first heap   total 159744K, used 86531K [0x0000000080000000, 0x0000000100000000)
  region size 1024K, 5 young (5120K), 5 survivors (5120K)
 Metaspace       used 85409K, committed 86080K, reserved 1130496K
  class space    used 11738K, committed 12032K, reserved 1048576K
}
Event: 8.970 GC heap before
{Heap before GC invocations=31 (full 0):
 garbage-first heap   total 160768K, used 131587K [0x0000000080000000, 0x0000000100000000)
  region size 1024K, 46 young (47104K), 5 survivors (5120K)
 Metaspace       used 88935K, committed 89600K, reserved 1130496K
  class space    used 12155K, committed 12480K, reserved 1048576K
}
Event: 8.979 GC heap after
{Heap after GC invocations=32 (full 0):
 garbage-first heap   total 160768K, used 99771K [0x0000000080000000, 0x0000000100000000)
  region size 1024K, 6 young (6144K), 6 survivors (6144K)
 Metaspace       used 88935K, committed 89600K, reserved 1130496K
  class space    used 12155K, committed 12480K, reserved 1048576K
}
Event: 8.989 GC heap before
{Heap before GC invocations=32 (full 0):
 garbage-first heap   total 160768K, used 100795K [0x0000000080000000, 0x0000000100000000)
  region size 1024K, 7 young (7168K), 6 survivors (6144K)
 Metaspace       used 88948K, committed 89600K, reserved 1130496K
  class space    used 12155K, committed 12480K, reserved 1048576K
}
Event: 8.994 GC heap after
{Heap after GC invocations=33 (full 0):
 garbage-first heap   total 193536K, used 101063K [0x0000000080000000, 0x0000000100000000)
  region size 1024K, 1 young (1024K), 1 survivors (1024K)
 Metaspace       used 88948K, committed 89600K, reserved 1130496K
  class space    used 12155K, committed 12480K, reserved 1048576K
}
Event: 9.634 GC heap before
{Heap before GC invocations=33 (full 0):
 garbage-first heap   total 193536K, used 156359K [0x0000000080000000, 0x0000000100000000)
  region size 1024K, 47 young (48128K), 1 survivors (1024K)
 Metaspace       used 89761K, committed 90432K, reserved 1130496K
  class space    used 12237K, committed 12544K, reserved 1048576K
}
Event: 9.643 GC heap after
{Heap after GC invocations=34 (full 0):
 garbage-first heap   total 193536K, used 115584K [0x0000000080000000, 0x0000000100000000)
  region size 1024K, 6 young (6144K), 6 survivors (6144K)
 Metaspace       used 89761K, committed 90432K, reserved 1130496K
  class space    used 12237K, committed 12544K, reserved 1048576K
}
Event: 10.014 GC heap before
{Heap before GC invocations=35 (full 0):
 garbage-first heap   total 229376K, used 147328K [0x0000000080000000, 0x0000000100000000)
  region size 1024K, 38 young (38912K), 6 survivors (6144K)
 Metaspace       used 89843K, committed 90496K, reserved 1130496K
  class space    used 12243K, committed 12544K, reserved 1048576K
}
Event: 10.030 GC heap after
{Heap after GC invocations=36 (full 0):
 garbage-first heap   total 229376K, used 122023K [0x0000000080000000, 0x0000000100000000)
  region size 1024K, 5 young (5120K), 5 survivors (5120K)
 Metaspace       used 89843K, committed 90496K, reserved 1130496K
  class space    used 12243K, committed 12544K, reserved 1048576K
}
Event: 10.155 GC heap before
{Heap before GC invocations=36 (full 0):
 garbage-first heap   total 229376K, used 155815K [0x0000000080000000, 0x0000000100000000)
  region size 1024K, 11 young (11264K), 5 survivors (5120K)
 Metaspace       used 90077K, committed 90752K, reserved 1130496K
  class space    used 12269K, committed 12608K, reserved 1048576K
}
Event: 10.162 GC heap after
{Heap after GC invocations=37 (full 0):
 garbage-first heap   total 229376K, used 122985K [0x0000000080000000, 0x0000000100000000)
  region size 1024K, 2 young (2048K), 2 survivors (2048K)
 Metaspace       used 90077K, committed 90752K, reserved 1130496K
  class space    used 12269K, committed 12608K, reserved 1048576K
}
Event: 10.629 GC heap before
{Heap before GC invocations=37 (full 0):
 garbage-first heap   total 229376K, used 171113K [0x0000000080000000, 0x0000000100000000)
  region size 1024K, 50 young (51200K), 2 survivors (2048K)
 Metaspace       used 93266K, committed 93952K, reserved 1130496K
  class space    used 12574K, committed 12928K, reserved 1048576K
}
Event: 10.636 GC heap after
{Heap after GC invocations=38 (full 0):
 garbage-first heap   total 229376K, used 127007K [0x0000000080000000, 0x0000000100000000)
  region size 1024K, 6 young (6144K), 6 survivors (6144K)
 Metaspace       used 93266K, committed 93952K, reserved 1130496K
  class space    used 12574K, committed 12928K, reserved 1048576K
}
Event: 11.103 GC heap before
{Heap before GC invocations=38 (full 0):
 garbage-first heap   total 229376K, used 175135K [0x0000000080000000, 0x0000000100000000)
  region size 1024K, 54 young (55296K), 6 survivors (6144K)
 Metaspace       used 95529K, committed 96192K, reserved 1138688K
  class space    used 12794K, committed 13120K, reserved 1048576K
}
Event: 11.112 GC heap after
{Heap after GC invocations=39 (full 0):
 garbage-first heap   total 229376K, used 132681K [0x0000000080000000, 0x0000000100000000)
  region size 1024K, 7 young (7168K), 7 survivors (7168K)
 Metaspace       used 95529K, committed 96192K, reserved 1138688K
  class space    used 12794K, committed 13120K, reserved 1048576K
}
Event: 11.704 GC heap before
{Heap before GC invocations=39 (full 0):
 garbage-first heap   total 229376K, used 178761K [0x0000000080000000, 0x0000000100000000)
  region size 1024K, 53 young (54272K), 7 survivors (7168K)
 Metaspace       used 99894K, committed 100608K, reserved 1138688K
  class space    used 13338K, committed 13696K, reserved 1048576K
}

