# JRE version: OpenJDK Runtime Environment (17.0.6) (build 17.0.6+0-b2043.56-10027231)
# Java VM: OpenJDK 64-Bit Server VM (17.0.6+0-b2043.56-10027231, mixed mode, tiered, compressed oops, compressed class ptrs, g1 gc, windows-amd64)
GC Precious Log:
 CPUs: 8 total, 8 available
 Memory: 8072M
 Large Page Support: Disabled
 NUMA Support: Disabled
 Compressed Oops: Enabled (32-bit)
 Heap Region Size: 1M
 Heap Min Capacity: 8M
 Heap Initial Capacity: 128M
 Heap Max Capacity: 2G
 Pre-touch: Disabled
 Parallel Workers: 8
 Concurrent Workers: 2
 Concurrent Refinement Workers: 8
 Periodic GC: Disabled
Heap:
 garbage-first heap   total 214016K, used 112915K [0x0000000080000000, 0x0000000100000000)
  region size 1024K, 4 young (4096K), 4 survivors (4096K)
 Metaspace       used 99437K, committed 100160K, reserved 1138688K
  class space    used 13557K, committed 13952K, reserved 1048576K
GC Heap History (20 events):
Event: 7.560 GC heap after
{Heap after GC invocations=34 (full 0):
 garbage-first heap   total 214016K, used 60490K [0x0000000080000000, 0x0000000100000000)
  region size 1024K, 4 young (4096K), 4 survivors (4096K)
 Metaspace       used 68125K, committed 68608K, reserved 1114112K
  class space    used 9088K, committed 9280K, reserved 1048576K
}
Event: 8.822 GC heap before
{Heap before GC invocations=35 (full 0):
 garbage-first heap   total 214016K, used 148554K [0x0000000080000000, 0x0000000100000000)
  region size 1024K, 91 young (93184K), 4 survivors (4096K)
 Metaspace       used 74535K, committed 75072K, reserved 1114112K
  class space    used 10159K, committed 10368K, reserved 1048576K
}
Event: 8.828 GC heap after
{Heap after GC invocations=36 (full 0):
 garbage-first heap   total 214016K, used 63353K [0x0000000080000000, 0x0000000100000000)
  region size 1024K, 8 young (8192K), 8 survivors (8192K)
 Metaspace       used 74535K, committed 75072K, reserved 1114112K
  class space    used 10159K, committed 10368K, reserved 1048576K
}
Event: 8.999 GC heap before
{Heap before GC invocations=36 (full 0):
 garbage-first heap   total 214016K, used 64377K [0x0000000080000000, 0x0000000100000000)
  region size 1024K, 10 young (10240K), 8 survivors (8192K)
 Metaspace       used 74668K, committed 75200K, reserved 1114112K
  class space    used 10186K, committed 10432K, reserved 1048576K
}
Event: 9.011 GC heap after
{Heap after GC invocations=37 (full 0):
 garbage-first heap   total 214016K, used 63429K [0x0000000080000000, 0x0000000100000000)
  region size 1024K, 1 young (1024K), 1 survivors (1024K)
 Metaspace       used 74668K, committed 75200K, reserved 1114112K
  class space    used 10186K, committed 10432K, reserved 1048576K
}
Event: 10.356 GC heap before
{Heap before GC invocations=37 (full 0):
 garbage-first heap   total 214016K, used 164805K [0x0000000080000000, 0x0000000100000000)
  region size 1024K, 100 young (102400K), 1 survivors (1024K)
 Metaspace       used 83240K, committed 83840K, reserved 1122304K
  class space    used 11435K, committed 11712K, reserved 1048576K
}
Event: 10.365 GC heap after
{Heap after GC invocations=38 (full 0):
 garbage-first heap   total 214016K, used 69274K [0x0000000080000000, 0x0000000100000000)
  region size 1024K, 7 young (7168K), 7 survivors (7168K)
 Metaspace       used 83240K, committed 83840K, reserved 1122304K
  class space    used 11435K, committed 11712K, reserved 1048576K
}
Event: 11.345 GC heap before
{Heap before GC invocations=38 (full 0):
 garbage-first heap   total 214016K, used 163482K [0x0000000080000000, 0x0000000100000000)
  region size 1024K, 99 young (101376K), 7 survivors (7168K)
 Metaspace       used 86322K, committed 86976K, reserved 1130496K
  class space    used 12008K, committed 12352K, reserved 1048576K
}
Event: 11.363 GC heap after
{Heap after GC invocations=39 (full 0):
 garbage-first heap   total 214016K, used 81067K [0x0000000080000000, 0x0000000100000000)
  region size 1024K, 13 young (13312K), 13 survivors (13312K)
 Metaspace       used 86322K, committed 86976K, reserved 1130496K
  class space    used 12008K, committed 12352K, reserved 1048576K
}
Event: 12.157 GC heap before
{Heap before GC invocations=40 (full 0):
 garbage-first heap   total 214016K, used 165035K [0x0000000080000000, 0x0000000100000000)
  region size 1024K, 96 young (98304K), 13 survivors (13312K)
 Metaspace       used 87095K, committed 87744K, reserved 1130496K
  class space    used 12055K, committed 12352K, reserved 1048576K
}
Event: 12.169 GC heap after
{Heap after GC invocations=41 (full 0):
 garbage-first heap   total 214016K, used 87115K [0x0000000080000000, 0x0000000100000000)
  region size 1024K, 7 young (7168K), 7 survivors (7168K)
 Metaspace       used 87095K, committed 87744K, reserved 1130496K
  class space    used 12055K, committed 12352K, reserved 1048576K
}
Event: 12.757 GC heap before
{Heap before GC invocations=41 (full 0):
 garbage-first heap   total 214016K, used 169035K [0x0000000080000000, 0x0000000100000000)
  region size 1024K, 88 young (90112K), 7 survivors (7168K)
 Metaspace       used 87868K, committed 88512K, reserved 1130496K
  class space    used 12156K, committed 12480K, reserved 1048576K
}
Event: 12.766 GC heap after
{Heap after GC invocations=42 (full 0):
 garbage-first heap   total 214016K, used 91964K [0x0000000080000000, 0x0000000100000000)
  region size 1024K, 11 young (11264K), 11 survivors (11264K)
 Metaspace       used 87868K, committed 88512K, reserved 1130496K
  class space    used 12156K, committed 12480K, reserved 1048576K
}
Event: 13.428 GC heap before
{Heap before GC invocations=43 (full 0):
 garbage-first heap   total 214016K, used 169788K [0x0000000080000000, 0x0000000100000000)
  region size 1024K, 84 young (86016K), 11 survivors (11264K)
 Metaspace       used 96023K, committed 96640K, reserved 1138688K
  class space    used 13147K, committed 13440K, reserved 1048576K
}
Event: 13.458 GC heap after
{Heap after GC invocations=44 (full 0):
 garbage-first heap   total 214016K, used 99715K [0x0000000080000000, 0x0000000100000000)
  region size 1024K, 12 young (12288K), 12 survivors (12288K)
 Metaspace       used 96023K, committed 96640K, reserved 1138688K
  class space    used 13147K, committed 13440K, reserved 1048576K
}
Event: 14.386 GC heap before
{Heap before GC invocations=45 (full 0):
 garbage-first heap   total 214016K, used 172419K [0x0000000080000000, 0x0000000100000000)
  region size 1024K, 82 young (83968K), 12 survivors (12288K)
 Metaspace       used 99369K, committed 100096K, reserved 1138688K
  class space    used 13554K, committed 13952K, reserved 1048576K
}
Event: 14.401 GC heap after
{Heap after GC invocations=46 (full 0):
 garbage-first heap   total 214016K, used 110925K [0x0000000080000000, 0x0000000100000000)
  region size 1024K, 10 young (10240K), 10 survivors (10240K)
 Metaspace       used 99369K, committed 100096K, reserved 1138688K
  class space    used 13554K, committed 13952K, reserved 1048576K
}
Event: 14.404 GC heap before
{Heap before GC invocations=46 (full 0):
 garbage-first heap   total 214016K, used 110925K [0x0000000080000000, 0x0000000100000000)
  region size 1024K, 11 young (11264K), 10 survivors (10240K)
 Metaspace       used 99370K, committed 100096K, reserved 1138688K
  class space    used 13554K, committed 13952K, reserved 1048576K
}
Event: 14.410 GC heap after
{Heap after GC invocations=47 (full 0):
 garbage-first heap   total 214016K, used 110980K [0x0000000080000000, 0x0000000100000000)
  region size 1024K, 2 young (2048K), 2 survivors (2048K)
 Metaspace       used 99370K, committed 100096K, reserved 1138688K
  class space    used 13554K, committed 13952K, reserved 1048576K
}
Event: 14.674 GC heap before
{Heap before GC invocations=47 (full 0):
 garbage-first heap   total 214016K, used 171396K [0x0000000080000000, 0x0000000100000000)
  region size 1024K, 62 young (63488K), 2 survivors (2048K)
 Metaspace       used 99437K, committed 100160K, reserved 1138688K
  class space    used 13557K, committed 13952K, reserved 1048576K
}

