# JRE version: OpenJDK Runtime Environment (17.0.6) (build 17.0.6+0-b2043.56-10027231)
# Java VM: OpenJDK 64-Bit Server VM (17.0.6+0-b2043.56-10027231, mixed mode, tiered, compressed oops, compressed class ptrs, g1 gc, windows-amd64)
GC Precious Log:
 CPUs: 8 total, 8 available
 Memory: 8072M
 Large Page Support: Disabled
 NUMA Support: Disabled
 Compressed Oops: Enabled (32-bit)
 Heap Region Size: 1M
 Heap Min Capacity: 8M
 Heap Initial Capacity: 128M
 Heap Max Capacity: 2G
 Pre-touch: Disabled
 Parallel Workers: 8
 Concurrent Workers: 2
 Concurrent Refinement Workers: 8
 Periodic GC: Disabled
Heap:
 garbage-first heap   total 467968K, used 266684K [0x0000000080000000, 0x0000000100000000)
  region size 1024K, 9 young (9216K), 9 survivors (9216K)
 Metaspace       used 120830K, committed 121664K, reserved 1155072K
  class space    used 16544K, committed 16960K, reserved 1048576K
GC Heap History (20 events):
Event: 16.678 GC heap after
{Heap after GC invocations=36 (full 0):
 garbage-first heap   total 311296K, used 133471K [0x0000000080000000, 0x0000000100000000)
  region size 1024K, 12 young (12288K), 12 survivors (12288K)
 Metaspace       used 95550K, committed 96320K, reserved 1138688K
  class space    used 12949K, committed 13312K, reserved 1048576K
}
Event: 17.231 GC heap before
{Heap before GC invocations=36 (full 0):
 garbage-first heap   total 311296K, used 221535K [0x0000000080000000, 0x0000000100000000)
  region size 1024K, 99 young (101376K), 12 survivors (12288K)
 Metaspace       used 98420K, committed 99136K, reserved 1138688K
  class space    used 13177K, committed 13504K, reserved 1048576K
}
Event: 17.240 GC heap after
{Heap after GC invocations=37 (full 0):
 garbage-first heap   total 311296K, used 134144K [0x0000000080000000, 0x0000000100000000)
  region size 1024K, 4 young (4096K), 4 survivors (4096K)
 Metaspace       used 98420K, committed 99136K, reserved 1138688K
  class space    used 13177K, committed 13504K, reserved 1048576K
}
Event: 17.789 GC heap before
{Heap before GC invocations=37 (full 0):
 garbage-first heap   total 311296K, used 233472K [0x0000000080000000, 0x0000000100000000)
  region size 1024K, 102 young (104448K), 4 survivors (4096K)
 Metaspace       used 100251K, committed 100928K, reserved 1138688K
  class space    used 13384K, committed 13696K, reserved 1048576K
}
Event: 17.797 GC heap after
{Heap after GC invocations=38 (full 0):
 garbage-first heap   total 311296K, used 137995K [0x0000000080000000, 0x0000000100000000)
  region size 1024K, 8 young (8192K), 8 survivors (8192K)
 Metaspace       used 100251K, committed 100928K, reserved 1138688K
  class space    used 13384K, committed 13696K, reserved 1048576K
}
Event: 18.885 GC heap before
{Heap before GC invocations=38 (full 0):
 garbage-first heap   total 311296K, used 241419K [0x0000000080000000, 0x0000000100000000)
  region size 1024K, 110 young (112640K), 8 survivors (8192K)
 Metaspace       used 105632K, committed 106304K, reserved 1146880K
  class space    used 14092K, committed 14400K, reserved 1048576K
}
Event: 18.894 GC heap after
{Heap after GC invocations=39 (full 0):
 garbage-first heap   total 311296K, used 142957K [0x0000000080000000, 0x0000000100000000)
  region size 1024K, 11 young (11264K), 11 survivors (11264K)
 Metaspace       used 105632K, committed 106304K, reserved 1146880K
  class space    used 14092K, committed 14400K, reserved 1048576K
}
Event: 19.296 GC heap before
{Heap before GC invocations=39 (full 0):
 garbage-first heap   total 311296K, used 245357K [0x0000000080000000, 0x0000000100000000)
  region size 1024K, 112 young (114688K), 11 survivors (11264K)
 Metaspace       used 106751K, committed 107456K, reserved 1146880K
  class space    used 14256K, committed 14592K, reserved 1048576K
}
Event: 19.310 GC heap after
{Heap after GC invocations=40 (full 0):
 garbage-first heap   total 311296K, used 153429K [0x0000000080000000, 0x0000000100000000)
  region size 1024K, 14 young (14336K), 14 survivors (14336K)
 Metaspace       used 106751K, committed 107456K, reserved 1146880K
  class space    used 14256K, committed 14592K, reserved 1048576K
}
Event: 19.765 GC heap before
{Heap before GC invocations=40 (full 0):
 garbage-first heap   total 311296K, used 246613K [0x0000000080000000, 0x0000000100000000)
  region size 1024K, 106 young (108544K), 14 survivors (14336K)
 Metaspace       used 110594K, committed 111360K, reserved 1146880K
  class space    used 14844K, committed 15232K, reserved 1048576K
}
Event: 19.777 GC heap after
{Heap after GC invocations=41 (full 0):
 garbage-first heap   total 311296K, used 167678K [0x0000000080000000, 0x0000000100000000)
  region size 1024K, 14 young (14336K), 14 survivors (14336K)
 Metaspace       used 110594K, committed 111360K, reserved 1146880K
  class space    used 14844K, committed 15232K, reserved 1048576K
}
Event: 20.046 GC heap before
{Heap before GC invocations=41 (full 0):
 garbage-first heap   total 311296K, used 247550K [0x0000000080000000, 0x0000000100000000)
  region size 1024K, 93 young (95232K), 14 survivors (14336K)
 Metaspace       used 112144K, committed 112960K, reserved 1146880K
  class space    used 15082K, committed 15488K, reserved 1048576K
}
Event: 20.066 GC heap after
{Heap after GC invocations=42 (full 0):
 garbage-first heap   total 467968K, used 182062K [0x0000000080000000, 0x0000000100000000)
  region size 1024K, 12 young (12288K), 12 survivors (12288K)
 Metaspace       used 112144K, committed 112960K, reserved 1146880K
  class space    used 15082K, committed 15488K, reserved 1048576K
}
Event: 20.551 GC heap before
{Heap before GC invocations=42 (full 0):
 garbage-first heap   total 467968K, used 354094K [0x0000000080000000, 0x0000000100000000)
  region size 1024K, 181 young (185344K), 12 survivors (12288K)
 Metaspace       used 115384K, committed 116160K, reserved 1155072K
  class space    used 15602K, committed 16000K, reserved 1048576K
}
Event: 20.588 GC heap after
{Heap after GC invocations=43 (full 0):
 garbage-first heap   total 467968K, used 210275K [0x0000000080000000, 0x0000000100000000)
  region size 1024K, 23 young (23552K), 23 survivors (23552K)
 Metaspace       used 115384K, committed 116160K, reserved 1155072K
  class space    used 15602K, committed 16000K, reserved 1048576K
}
Event: 20.785 GC heap before
{Heap before GC invocations=43 (full 0):
 garbage-first heap   total 467968K, used 360803K [0x0000000080000000, 0x0000000100000000)
  region size 1024K, 170 young (174080K), 23 survivors (23552K)
 Metaspace       used 116597K, committed 117376K, reserved 1155072K
  class space    used 15814K, committed 16192K, reserved 1048576K
}
Event: 20.825 GC heap after
{Heap after GC invocations=44 (full 0):
 garbage-first heap   total 467968K, used 234875K [0x0000000080000000, 0x0000000100000000)
  region size 1024K, 22 young (22528K), 22 survivors (22528K)
 Metaspace       used 116597K, committed 117376K, reserved 1155072K
  class space    used 15814K, committed 16192K, reserved 1048576K
}
Event: 21.043 GC heap before
{Heap before GC invocations=44 (full 0):
 garbage-first heap   total 467968K, used 367995K [0x0000000080000000, 0x0000000100000000)
  region size 1024K, 152 young (155648K), 22 survivors (22528K)
 Metaspace       used 117710K, committed 118528K, reserved 1155072K
  class space    used 16002K, committed 16384K, reserved 1048576K
}
Event: 21.081 GC heap after
{Heap after GC invocations=45 (full 0):
 garbage-first heap   total 467968K, used 256512K [0x0000000080000000, 0x0000000100000000)
  region size 1024K, 19 young (19456K), 19 survivors (19456K)
 Metaspace       used 117710K, committed 118528K, reserved 1155072K
  class space    used 16002K, committed 16384K, reserved 1048576K
}
Event: 21.680 GC heap before
{Heap before GC invocations=45 (full 0):
 garbage-first heap   total 467968K, used 375296K [0x0000000080000000, 0x0000000100000000)
  region size 1024K, 135 young (138240K), 19 survivors (19456K)
 Metaspace       used 120830K, committed 121664K, reserved 1155072K
  class space    used 16544K, committed 16960K, reserved 1048576K
}

