# JRE version: OpenJDK Runtime Environment (17.0.6) (build 17.0.6+0-b2043.56-10027231)
# Java VM: OpenJDK 64-Bit Server VM (17.0.6+0-b2043.56-10027231, mixed mode, tiered, compressed oops, compressed class ptrs, g1 gc, windows-amd64)
GC Precious Log:
 CPUs: 8 total, 8 available
 Memory: 8072M
 Large Page Support: Disabled
 NUMA Support: Disabled
 Compressed Oops: Enabled (32-bit)
 Heap Region Size: 1M
 Heap Min Capacity: 8M
 Heap Initial Capacity: 128M
 Heap Max Capacity: 2G
 Pre-touch: Disabled
 Parallel Workers: 8
 Concurrent Workers: 2
 Concurrent Refinement Workers: 8
 Periodic GC: Disabled
Heap:
 garbage-first heap   total 311296K, used 188544K [0x0000000080000000, 0x0000000100000000)
  region size 1024K, 2 young (2048K), 2 survivors (2048K)
 Metaspace       used 100345K, committed 101056K, reserved 1138688K
  class space    used 13758K, committed 14080K, reserved 1048576K
GC Heap History (20 events):
Event: 10.715 GC heap after
{Heap after GC invocations=37 (full 0):
 garbage-first heap   total 157696K, used 85076K [0x0000000080000000, 0x0000000100000000)
  region size 1024K, 1 young (1024K), 1 survivors (1024K)
 Metaspace       used 86493K, committed 87232K, reserved 1130496K
  class space    used 12013K, committed 12352K, reserved 1048576K
}
Event: 11.019 GC heap before
{Heap before GC invocations=37 (full 0):
 garbage-first heap   total 157696K, used 127060K [0x0000000080000000, 0x0000000100000000)
  region size 1024K, 43 young (44032K), 1 survivors (1024K)
 Metaspace       used 86947K, committed 87552K, reserved 1130496K
  class space    used 12050K, committed 12352K, reserved 1048576K
}
Event: 11.023 GC heap after
{Heap after GC invocations=38 (full 0):
 garbage-first heap   total 157696K, used 87812K [0x0000000080000000, 0x0000000100000000)
  region size 1024K, 4 young (4096K), 4 survivors (4096K)
 Metaspace       used 86947K, committed 87552K, reserved 1130496K
  class space    used 12050K, committed 12352K, reserved 1048576K
}
Event: 11.464 GC heap before
{Heap before GC invocations=39 (full 0):
 garbage-first heap   total 158720K, used 133892K [0x0000000080000000, 0x0000000100000000)
  region size 1024K, 45 young (46080K), 4 survivors (4096K)
 Metaspace       used 89807K, committed 90432K, reserved 1130496K
  class space    used 12318K, committed 12608K, reserved 1048576K
}
Event: 11.470 GC heap after
{Heap after GC invocations=40 (full 0):
 garbage-first heap   total 158720K, used 90083K [0x0000000080000000, 0x0000000100000000)
  region size 1024K, 6 young (6144K), 6 survivors (6144K)
 Metaspace       used 89807K, committed 90432K, reserved 1130496K
  class space    used 12318K, committed 12608K, reserved 1048576K
}
Event: 11.490 GC heap before
{Heap before GC invocations=40 (full 0):
 garbage-first heap   total 158720K, used 90083K [0x0000000080000000, 0x0000000100000000)
  region size 1024K, 7 young (7168K), 6 survivors (6144K)
 Metaspace       used 89858K, committed 90496K, reserved 1130496K
  class space    used 12324K, committed 12608K, reserved 1048576K
}
Event: 11.495 GC heap after
{Heap after GC invocations=41 (full 0):
 garbage-first heap   total 218112K, used 90018K [0x0000000080000000, 0x0000000100000000)
  region size 1024K, 1 young (1024K), 1 survivors (1024K)
 Metaspace       used 89858K, committed 90496K, reserved 1130496K
  class space    used 12324K, committed 12608K, reserved 1048576K
}
Event: 12.482 GC heap before
{Heap before GC invocations=41 (full 0):
 garbage-first heap   total 218112K, used 175010K [0x0000000080000000, 0x0000000100000000)
  region size 1024K, 85 young (87040K), 1 survivors (1024K)
 Metaspace       used 95450K, committed 96128K, reserved 1138688K
  class space    used 13095K, committed 13440K, reserved 1048576K
}
Event: 12.488 GC heap after
{Heap after GC invocations=42 (full 0):
 garbage-first heap   total 218112K, used 95093K [0x0000000080000000, 0x0000000100000000)
  region size 1024K, 6 young (6144K), 6 survivors (6144K)
 Metaspace       used 95450K, committed 96128K, reserved 1138688K
  class space    used 13095K, committed 13440K, reserved 1048576K
}
Event: 12.782 GC heap before
{Heap before GC invocations=42 (full 0):
 garbage-first heap   total 218112K, used 171893K [0x0000000080000000, 0x0000000100000000)
  region size 1024K, 75 young (76800K), 6 survivors (6144K)
 Metaspace       used 95970K, committed 96640K, reserved 1138688K
  class space    used 13153K, committed 13504K, reserved 1048576K
}
Event: 12.790 GC heap after
{Heap after GC invocations=43 (full 0):
 garbage-first heap   total 218112K, used 107163K [0x0000000080000000, 0x0000000100000000)
  region size 1024K, 4 young (4096K), 4 survivors (4096K)
 Metaspace       used 95970K, committed 96640K, reserved 1138688K
  class space    used 13153K, committed 13504K, reserved 1048576K
}
Event: 13.108 GC heap before
{Heap before GC invocations=44 (full 0):
 garbage-first heap   total 242688K, used 192155K [0x0000000080000000, 0x0000000100000000)
  region size 1024K, 74 young (75776K), 4 survivors (4096K)
 Metaspace       used 98719K, committed 99456K, reserved 1138688K
  class space    used 13533K, committed 13888K, reserved 1048576K
}
Event: 13.114 GC heap after
{Heap after GC invocations=45 (full 0):
 garbage-first heap   total 242688K, used 134794K [0x0000000080000000, 0x0000000100000000)
  region size 1024K, 10 young (10240K), 10 survivors (10240K)
 Metaspace       used 98719K, committed 99456K, reserved 1138688K
  class space    used 13533K, committed 13888K, reserved 1048576K
}
Event: 13.123 GC heap before
{Heap before GC invocations=45 (full 0):
 garbage-first heap   total 242688K, used 135818K [0x0000000080000000, 0x0000000100000000)
  region size 1024K, 11 young (11264K), 10 survivors (10240K)
 Metaspace       used 98807K, committed 99520K, reserved 1138688K
  class space    used 13545K, committed 13888K, reserved 1048576K
}
Event: 13.128 GC heap after
{Heap after GC invocations=46 (full 0):
 garbage-first heap   total 242688K, used 136232K [0x0000000080000000, 0x0000000100000000)
  region size 1024K, 1 young (1024K), 1 survivors (1024K)
 Metaspace       used 98807K, committed 99520K, reserved 1138688K
  class space    used 13545K, committed 13888K, reserved 1048576K
}
Event: 13.220 GC heap before
{Heap before GC invocations=46 (full 0):
 garbage-first heap   total 242688K, used 234536K [0x0000000080000000, 0x0000000100000000)
  region size 1024K, 44 young (45056K), 1 survivors (1024K)
 Metaspace       used 99839K, committed 100544K, reserved 1138688K
  class space    used 13679K, committed 14016K, reserved 1048576K
}
Event: 13.225 GC heap after
{Heap after GC invocations=47 (full 0):
 garbage-first heap   total 250880K, used 171874K [0x0000000080000000, 0x0000000100000000)
  region size 1024K, 8 young (8192K), 8 survivors (8192K)
 Metaspace       used 99839K, committed 100544K, reserved 1138688K
  class space    used 13679K, committed 14016K, reserved 1048576K
}
Event: 13.479 GC heap before
{Heap before GC invocations=48 (full 0):
 garbage-first heap   total 311296K, used 207714K [0x0000000080000000, 0x0000000100000000)
  region size 1024K, 43 young (44032K), 8 survivors (8192K)
 Metaspace       used 100344K, committed 101056K, reserved 1138688K
  class space    used 13758K, committed 14080K, reserved 1048576K
}
Event: 13.502 GC heap after
{Heap after GC invocations=49 (full 0):
 garbage-first heap   total 311296K, used 184909K [0x0000000080000000, 0x0000000100000000)
  region size 1024K, 6 young (6144K), 6 survivors (6144K)
 Metaspace       used 100344K, committed 101056K, reserved 1138688K
  class space    used 13758K, committed 14080K, reserved 1048576K
}
Event: 13.561 GC heap before
{Heap before GC invocations=49 (full 0):
 garbage-first heap   total 311296K, used 194125K [0x0000000080000000, 0x0000000100000000)
  region size 1024K, 15 young (15360K), 6 survivors (6144K)
 Metaspace       used 100345K, committed 101056K, reserved 1138688K
  class space    used 13758K, committed 14080K, reserved 1048576K
}

