# JRE version: OpenJDK Runtime Environment (17.0.6) (build 17.0.6+0-b2043.56-10027231)
# Java VM: OpenJDK 64-Bit Server VM (17.0.6+0-b2043.56-10027231, mixed mode, tiered, compressed oops, compressed class ptrs, g1 gc, windows-amd64)
GC Precious Log:
 CPUs: 8 total, 8 available
 Memory: 8072M
 Large Page Support: Disabled
 NUMA Support: Disabled
 Compressed Oops: Enabled (32-bit)
 Heap Region Size: 1M
 Heap Min Capacity: 8M
 Heap Initial Capacity: 128M
 Heap Max Capacity: 2G
 Pre-touch: Disabled
 Parallel Workers: 8
 Concurrent Workers: 2
 Concurrent Refinement Workers: 8
 Periodic GC: Disabled
Heap:
 garbage-first heap   total 384000K, used 234692K [0x0000000080000000, 0x0000000100000000)
  region size 1024K, 4 young (4096K), 4 survivors (4096K)
 Metaspace       used 120847K, committed 121856K, reserved 1155072K
  class space    used 16238K, committed 16704K, reserved 1048576K
GC Heap History (20 events):
Event: 24.130 GC heap after
{Heap after GC invocations=43 (full 0):
 garbage-first heap   total 275456K, used 161505K [0x0000000080000000, 0x0000000100000000)
  region size 1024K, 9 young (9216K), 9 survivors (9216K)
 Metaspace       used 107314K, committed 108288K, reserved 1146880K
  class space    used 14392K, committed 14848K, reserved 1048576K
}
Event: 26.659 GC heap before
{Heap before GC invocations=43 (full 0):
 garbage-first heap   total 275456K, used 227041K [0x0000000080000000, 0x0000000100000000)
  region size 1024K, 74 young (75776K), 9 survivors (9216K)
 Metaspace       used 108646K, committed 109632K, reserved 1146880K
  class space    used 14600K, committed 15040K, reserved 1048576K
}
Event: 26.674 GC heap after
{Heap after GC invocations=44 (full 0):
 garbage-first heap   total 275456K, used 170370K [0x0000000080000000, 0x0000000100000000)
  region size 1024K, 9 young (9216K), 9 survivors (9216K)
 Metaspace       used 108646K, committed 109632K, reserved 1146880K
  class space    used 14600K, committed 15040K, reserved 1048576K
}
Event: 28.441 GC heap before
{Heap before GC invocations=45 (full 0):
 garbage-first heap   total 290816K, used 226690K [0x0000000080000000, 0x0000000100000000)
  region size 1024K, 65 young (66560K), 9 survivors (9216K)
 Metaspace       used 112635K, committed 113728K, reserved 1155072K
  class space    used 15115K, committed 15616K, reserved 1048576K
}
Event: 28.454 GC heap after
{Heap after GC invocations=46 (full 0):
 garbage-first heap   total 290816K, used 174840K [0x0000000080000000, 0x0000000100000000)
  region size 1024K, 5 young (5120K), 5 survivors (5120K)
 Metaspace       used 112635K, committed 113728K, reserved 1155072K
  class space    used 15115K, committed 15616K, reserved 1048576K
}
Event: 29.230 GC heap before
{Heap before GC invocations=46 (full 0):
 garbage-first heap   total 290816K, used 184056K [0x0000000080000000, 0x0000000100000000)
  region size 1024K, 14 young (14336K), 5 survivors (5120K)
 Metaspace       used 113518K, committed 114560K, reserved 1155072K
  class space    used 15238K, committed 15744K, reserved 1048576K
}
Event: 29.244 GC heap after
{Heap after GC invocations=47 (full 0):
 garbage-first heap   total 290816K, used 171108K [0x0000000080000000, 0x0000000100000000)
  region size 1024K, 1 young (1024K), 1 survivors (1024K)
 Metaspace       used 113518K, committed 114560K, reserved 1155072K
  class space    used 15238K, committed 15744K, reserved 1048576K
}
Event: 30.000 GC heap before
{Heap before GC invocations=47 (full 0):
 garbage-first heap   total 290816K, used 239716K [0x0000000080000000, 0x0000000100000000)
  region size 1024K, 69 young (70656K), 1 survivors (1024K)
 Metaspace       used 117263K, committed 118272K, reserved 1155072K
  class space    used 15741K, committed 16192K, reserved 1048576K
}
Event: 30.014 GC heap after
{Heap after GC invocations=48 (full 0):
 garbage-first heap   total 290816K, used 177001K [0x0000000080000000, 0x0000000100000000)
  region size 1024K, 7 young (7168K), 7 survivors (7168K)
 Metaspace       used 117263K, committed 118272K, reserved 1155072K
  class space    used 15741K, committed 16192K, reserved 1048576K
}
Event: 30.419 GC heap before
{Heap before GC invocations=49 (full 0):
 garbage-first heap   total 332800K, used 237417K [0x0000000080000000, 0x0000000100000000)
  region size 1024K, 67 young (68608K), 7 survivors (7168K)
 Metaspace       used 117453K, committed 118464K, reserved 1155072K
  class space    used 15766K, committed 16256K, reserved 1048576K
}
Event: 30.430 GC heap after
{Heap after GC invocations=50 (full 0):
 garbage-first heap   total 332800K, used 180777K [0x0000000080000000, 0x0000000100000000)
  region size 1024K, 5 young (5120K), 5 survivors (5120K)
 Metaspace       used 117453K, committed 118464K, reserved 1155072K
  class space    used 15766K, committed 16256K, reserved 1048576K
}
Event: 30.464 GC heap before
{Heap before GC invocations=50 (full 0):
 garbage-first heap   total 332800K, used 191017K [0x0000000080000000, 0x0000000100000000)
  region size 1024K, 16 young (16384K), 5 survivors (5120K)
 Metaspace       used 117453K, committed 118464K, reserved 1155072K
  class space    used 15766K, committed 16256K, reserved 1048576K
}
Event: 30.473 GC heap after
{Heap after GC invocations=51 (full 0):
 garbage-first heap   total 332800K, used 178963K [0x0000000080000000, 0x0000000100000000)
  region size 1024K, 2 young (2048K), 2 survivors (2048K)
 Metaspace       used 117453K, committed 118464K, reserved 1155072K
  class space    used 15766K, committed 16256K, reserved 1048576K
}
Event: 30.512 GC heap before
{Heap before GC invocations=51 (full 0):
 garbage-first heap   total 332800K, used 187155K [0x0000000080000000, 0x0000000100000000)
  region size 1024K, 12 young (12288K), 2 survivors (2048K)
 Metaspace       used 117549K, committed 118528K, reserved 1155072K
  class space    used 15775K, committed 16256K, reserved 1048576K
}
Event: 30.516 GC heap after
{Heap after GC invocations=52 (full 0):
 garbage-first heap   total 332800K, used 179275K [0x0000000080000000, 0x0000000100000000)
  region size 1024K, 2 young (2048K), 2 survivors (2048K)
 Metaspace       used 117549K, committed 118528K, reserved 1155072K
  class space    used 15775K, committed 16256K, reserved 1048576K
}
Event: 30.996 GC heap before
{Heap before GC invocations=53 (full 0):
 garbage-first heap   total 384000K, used 314443K [0x0000000080000000, 0x0000000100000000)
  region size 1024K, 91 young (93184K), 2 survivors (2048K)
 Metaspace       used 120804K, committed 121792K, reserved 1155072K
  class space    used 16236K, committed 16704K, reserved 1048576K
}
Event: 31.005 GC heap after
{Heap after GC invocations=54 (full 0):
 garbage-first heap   total 384000K, used 231656K [0x0000000080000000, 0x0000000100000000)
  region size 1024K, 12 young (12288K), 12 survivors (12288K)
 Metaspace       used 120804K, committed 121792K, reserved 1155072K
  class space    used 16236K, committed 16704K, reserved 1048576K
}
Event: 31.009 GC heap before
{Heap before GC invocations=54 (full 0):
 garbage-first heap   total 384000K, used 241896K [0x0000000080000000, 0x0000000100000000)
  region size 1024K, 18 young (18432K), 12 survivors (12288K)
 Metaspace       used 120847K, committed 121856K, reserved 1155072K
  class space    used 16238K, committed 16704K, reserved 1048576K
}
Event: 31.019 GC heap after
{Heap after GC invocations=55 (full 0):
 garbage-first heap   total 384000K, used 234538K [0x0000000080000000, 0x0000000100000000)
  region size 1024K, 3 young (3072K), 3 survivors (3072K)
 Metaspace       used 120847K, committed 121856K, reserved 1155072K
  class space    used 16238K, committed 16704K, reserved 1048576K
}
Event: 31.019 GC heap before
{Heap before GC invocations=55 (full 0):
 garbage-first heap   total 384000K, used 234538K [0x0000000080000000, 0x0000000100000000)
  region size 1024K, 4 young (4096K), 3 survivors (3072K)
 Metaspace       used 120847K, committed 121856K, reserved 1155072K
  class space    used 16238K, committed 16704K, reserved 1048576K
}

