# JRE version: OpenJDK Runtime Environment (17.0.6) (build 17.0.6+0-b2043.56-10027231)
# Java VM: OpenJDK 64-Bit Server VM (17.0.6+0-b2043.56-10027231, mixed mode, tiered, compressed oops, compressed class ptrs, g1 gc, windows-amd64)
GC Precious Log:
 CPUs: 8 total, 8 available
 Memory: 8072M
 Large Page Support: Disabled
 NUMA Support: Disabled
 Compressed Oops: Enabled (32-bit)
 Heap Region Size: 1M
 Heap Min Capacity: 8M
 Heap Initial Capacity: 128M
 Heap Max Capacity: 2G
 Pre-touch: Disabled
 Parallel Workers: 8
 Concurrent Workers: 2
 Concurrent Refinement Workers: 8
 Periodic GC: Disabled
Heap:
 garbage-first heap   total 181248K, used 98249K [0x0000000080000000, 0x0000000100000000)
  region size 1024K, 3 young (3072K), 3 survivors (3072K)
 Metaspace       used 77209K, committed 77888K, reserved 1122304K
  class space    used 10495K, committed 10816K, reserved 1048576K
GC Heap History (20 events):
Event: 6.431 GC heap after
{Heap after GC invocations=27 (full 0):
 garbage-first heap   total 124928K, used 74561K [0x0000000080000000, 0x0000000100000000)
  region size 1024K, 4 young (4096K), 4 survivors (4096K)
 Metaspace       used 53912K, committed 54464K, reserved 1097728K
  class space    used 7209K, committed 7424K, reserved 1048576K
}
Event: 6.568 GC heap before
{Heap before GC invocations=28 (full 0):
 garbage-first heap   total 135168K, used 81729K [0x0000000080000000, 0x0000000100000000)
  region size 1024K, 13 young (13312K), 4 survivors (4096K)
 Metaspace       used 54093K, committed 54720K, reserved 1097728K
  class space    used 7220K, committed 7488K, reserved 1048576K
}
Event: 6.573 GC heap after
{Heap after GC invocations=29 (full 0):
 garbage-first heap   total 135168K, used 75405K [0x0000000080000000, 0x0000000100000000)
  region size 1024K, 2 young (2048K), 2 survivors (2048K)
 Metaspace       used 54093K, committed 54720K, reserved 1097728K
  class space    used 7220K, committed 7488K, reserved 1048576K
}
Event: 6.645 GC heap before
{Heap before GC invocations=30 (full 0):
 garbage-first heap   total 138240K, used 83597K [0x0000000080000000, 0x0000000100000000)
  region size 1024K, 9 young (9216K), 2 survivors (2048K)
 Metaspace       used 54462K, committed 55040K, reserved 1097728K
  class space    used 7280K, committed 7488K, reserved 1048576K
}
Event: 6.648 GC heap after
{Heap after GC invocations=31 (full 0):
 garbage-first heap   total 138240K, used 82558K [0x0000000080000000, 0x0000000100000000)
  region size 1024K, 4 young (4096K), 4 survivors (4096K)
 Metaspace       used 54462K, committed 55040K, reserved 1097728K
  class space    used 7280K, committed 7488K, reserved 1048576K
}
Event: 6.921 GC heap before
{Heap before GC invocations=32 (full 0):
 garbage-first heap   total 150528K, used 105086K [0x0000000080000000, 0x0000000100000000)
  region size 1024K, 25 young (25600K), 4 survivors (4096K)
 Metaspace       used 57016K, committed 57664K, reserved 1105920K
  class space    used 7635K, committed 7936K, reserved 1048576K
}
Event: 6.925 GC heap after
{Heap after GC invocations=33 (full 0):
 garbage-first heap   total 181248K, used 84753K [0x0000000080000000, 0x0000000100000000)
  region size 1024K, 3 young (3072K), 3 survivors (3072K)
 Metaspace       used 57016K, committed 57664K, reserved 1105920K
  class space    used 7635K, committed 7936K, reserved 1048576K
}
Event: 7.619 GC heap before
{Heap before GC invocations=33 (full 0):
 garbage-first heap   total 181248K, used 123665K [0x0000000080000000, 0x0000000100000000)
  region size 1024K, 41 young (41984K), 3 survivors (3072K)
 Metaspace       used 63414K, committed 64000K, reserved 1105920K
  class space    used 8469K, committed 8704K, reserved 1048576K
}
Event: 7.623 GC heap after
{Heap after GC invocations=34 (full 0):
 garbage-first heap   total 181248K, used 86380K [0x0000000080000000, 0x0000000100000000)
  region size 1024K, 5 young (5120K), 5 survivors (5120K)
 Metaspace       used 63414K, committed 64000K, reserved 1105920K
  class space    used 8469K, committed 8704K, reserved 1048576K
}
Event: 8.116 GC heap before
{Heap before GC invocations=35 (full 0):
 garbage-first heap   total 181248K, used 133484K [0x0000000080000000, 0x0000000100000000)
  region size 1024K, 45 young (46080K), 5 survivors (5120K)
 Metaspace       used 67168K, committed 67904K, reserved 1114112K
  class space    used 8938K, committed 9280K, reserved 1048576K
}
Event: 8.122 GC heap after
{Heap after GC invocations=36 (full 0):
 garbage-first heap   total 181248K, used 90581K [0x0000000080000000, 0x0000000100000000)
  region size 1024K, 6 young (6144K), 6 survivors (6144K)
 Metaspace       used 67168K, committed 67904K, reserved 1114112K
  class space    used 8938K, committed 9280K, reserved 1048576K
}
Event: 8.147 GC heap before
{Heap before GC invocations=36 (full 0):
 garbage-first heap   total 181248K, used 92629K [0x0000000080000000, 0x0000000100000000)
  region size 1024K, 8 young (8192K), 6 survivors (6144K)
 Metaspace       used 67336K, committed 68032K, reserved 1114112K
  class space    used 8956K, committed 9280K, reserved 1048576K
}
Event: 8.152 GC heap after
{Heap after GC invocations=37 (full 0):
 garbage-first heap   total 181248K, used 91120K [0x0000000080000000, 0x0000000100000000)
  region size 1024K, 1 young (1024K), 1 survivors (1024K)
 Metaspace       used 67336K, committed 68032K, reserved 1114112K
  class space    used 8956K, committed 9280K, reserved 1048576K
}
Event: 8.525 GC heap before
{Heap before GC invocations=37 (full 0):
 garbage-first heap   total 181248K, used 132080K [0x0000000080000000, 0x0000000100000000)
  region size 1024K, 41 young (41984K), 1 survivors (1024K)
 Metaspace       used 68954K, committed 69632K, reserved 1114112K
  class space    used 9179K, committed 9472K, reserved 1048576K
}
Event: 8.529 GC heap after
{Heap after GC invocations=38 (full 0):
 garbage-first heap   total 181248K, used 93551K [0x0000000080000000, 0x0000000100000000)
  region size 1024K, 4 young (4096K), 4 survivors (4096K)
 Metaspace       used 68954K, committed 69632K, reserved 1114112K
  class space    used 9179K, committed 9472K, reserved 1048576K
}
Event: 9.085 GC heap before
{Heap before GC invocations=39 (full 0):
 garbage-first heap   total 181248K, used 135535K [0x0000000080000000, 0x0000000100000000)
  region size 1024K, 45 young (46080K), 4 survivors (4096K)
 Metaspace       used 73129K, committed 73728K, reserved 1114112K
  class space    used 9876K, committed 10176K, reserved 1048576K
}
Event: 9.090 GC heap after
{Heap after GC invocations=40 (full 0):
 garbage-first heap   total 181248K, used 95959K [0x0000000080000000, 0x0000000100000000)
  region size 1024K, 6 young (6144K), 6 survivors (6144K)
 Metaspace       used 73129K, committed 73728K, reserved 1114112K
  class space    used 9876K, committed 10176K, reserved 1048576K
}
Event: 9.117 GC heap before
{Heap before GC invocations=40 (full 0):
 garbage-first heap   total 181248K, used 98007K [0x0000000080000000, 0x0000000100000000)
  region size 1024K, 8 young (8192K), 6 survivors (6144K)
 Metaspace       used 73416K, committed 74048K, reserved 1114112K
  class space    used 9950K, committed 10240K, reserved 1048576K
}
Event: 9.122 GC heap after
{Heap after GC invocations=41 (full 0):
 garbage-first heap   total 181248K, used 96288K [0x0000000080000000, 0x0000000100000000)
  region size 1024K, 1 young (1024K), 1 survivors (1024K)
 Metaspace       used 73416K, committed 74048K, reserved 1114112K
  class space    used 9950K, committed 10240K, reserved 1048576K
}
Event: 9.690 GC heap before
{Heap before GC invocations=41 (full 0):
 garbage-first heap   total 181248K, used 128032K [0x0000000080000000, 0x0000000100000000)
  region size 1024K, 33 young (33792K), 1 survivors (1024K)
 Metaspace       used 77209K, committed 77888K, reserved 1122304K
  class space    used 10495K, committed 10816K, reserved 1048576K
}

