# JRE version: OpenJDK Runtime Environment (17.0.6) (build 17.0.6+0-b2043.56-10027231)
# Java VM: OpenJDK 64-Bit Server VM (17.0.6+0-b2043.56-10027231, mixed mode, tiered, compressed oops, compressed class ptrs, g1 gc, windows-amd64)
GC Precious Log:
 CPUs: 8 total, 8 available
 Memory: 8072M
 Large Page Support: Disabled
 NUMA Support: Disabled
 Compressed Oops: Enabled (32-bit)
 Heap Region Size: 1M
 Heap Min Capacity: 8M
 Heap Initial Capacity: 128M
 Heap Max Capacity: 2G
 Pre-touch: Disabled
 Parallel Workers: 8
 Concurrent Workers: 2
 Concurrent Refinement Workers: 8
 Periodic GC: Disabled
Heap:
 garbage-first heap   total 261120K, used 178145K [0x0000000080000000, 0x0000000100000000)
  region size 1024K, 33 young (33792K), 2 survivors (2048K)
 Metaspace       used 102093K, committed 102912K, reserved 1138688K
  class space    used 13767K, committed 14144K, reserved 1048576K
GC Heap History (20 events):
Event: 4.613 GC heap before
{Heap before GC invocations=25 (full 0):
 garbage-first heap   total 124928K, used 98005K [0x0000000080000000, 0x0000000100000000)
  region size 1024K, 27 young (27648K), 1 survivors (1024K)
 Metaspace       used 54568K, committed 55168K, reserved 1097728K
  class space    used 7276K, committed 7552K, reserved 1048576K
}
Event: 4.616 GC heap after
{Heap after GC invocations=26 (full 0):
 garbage-first heap   total 249856K, used 74954K [0x0000000080000000, 0x0000000100000000)
  region size 1024K, 4 young (4096K), 4 survivors (4096K)
 Metaspace       used 54568K, committed 55168K, reserved 1097728K
  class space    used 7276K, committed 7552K, reserved 1048576K
}
Event: 5.539 GC heap before
{Heap before GC invocations=27 (full 0):
 garbage-first heap   total 249856K, used 173258K [0x0000000080000000, 0x0000000100000000)
  region size 1024K, 96 young (98304K), 4 survivors (4096K)
 Metaspace       used 65903K, committed 66560K, reserved 1114112K
  class space    used 8818K, committed 9088K, reserved 1048576K
}
Event: 5.545 GC heap after
{Heap after GC invocations=28 (full 0):
 garbage-first heap   total 249856K, used 86865K [0x0000000080000000, 0x0000000100000000)
  region size 1024K, 12 young (12288K), 12 survivors (12288K)
 Metaspace       used 65903K, committed 66560K, reserved 1114112K
  class space    used 8818K, committed 9088K, reserved 1048576K
}
Event: 6.748 GC heap before
{Heap before GC invocations=28 (full 0):
 garbage-first heap   total 249856K, used 186193K [0x0000000080000000, 0x0000000100000000)
  region size 1024K, 103 young (105472K), 12 survivors (12288K)
 Metaspace       used 74597K, committed 75200K, reserved 1114112K
  class space    used 9979K, committed 10240K, reserved 1048576K
}
Event: 6.761 GC heap after
{Heap after GC invocations=29 (full 0):
 garbage-first heap   total 249856K, used 94742K [0x0000000080000000, 0x0000000100000000)
  region size 1024K, 8 young (8192K), 8 survivors (8192K)
 Metaspace       used 74597K, committed 75200K, reserved 1114112K
  class space    used 9979K, committed 10240K, reserved 1048576K
}
Event: 8.078 GC heap before
{Heap before GC invocations=29 (full 0):
 garbage-first heap   total 249856K, used 208406K [0x0000000080000000, 0x0000000100000000)
  region size 1024K, 97 young (99328K), 8 survivors (8192K)
 Metaspace       used 82920K, committed 83584K, reserved 1122304K
  class space    used 11302K, committed 11584K, reserved 1048576K
}
Event: 8.087 GC heap after
{Heap after GC invocations=30 (full 0):
 garbage-first heap   total 249856K, used 126396K [0x0000000080000000, 0x0000000100000000)
  region size 1024K, 9 young (9216K), 9 survivors (9216K)
 Metaspace       used 82920K, committed 83584K, reserved 1122304K
  class space    used 11302K, committed 11584K, reserved 1048576K
}
Event: 8.751 GC heap before
{Heap before GC invocations=30 (full 0):
 garbage-first heap   total 249856K, used 178620K [0x0000000080000000, 0x0000000100000000)
  region size 1024K, 62 young (63488K), 9 survivors (9216K)
 Metaspace       used 87193K, committed 87872K, reserved 1130496K
  class space    used 11919K, committed 12224K, reserved 1048576K
}
Event: 8.760 GC heap after
{Heap after GC invocations=31 (full 0):
 garbage-first heap   total 249856K, used 132906K [0x0000000080000000, 0x0000000100000000)
  region size 1024K, 6 young (6144K), 6 survivors (6144K)
 Metaspace       used 87193K, committed 87872K, reserved 1130496K
  class space    used 11919K, committed 12224K, reserved 1048576K
}
Event: 9.877 GC heap before
{Heap before GC invocations=32 (full 0):
 garbage-first heap   total 249856K, used 195370K [0x0000000080000000, 0x0000000100000000)
  region size 1024K, 66 young (67584K), 6 survivors (6144K)
 Metaspace       used 96917K, committed 97664K, reserved 1138688K
  class space    used 13229K, committed 13568K, reserved 1048576K
}
Event: 9.887 GC heap after
{Heap after GC invocations=33 (full 0):
 garbage-first heap   total 249856K, used 136461K [0x0000000080000000, 0x0000000100000000)
  region size 1024K, 4 young (4096K), 4 survivors (4096K)
 Metaspace       used 96917K, committed 97664K, reserved 1138688K
  class space    used 13229K, committed 13568K, reserved 1048576K
}
Event: 10.033 GC heap before
{Heap before GC invocations=33 (full 0):
 garbage-first heap   total 249856K, used 144653K [0x0000000080000000, 0x0000000100000000)
  region size 1024K, 12 young (12288K), 4 survivors (4096K)
 Metaspace       used 98580K, committed 99328K, reserved 1138688K
  class space    used 13372K, committed 13696K, reserved 1048576K
}
Event: 10.039 GC heap after
{Heap after GC invocations=34 (full 0):
 garbage-first heap   total 249856K, used 136566K [0x0000000080000000, 0x0000000100000000)
  region size 1024K, 1 young (1024K), 1 survivors (1024K)
 Metaspace       used 98580K, committed 99328K, reserved 1138688K
  class space    used 13372K, committed 13696K, reserved 1048576K
}
Event: 10.586 GC heap before
{Heap before GC invocations=34 (full 0):
 garbage-first heap   total 249856K, used 198006K [0x0000000080000000, 0x0000000100000000)
  region size 1024K, 62 young (63488K), 1 survivors (1024K)
 Metaspace       used 99419K, committed 100224K, reserved 1138688K
  class space    used 13455K, committed 13824K, reserved 1048576K
}
Event: 10.593 GC heap after
{Heap after GC invocations=35 (full 0):
 garbage-first heap   total 249856K, used 142746K [0x0000000080000000, 0x0000000100000000)
  region size 1024K, 7 young (7168K), 7 survivors (7168K)
 Metaspace       used 99419K, committed 100224K, reserved 1138688K
  class space    used 13455K, committed 13824K, reserved 1048576K
}
Event: 11.255 GC heap before
{Heap before GC invocations=36 (full 0):
 garbage-first heap   total 261120K, used 200090K [0x0000000080000000, 0x0000000100000000)
  region size 1024K, 64 young (65536K), 7 survivors (7168K)
 Metaspace       used 100728K, committed 101440K, reserved 1138688K
  class space    used 13572K, committed 13888K, reserved 1048576K
}
Event: 11.265 GC heap after
{Heap after GC invocations=37 (full 0):
 garbage-first heap   total 261120K, used 147876K [0x0000000080000000, 0x0000000100000000)
  region size 1024K, 7 young (7168K), 7 survivors (7168K)
 Metaspace       used 100728K, committed 101440K, reserved 1138688K
  class space    used 13572K, committed 13888K, reserved 1048576K
}
Event: 11.335 GC heap before
{Heap before GC invocations=37 (full 0):
 garbage-first heap   total 261120K, used 152996K [0x0000000080000000, 0x0000000100000000)
  region size 1024K, 12 young (12288K), 7 survivors (7168K)
 Metaspace       used 101069K, committed 101824K, reserved 1138688K
  class space    used 13620K, committed 13952K, reserved 1048576K
}
Event: 11.340 GC heap after
{Heap after GC invocations=38 (full 0):
 garbage-first heap   total 261120K, used 147425K [0x0000000080000000, 0x0000000100000000)
  region size 1024K, 2 young (2048K), 2 survivors (2048K)
 Metaspace       used 101069K, committed 101824K, reserved 1138688K
  class space    used 13620K, committed 13952K, reserved 1048576K
}

