# JRE version: OpenJDK Runtime Environment (17.0.6) (build 17.0.6+0-b2043.56-10027231)
# Java VM: OpenJDK 64-Bit Server VM (17.0.6+0-b2043.56-10027231, mixed mode, tiered, compressed oops, compressed class ptrs, g1 gc, windows-amd64)
GC Precious Log:
 CPUs: 8 total, 8 available
 Memory: 8072M
 Large Page Support: Disabled
 NUMA Support: Disabled
 Compressed Oops: Enabled (32-bit)
 Heap Region Size: 1M
 Heap Min Capacity: 8M
 Heap Initial Capacity: 128M
 Heap Max Capacity: 2G
 Pre-touch: Disabled
 Parallel Workers: 8
 Concurrent Workers: 2
 Concurrent Refinement Workers: 8
 Periodic GC: Disabled
Heap:
 garbage-first heap   total 209920K, used 129015K [0x0000000080000000, 0x0000000100000000)
  region size 1024K, 2 young (2048K), 2 survivors (2048K)
 Metaspace       used 82043K, committed 82752K, reserved 1122304K
  class space    used 11185K, committed 11520K, reserved 1048576K
GC Heap History (20 events):
Event: 5.837 GC heap after
{Heap after GC invocations=32 (full 0):
 garbage-first heap   total 168960K, used 85048K [0x0000000080000000, 0x0000000100000000)
  region size 1024K, 1 young (1024K), 1 survivors (1024K)
 Metaspace       used 58019K, committed 58688K, reserved 1105920K
  class space    used 7758K, committed 8064K, reserved 1048576K
}
Event: 6.548 GC heap before
{Heap before GC invocations=32 (full 0):
 garbage-first heap   total 168960K, used 124984K [0x0000000080000000, 0x0000000100000000)
  region size 1024K, 41 young (41984K), 1 survivors (1024K)
 Metaspace       used 65286K, committed 65984K, reserved 1105920K
  class space    used 8682K, committed 9024K, reserved 1048576K
}
Event: 6.552 GC heap after
{Heap after GC invocations=33 (full 0):
 garbage-first heap   total 168960K, used 87596K [0x0000000080000000, 0x0000000100000000)
  region size 1024K, 3 young (3072K), 3 survivors (3072K)
 Metaspace       used 65286K, committed 65984K, reserved 1105920K
  class space    used 8682K, committed 9024K, reserved 1048576K
}
Event: 7.073 GC heap before
{Heap before GC invocations=34 (full 0):
 garbage-first heap   total 178176K, used 138796K [0x0000000080000000, 0x0000000100000000)
  region size 1024K, 47 young (48128K), 3 survivors (3072K)
 Metaspace       used 68658K, committed 69312K, reserved 1114112K
  class space    used 9120K, committed 9408K, reserved 1048576K
}
Event: 7.079 GC heap after
{Heap after GC invocations=35 (full 0):
 garbage-first heap   total 178176K, used 91129K [0x0000000080000000, 0x0000000100000000)
  region size 1024K, 6 young (6144K), 6 survivors (6144K)
 Metaspace       used 68658K, committed 69312K, reserved 1114112K
  class space    used 9120K, committed 9408K, reserved 1048576K
}
Event: 7.099 GC heap before
{Heap before GC invocations=35 (full 0):
 garbage-first heap   total 178176K, used 93177K [0x0000000080000000, 0x0000000100000000)
  region size 1024K, 8 young (8192K), 6 survivors (6144K)
 Metaspace       used 68813K, committed 69440K, reserved 1114112K
  class space    used 9138K, committed 9408K, reserved 1048576K
}
Event: 7.104 GC heap after
{Heap after GC invocations=36 (full 0):
 garbage-first heap   total 178176K, used 91733K [0x0000000080000000, 0x0000000100000000)
  region size 1024K, 1 young (1024K), 1 survivors (1024K)
 Metaspace       used 68813K, committed 69440K, reserved 1114112K
  class space    used 9138K, committed 9408K, reserved 1048576K
}
Event: 7.501 GC heap before
{Heap before GC invocations=36 (full 0):
 garbage-first heap   total 178176K, used 136789K [0x0000000080000000, 0x0000000100000000)
  region size 1024K, 45 young (46080K), 1 survivors (1024K)
 Metaspace       used 70528K, committed 71168K, reserved 1114112K
  class space    used 9383K, committed 9664K, reserved 1048576K
}
Event: 7.506 GC heap after
{Heap after GC invocations=37 (full 0):
 garbage-first heap   total 178176K, used 94546K [0x0000000080000000, 0x0000000100000000)
  region size 1024K, 4 young (4096K), 4 survivors (4096K)
 Metaspace       used 70528K, committed 71168K, reserved 1114112K
  class space    used 9383K, committed 9664K, reserved 1048576K
}
Event: 8.191 GC heap before
{Heap before GC invocations=38 (full 0):
 garbage-first heap   total 178176K, used 139602K [0x0000000080000000, 0x0000000100000000)
  region size 1024K, 47 young (48128K), 4 survivors (4096K)
 Metaspace       used 75617K, committed 76288K, reserved 1122304K
  class space    used 10270K, committed 10560K, reserved 1048576K
}
Event: 8.197 GC heap after
{Heap after GC invocations=39 (full 0):
 garbage-first heap   total 178176K, used 96943K [0x0000000080000000, 0x0000000100000000)
  region size 1024K, 3 young (3072K), 3 survivors (3072K)
 Metaspace       used 75617K, committed 76288K, reserved 1122304K
  class space    used 10270K, committed 10560K, reserved 1048576K
}
Event: 8.261 GC heap before
{Heap before GC invocations=39 (full 0):
 garbage-first heap   total 178176K, used 102063K [0x0000000080000000, 0x0000000100000000)
  region size 1024K, 8 young (8192K), 3 survivors (3072K)
 Metaspace       used 76059K, committed 76736K, reserved 1122304K
  class space    used 10336K, committed 10624K, reserved 1048576K
}
Event: 8.267 GC heap after
{Heap after GC invocations=40 (full 0):
 garbage-first heap   total 178176K, used 97235K [0x0000000080000000, 0x0000000100000000)
  region size 1024K, 1 young (1024K), 1 survivors (1024K)
 Metaspace       used 76059K, committed 76736K, reserved 1122304K
  class space    used 10336K, committed 10624K, reserved 1048576K
}
Event: 8.524 GC heap before
{Heap before GC invocations=40 (full 0):
 garbage-first heap   total 178176K, used 110547K [0x0000000080000000, 0x0000000100000000)
  region size 1024K, 15 young (15360K), 1 survivors (1024K)
 Metaspace       used 77772K, committed 78464K, reserved 1122304K
  class space    used 10566K, committed 10880K, reserved 1048576K
}
Event: 8.527 GC heap after
{Heap after GC invocations=41 (full 0):
 garbage-first heap   total 178176K, used 98274K [0x0000000080000000, 0x0000000100000000)
  region size 1024K, 2 young (2048K), 2 survivors (2048K)
 Metaspace       used 77772K, committed 78464K, reserved 1122304K
  class space    used 10566K, committed 10880K, reserved 1048576K
}
Event: 9.074 GC heap before
{Heap before GC invocations=42 (full 0):
 garbage-first heap   total 209920K, used 161762K [0x0000000080000000, 0x0000000100000000)
  region size 1024K, 43 young (44032K), 2 survivors (2048K)
 Metaspace       used 80999K, committed 81728K, reserved 1122304K
  class space    used 11054K, committed 11392K, reserved 1048576K
}
Event: 9.080 GC heap after
{Heap after GC invocations=43 (full 0):
 garbage-first heap   total 209920K, used 127081K [0x0000000080000000, 0x0000000100000000)
  region size 1024K, 6 young (6144K), 6 survivors (6144K)
 Metaspace       used 80999K, committed 81728K, reserved 1122304K
  class space    used 11054K, committed 11392K, reserved 1048576K
}
Event: 9.116 GC heap before
{Heap before GC invocations=43 (full 0):
 garbage-first heap   total 209920K, used 131177K [0x0000000080000000, 0x0000000100000000)
  region size 1024K, 10 young (10240K), 6 survivors (6144K)
 Metaspace       used 81329K, committed 82048K, reserved 1122304K
  class space    used 11106K, committed 11456K, reserved 1048576K
}
Event: 9.121 GC heap after
{Heap after GC invocations=44 (full 0):
 garbage-first heap   total 209920K, used 128151K [0x0000000080000000, 0x0000000100000000)
  region size 1024K, 1 young (1024K), 1 survivors (1024K)
 Metaspace       used 81329K, committed 82048K, reserved 1122304K
  class space    used 11106K, committed 11456K, reserved 1048576K
}
Event: 9.239 GC heap before
{Heap before GC invocations=44 (full 0):
 garbage-first heap   total 209920K, used 138391K [0x0000000080000000, 0x0000000100000000)
  region size 1024K, 13 young (13312K), 1 survivors (1024K)
 Metaspace       used 82043K, committed 82752K, reserved 1122304K
  class space    used 11185K, committed 11520K, reserved 1048576K
}

