# JRE version: OpenJDK Runtime Environment (17.0.6) (build 17.0.6+0-b2043.56-10027231)
# Java VM: OpenJDK 64-Bit Server VM (17.0.6+0-b2043.56-10027231, mixed mode, tiered, compressed oops, compressed class ptrs, g1 gc, windows-amd64)
GC Precious Log:
 CPUs: 8 total, 8 available
 Memory: 8072M
 Large Page Support: Disabled
 NUMA Support: Disabled
 Compressed Oops: Enabled (32-bit)
 Heap Region Size: 1M
 Heap Min Capacity: 8M
 Heap Initial Capacity: 128M
 Heap Max Capacity: 2G
 Pre-touch: Disabled
 Parallel Workers: 8
 Concurrent Workers: 2
 Concurrent Refinement Workers: 8
 Periodic GC: Disabled
Heap:
 garbage-first heap   total 214016K, used 132173K [0x0000000080000000, 0x0000000100000000)
  region size 1024K, 3 young (3072K), 3 survivors (3072K)
 Metaspace       used 92180K, committed 92928K, reserved 1130496K
  class space    used 12564K, committed 12928K, reserved 1048576K
GC Heap History (20 events):
Event: 5.344 GC heap after
{Heap after GC invocations=31 (full 0):
 garbage-first heap   total 177152K, used 86907K [0x0000000080000000, 0x0000000100000000)
  region size 1024K, 1 young (1024K), 1 survivors (1024K)
 Metaspace       used 62942K, committed 63552K, reserved 1105920K
  class space    used 8469K, committed 8704K, reserved 1048576K
}
Event: 5.827 GC heap before
{Heap before GC invocations=31 (full 0):
 garbage-first heap   total 177152K, used 125819K [0x0000000080000000, 0x0000000100000000)
  region size 1024K, 40 young (40960K), 1 survivors (1024K)
 Metaspace       used 70182K, committed 70848K, reserved 1114112K
  class space    used 9383K, committed 9664K, reserved 1048576K
}
Event: 5.829 GC heap after
{Heap after GC invocations=32 (full 0):
 garbage-first heap   total 177152K, used 89372K [0x0000000080000000, 0x0000000100000000)
  region size 1024K, 3 young (3072K), 3 survivors (3072K)
 Metaspace       used 70182K, committed 70848K, reserved 1114112K
  class space    used 9383K, committed 9664K, reserved 1048576K
}
Event: 6.228 GC heap before
{Heap before GC invocations=33 (full 0):
 garbage-first heap   total 177152K, used 145692K [0x0000000080000000, 0x0000000100000000)
  region size 1024K, 52 young (53248K), 3 survivors (3072K)
 Metaspace       used 74071K, committed 74752K, reserved 1114112K
  class space    used 9898K, committed 10176K, reserved 1048576K
}
Event: 6.232 GC heap after
{Heap after GC invocations=34 (full 0):
 garbage-first heap   total 177152K, used 93300K [0x0000000080000000, 0x0000000100000000)
  region size 1024K, 7 young (7168K), 7 survivors (7168K)
 Metaspace       used 74071K, committed 74752K, reserved 1114112K
  class space    used 9898K, committed 10176K, reserved 1048576K
}
Event: 6.244 GC heap before
{Heap before GC invocations=34 (full 0):
 garbage-first heap   total 177152K, used 94324K [0x0000000080000000, 0x0000000100000000)
  region size 1024K, 8 young (8192K), 7 survivors (7168K)
 Metaspace       used 74171K, committed 74816K, reserved 1114112K
  class space    used 9917K, committed 10176K, reserved 1048576K
}
Event: 6.248 GC heap after
{Heap after GC invocations=35 (full 0):
 garbage-first heap   total 177152K, used 93732K [0x0000000080000000, 0x0000000100000000)
  region size 1024K, 1 young (1024K), 1 survivors (1024K)
 Metaspace       used 74171K, committed 74816K, reserved 1114112K
  class space    used 9917K, committed 10176K, reserved 1048576K
}
Event: 6.552 GC heap before
{Heap before GC invocations=35 (full 0):
 garbage-first heap   total 177152K, used 140836K [0x0000000080000000, 0x0000000100000000)
  region size 1024K, 47 young (48128K), 1 survivors (1024K)
 Metaspace       used 75735K, committed 76416K, reserved 1122304K
  class space    used 10124K, committed 10432K, reserved 1048576K
}
Event: 6.554 GC heap after
{Heap after GC invocations=36 (full 0):
 garbage-first heap   total 177152K, used 96345K [0x0000000080000000, 0x0000000100000000)
  region size 1024K, 4 young (4096K), 4 survivors (4096K)
 Metaspace       used 75735K, committed 76416K, reserved 1122304K
  class space    used 10124K, committed 10432K, reserved 1048576K
}
Event: 7.015 GC heap before
{Heap before GC invocations=37 (full 0):
 garbage-first heap   total 177152K, used 143449K [0x0000000080000000, 0x0000000100000000)
  region size 1024K, 49 young (50176K), 4 survivors (4096K)
 Metaspace       used 81060K, committed 81728K, reserved 1122304K
  class space    used 11054K, committed 11328K, reserved 1048576K
}
Event: 7.018 GC heap after
{Heap after GC invocations=38 (full 0):
 garbage-first heap   total 177152K, used 98926K [0x0000000080000000, 0x0000000100000000)
  region size 1024K, 7 young (7168K), 7 survivors (7168K)
 Metaspace       used 81060K, committed 81728K, reserved 1122304K
  class space    used 11054K, committed 11328K, reserved 1048576K
}
Event: 7.025 GC heap before
{Heap before GC invocations=38 (full 0):
 garbage-first heap   total 177152K, used 99950K [0x0000000080000000, 0x0000000100000000)
  region size 1024K, 8 young (8192K), 7 survivors (7168K)
 Metaspace       used 81156K, committed 81792K, reserved 1122304K
  class space    used 11064K, committed 11328K, reserved 1048576K
}
Event: 7.029 GC heap after
{Heap after GC invocations=39 (full 0):
 garbage-first heap   total 177152K, used 99058K [0x0000000080000000, 0x0000000100000000)
  region size 1024K, 1 young (1024K), 1 survivors (1024K)
 Metaspace       used 81156K, committed 81792K, reserved 1122304K
  class space    used 11064K, committed 11328K, reserved 1048576K
}
Event: 7.202 GC heap before
{Heap before GC invocations=39 (full 0):
 garbage-first heap   total 177152K, used 112370K [0x0000000080000000, 0x0000000100000000)
  region size 1024K, 16 young (16384K), 1 survivors (1024K)
 Metaspace       used 82866K, committed 83520K, reserved 1122304K
  class space    used 11294K, committed 11584K, reserved 1048576K
}
Event: 7.204 GC heap after
{Heap after GC invocations=40 (full 0):
 garbage-first heap   total 177152K, used 100800K [0x0000000080000000, 0x0000000100000000)
  region size 1024K, 3 young (3072K), 3 survivors (3072K)
 Metaspace       used 82866K, committed 83520K, reserved 1122304K
  class space    used 11294K, committed 11584K, reserved 1048576K
}
Event: 7.605 GC heap before
{Heap before GC invocations=41 (full 0):
 garbage-first heap   total 214016K, used 164288K [0x0000000080000000, 0x0000000100000000)
  region size 1024K, 44 young (45056K), 3 survivors (3072K)
 Metaspace       used 86089K, committed 86784K, reserved 1130496K
  class space    used 11771K, committed 12032K, reserved 1048576K
}
Event: 7.610 GC heap after
{Heap after GC invocations=42 (full 0):
 garbage-first heap   total 214016K, used 130214K [0x0000000080000000, 0x0000000100000000)
  region size 1024K, 6 young (6144K), 6 survivors (6144K)
 Metaspace       used 86089K, committed 86784K, reserved 1130496K
  class space    used 11771K, committed 12032K, reserved 1048576K
}
Event: 7.636 GC heap before
{Heap before GC invocations=42 (full 0):
 garbage-first heap   total 214016K, used 134310K [0x0000000080000000, 0x0000000100000000)
  region size 1024K, 10 young (10240K), 6 survivors (6144K)
 Metaspace       used 86409K, committed 87104K, reserved 1130496K
  class space    used 11823K, committed 12096K, reserved 1048576K
}
Event: 7.639 GC heap after
{Heap after GC invocations=43 (full 0):
 garbage-first heap   total 214016K, used 130194K [0x0000000080000000, 0x0000000100000000)
  region size 1024K, 1 young (1024K), 1 survivors (1024K)
 Metaspace       used 86409K, committed 87104K, reserved 1130496K
  class space    used 11823K, committed 12096K, reserved 1048576K
}
Event: 8.068 GC heap before
{Heap before GC invocations=43 (full 0):
 garbage-first heap   total 214016K, used 172178K [0x0000000080000000, 0x0000000100000000)
  region size 1024K, 42 young (43008K), 1 survivors (1024K)
 Metaspace       used 92180K, committed 92928K, reserved 1130496K
  class space    used 12564K, committed 12928K, reserved 1048576K
}

