# JRE version: OpenJDK Runtime Environment (17.0.6) (build 17.0.6+0-b2043.56-10027231)
# Java VM: OpenJDK 64-Bit Server VM (17.0.6+0-b2043.56-10027231, mixed mode, tiered, compressed oops, compressed class ptrs, g1 gc, windows-amd64)
GC Precious Log:
 CPUs: 8 total, 8 available
 Memory: 8072M
 Large Page Support: Disabled
 NUMA Support: Disabled
 Compressed Oops: Enabled (32-bit)
 Heap Region Size: 1M
 Heap Min Capacity: 8M
 Heap Initial Capacity: 128M
 Heap Max Capacity: 2G
 Pre-touch: Disabled
 Parallel Workers: 8
 Concurrent Workers: 2
 Concurrent Refinement Workers: 8
 Periodic GC: Disabled
Heap:
 garbage-first heap   total 307200K, used 208598K [0x0000000080000000, 0x0000000100000000)
  region size 1024K, 7 young (7168K), 7 survivors (7168K)
 Metaspace       used 100641K, committed 101376K, reserved 1138688K
  class space    used 13691K, committed 14016K, reserved 1048576K
GC Heap History (20 events):
Event: 15.940 GC heap after
{Heap after GC invocations=39 (full 0):
 garbage-first heap   total 196608K, used 86155K [0x0000000080000000, 0x0000000100000000)
  region size 1024K, 7 young (7168K), 7 survivors (7168K)
 Metaspace       used 87305K, committed 88000K, reserved 1130496K
  class space    used 11950K, committed 12288K, reserved 1048576K
}
Event: 16.951 GC heap before
{Heap before GC invocations=39 (full 0):
 garbage-first heap   total 196608K, used 152715K [0x0000000080000000, 0x0000000100000000)
  region size 1024K, 73 young (74752K), 7 survivors (7168K)
 Metaspace       used 92617K, committed 93376K, reserved 1130496K
  class space    used 12629K, committed 12992K, reserved 1048576K
}
Event: 16.959 GC heap after
{Heap after GC invocations=40 (full 0):
 garbage-first heap   total 196608K, used 88662K [0x0000000080000000, 0x0000000100000000)
  region size 1024K, 4 young (4096K), 4 survivors (4096K)
 Metaspace       used 92617K, committed 93376K, reserved 1130496K
  class space    used 12629K, committed 12992K, reserved 1048576K
}
Event: 17.953 GC heap before
{Heap before GC invocations=40 (full 0):
 garbage-first heap   total 196608K, used 156246K [0x0000000080000000, 0x0000000100000000)
  region size 1024K, 71 young (72704K), 4 survivors (4096K)
 Metaspace       used 95896K, committed 96640K, reserved 1138688K
  class space    used 13044K, committed 13376K, reserved 1048576K
}
Event: 17.963 GC heap after
{Heap after GC invocations=41 (full 0):
 garbage-first heap   total 196608K, used 94755K [0x0000000080000000, 0x0000000100000000)
  region size 1024K, 9 young (9216K), 9 survivors (9216K)
 Metaspace       used 95896K, committed 96640K, reserved 1138688K
  class space    used 13044K, committed 13376K, reserved 1048576K
}
Event: 18.501 GC heap before
{Heap before GC invocations=41 (full 0):
 garbage-first heap   total 196608K, used 160291K [0x0000000080000000, 0x0000000100000000)
  region size 1024K, 71 young (72704K), 9 survivors (9216K)
 Metaspace       used 96297K, committed 97024K, reserved 1138688K
  class space    used 13084K, committed 13440K, reserved 1048576K
}
Event: 18.513 GC heap after
{Heap after GC invocations=42 (full 0):
 garbage-first heap   total 196608K, used 101630K [0x0000000080000000, 0x0000000100000000)
  region size 1024K, 6 young (6144K), 6 survivors (6144K)
 Metaspace       used 96297K, committed 97024K, reserved 1138688K
  class space    used 13084K, committed 13440K, reserved 1048576K
}
Event: 18.939 GC heap before
{Heap before GC invocations=42 (full 0):
 garbage-first heap   total 196608K, used 177406K [0x0000000080000000, 0x0000000100000000)
  region size 1024K, 63 young (64512K), 6 survivors (6144K)
 Metaspace       used 98098K, committed 98816K, reserved 1138688K
  class space    used 13349K, committed 13696K, reserved 1048576K
}
Event: 18.947 GC heap after
{Heap after GC invocations=43 (full 0):
 garbage-first heap   total 249856K, used 133854K [0x0000000080000000, 0x0000000100000000)
  region size 1024K, 8 young (8192K), 8 survivors (8192K)
 Metaspace       used 98098K, committed 98816K, reserved 1138688K
  class space    used 13349K, committed 13696K, reserved 1048576K
}
Event: 19.128 GC heap before
{Heap before GC invocations=43 (full 0):
 garbage-first heap   total 249856K, used 194270K [0x0000000080000000, 0x0000000100000000)
  region size 1024K, 40 young (40960K), 8 survivors (8192K)
 Metaspace       used 99721K, committed 100480K, reserved 1138688K
  class space    used 13563K, committed 13888K, reserved 1048576K
}
Event: 19.137 GC heap after
{Heap after GC invocations=44 (full 0):
 garbage-first heap   total 249856K, used 157519K [0x0000000080000000, 0x0000000100000000)
  region size 1024K, 8 young (8192K), 8 survivors (8192K)
 Metaspace       used 99721K, committed 100480K, reserved 1138688K
  class space    used 13563K, committed 13888K, reserved 1048576K
}
Event: 19.148 GC heap before
{Heap before GC invocations=44 (full 0):
 garbage-first heap   total 249856K, used 183119K [0x0000000080000000, 0x0000000100000000)
  region size 1024K, 18 young (18432K), 8 survivors (8192K)
 Metaspace       used 99741K, committed 100480K, reserved 1138688K
  class space    used 13564K, committed 13888K, reserved 1048576K
}
Event: 19.153 GC heap after
{Heap after GC invocations=45 (full 0):
 garbage-first heap   total 249856K, used 169784K [0x0000000080000000, 0x0000000100000000)
  region size 1024K, 5 young (5120K), 5 survivors (5120K)
 Metaspace       used 99741K, committed 100480K, reserved 1138688K
  class space    used 13564K, committed 13888K, reserved 1048576K
}
Event: 19.166 GC heap before
{Heap before GC invocations=45 (full 0):
 garbage-first heap   total 249856K, used 172856K [0x0000000080000000, 0x0000000100000000)
  region size 1024K, 7 young (7168K), 5 survivors (5120K)
 Metaspace       used 99751K, committed 100480K, reserved 1138688K
  class space    used 13566K, committed 13888K, reserved 1048576K
}
Event: 19.168 GC heap after
{Heap after GC invocations=46 (full 0):
 garbage-first heap   total 249856K, used 167312K [0x0000000080000000, 0x0000000100000000)
  region size 1024K, 2 young (2048K), 2 survivors (2048K)
 Metaspace       used 99751K, committed 100480K, reserved 1138688K
  class space    used 13566K, committed 13888K, reserved 1048576K
}
Event: 19.566 GC heap before
{Heap before GC invocations=47 (full 0):
 garbage-first heap   total 307200K, used 199056K [0x0000000080000000, 0x0000000100000000)
  region size 1024K, 30 young (30720K), 2 survivors (2048K)
 Metaspace       used 100579K, committed 101312K, reserved 1138688K
  class space    used 13682K, committed 14016K, reserved 1048576K
}
Event: 19.579 GC heap after
{Heap after GC invocations=48 (full 0):
 garbage-first heap   total 307200K, used 178264K [0x0000000080000000, 0x0000000100000000)
  region size 1024K, 4 young (4096K), 4 survivors (4096K)
 Metaspace       used 100579K, committed 101312K, reserved 1138688K
  class space    used 13682K, committed 14016K, reserved 1048576K
}
Event: 19.648 GC heap before
{Heap before GC invocations=48 (full 0):
 garbage-first heap   total 307200K, used 188504K [0x0000000080000000, 0x0000000100000000)
  region size 1024K, 15 young (15360K), 4 survivors (4096K)
 Metaspace       used 100640K, committed 101376K, reserved 1138688K
  class space    used 13691K, committed 14016K, reserved 1048576K
}
Event: 19.662 GC heap after
{Heap after GC invocations=49 (full 0):
 garbage-first heap   total 307200K, used 181425K [0x0000000080000000, 0x0000000100000000)
  region size 1024K, 2 young (2048K), 2 survivors (2048K)
 Metaspace       used 100640K, committed 101376K, reserved 1138688K
  class space    used 13691K, committed 14016K, reserved 1048576K
}
Event: 20.080 GC heap before
{Heap before GC invocations=49 (full 0):
 garbage-first heap   total 307200K, used 241841K [0x0000000080000000, 0x0000000100000000)
  region size 1024K, 55 young (56320K), 2 survivors (2048K)
 Metaspace       used 100641K, committed 101376K, reserved 1138688K
  class space    used 13691K, committed 14016K, reserved 1048576K
}

