# JRE version: OpenJDK Runtime Environment (17.0.6) (build 17.0.6+0-b2043.56-10027231)
# Java VM: OpenJDK 64-Bit Server VM (17.0.6+0-b2043.56-10027231, mixed mode, tiered, compressed oops, compressed class ptrs, g1 gc, windows-amd64)
GC Precious Log:
 CPUs: 8 total, 8 available
 Memory: 8072M
 Large Page Support: Disabled
 NUMA Support: Disabled
 Compressed Oops: Enabled (32-bit)
 Heap Region Size: 1M
 Heap Min Capacity: 8M
 Heap Initial Capacity: 128M
 Heap Max Capacity: 2G
 Pre-touch: Disabled
 Parallel Workers: 8
 Concurrent Workers: 2
 Concurrent Refinement Workers: 8
 Periodic GC: Disabled
Heap:
 garbage-first heap   total 378880K, used 222581K [0x0000000080000000, 0x0000000100000000)
  region size 1024K, 3 young (3072K), 3 survivors (3072K)
 Metaspace       used 98605K, committed 99328K, reserved 1138688K
  class space    used 13656K, committed 14016K, reserved 1048576K
GC Heap History (20 events):
Event: 8.535 GC heap after
{Heap after GC invocations=35 (full 0):
 garbage-first heap   total 225280K, used 92444K [0x0000000080000000, 0x0000000100000000)
  region size 1024K, 8 young (8192K), 8 survivors (8192K)
 Metaspace       used 87495K, committed 88192K, reserved 1130496K
  class space    used 11923K, committed 12224K, reserved 1048576K
}
Event: 8.802 GC heap before
{Heap before GC invocations=35 (full 0):
 garbage-first heap   total 225280K, used 177436K [0x0000000080000000, 0x0000000100000000)
  region size 1024K, 92 young (94208K), 8 survivors (8192K)
 Metaspace       used 89526K, committed 90176K, reserved 1130496K
  class space    used 12216K, committed 12480K, reserved 1048576K
}
Event: 8.809 GC heap after
{Heap after GC invocations=36 (full 0):
 garbage-first heap   total 225280K, used 97429K [0x0000000080000000, 0x0000000100000000)
  region size 1024K, 7 young (7168K), 7 survivors (7168K)
 Metaspace       used 89526K, committed 90176K, reserved 1130496K
  class space    used 12216K, committed 12480K, reserved 1048576K
}
Event: 8.976 GC heap before
{Heap before GC invocations=36 (full 0):
 garbage-first heap   total 225280K, used 148629K [0x0000000080000000, 0x0000000100000000)
  region size 1024K, 50 young (51200K), 7 survivors (7168K)
 Metaspace       used 91102K, committed 91712K, reserved 1130496K
  class space    used 12404K, committed 12672K, reserved 1048576K
}
Event: 8.981 GC heap after
{Heap after GC invocations=37 (full 0):
 garbage-first heap   total 225280K, used 114514K [0x0000000080000000, 0x0000000100000000)
  region size 1024K, 9 young (9216K), 9 survivors (9216K)
 Metaspace       used 91102K, committed 91712K, reserved 1130496K
  class space    used 12404K, committed 12672K, reserved 1048576K
}
Event: 9.232 GC heap before
{Heap before GC invocations=38 (full 0):
 garbage-first heap   total 237568K, used 215890K [0x0000000080000000, 0x0000000100000000)
  region size 1024K, 61 young (62464K), 9 survivors (9216K)
 Metaspace       used 95625K, committed 96384K, reserved 1138688K
  class space    used 13055K, committed 13440K, reserved 1048576K
}
Event: 9.239 GC heap after
{Heap after GC invocations=39 (full 0):
 garbage-first heap   total 243712K, used 162628K [0x0000000080000000, 0x0000000100000000)
  region size 1024K, 10 young (10240K), 10 survivors (10240K)
 Metaspace       used 95625K, committed 96384K, reserved 1138688K
  class space    used 13055K, committed 13440K, reserved 1048576K
}
Event: 9.241 GC heap before
{Heap before GC invocations=39 (full 0):
 garbage-first heap   total 243712K, used 165700K [0x0000000080000000, 0x0000000100000000)
  region size 1024K, 11 young (11264K), 10 survivors (10240K)
 Metaspace       used 95625K, committed 96384K, reserved 1138688K
  class space    used 13055K, committed 13440K, reserved 1048576K
}
Event: 9.246 GC heap after
{Heap after GC invocations=40 (full 0):
 garbage-first heap   total 292864K, used 159470K [0x0000000080000000, 0x0000000100000000)
  region size 1024K, 1 young (1024K), 1 survivors (1024K)
 Metaspace       used 95625K, committed 96384K, reserved 1138688K
  class space    used 13055K, committed 13440K, reserved 1048576K
}
Event: 9.247 GC heap before
{Heap before GC invocations=40 (full 0):
 garbage-first heap   total 292864K, used 159470K [0x0000000080000000, 0x0000000100000000)
  region size 1024K, 3 young (3072K), 1 survivors (1024K)
 Metaspace       used 95625K, committed 96384K, reserved 1138688K
  class space    used 13055K, committed 13440K, reserved 1048576K
}
Event: 9.248 GC heap after
{Heap after GC invocations=41 (full 0):
 garbage-first heap   total 292864K, used 160255K [0x0000000080000000, 0x0000000100000000)
  region size 1024K, 2 young (2048K), 2 survivors (2048K)
 Metaspace       used 95625K, committed 96384K, reserved 1138688K
  class space    used 13055K, committed 13440K, reserved 1048576K
}
Event: 9.537 GC heap before
{Heap before GC invocations=42 (full 0):
 garbage-first heap   total 311296K, used 225791K [0x0000000080000000, 0x0000000100000000)
  region size 1024K, 52 young (53248K), 2 survivors (2048K)
 Metaspace       used 96046K, committed 96832K, reserved 1138688K
  class space    used 13115K, committed 13504K, reserved 1048576K
}
Event: 9.552 GC heap after
{Heap after GC invocations=43 (full 0):
 garbage-first heap   total 311296K, used 187373K [0x0000000080000000, 0x0000000100000000)
  region size 1024K, 7 young (7168K), 7 survivors (7168K)
 Metaspace       used 96046K, committed 96832K, reserved 1138688K
  class space    used 13115K, committed 13504K, reserved 1048576K
}
Event: 9.588 GC heap before
{Heap before GC invocations=43 (full 0):
 garbage-first heap   total 311296K, used 194541K [0x0000000080000000, 0x0000000100000000)
  region size 1024K, 15 young (15360K), 7 survivors (7168K)
 Metaspace       used 96046K, committed 96832K, reserved 1138688K
  class space    used 13115K, committed 13504K, reserved 1048576K
}
Event: 9.597 GC heap after
{Heap after GC invocations=44 (full 0):
 garbage-first heap   total 311296K, used 190031K [0x0000000080000000, 0x0000000100000000)
  region size 1024K, 2 young (2048K), 2 survivors (2048K)
 Metaspace       used 96046K, committed 96832K, reserved 1138688K
  class space    used 13115K, committed 13504K, reserved 1048576K
}
Event: 9.679 GC heap before
{Heap before GC invocations=44 (full 0):
 garbage-first heap   total 311296K, used 208463K [0x0000000080000000, 0x0000000100000000)
  region size 1024K, 21 young (21504K), 2 survivors (2048K)
 Metaspace       used 96046K, committed 96832K, reserved 1138688K
  class space    used 13115K, committed 13504K, reserved 1048576K
}
Event: 9.686 GC heap after
{Heap after GC invocations=45 (full 0):
 garbage-first heap   total 311296K, used 197644K [0x0000000080000000, 0x0000000100000000)
  region size 1024K, 6 young (6144K), 6 survivors (6144K)
 Metaspace       used 96046K, committed 96832K, reserved 1138688K
  class space    used 13115K, committed 13504K, reserved 1048576K
}
Event: 9.970 GC heap before
{Heap before GC invocations=46 (full 0):
 garbage-first heap   total 378880K, used 240652K [0x0000000080000000, 0x0000000100000000)
  region size 1024K, 44 young (45056K), 6 survivors (6144K)
 Metaspace       used 98518K, committed 99200K, reserved 1138688K
  class space    used 13656K, committed 14016K, reserved 1048576K
}
Event: 9.998 GC heap after
{Heap after GC invocations=47 (full 0):
 garbage-first heap   total 378880K, used 217499K [0x0000000080000000, 0x0000000100000000)
  region size 1024K, 6 young (6144K), 6 survivors (6144K)
 Metaspace       used 98518K, committed 99200K, reserved 1138688K
  class space    used 13656K, committed 14016K, reserved 1048576K
}
Event: 10.089 GC heap before
{Heap before GC invocations=47 (full 0):
 garbage-first heap   total 378880K, used 229787K [0x0000000080000000, 0x0000000100000000)
  region size 1024K, 18 young (18432K), 6 survivors (6144K)
 Metaspace       used 98605K, committed 99328K, reserved 1138688K
  class space    used 13656K, committed 14016K, reserved 1048576K
}

