# JRE version: OpenJDK Runtime Environment (17.0.6) (build 17.0.6+0-b2043.56-10027231)
# Java VM: OpenJDK 64-Bit Server VM (17.0.6+0-b2043.56-10027231, mixed mode, tiered, compressed oops, compressed class ptrs, g1 gc, windows-amd64)
GC Precious Log:
 CPUs: 8 total, 8 available
 Memory: 8072M
 Large Page Support: Disabled
 NUMA Support: Disabled
 Compressed Oops: Enabled (32-bit)
 Heap Region Size: 1M
 Heap Min Capacity: 8M
 Heap Initial Capacity: 128M
 Heap Max Capacity: 2G
 Pre-touch: Disabled
 Parallel Workers: 8
 Concurrent Workers: 2
 Concurrent Refinement Workers: 8
 Periodic GC: Disabled
Heap:
 garbage-first heap   total 388096K, used 313246K [0x0000000080000000, 0x0000000100000000)
  region size 1024K, 4 young (4096K), 4 survivors (4096K)
 Metaspace       used 111830K, committed 112640K, reserved 1146880K
  class space    used 15110K, committed 15488K, reserved 1048576K
GC Heap History (20 events):
Event: 16.342 GC heap after
{Heap after GC invocations=38 (full 0):
 garbage-first heap   total 222208K, used 130111K [0x0000000080000000, 0x0000000100000000)
  region size 1024K, 6 young (6144K), 6 survivors (6144K)
 Metaspace       used 92015K, committed 92800K, reserved 1130496K
  class space    used 12547K, committed 12928K, reserved 1048576K
}
Event: 16.699 GC heap before
{Heap before GC invocations=38 (full 0):
 garbage-first heap   total 222208K, used 175167K [0x0000000080000000, 0x0000000100000000)
  region size 1024K, 51 young (52224K), 6 survivors (6144K)
 Metaspace       used 94852K, committed 95552K, reserved 1138688K
  class space    used 12790K, committed 13120K, reserved 1048576K
}
Event: 16.706 GC heap after
{Heap after GC invocations=39 (full 0):
 garbage-first heap   total 222208K, used 136686K [0x0000000080000000, 0x0000000100000000)
  region size 1024K, 7 young (7168K), 7 survivors (7168K)
 Metaspace       used 94852K, committed 95552K, reserved 1138688K
  class space    used 12790K, committed 13120K, reserved 1048576K
}
Event: 16.985 GC heap before
{Heap before GC invocations=39 (full 0):
 garbage-first heap   total 222208K, used 177646K [0x0000000080000000, 0x0000000100000000)
  region size 1024K, 48 young (49152K), 7 survivors (7168K)
 Metaspace       used 95704K, committed 96384K, reserved 1138688K
  class space    used 12853K, committed 13184K, reserved 1048576K
}
Event: 16.992 GC heap after
{Heap after GC invocations=40 (full 0):
 garbage-first heap   total 222208K, used 138158K [0x0000000080000000, 0x0000000100000000)
  region size 1024K, 3 young (3072K), 3 survivors (3072K)
 Metaspace       used 95704K, committed 96384K, reserved 1138688K
  class space    used 12853K, committed 13184K, reserved 1048576K
}
Event: 17.185 GC heap before
{Heap before GC invocations=40 (full 0):
 garbage-first heap   total 222208K, used 180142K [0x0000000080000000, 0x0000000100000000)
  region size 1024K, 45 young (46080K), 3 survivors (3072K)
 Metaspace       used 96231K, committed 96960K, reserved 1138688K
  class space    used 12896K, committed 13248K, reserved 1048576K
}
Event: 17.191 GC heap after
{Heap after GC invocations=41 (full 0):
 garbage-first heap   total 388096K, used 137932K [0x0000000080000000, 0x0000000100000000)
  region size 1024K, 3 young (3072K), 3 survivors (3072K)
 Metaspace       used 96231K, committed 96960K, reserved 1138688K
  class space    used 12896K, committed 13248K, reserved 1048576K
}
Event: 18.950 GC heap before
{Heap before GC invocations=41 (full 0):
 garbage-first heap   total 388096K, used 291532K [0x0000000080000000, 0x0000000100000000)
  region size 1024K, 154 young (157696K), 3 survivors (3072K)
 Metaspace       used 102039K, committed 102784K, reserved 1138688K
  class space    used 13603K, committed 13952K, reserved 1048576K
}
Event: 18.958 GC heap after
{Heap after GC invocations=42 (full 0):
 garbage-first heap   total 388096K, used 143685K [0x0000000080000000, 0x0000000100000000)
  region size 1024K, 8 young (8192K), 8 survivors (8192K)
 Metaspace       used 102039K, committed 102784K, reserved 1138688K
  class space    used 13603K, committed 13952K, reserved 1048576K
}
Event: 19.961 GC heap before
{Heap before GC invocations=42 (full 0):
 garbage-first heap   total 388096K, used 321861K [0x0000000080000000, 0x0000000100000000)
  region size 1024K, 166 young (169984K), 8 survivors (8192K)
 Metaspace       used 104934K, committed 105664K, reserved 1146880K
  class space    used 13998K, committed 14336K, reserved 1048576K
}
Event: 19.977 GC heap after
{Heap after GC invocations=43 (full 0):
 garbage-first heap   total 388096K, used 178816K [0x0000000080000000, 0x0000000100000000)
  region size 1024K, 21 young (21504K), 21 survivors (21504K)
 Metaspace       used 104934K, committed 105664K, reserved 1146880K
  class space    used 13998K, committed 14336K, reserved 1048576K
}
Event: 20.509 GC heap before
{Heap before GC invocations=43 (full 0):
 garbage-first heap   total 388096K, used 316032K [0x0000000080000000, 0x0000000100000000)
  region size 1024K, 107 young (109568K), 21 survivors (21504K)
 Metaspace       used 108713K, committed 109504K, reserved 1146880K
  class space    used 14518K, committed 14912K, reserved 1048576K
}
Event: 20.526 GC heap after
{Heap after GC invocations=44 (full 0):
 garbage-first heap   total 388096K, used 219198K [0x0000000080000000, 0x0000000100000000)
  region size 1024K, 15 young (15360K), 15 survivors (15360K)
 Metaspace       used 108713K, committed 109504K, reserved 1146880K
  class space    used 14518K, committed 14912K, reserved 1048576K
}
Event: 21.044 GC heap before
{Heap before GC invocations=44 (full 0):
 garbage-first heap   total 388096K, used 327742K [0x0000000080000000, 0x0000000100000000)
  region size 1024K, 106 young (108544K), 15 survivors (15360K)
 Metaspace       used 109044K, committed 109824K, reserved 1146880K
  class space    used 14565K, committed 14976K, reserved 1048576K
}
Event: 21.076 GC heap after
{Heap after GC invocations=45 (full 0):
 garbage-first heap   total 388096K, used 258491K [0x0000000080000000, 0x0000000100000000)
  region size 1024K, 14 young (14336K), 14 survivors (14336K)
 Metaspace       used 109044K, committed 109824K, reserved 1146880K
  class space    used 14565K, committed 14976K, reserved 1048576K
}
Event: 21.437 GC heap before
{Heap before GC invocations=45 (full 0):
 garbage-first heap   total 388096K, used 312763K [0x0000000080000000, 0x0000000100000000)
  region size 1024K, 67 young (68608K), 14 survivors (14336K)
 Metaspace       used 111650K, committed 112448K, reserved 1146880K
  class space    used 15110K, committed 15488K, reserved 1048576K
}
Event: 21.476 GC heap after
{Heap after GC invocations=46 (full 0):
 garbage-first heap   total 388096K, used 278430K [0x0000000080000000, 0x0000000100000000)
  region size 1024K, 9 young (9216K), 9 survivors (9216K)
 Metaspace       used 111650K, committed 112448K, reserved 1146880K
  class space    used 15110K, committed 15488K, reserved 1048576K
}
Event: 21.615 GC heap before
{Heap before GC invocations=46 (full 0):
 garbage-first heap   total 388096K, used 317342K [0x0000000080000000, 0x0000000100000000)
  region size 1024K, 48 young (49152K), 9 survivors (9216K)
 Metaspace       used 111785K, committed 112576K, reserved 1146880K
  class space    used 15110K, committed 15488K, reserved 1048576K
}
Event: 21.648 GC heap after
{Heap after GC invocations=47 (full 0):
 garbage-first heap   total 388096K, used 299934K [0x0000000080000000, 0x0000000100000000)
  region size 1024K, 6 young (6144K), 6 survivors (6144K)
 Metaspace       used 111785K, committed 112576K, reserved 1146880K
  class space    used 15110K, committed 15488K, reserved 1048576K
}
Event: 21.715 GC heap before
{Heap before GC invocations=47 (full 0):
 garbage-first heap   total 388096K, used 323486K [0x0000000080000000, 0x0000000100000000)
  region size 1024K, 29 young (29696K), 6 survivors (6144K)
 Metaspace       used 111830K, committed 112640K, reserved 1146880K
  class space    used 15110K, committed 15488K, reserved 1048576K
}

