# JRE version: OpenJDK Runtime Environment (17.0.6) (build 17.0.6+0-b2043.56-10027231)
# Java VM: OpenJDK 64-Bit Server VM (17.0.6+0-b2043.56-10027231, mixed mode, tiered, compressed oops, compressed class ptrs, g1 gc, windows-amd64)
GC Precious Log:
 CPUs: 8 total, 8 available
 Memory: 8072M
 Large Page Support: Disabled
 NUMA Support: Disabled
 Compressed Oops: Enabled (32-bit)
 Heap Region Size: 1M
 Heap Min Capacity: 8M
 Heap Initial Capacity: 128M
 Heap Max Capacity: 2G
 Pre-touch: Disabled
 Parallel Workers: 8
 Concurrent Workers: 2
 Concurrent Refinement Workers: 8
 Periodic GC: Disabled
Heap:
 garbage-first heap   total 82944K, used 35145K [0x0000000080000000, 0x0000000100000000)
  region size 1024K, 6 young (6144K), 3 survivors (3072K)
 Metaspace       used 46794K, committed 47232K, reserved 1097728K
  class space    used 6124K, committed 6336K, reserved 1048576K
GC Heap History (20 events):
Event: 0.751 GC heap before
{Heap before GC invocations=0 (full 0):
 garbage-first heap   total 131072K, used 26624K [0x0000000080000000, 0x0000000100000000)
  region size 1024K, 23 young (23552K), 0 survivors (0K)
 Metaspace       used 10269K, committed 10432K, reserved 1064960K
  class space    used 1061K, committed 1152K, reserved 1048576K
}
Event: 0.754 GC heap after
{Heap after GC invocations=1 (full 0):
 garbage-first heap   total 131072K, used 10368K [0x0000000080000000, 0x0000000100000000)
  region size 1024K, 3 young (3072K), 3 survivors (3072K)
 Metaspace       used 10269K, committed 10432K, reserved 1064960K
  class space    used 1061K, committed 1152K, reserved 1048576K
}
Event: 1.034 GC heap before
{Heap before GC invocations=1 (full 0):
 garbage-first heap   total 131072K, used 41088K [0x0000000080000000, 0x0000000100000000)
  region size 1024K, 32 young (32768K), 3 survivors (3072K)
 Metaspace       used 11219K, committed 11456K, reserved 1064960K
  class space    used 1165K, committed 1280K, reserved 1048576K
}
Event: 1.038 GC heap after
{Heap after GC invocations=2 (full 0):
 garbage-first heap   total 131072K, used 14678K [0x0000000080000000, 0x0000000100000000)
  region size 1024K, 4 young (4096K), 4 survivors (4096K)
 Metaspace       used 11219K, committed 11456K, reserved 1064960K
  class space    used 1165K, committed 1280K, reserved 1048576K
}
Event: 1.696 GC heap before
{Heap before GC invocations=2 (full 0):
 garbage-first heap   total 131072K, used 52566K [0x0000000080000000, 0x0000000100000000)
  region size 1024K, 42 young (43008K), 4 survivors (4096K)
 Metaspace       used 21250K, committed 21504K, reserved 1073152K
  class space    used 2588K, committed 2752K, reserved 1048576K
}
Event: 1.700 GC heap after
{Heap after GC invocations=3 (full 0):
 garbage-first heap   total 131072K, used 18744K [0x0000000080000000, 0x0000000100000000)
  region size 1024K, 8 young (8192K), 8 survivors (8192K)
 Metaspace       used 21250K, committed 21504K, reserved 1073152K
  class space    used 2588K, committed 2752K, reserved 1048576K
}
Event: 2.146 GC heap before
{Heap before GC invocations=4 (full 0):
 garbage-first heap   total 68608K, used 51512K [0x0000000080000000, 0x0000000100000000)
  region size 1024K, 40 young (40960K), 8 survivors (8192K)
 Metaspace       used 26270K, committed 26560K, reserved 1073152K
  class space    used 3461K, committed 3584K, reserved 1048576K
}
Event: 2.150 GC heap after
{Heap after GC invocations=5 (full 0):
 garbage-first heap   total 68608K, used 21101K [0x0000000080000000, 0x0000000100000000)
  region size 1024K, 3 young (3072K), 3 survivors (3072K)
 Metaspace       used 26270K, committed 26560K, reserved 1073152K
  class space    used 3461K, committed 3584K, reserved 1048576K
}
Event: 2.488 GC heap before
{Heap before GC invocations=5 (full 0):
 garbage-first heap   total 68608K, used 45677K [0x0000000080000000, 0x0000000100000000)
  region size 1024K, 28 young (28672K), 3 survivors (3072K)
 Metaspace       used 30308K, committed 30592K, reserved 1081344K
  class space    used 4119K, committed 4224K, reserved 1048576K
}
Event: 2.491 GC heap after
{Heap after GC invocations=6 (full 0):
 garbage-first heap   total 68608K, used 22332K [0x0000000080000000, 0x0000000100000000)
  region size 1024K, 4 young (4096K), 4 survivors (4096K)
 Metaspace       used 30308K, committed 30592K, reserved 1081344K
  class space    used 4119K, committed 4224K, reserved 1048576K
}
Event: 2.853 GC heap before
{Heap before GC invocations=6 (full 0):
 garbage-first heap   total 68608K, used 48956K [0x0000000080000000, 0x0000000100000000)
  region size 1024K, 30 young (30720K), 4 survivors (4096K)
 Metaspace       used 34819K, committed 35136K, reserved 1081344K
  class space    used 4831K, committed 4992K, reserved 1048576K
}
Event: 2.856 GC heap after
{Heap after GC invocations=7 (full 0):
 garbage-first heap   total 68608K, used 24011K [0x0000000080000000, 0x0000000100000000)
  region size 1024K, 4 young (4096K), 4 survivors (4096K)
 Metaspace       used 34819K, committed 35136K, reserved 1081344K
  class space    used 4831K, committed 4992K, reserved 1048576K
}
Event: 2.905 GC heap before
{Heap before GC invocations=7 (full 0):
 garbage-first heap   total 68608K, used 26059K [0x0000000080000000, 0x0000000100000000)
  region size 1024K, 8 young (8192K), 4 survivors (4096K)
 Metaspace       used 35630K, committed 35968K, reserved 1081344K
  class space    used 4878K, committed 5056K, reserved 1048576K
}
Event: 2.908 GC heap after
{Heap after GC invocations=8 (full 0):
 garbage-first heap   total 68608K, used 24501K [0x0000000080000000, 0x0000000100000000)
  region size 1024K, 3 young (3072K), 3 survivors (3072K)
 Metaspace       used 35630K, committed 35968K, reserved 1081344K
  class space    used 4878K, committed 5056K, reserved 1048576K
}
Event: 3.199 GC heap before
{Heap before GC invocations=9 (full 0):
 garbage-first heap   total 68608K, used 49077K [0x0000000080000000, 0x0000000100000000)
  region size 1024K, 28 young (28672K), 3 survivors (3072K)
 Metaspace       used 40354K, committed 40704K, reserved 1089536K
  class space    used 5357K, committed 5504K, reserved 1048576K
}
Event: 3.203 GC heap after
{Heap after GC invocations=10 (full 0):
 garbage-first heap   total 68608K, used 28462K [0x0000000080000000, 0x0000000100000000)
  region size 1024K, 4 young (4096K), 4 survivors (4096K)
 Metaspace       used 40354K, committed 40704K, reserved 1089536K
  class space    used 5357K, committed 5504K, reserved 1048576K
}
Event: 3.417 GC heap before
{Heap before GC invocations=10 (full 0):
 garbage-first heap   total 68608K, used 53038K [0x0000000080000000, 0x0000000100000000)
  region size 1024K, 26 young (26624K), 4 survivors (4096K)
 Metaspace       used 42531K, committed 42880K, reserved 1089536K
  class space    used 5566K, committed 5696K, reserved 1048576K
}
Event: 3.420 GC heap after
{Heap after GC invocations=11 (full 0):
 garbage-first heap   total 82944K, used 30437K [0x0000000080000000, 0x0000000100000000)
  region size 1024K, 3 young (3072K), 3 survivors (3072K)
 Metaspace       used 42531K, committed 42880K, reserved 1089536K
  class space    used 5566K, committed 5696K, reserved 1048576K
}
Event: 3.869 GC heap before
{Heap before GC invocations=11 (full 0):
 garbage-first heap   total 82944K, used 62181K [0x0000000080000000, 0x0000000100000000)
  region size 1024K, 34 young (34816K), 3 survivors (3072K)
 Metaspace       used 45862K, committed 46208K, reserved 1089536K
  class space    used 6102K, committed 6272K, reserved 1048576K
}
Event: 3.872 GC heap after
{Heap after GC invocations=12 (full 0):
 garbage-first heap   total 82944K, used 33097K [0x0000000080000000, 0x0000000100000000)
  region size 1024K, 3 young (3072K), 3 survivors (3072K)
 Metaspace       used 45862K, committed 46208K, reserved 1089536K
  class space    used 6102K, committed 6272K, reserved 1048576K
}

