# JRE version: OpenJDK Runtime Environment (17.0.6) (build 17.0.6+0-b2043.56-10027231)
# Java VM: OpenJDK 64-Bit Server VM (17.0.6+0-b2043.56-10027231, mixed mode, tiered, compressed oops, compressed class ptrs, g1 gc, windows-amd64)
GC Precious Log:
 CPUs: 8 total, 8 available
 Memory: 8072M
 Large Page Support: Disabled
 NUMA Support: Disabled
 Compressed Oops: Enabled (32-bit)
 Heap Region Size: 1M
 Heap Min Capacity: 8M
 Heap Initial Capacity: 128M
 Heap Max Capacity: 2G
 Pre-touch: Disabled
 Parallel Workers: 8
 Concurrent Workers: 2
 Concurrent Refinement Workers: 8
 Periodic GC: Disabled
Heap:
 garbage-first heap   total 250880K, used 144182K [0x0000000080000000, 0x0000000100000000)
  region size 1024K, 8 young (8192K), 8 survivors (8192K)
 Metaspace       used 100589K, committed 101312K, reserved 1138688K
  class space    used 13855K, committed 14208K, reserved 1048576K
GC Heap History (20 events):
Event: 7.144 GC heap after
{Heap after GC invocations=28 (full 0):
 garbage-first heap   total 189440K, used 72732K [0x0000000080000000, 0x0000000100000000)
  region size 1024K, 11 young (11264K), 11 survivors (11264K)
 Metaspace       used 82143K, committed 82752K, reserved 1122304K
  class space    used 11175K, committed 11456K, reserved 1048576K
}
Event: 7.647 GC heap before
{Heap before GC invocations=28 (full 0):
 garbage-first heap   total 189440K, used 144412K [0x0000000080000000, 0x0000000100000000)
  region size 1024K, 82 young (83968K), 11 survivors (11264K)
 Metaspace       used 84895K, committed 85504K, reserved 1122304K
  class space    used 11701K, committed 11968K, reserved 1048576K
}
Event: 7.657 GC heap after
{Heap after GC invocations=29 (full 0):
 garbage-first heap   total 189440K, used 82086K [0x0000000080000000, 0x0000000100000000)
  region size 1024K, 9 young (9216K), 9 survivors (9216K)
 Metaspace       used 84895K, committed 85504K, reserved 1122304K
  class space    used 11701K, committed 11968K, reserved 1048576K
}
Event: 7.954 GC heap before
{Heap before GC invocations=29 (full 0):
 garbage-first heap   total 189440K, used 147622K [0x0000000080000000, 0x0000000100000000)
  region size 1024K, 73 young (74752K), 9 survivors (9216K)
 Metaspace       used 86554K, committed 87168K, reserved 1130496K
  class space    used 11821K, committed 12096K, reserved 1048576K
}
Event: 7.961 GC heap after
{Heap after GC invocations=30 (full 0):
 garbage-first heap   total 189440K, used 86328K [0x0000000080000000, 0x0000000100000000)
  region size 1024K, 6 young (6144K), 6 survivors (6144K)
 Metaspace       used 86554K, committed 87168K, reserved 1130496K
  class space    used 11821K, committed 12096K, reserved 1048576K
}
Event: 8.345 GC heap before
{Heap before GC invocations=30 (full 0):
 garbage-first heap   total 189440K, used 148792K [0x0000000080000000, 0x0000000100000000)
  region size 1024K, 68 young (69632K), 6 survivors (6144K)
 Metaspace       used 89621K, committed 90304K, reserved 1130496K
  class space    used 12238K, committed 12544K, reserved 1048576K
}
Event: 8.351 GC heap after
{Heap after GC invocations=31 (full 0):
 garbage-first heap   total 189440K, used 90651K [0x0000000080000000, 0x0000000100000000)
  region size 1024K, 6 young (6144K), 6 survivors (6144K)
 Metaspace       used 89621K, committed 90304K, reserved 1130496K
  class space    used 12238K, committed 12544K, reserved 1048576K
}
Event: 8.681 GC heap before
{Heap before GC invocations=31 (full 0):
 garbage-first heap   total 189440K, used 150043K [0x0000000080000000, 0x0000000100000000)
  region size 1024K, 65 young (66560K), 6 survivors (6144K)
 Metaspace       used 92862K, committed 93504K, reserved 1130496K
  class space    used 12653K, committed 12992K, reserved 1048576K
}
Event: 8.688 GC heap after
{Heap after GC invocations=32 (full 0):
 garbage-first heap   total 227328K, used 96373K [0x0000000080000000, 0x0000000100000000)
  region size 1024K, 9 young (9216K), 9 survivors (9216K)
 Metaspace       used 92862K, committed 93504K, reserved 1130496K
  class space    used 12653K, committed 12992K, reserved 1048576K
}
Event: 8.901 GC heap before
{Heap before GC invocations=33 (full 0):
 garbage-first heap   total 227328K, used 175221K [0x0000000080000000, 0x0000000100000000)
  region size 1024K, 87 young (89088K), 9 survivors (9216K)
 Metaspace       used 94042K, committed 94656K, reserved 1130496K
  class space    used 12825K, committed 13120K, reserved 1048576K
}
Event: 8.910 GC heap after
{Heap after GC invocations=34 (full 0):
 garbage-first heap   total 227328K, used 109398K [0x0000000080000000, 0x0000000100000000)
  region size 1024K, 11 young (11264K), 11 survivors (11264K)
 Metaspace       used 94042K, committed 94656K, reserved 1130496K
  class space    used 12825K, committed 13120K, reserved 1048576K
}
Event: 8.911 GC heap before
{Heap before GC invocations=34 (full 0):
 garbage-first heap   total 227328K, used 110422K [0x0000000080000000, 0x0000000100000000)
  region size 1024K, 12 young (12288K), 11 survivors (11264K)
 Metaspace       used 94048K, committed 94656K, reserved 1130496K
  class space    used 12827K, committed 13120K, reserved 1048576K
}
Event: 8.914 GC heap after
{Heap after GC invocations=35 (full 0):
 garbage-first heap   total 227328K, used 110368K [0x0000000080000000, 0x0000000100000000)
  region size 1024K, 2 young (2048K), 2 survivors (2048K)
 Metaspace       used 94048K, committed 94656K, reserved 1130496K
  class space    used 12827K, committed 13120K, reserved 1048576K
}
Event: 9.177 GC heap before
{Heap before GC invocations=35 (full 0):
 garbage-first heap   total 227328K, used 176928K [0x0000000080000000, 0x0000000100000000)
  region size 1024K, 68 young (69632K), 2 survivors (2048K)
 Metaspace       used 98024K, committed 98688K, reserved 1138688K
  class space    used 13423K, committed 13760K, reserved 1048576K
}
Event: 9.183 GC heap after
{Heap after GC invocations=36 (full 0):
 garbage-first heap   total 227328K, used 119665K [0x0000000080000000, 0x0000000100000000)
  region size 1024K, 9 young (9216K), 9 survivors (9216K)
 Metaspace       used 98024K, committed 98688K, reserved 1138688K
  class space    used 13423K, committed 13760K, reserved 1048576K
}
Event: 9.355 GC heap before
{Heap before GC invocations=37 (full 0):
 garbage-first heap   total 250880K, used 180081K [0x0000000080000000, 0x0000000100000000)
  region size 1024K, 68 young (69632K), 9 survivors (9216K)
 Metaspace       used 98718K, committed 99392K, reserved 1138688K
  class space    used 13527K, committed 13824K, reserved 1048576K
}
Event: 9.366 GC heap after
{Heap after GC invocations=38 (full 0):
 garbage-first heap   total 250880K, used 131762K [0x0000000080000000, 0x0000000100000000)
  region size 1024K, 9 young (9216K), 9 survivors (9216K)
 Metaspace       used 98718K, committed 99392K, reserved 1138688K
  class space    used 13527K, committed 13824K, reserved 1048576K
}
Event: 9.371 GC heap before
{Heap before GC invocations=38 (full 0):
 garbage-first heap   total 250880K, used 133810K [0x0000000080000000, 0x0000000100000000)
  region size 1024K, 12 young (12288K), 9 survivors (9216K)
 Metaspace       used 98755K, committed 99456K, reserved 1138688K
  class space    used 13535K, committed 13888K, reserved 1048576K
}
Event: 9.378 GC heap after
{Heap after GC invocations=39 (full 0):
 garbage-first heap   total 250880K, used 133033K [0x0000000080000000, 0x0000000100000000)
  region size 1024K, 2 young (2048K), 2 survivors (2048K)
 Metaspace       used 98755K, committed 99456K, reserved 1138688K
  class space    used 13535K, committed 13888K, reserved 1048576K
}
Event: 9.518 GC heap before
{Heap before GC invocations=39 (full 0):
 garbage-first heap   total 250880K, used 196521K [0x0000000080000000, 0x0000000100000000)
  region size 1024K, 64 young (65536K), 2 survivors (2048K)
 Metaspace       used 100589K, committed 101312K, reserved 1138688K
  class space    used 13855K, committed 14208K, reserved 1048576K
}

