# JRE version: OpenJDK Runtime Environment (17.0.6) (build 17.0.6+0-b2043.56-10027231)
# Java VM: OpenJDK 64-Bit Server VM (17.0.6+0-b2043.56-10027231, mixed mode, tiered, compressed oops, compressed class ptrs, g1 gc, windows-amd64)
GC Precious Log:
 CPUs: 8 total, 8 available
 Memory: 8072M
 Large Page Support: Disabled
 NUMA Support: Disabled
 Compressed Oops: Enabled (32-bit)
 Heap Region Size: 1M
 Heap Min Capacity: 8M
 Heap Initial Capacity: 128M
 Heap Max Capacity: 2G
 Pre-touch: Disabled
 Parallel Workers: 8
 Concurrent Workers: 2
 Concurrent Refinement Workers: 8
 Periodic GC: Disabled
Heap:
 garbage-first heap   total 409600K, used 214016K [0x0000000080000000, 0x0000000100000000)
  region size 1024K, 15 young (15360K), 15 survivors (15360K)
 Metaspace       used 109866K, committed 110528K, reserved 1146880K
  class space    used 15491K, committed 15808K, reserved 1048576K
GC Heap History (20 events):
Event: 9.145 GC heap after
{Heap after GC invocations=26 (full 0):
 garbage-first heap   total 204800K, used 84641K [0x0000000080000000, 0x0000000100000000)
  region size 1024K, 7 young (7168K), 7 survivors (7168K)
 Metaspace       used 86582K, committed 87232K, reserved 1130496K
  class space    used 12023K, committed 12352K, reserved 1048576K
}
Event: 9.875 GC heap before
{Heap before GC invocations=26 (full 0):
 garbage-first heap   total 204800K, used 166561K [0x0000000080000000, 0x0000000100000000)
  region size 1024K, 83 young (84992K), 7 survivors (7168K)
 Metaspace       used 89317K, committed 89920K, reserved 1130496K
  class space    used 12285K, committed 12544K, reserved 1048576K
}
Event: 9.884 GC heap after
{Heap after GC invocations=27 (full 0):
 garbage-first heap   total 204800K, used 89254K [0x0000000080000000, 0x0000000100000000)
  region size 1024K, 5 young (5120K), 5 survivors (5120K)
 Metaspace       used 89317K, committed 89920K, reserved 1130496K
  class space    used 12285K, committed 12544K, reserved 1048576K
}
Event: 10.791 GC heap before
{Heap before GC invocations=27 (full 0):
 garbage-first heap   total 204800K, used 164006K [0x0000000080000000, 0x0000000100000000)
  region size 1024K, 79 young (80896K), 5 survivors (5120K)
 Metaspace       used 95462K, committed 96064K, reserved 1138688K
  class space    used 13087K, committed 13312K, reserved 1048576K
}
Event: 10.800 GC heap after
{Heap after GC invocations=28 (full 0):
 garbage-first heap   total 204800K, used 93643K [0x0000000080000000, 0x0000000100000000)
  region size 1024K, 9 young (9216K), 9 survivors (9216K)
 Metaspace       used 95462K, committed 96064K, reserved 1138688K
  class space    used 13087K, committed 13312K, reserved 1048576K
}
Event: 11.120 GC heap before
{Heap before GC invocations=28 (full 0):
 garbage-first heap   total 204800K, used 165323K [0x0000000080000000, 0x0000000100000000)
  region size 1024K, 80 young (81920K), 9 survivors (9216K)
 Metaspace       used 96326K, committed 97024K, reserved 1138688K
  class space    used 13217K, committed 13568K, reserved 1048576K
}
Event: 11.130 GC heap after
{Heap after GC invocations=29 (full 0):
 garbage-first heap   total 204800K, used 101504K [0x0000000080000000, 0x0000000100000000)
  region size 1024K, 10 young (10240K), 10 survivors (10240K)
 Metaspace       used 96326K, committed 97024K, reserved 1138688K
  class space    used 13217K, committed 13568K, reserved 1048576K
}
Event: 11.207 GC heap before
{Heap before GC invocations=29 (full 0):
 garbage-first heap   total 204800K, used 163968K [0x0000000080000000, 0x0000000100000000)
  region size 1024K, 72 young (73728K), 10 survivors (10240K)
 Metaspace       used 96963K, committed 97600K, reserved 1138688K
  class space    used 13305K, committed 13632K, reserved 1048576K
}
Event: 11.215 GC heap after
{Heap after GC invocations=30 (full 0):
 garbage-first heap   total 204800K, used 112603K [0x0000000080000000, 0x0000000100000000)
  region size 1024K, 9 young (9216K), 9 survivors (9216K)
 Metaspace       used 96963K, committed 97600K, reserved 1138688K
  class space    used 13305K, committed 13632K, reserved 1048576K
}
Event: 11.625 GC heap before
{Heap before GC invocations=30 (full 0):
 garbage-first heap   total 204800K, used 164827K [0x0000000080000000, 0x0000000100000000)
  region size 1024K, 61 young (62464K), 9 survivors (9216K)
 Metaspace       used 100576K, committed 101248K, reserved 1138688K
  class space    used 13849K, committed 14144K, reserved 1048576K
}
Event: 11.635 GC heap after
{Heap after GC invocations=31 (full 0):
 garbage-first heap   total 409600K, used 121513K [0x0000000080000000, 0x0000000100000000)
  region size 1024K, 8 young (8192K), 8 survivors (8192K)
 Metaspace       used 100576K, committed 101248K, reserved 1138688K
  class space    used 13849K, committed 14144K, reserved 1048576K
}
Event: 12.317 GC heap before
{Heap before GC invocations=32 (full 0):
 garbage-first heap   total 409600K, used 308905K [0x0000000080000000, 0x0000000100000000)
  region size 1024K, 191 young (195584K), 8 survivors (8192K)
 Metaspace       used 103409K, committed 104064K, reserved 1146880K
  class space    used 14279K, committed 14592K, reserved 1048576K
}
Event: 12.356 GC heap after
{Heap after GC invocations=33 (full 0):
 garbage-first heap   total 409600K, used 153247K [0x0000000080000000, 0x0000000100000000)
  region size 1024K, 24 young (24576K), 24 survivors (24576K)
 Metaspace       used 103409K, committed 104064K, reserved 1146880K
  class space    used 14279K, committed 14592K, reserved 1048576K
}
Event: 12.358 GC heap before
{Heap before GC invocations=33 (full 0):
 garbage-first heap   total 409600K, used 154271K [0x0000000080000000, 0x0000000100000000)
  region size 1024K, 25 young (25600K), 24 survivors (24576K)
 Metaspace       used 103429K, committed 104064K, reserved 1146880K
  class space    used 14284K, committed 14592K, reserved 1048576K
}
Event: 12.390 GC heap after
{Heap after GC invocations=34 (full 0):
 garbage-first heap   total 409600K, used 156654K [0x0000000080000000, 0x0000000100000000)
  region size 1024K, 3 young (3072K), 3 survivors (3072K)
 Metaspace       used 103429K, committed 104064K, reserved 1146880K
  class space    used 14284K, committed 14592K, reserved 1048576K
}
Event: 12.651 GC heap before
{Heap before GC invocations=34 (full 0):
 garbage-first heap   total 409600K, used 302062K [0x0000000080000000, 0x0000000100000000)
  region size 1024K, 146 young (149504K), 3 survivors (3072K)
 Metaspace       used 105786K, committed 106432K, reserved 1146880K
  class space    used 14748K, committed 15040K, reserved 1048576K
}
Event: 12.677 GC heap after
{Heap after GC invocations=35 (full 0):
 garbage-first heap   total 409600K, used 177152K [0x0000000080000000, 0x0000000100000000)
  region size 1024K, 19 young (19456K), 19 survivors (19456K)
 Metaspace       used 105786K, committed 106432K, reserved 1146880K
  class space    used 14748K, committed 15040K, reserved 1048576K
}
Event: 12.868 GC heap before
{Heap before GC invocations=35 (full 0):
 garbage-first heap   total 409600K, used 313344K [0x0000000080000000, 0x0000000100000000)
  region size 1024K, 152 young (155648K), 19 survivors (19456K)
 Metaspace       used 106875K, committed 107520K, reserved 1146880K
  class space    used 14938K, committed 15232K, reserved 1048576K
}
Event: 12.904 GC heap after
{Heap after GC invocations=36 (full 0):
 garbage-first heap   total 409600K, used 197632K [0x0000000080000000, 0x0000000100000000)
  region size 1024K, 19 young (19456K), 19 survivors (19456K)
 Metaspace       used 106875K, committed 107520K, reserved 1146880K
  class space    used 14938K, committed 15232K, reserved 1048576K
}
Event: 13.242 GC heap before
{Heap before GC invocations=36 (full 0):
 garbage-first heap   total 409600K, used 321536K [0x0000000080000000, 0x0000000100000000)
  region size 1024K, 140 young (143360K), 19 survivors (19456K)
 Metaspace       used 109866K, committed 110528K, reserved 1146880K
  class space    used 15491K, committed 15808K, reserved 1048576K
}

