# JRE version: OpenJDK Runtime Environment (17.0.6) (build 17.0.6+0-b2043.56-10027231)
# Java VM: OpenJDK 64-Bit Server VM (17.0.6+0-b2043.56-10027231, mixed mode, tiered, compressed oops, compressed class ptrs, g1 gc, windows-amd64)
GC Precious Log:
 CPUs: 8 total, 8 available
 Memory: 8072M
 Large Page Support: Disabled
 NUMA Support: Disabled
 Compressed Oops: Enabled (32-bit)
 Heap Region Size: 1M
 Heap Min Capacity: 8M
 Heap Initial Capacity: 128M
 Heap Max Capacity: 2G
 Pre-touch: Disabled
 Parallel Workers: 8
 Concurrent Workers: 2
 Concurrent Refinement Workers: 8
 Periodic GC: Disabled
Heap:
 garbage-first heap   total 461824K, used 274673K [0x0000000080000000, 0x0000000100000000)
  region size 1024K, 98 young (100352K), 25 survivors (25600K)
 Metaspace       used 113398K, committed 114176K, reserved 1155072K
  class space    used 15184K, committed 15552K, reserved 1048576K
GC Heap History (20 events):
Event: 12.620 GC heap before
{Heap before GC invocations=40 (full 0):
 garbage-first heap   total 167936K, used 116155K [0x0000000080000000, 0x0000000100000000)
  region size 1024K, 36 young (36864K), 5 survivors (5120K)
 Metaspace       used 88198K, committed 88896K, reserved 1130496K
  class space    used 12038K, committed 12352K, reserved 1048576K
}
Event: 12.627 GC heap after
{Heap after GC invocations=41 (full 0):
 garbage-first heap   total 167936K, used 87840K [0x0000000080000000, 0x0000000100000000)
  region size 1024K, 4 young (4096K), 4 survivors (4096K)
 Metaspace       used 88198K, committed 88896K, reserved 1130496K
  class space    used 12038K, committed 12352K, reserved 1048576K
}
Event: 12.647 GC heap before
{Heap before GC invocations=41 (full 0):
 garbage-first heap   total 167936K, used 90912K [0x0000000080000000, 0x0000000100000000)
  region size 1024K, 8 young (8192K), 4 survivors (4096K)
 Metaspace       used 88216K, committed 88896K, reserved 1130496K
  class space    used 12038K, committed 12352K, reserved 1048576K
}
Event: 12.653 GC heap after
{Heap after GC invocations=42 (full 0):
 garbage-first heap   total 265216K, used 86692K [0x0000000080000000, 0x0000000100000000)
  region size 1024K, 1 young (1024K), 1 survivors (1024K)
 Metaspace       used 88216K, committed 88896K, reserved 1130496K
  class space    used 12038K, committed 12352K, reserved 1048576K
}
Event: 14.398 GC heap before
{Heap before GC invocations=42 (full 0):
 garbage-first heap   total 265216K, used 212644K [0x0000000080000000, 0x0000000100000000)
  region size 1024K, 116 young (118784K), 1 survivors (1024K)
 Metaspace       used 91796K, committed 92544K, reserved 1130496K
  class space    used 12419K, committed 12800K, reserved 1048576K
}
Event: 14.415 GC heap after
{Heap after GC invocations=43 (full 0):
 garbage-first heap   total 265216K, used 111726K [0x0000000080000000, 0x0000000100000000)
  region size 1024K, 15 young (15360K), 15 survivors (15360K)
 Metaspace       used 91796K, committed 92544K, reserved 1130496K
  class space    used 12419K, committed 12800K, reserved 1048576K
}
Event: 15.673 GC heap before
{Heap before GC invocations=43 (full 0):
 garbage-first heap   total 265216K, used 231534K [0x0000000080000000, 0x0000000100000000)
  region size 1024K, 97 young (99328K), 15 survivors (15360K)
 Metaspace       used 92684K, committed 93440K, reserved 1130496K
  class space    used 12490K, committed 12864K, reserved 1048576K
}
Event: 15.694 GC heap after
{Heap after GC invocations=44 (full 0):
 garbage-first heap   total 265216K, used 127929K [0x0000000080000000, 0x0000000100000000)
  region size 1024K, 13 young (13312K), 13 survivors (13312K)
 Metaspace       used 92684K, committed 93440K, reserved 1130496K
  class space    used 12490K, committed 12864K, reserved 1048576K
}
Event: 16.265 GC heap before
{Heap before GC invocations=44 (full 0):
 garbage-first heap   total 265216K, used 199609K [0x0000000080000000, 0x0000000100000000)
  region size 1024K, 84 young (86016K), 13 survivors (13312K)
 Metaspace       used 96090K, committed 96768K, reserved 1138688K
  class space    used 12785K, committed 13120K, reserved 1048576K
}
Event: 16.283 GC heap after
{Heap after GC invocations=45 (full 0):
 garbage-first heap   total 265216K, used 141066K [0x0000000080000000, 0x0000000100000000)
  region size 1024K, 11 young (11264K), 11 survivors (11264K)
 Metaspace       used 96090K, committed 96768K, reserved 1138688K
  class space    used 12785K, committed 13120K, reserved 1048576K
}
Event: 16.659 GC heap before
{Heap before GC invocations=45 (full 0):
 garbage-first heap   total 265216K, used 206602K [0x0000000080000000, 0x0000000100000000)
  region size 1024K, 76 young (77824K), 11 survivors (11264K)
 Metaspace       used 97172K, committed 97856K, reserved 1138688K
  class space    used 12879K, committed 13184K, reserved 1048576K
}
Event: 16.672 GC heap after
{Heap after GC invocations=46 (full 0):
 garbage-first heap   total 265216K, used 143618K [0x0000000080000000, 0x0000000100000000)
  region size 1024K, 4 young (4096K), 4 survivors (4096K)
 Metaspace       used 97172K, committed 97856K, reserved 1138688K
  class space    used 12879K, committed 13184K, reserved 1048576K
}
Event: 17.033 GC heap before
{Heap before GC invocations=46 (full 0):
 garbage-first heap   total 265216K, used 211202K [0x0000000080000000, 0x0000000100000000)
  region size 1024K, 71 young (72704K), 4 survivors (4096K)
 Metaspace       used 98661K, committed 99392K, reserved 1138688K
  class space    used 13066K, committed 13376K, reserved 1048576K
}
Event: 17.043 GC heap after
{Heap after GC invocations=47 (full 0):
 garbage-first heap   total 265216K, used 150008K [0x0000000080000000, 0x0000000100000000)
  region size 1024K, 9 young (9216K), 9 survivors (9216K)
 Metaspace       used 98661K, committed 99392K, reserved 1138688K
  class space    used 13066K, committed 13376K, reserved 1048576K
}
Event: 17.587 GC heap before
{Heap before GC invocations=47 (full 0):
 garbage-first heap   total 265216K, used 214520K [0x0000000080000000, 0x0000000100000000)
  region size 1024K, 73 young (74752K), 9 survivors (9216K)
 Metaspace       used 101185K, committed 101888K, reserved 1138688K
  class space    used 13376K, committed 13696K, reserved 1048576K
}
Event: 17.596 GC heap after
{Heap after GC invocations=48 (full 0):
 garbage-first heap   total 461824K, used 149201K [0x0000000080000000, 0x0000000100000000)
  region size 1024K, 2 young (2048K), 2 survivors (2048K)
 Metaspace       used 101185K, committed 101888K, reserved 1138688K
  class space    used 13376K, committed 13696K, reserved 1048576K
}
Event: 18.672 GC heap before
{Heap before GC invocations=48 (full 0):
 garbage-first heap   total 461824K, used 335569K [0x0000000080000000, 0x0000000100000000)
  region size 1024K, 185 young (189440K), 2 survivors (2048K)
 Metaspace       used 105806K, committed 106560K, reserved 1146880K
  class space    used 13995K, committed 14336K, reserved 1048576K
}
Event: 18.688 GC heap after
{Heap after GC invocations=49 (full 0):
 garbage-first heap   total 461824K, used 172304K [0x0000000080000000, 0x0000000100000000)
  region size 1024K, 24 young (24576K), 24 survivors (24576K)
 Metaspace       used 105806K, committed 106560K, reserved 1146880K
  class space    used 13995K, committed 14336K, reserved 1048576K
}
Event: 19.488 GC heap before
{Heap before GC invocations=49 (full 0):
 garbage-first heap   total 461824K, used 345360K [0x0000000080000000, 0x0000000100000000)
  region size 1024K, 194 young (198656K), 24 survivors (24576K)
 Metaspace       used 111964K, committed 112768K, reserved 1155072K
  class space    used 14924K, committed 15296K, reserved 1048576K
}
Event: 19.529 GC heap after
{Heap after GC invocations=50 (full 0):
 garbage-first heap   total 461824K, used 201969K [0x0000000080000000, 0x0000000100000000)
  region size 1024K, 25 young (25600K), 25 survivors (25600K)
 Metaspace       used 111964K, committed 112768K, reserved 1155072K
  class space    used 14924K, committed 15296K, reserved 1048576K
}

