# JRE version: OpenJDK Runtime Environment (17.0.6) (build 17.0.6+0-b2043.56-10027231)
# Java VM: OpenJDK 64-Bit Server VM (17.0.6+0-b2043.56-10027231, mixed mode, tiered, compressed oops, compressed class ptrs, g1 gc, windows-amd64)
GC Precious Log:
 CPUs: 8 total, 8 available
 Memory: 8072M
 Large Page Support: Disabled
 NUMA Support: Disabled
 Compressed Oops: Enabled (32-bit)
 Heap Region Size: 1M
 Heap Min Capacity: 8M
 Heap Initial Capacity: 128M
 Heap Max Capacity: 2G
 Pre-touch: Disabled
 Parallel Workers: 8
 Concurrent Workers: 2
 Concurrent Refinement Workers: 8
 Periodic GC: Disabled
Heap:
 garbage-first heap   total 279552K, used 198874K [0x0000000080000000, 0x0000000100000000)
  region size 1024K, 59 young (60416K), 7 survivors (7168K)
 Metaspace       used 102237K, committed 103104K, reserved 1138688K
  class space    used 13752K, committed 14144K, reserved 1048576K
GC Heap History (20 events):
Event: 9.828 GC heap before
{Heap before GC invocations=28 (full 0):
 garbage-first heap   total 224256K, used 118434K [0x0000000080000000, 0x0000000100000000)
  region size 1024K, 22 young (22528K), 6 survivors (6144K)
 Metaspace       used 82902K, committed 83584K, reserved 1122304K
  class space    used 11292K, committed 11584K, reserved 1048576K
}
Event: 9.835 GC heap after
{Heap after GC invocations=29 (full 0):
 garbage-first heap   total 224256K, used 104164K [0x0000000080000000, 0x0000000100000000)
  region size 1024K, 7 young (7168K), 7 survivors (7168K)
 Metaspace       used 82902K, committed 83584K, reserved 1122304K
  class space    used 11292K, committed 11584K, reserved 1048576K
}
Event: 9.855 GC heap before
{Heap before GC invocations=29 (full 0):
 garbage-first heap   total 224256K, used 107236K [0x0000000080000000, 0x0000000100000000)
  region size 1024K, 8 young (8192K), 7 survivors (7168K)
 Metaspace       used 82902K, committed 83584K, reserved 1122304K
  class space    used 11292K, committed 11584K, reserved 1048576K
}
Event: 9.860 GC heap after
{Heap after GC invocations=30 (full 0):
 garbage-first heap   total 224256K, used 108487K [0x0000000080000000, 0x0000000100000000)
  region size 1024K, 3 young (3072K), 3 survivors (3072K)
 Metaspace       used 82902K, committed 83584K, reserved 1122304K
  class space    used 11292K, committed 11584K, reserved 1048576K
}
Event: 10.585 GC heap before
{Heap before GC invocations=31 (full 0):
 garbage-first heap   total 224256K, used 170951K [0x0000000080000000, 0x0000000100000000)
  region size 1024K, 48 young (49152K), 3 survivors (3072K)
 Metaspace       used 86442K, committed 87040K, reserved 1130496K
  class space    used 11825K, committed 12096K, reserved 1048576K
}
Event: 10.592 GC heap after
{Heap after GC invocations=32 (full 0):
 garbage-first heap   total 224256K, used 131637K [0x0000000080000000, 0x0000000100000000)
  region size 1024K, 6 young (6144K), 6 survivors (6144K)
 Metaspace       used 86442K, committed 87040K, reserved 1130496K
  class space    used 11825K, committed 12096K, reserved 1048576K
}
Event: 10.623 GC heap before
{Heap before GC invocations=32 (full 0):
 garbage-first heap   total 224256K, used 135733K [0x0000000080000000, 0x0000000100000000)
  region size 1024K, 10 young (10240K), 6 survivors (6144K)
 Metaspace       used 86521K, committed 87104K, reserved 1130496K
  class space    used 11840K, committed 12096K, reserved 1048576K
}
Event: 10.629 GC heap after
{Heap after GC invocations=33 (full 0):
 garbage-first heap   total 224256K, used 132324K [0x0000000080000000, 0x0000000100000000)
  region size 1024K, 1 young (1024K), 1 survivors (1024K)
 Metaspace       used 86521K, committed 87104K, reserved 1130496K
  class space    used 11840K, committed 12096K, reserved 1048576K
}
Event: 10.710 GC heap before
{Heap before GC invocations=33 (full 0):
 garbage-first heap   total 224256K, used 136420K [0x0000000080000000, 0x0000000100000000)
  region size 1024K, 7 young (7168K), 1 survivors (1024K)
 Metaspace       used 87126K, committed 87808K, reserved 1130496K
  class space    used 11896K, committed 12224K, reserved 1048576K
}
Event: 10.712 GC heap after
{Heap after GC invocations=34 (full 0):
 garbage-first heap   total 224256K, used 132724K [0x0000000080000000, 0x0000000100000000)
  region size 1024K, 2 young (2048K), 2 survivors (2048K)
 Metaspace       used 87126K, committed 87808K, reserved 1130496K
  class space    used 11896K, committed 12224K, reserved 1048576K
}
Event: 11.417 GC heap before
{Heap before GC invocations=35 (full 0):
 garbage-first heap   total 232448K, used 173684K [0x0000000080000000, 0x0000000100000000)
  region size 1024K, 41 young (41984K), 2 survivors (2048K)
 Metaspace       used 93994K, committed 94720K, reserved 1130496K
  class space    used 12794K, committed 13120K, reserved 1048576K
}
Event: 11.421 GC heap after
{Heap after GC invocations=36 (full 0):
 garbage-first heap   total 232448K, used 134215K [0x0000000080000000, 0x0000000100000000)
  region size 1024K, 3 young (3072K), 3 survivors (3072K)
 Metaspace       used 93994K, committed 94720K, reserved 1130496K
  class space    used 12794K, committed 13120K, reserved 1048576K
}
Event: 11.544 GC heap before
{Heap before GC invocations=36 (full 0):
 garbage-first heap   total 232448K, used 142407K [0x0000000080000000, 0x0000000100000000)
  region size 1024K, 11 young (11264K), 3 survivors (3072K)
 Metaspace       used 94916K, committed 95744K, reserved 1138688K
  class space    used 12962K, committed 13376K, reserved 1048576K
}
Event: 11.548 GC heap after
{Heap after GC invocations=37 (full 0):
 garbage-first heap   total 232448K, used 134615K [0x0000000080000000, 0x0000000100000000)
  region size 1024K, 1 young (1024K), 1 survivors (1024K)
 Metaspace       used 94916K, committed 95744K, reserved 1138688K
  class space    used 12962K, committed 13376K, reserved 1048576K
}
Event: 11.865 GC heap before
{Heap before GC invocations=37 (full 0):
 garbage-first heap   total 232448K, used 153047K [0x0000000080000000, 0x0000000100000000)
  region size 1024K, 21 young (21504K), 1 survivors (1024K)
 Metaspace       used 97720K, committed 98496K, reserved 1138688K
  class space    used 13311K, committed 13696K, reserved 1048576K
}
Event: 11.869 GC heap after
{Heap after GC invocations=38 (full 0):
 garbage-first heap   total 279552K, used 136331K [0x0000000080000000, 0x0000000100000000)
  region size 1024K, 3 young (3072K), 3 survivors (3072K)
 Metaspace       used 97720K, committed 98496K, reserved 1138688K
  class space    used 13311K, committed 13696K, reserved 1048576K
}
Event: 12.569 GC heap before
{Heap before GC invocations=38 (full 0):
 garbage-first heap   total 279552K, used 206987K [0x0000000080000000, 0x0000000100000000)
  region size 1024K, 72 young (73728K), 3 survivors (3072K)
 Metaspace       used 99543K, committed 100352K, reserved 1138688K
  class space    used 13444K, committed 13824K, reserved 1048576K
}
Event: 12.579 GC heap after
{Heap after GC invocations=39 (full 0):
 garbage-first heap   total 279552K, used 143082K [0x0000000080000000, 0x0000000100000000)
  region size 1024K, 9 young (9216K), 9 survivors (9216K)
 Metaspace       used 99543K, committed 100352K, reserved 1138688K
  class space    used 13444K, committed 13824K, reserved 1048576K
}
Event: 13.284 GC heap before
{Heap before GC invocations=39 (full 0):
 garbage-first heap   total 279552K, used 211690K [0x0000000080000000, 0x0000000100000000)
  region size 1024K, 77 young (78848K), 9 survivors (9216K)
 Metaspace       used 100500K, committed 101248K, reserved 1138688K
  class space    used 13531K, committed 13888K, reserved 1048576K
}
Event: 13.297 GC heap after
{Heap after GC invocations=40 (full 0):
 garbage-first heap   total 279552K, used 147674K [0x0000000080000000, 0x0000000100000000)
  region size 1024K, 7 young (7168K), 7 survivors (7168K)
 Metaspace       used 100500K, committed 101248K, reserved 1138688K
  class space    used 13531K, committed 13888K, reserved 1048576K
}

