# JRE version: OpenJDK Runtime Environment (17.0.6) (build 17.0.6+0-b2043.56-10027231)
# Java VM: OpenJDK 64-Bit Server VM (17.0.6+0-b2043.56-10027231, mixed mode, tiered, compressed oops, compressed class ptrs, g1 gc, windows-amd64)
GC Precious Log:
 CPUs: 8 total, 8 available
 Memory: 8072M
 Large Page Support: Disabled
 NUMA Support: Disabled
 Compressed Oops: Enabled (32-bit)
 Heap Region Size: 1M
 Heap Min Capacity: 8M
 Heap Initial Capacity: 128M
 Heap Max Capacity: 2G
 Pre-touch: Disabled
 Parallel Workers: 8
 Concurrent Workers: 2
 Concurrent Refinement Workers: 8
 Periodic GC: Disabled
Heap:
 garbage-first heap   total 378880K, used 142135K [0x0000000080000000, 0x0000000100000000)
  region size 1024K, 6 young (6144K), 6 survivors (6144K)
 Metaspace       used 137197K, committed 138048K, reserved 1171456K
  class space    used 18556K, committed 18944K, reserved 1048576K
GC Heap History (20 events):
Event: 1282.279 GC heap after
{Heap after GC invocations=41 (full 0):
 garbage-first heap   total 378880K, used 150750K [0x0000000080000000, 0x0000000100000000)
  region size 1024K, 9 young (9216K), 9 survivors (9216K)
 Metaspace       used 125601K, committed 126528K, reserved 1163264K
  class space    used 17394K, committed 17792K, reserved 1048576K
}
Event: 1282.318 GC heap before
{Heap before GC invocations=41 (full 0):
 garbage-first heap   total 378880K, used 159966K [0x0000000080000000, 0x0000000100000000)
  region size 1024K, 18 young (18432K), 9 survivors (9216K)
 Metaspace       used 125980K, committed 126912K, reserved 1163264K
  class space    used 17453K, committed 17856K, reserved 1048576K
}
Event: 1282.325 GC heap after
{Heap after GC invocations=42 (full 0):
 garbage-first heap   total 378880K, used 148783K [0x0000000080000000, 0x0000000100000000)
  region size 1024K, 2 young (2048K), 2 survivors (2048K)
 Metaspace       used 125980K, committed 126912K, reserved 1163264K
  class space    used 17453K, committed 17856K, reserved 1048576K
}
Event: 1378.786 GC heap before
{Heap before GC invocations=42 (full 0):
 garbage-first heap   total 378880K, used 330031K [0x0000000080000000, 0x0000000100000000)
  region size 1024K, 156 young (159744K), 2 survivors (2048K)
 Metaspace       used 128693K, committed 129728K, reserved 1163264K
  class space    used 17847K, committed 18304K, reserved 1048576K
}
Event: 1378.795 GC heap after
{Heap after GC invocations=43 (full 0):
 garbage-first heap   total 378880K, used 165252K [0x0000000080000000, 0x0000000100000000)
  region size 1024K, 16 young (16384K), 16 survivors (16384K)
 Metaspace       used 128693K, committed 129728K, reserved 1163264K
  class space    used 17847K, committed 18304K, reserved 1048576K
}
Event: 1436.851 GC heap before
{Heap before GC invocations=44 (full 0):
 garbage-first heap   total 378880K, used 327044K [0x0000000080000000, 0x0000000100000000)
  region size 1024K, 153 young (156672K), 16 survivors (16384K)
 Metaspace       used 129247K, committed 130304K, reserved 1163264K
  class space    used 17823K, committed 18304K, reserved 1048576K
}
Event: 1436.858 GC heap after
{Heap after GC invocations=45 (full 0):
 garbage-first heap   total 378880K, used 159568K [0x0000000080000000, 0x0000000100000000)
  region size 1024K, 8 young (8192K), 8 survivors (8192K)
 Metaspace       used 129247K, committed 130304K, reserved 1163264K
  class space    used 17823K, committed 18304K, reserved 1048576K
}
Event: 1436.912 GC heap before
{Heap before GC invocations=45 (full 0):
 garbage-first heap   total 378880K, used 168784K [0x0000000080000000, 0x0000000100000000)
  region size 1024K, 18 young (18432K), 8 survivors (8192K)
 Metaspace       used 129260K, committed 130304K, reserved 1163264K
  class space    used 17823K, committed 18304K, reserved 1048576K
}
Event: 1436.923 GC heap after
{Heap after GC invocations=46 (full 0):
 garbage-first heap   total 378880K, used 145841K [0x0000000080000000, 0x0000000100000000)
  region size 1024K, 2 young (2048K), 2 survivors (2048K)
 Metaspace       used 129260K, committed 130304K, reserved 1163264K
  class space    used 17823K, committed 18304K, reserved 1048576K
}
Event: 2378.107 GC heap before
{Heap before GC invocations=46 (full 0):
 garbage-first heap   total 378880K, used 328113K [0x0000000080000000, 0x0000000100000000)
  region size 1024K, 157 young (160768K), 2 survivors (2048K)
 Metaspace       used 130183K, committed 131136K, reserved 1163264K
  class space    used 17851K, committed 18304K, reserved 1048576K
}
Event: 2378.124 GC heap after
{Heap after GC invocations=47 (full 0):
 garbage-first heap   total 378880K, used 152222K [0x0000000080000000, 0x0000000100000000)
  region size 1024K, 7 young (7168K), 7 survivors (7168K)
 Metaspace       used 130183K, committed 131136K, reserved 1163264K
  class space    used 17851K, committed 18304K, reserved 1048576K
}
Event: 4518.259 GC heap before
{Heap before GC invocations=47 (full 0):
 garbage-first heap   total 378880K, used 249502K [0x0000000080000000, 0x0000000100000000)
  region size 1024K, 104 young (106496K), 7 survivors (7168K)
 Metaspace       used 130637K, committed 131584K, reserved 1163264K
  class space    used 17894K, committed 18368K, reserved 1048576K
}
Event: 4518.269 GC heap after
{Heap after GC invocations=48 (full 0):
 garbage-first heap   total 378880K, used 155558K [0x0000000080000000, 0x0000000100000000)
  region size 1024K, 12 young (12288K), 12 survivors (12288K)
 Metaspace       used 130637K, committed 131584K, reserved 1163264K
  class space    used 17894K, committed 18368K, reserved 1048576K
}
Event: 4521.582 GC heap before
{Heap before GC invocations=49 (full 0):
 garbage-first heap   total 378880K, used 334758K [0x0000000080000000, 0x0000000100000000)
  region size 1024K, 164 young (167936K), 12 survivors (12288K)
 Metaspace       used 135558K, committed 136384K, reserved 1171456K
  class space    used 18420K, committed 18816K, reserved 1048576K
}
Event: 4521.605 GC heap after
{Heap after GC invocations=50 (full 0):
 garbage-first heap   total 378880K, used 158463K [0x0000000080000000, 0x0000000100000000)
  region size 1024K, 20 young (20480K), 20 survivors (20480K)
 Metaspace       used 135558K, committed 136384K, reserved 1171456K
  class space    used 18420K, committed 18816K, reserved 1048576K
}
Event: 4521.608 GC heap before
{Heap before GC invocations=50 (full 0):
 garbage-first heap   total 378880K, used 159487K [0x0000000080000000, 0x0000000100000000)
  region size 1024K, 21 young (21504K), 20 survivors (20480K)
 Metaspace       used 135558K, committed 136384K, reserved 1171456K
  class space    used 18420K, committed 18816K, reserved 1048576K
}
Event: 4521.733 GC heap after
{Heap after GC invocations=51 (full 0):
 garbage-first heap   total 378880K, used 135410K [0x0000000080000000, 0x0000000100000000)
  region size 1024K, 2 young (2048K), 2 survivors (2048K)
 Metaspace       used 135558K, committed 136384K, reserved 1171456K
  class space    used 18420K, committed 18816K, reserved 1048576K
}
Event: 4521.828 GC heap before
{Heap before GC invocations=51 (full 0):
 garbage-first heap   total 378880K, used 150770K [0x0000000080000000, 0x0000000100000000)
  region size 1024K, 18 young (18432K), 2 survivors (2048K)
 Metaspace       used 135735K, committed 136512K, reserved 1171456K
  class space    used 18443K, committed 18816K, reserved 1048576K
}
Event: 4521.832 GC heap after
{Heap after GC invocations=52 (full 0):
 garbage-first heap   total 378880K, used 135442K [0x0000000080000000, 0x0000000100000000)
  region size 1024K, 2 young (2048K), 2 survivors (2048K)
 Metaspace       used 135735K, committed 136512K, reserved 1171456K
  class space    used 18443K, committed 18816K, reserved 1048576K
}
Event: 4523.845 GC heap before
{Heap before GC invocations=52 (full 0):
 garbage-first heap   total 378880K, used 312594K [0x0000000080000000, 0x0000000100000000)
  region size 1024K, 172 young (176128K), 2 survivors (2048K)
 Metaspace       used 137197K, committed 138048K, reserved 1171456K
  class space    used 18556K, committed 18944K, reserved 1048576K
}

