# JRE version: OpenJDK Runtime Environment (17.0.6) (build 17.0.6+0-b2043.56-10027231)
# Java VM: OpenJDK 64-Bit Server VM (17.0.6+0-b2043.56-10027231, mixed mode, tiered, compressed oops, compressed class ptrs, g1 gc, windows-amd64)
GC Precious Log:
 CPUs: 8 total, 8 available
 Memory: 8072M
 Large Page Support: Disabled
 NUMA Support: Disabled
 Compressed Oops: Enabled (32-bit)
 Heap Region Size: 1M
 Heap Min Capacity: 8M
 Heap Initial Capacity: 128M
 Heap Max Capacity: 2G
 Pre-touch: Disabled
 Parallel Workers: 8
 Concurrent Workers: 2
 Concurrent Refinement Workers: 8
 Periodic GC: Disabled
Heap:
 garbage-first heap   total 102400K, used 64794K [0x0000000080000000, 0x0000000100000000)
  region size 1024K, 15 young (15360K), 4 survivors (4096K)
 Metaspace       used 66974K, committed 67520K, reserved 1114112K
  class space    used 8859K, committed 9088K, reserved 1048576K
GC Heap History (20 events):
Event: 3.607 GC heap before
{Heap before GC invocations=11 (full 0):
 garbage-first heap   total 82944K, used 62522K [0x0000000080000000, 0x0000000100000000)
  region size 1024K, 34 young (34816K), 4 survivors (4096K)
 Metaspace       used 48688K, committed 49152K, reserved 1097728K
  class space    used 6441K, committed 6656K, reserved 1048576K
}
Event: 3.611 GC heap after
{Heap after GC invocations=12 (full 0):
 garbage-first heap   total 82944K, used 33467K [0x0000000080000000, 0x0000000100000000)
  region size 1024K, 2 young (2048K), 2 survivors (2048K)
 Metaspace       used 48688K, committed 49152K, reserved 1097728K
  class space    used 6441K, committed 6656K, reserved 1048576K
}
Event: 3.982 GC heap before
{Heap before GC invocations=12 (full 0):
 garbage-first heap   total 82944K, used 63163K [0x0000000080000000, 0x0000000100000000)
  region size 1024K, 31 young (31744K), 2 survivors (2048K)
 Metaspace       used 51291K, committed 51712K, reserved 1097728K
  class space    used 6798K, committed 6976K, reserved 1048576K
}
Event: 3.985 GC heap after
{Heap after GC invocations=13 (full 0):
 garbage-first heap   total 82944K, used 35526K [0x0000000080000000, 0x0000000100000000)
  region size 1024K, 4 young (4096K), 4 survivors (4096K)
 Metaspace       used 51291K, committed 51712K, reserved 1097728K
  class space    used 6798K, committed 6976K, reserved 1048576K
}
Event: 4.219 GC heap before
{Heap before GC invocations=13 (full 0):
 garbage-first heap   total 82944K, used 67270K [0x0000000080000000, 0x0000000100000000)
  region size 1024K, 32 young (32768K), 4 survivors (4096K)
 Metaspace       used 52722K, committed 53248K, reserved 1097728K
  class space    used 6958K, committed 7168K, reserved 1048576K
}
Event: 4.224 GC heap after
{Heap after GC invocations=14 (full 0):
 garbage-first heap   total 82944K, used 43916K [0x0000000080000000, 0x0000000100000000)
  region size 1024K, 4 young (4096K), 4 survivors (4096K)
 Metaspace       used 52722K, committed 53248K, reserved 1097728K
  class space    used 6958K, committed 7168K, reserved 1048576K
}
Event: 4.404 GC heap before
{Heap before GC invocations=14 (full 0):
 garbage-first heap   total 82944K, used 63372K [0x0000000080000000, 0x0000000100000000)
  region size 1024K, 23 young (23552K), 4 survivors (4096K)
 Metaspace       used 55349K, committed 55808K, reserved 1097728K
  class space    used 7346K, committed 7552K, reserved 1048576K
}
Event: 4.407 GC heap after
{Heap after GC invocations=15 (full 0):
 garbage-first heap   total 100352K, used 45393K [0x0000000080000000, 0x0000000100000000)
  region size 1024K, 1 young (1024K), 1 survivors (1024K)
 Metaspace       used 55349K, committed 55808K, reserved 1097728K
  class space    used 7346K, committed 7552K, reserved 1048576K
}
Event: 4.838 GC heap before
{Heap before GC invocations=16 (full 0):
 garbage-first heap   total 100352K, used 78161K [0x0000000080000000, 0x0000000100000000)
  region size 1024K, 33 young (33792K), 1 survivors (1024K)
 Metaspace       used 60922K, committed 61376K, reserved 1105920K
  class space    used 8078K, committed 8256K, reserved 1048576K
}
Event: 4.840 GC heap after
{Heap after GC invocations=17 (full 0):
 garbage-first heap   total 100352K, used 46777K [0x0000000080000000, 0x0000000100000000)
  region size 1024K, 3 young (3072K), 3 survivors (3072K)
 Metaspace       used 60922K, committed 61376K, reserved 1105920K
  class space    used 8078K, committed 8256K, reserved 1048576K
}
Event: 4.953 GC heap before
{Heap before GC invocations=17 (full 0):
 garbage-first heap   total 100352K, used 54969K [0x0000000080000000, 0x0000000100000000)
  region size 1024K, 12 young (12288K), 3 survivors (3072K)
 Metaspace       used 62747K, committed 63360K, reserved 1105920K
  class space    used 8296K, committed 8576K, reserved 1048576K
}
Event: 4.956 GC heap after
{Heap after GC invocations=18 (full 0):
 garbage-first heap   total 100352K, used 48243K [0x0000000080000000, 0x0000000100000000)
  region size 1024K, 4 young (4096K), 4 survivors (4096K)
 Metaspace       used 62747K, committed 63360K, reserved 1105920K
  class space    used 8296K, committed 8576K, reserved 1048576K
}
Event: 4.962 GC heap before
{Heap before GC invocations=18 (full 0):
 garbage-first heap   total 100352K, used 52339K [0x0000000080000000, 0x0000000100000000)
  region size 1024K, 8 young (8192K), 4 survivors (4096K)
 Metaspace       used 62747K, committed 63360K, reserved 1105920K
  class space    used 8296K, committed 8576K, reserved 1048576K
}
Event: 4.966 GC heap after
{Heap after GC invocations=19 (full 0):
 garbage-first heap   total 100352K, used 50818K [0x0000000080000000, 0x0000000100000000)
  region size 1024K, 4 young (4096K), 4 survivors (4096K)
 Metaspace       used 62747K, committed 63360K, reserved 1105920K
  class space    used 8296K, committed 8576K, reserved 1048576K
}
Event: 5.143 GC heap before
{Heap before GC invocations=20 (full 0):
 garbage-first heap   total 102400K, used 76418K [0x0000000080000000, 0x0000000100000000)
  region size 1024K, 24 young (24576K), 4 survivors (4096K)
 Metaspace       used 64219K, committed 64768K, reserved 1105920K
  class space    used 8487K, committed 8768K, reserved 1048576K
}
Event: 5.144 GC heap after
{Heap after GC invocations=21 (full 0):
 garbage-first heap   total 102400K, used 50686K [0x0000000080000000, 0x0000000100000000)
  region size 1024K, 2 young (2048K), 2 survivors (2048K)
 Metaspace       used 64219K, committed 64768K, reserved 1105920K
  class space    used 8487K, committed 8768K, reserved 1048576K
}
Event: 5.332 GC heap before
{Heap before GC invocations=21 (full 0):
 garbage-first heap   total 102400K, used 74238K [0x0000000080000000, 0x0000000100000000)
  region size 1024K, 25 young (25600K), 2 survivors (2048K)
 Metaspace       used 66376K, committed 67008K, reserved 1114112K
  class space    used 8749K, committed 9024K, reserved 1048576K
}
Event: 5.334 GC heap after
{Heap after GC invocations=22 (full 0):
 garbage-first heap   total 102400K, used 52037K [0x0000000080000000, 0x0000000100000000)
  region size 1024K, 3 young (3072K), 3 survivors (3072K)
 Metaspace       used 66376K, committed 67008K, reserved 1114112K
  class space    used 8749K, committed 9024K, reserved 1048576K
}
Event: 5.482 GC heap before
{Heap before GC invocations=23 (full 0):
 garbage-first heap   total 102400K, used 76613K [0x0000000080000000, 0x0000000100000000)
  region size 1024K, 27 young (27648K), 3 survivors (3072K)
 Metaspace       used 66948K, committed 67456K, reserved 1114112K
  class space    used 8856K, committed 9088K, reserved 1048576K
}
Event: 5.486 GC heap after
{Heap after GC invocations=24 (full 0):
 garbage-first heap   total 102400K, used 54554K [0x0000000080000000, 0x0000000100000000)
  region size 1024K, 4 young (4096K), 4 survivors (4096K)
 Metaspace       used 66948K, committed 67456K, reserved 1114112K
  class space    used 8856K, committed 9088K, reserved 1048576K
}

