# JRE version: OpenJDK Runtime Environment (17.0.6) (build 17.0.6+0-b2043.56-10027231)
# Java VM: OpenJDK 64-Bit Server VM (17.0.6+0-b2043.56-10027231, mixed mode, tiered, compressed oops, compressed class ptrs, g1 gc, windows-amd64)
GC Precious Log:
 CPUs: 8 total, 8 available
 Memory: 8072M
 Large Page Support: Disabled
 NUMA Support: Disabled
 Compressed Oops: Enabled (32-bit)
 Heap Region Size: 1M
 Heap Min Capacity: 8M
 Heap Initial Capacity: 128M
 Heap Max Capacity: 2G
 Pre-touch: Disabled
 Parallel Workers: 8
 Concurrent Workers: 2
 Concurrent Refinement Workers: 8
 Periodic GC: Disabled
Heap:
 garbage-first heap   total 104448K, used 57985K [0x0000000080000000, 0x0000000100000000)
  region size 1024K, 6 young (6144K), 2 survivors (2048K)
 Metaspace       used 67098K, committed 67648K, reserved 1114112K
  class space    used 8855K, committed 9088K, reserved 1048576K
GC Heap History (20 events):
Event: 10.690 GC heap before
{Heap before GC invocations=10 (full 0):
 garbage-first heap   total 86016K, used 64702K [0x0000000080000000, 0x0000000100000000)
  region size 1024K, 35 young (35840K), 3 survivors (3072K)
 Metaspace       used 47213K, committed 47680K, reserved 1097728K
  class space    used 6188K, committed 6400K, reserved 1048576K
}
Event: 10.706 GC heap after
{Heap after GC invocations=11 (full 0):
 garbage-first heap   total 86016K, used 33411K [0x0000000080000000, 0x0000000100000000)
  region size 1024K, 3 young (3072K), 3 survivors (3072K)
 Metaspace       used 47213K, committed 47680K, reserved 1097728K
  class space    used 6188K, committed 6400K, reserved 1048576K
}
Event: 12.345 GC heap before
{Heap before GC invocations=11 (full 0):
 garbage-first heap   total 86016K, used 64131K [0x0000000080000000, 0x0000000100000000)
  region size 1024K, 33 young (33792K), 3 survivors (3072K)
 Metaspace       used 50891K, committed 51328K, reserved 1097728K
  class space    used 6743K, committed 6912K, reserved 1048576K
}
Event: 12.351 GC heap after
{Heap after GC invocations=12 (full 0):
 garbage-first heap   total 86016K, used 35201K [0x0000000080000000, 0x0000000100000000)
  region size 1024K, 5 young (5120K), 5 survivors (5120K)
 Metaspace       used 50891K, committed 51328K, reserved 1097728K
  class space    used 6743K, committed 6912K, reserved 1048576K
}
Event: 13.753 GC heap before
{Heap before GC invocations=12 (full 0):
 garbage-first heap   total 86016K, used 67969K [0x0000000080000000, 0x0000000100000000)
  region size 1024K, 35 young (35840K), 5 survivors (5120K)
 Metaspace       used 52008K, committed 52480K, reserved 1097728K
  class space    used 6852K, committed 7040K, reserved 1048576K
}
Event: 13.760 GC heap after
{Heap after GC invocations=13 (full 0):
 garbage-first heap   total 86016K, used 42263K [0x0000000080000000, 0x0000000100000000)
  region size 1024K, 5 young (5120K), 5 survivors (5120K)
 Metaspace       used 52008K, committed 52480K, reserved 1097728K
  class space    used 6852K, committed 7040K, reserved 1048576K
}
Event: 14.283 GC heap before
{Heap before GC invocations=13 (full 0):
 garbage-first heap   total 86016K, used 66839K [0x0000000080000000, 0x0000000100000000)
  region size 1024K, 29 young (29696K), 5 survivors (5120K)
 Metaspace       used 54734K, committed 55232K, reserved 1097728K
  class space    used 7234K, committed 7424K, reserved 1048576K
}
Event: 14.289 GC heap after
{Heap after GC invocations=14 (full 0):
 garbage-first heap   total 86016K, used 46791K [0x0000000080000000, 0x0000000100000000)
  region size 1024K, 4 young (4096K), 4 survivors (4096K)
 Metaspace       used 54734K, committed 55232K, reserved 1097728K
  class space    used 7234K, committed 7424K, reserved 1048576K
}
Event: 14.774 GC heap before
{Heap before GC invocations=14 (full 0):
 garbage-first heap   total 86016K, used 67271K [0x0000000080000000, 0x0000000100000000)
  region size 1024K, 24 young (24576K), 4 survivors (4096K)
 Metaspace       used 58194K, committed 58688K, reserved 1105920K
  class space    used 7657K, committed 7872K, reserved 1048576K
}
Event: 14.777 GC heap after
{Heap after GC invocations=15 (full 0):
 garbage-first heap   total 86016K, used 47735K [0x0000000080000000, 0x0000000100000000)
  region size 1024K, 1 young (1024K), 1 survivors (1024K)
 Metaspace       used 58194K, committed 58688K, reserved 1105920K
  class space    used 7657K, committed 7872K, reserved 1048576K
}
Event: 15.495 GC heap before
{Heap before GC invocations=16 (full 0):
 garbage-first heap   total 86016K, used 68215K [0x0000000080000000, 0x0000000100000000)
  region size 1024K, 21 young (21504K), 1 survivors (1024K)
 Metaspace       used 61381K, committed 61824K, reserved 1105920K
  class space    used 8123K, committed 8320K, reserved 1048576K
}
Event: 15.498 GC heap after
{Heap after GC invocations=17 (full 0):
 garbage-first heap   total 86016K, used 48786K [0x0000000080000000, 0x0000000100000000)
  region size 1024K, 2 young (2048K), 2 survivors (2048K)
 Metaspace       used 61381K, committed 61824K, reserved 1105920K
  class space    used 8123K, committed 8320K, reserved 1048576K
}
Event: 16.363 GC heap before
{Heap before GC invocations=17 (full 0):
 garbage-first heap   total 86016K, used 53906K [0x0000000080000000, 0x0000000100000000)
  region size 1024K, 8 young (8192K), 2 survivors (2048K)
 Metaspace       used 62914K, committed 63488K, reserved 1105920K
  class space    used 8296K, committed 8576K, reserved 1048576K
}
Event: 16.367 GC heap after
{Heap after GC invocations=18 (full 0):
 garbage-first heap   total 86016K, used 50040K [0x0000000080000000, 0x0000000100000000)
  region size 1024K, 3 young (3072K), 3 survivors (3072K)
 Metaspace       used 62914K, committed 63488K, reserved 1105920K
  class space    used 8296K, committed 8576K, reserved 1048576K
}
Event: 16.716 GC heap before
{Heap before GC invocations=19 (full 0):
 garbage-first heap   total 104448K, used 62328K [0x0000000080000000, 0x0000000100000000)
  region size 1024K, 12 young (12288K), 3 survivors (3072K)
 Metaspace       used 62920K, committed 63488K, reserved 1105920K
  class space    used 8296K, committed 8576K, reserved 1048576K
}
Event: 16.722 GC heap after
{Heap after GC invocations=20 (full 0):
 garbage-first heap   total 104448K, used 55866K [0x0000000080000000, 0x0000000100000000)
  region size 1024K, 3 young (3072K), 3 survivors (3072K)
 Metaspace       used 62920K, committed 63488K, reserved 1105920K
  class space    used 8296K, committed 8576K, reserved 1048576K
}
Event: 17.818 GC heap before
{Heap before GC invocations=21 (full 0):
 garbage-first heap   total 104448K, used 79418K [0x0000000080000000, 0x0000000100000000)
  region size 1024K, 24 young (24576K), 3 survivors (3072K)
 Metaspace       used 64934K, committed 65472K, reserved 1105920K
  class space    used 8563K, committed 8832K, reserved 1048576K
}
Event: 17.822 GC heap after
{Heap after GC invocations=22 (full 0):
 garbage-first heap   total 104448K, used 54183K [0x0000000080000000, 0x0000000100000000)
  region size 1024K, 2 young (2048K), 2 survivors (2048K)
 Metaspace       used 64934K, committed 65472K, reserved 1105920K
  class space    used 8563K, committed 8832K, reserved 1048576K
}
Event: 18.570 GC heap before
{Heap before GC invocations=22 (full 0):
 garbage-first heap   total 104448K, used 76711K [0x0000000080000000, 0x0000000100000000)
  region size 1024K, 24 young (24576K), 2 survivors (2048K)
 Metaspace       used 66964K, committed 67584K, reserved 1114112K
  class space    used 8825K, committed 9088K, reserved 1048576K
}
Event: 18.574 GC heap after
{Heap after GC invocations=23 (full 0):
 garbage-first heap   total 104448K, used 55937K [0x0000000080000000, 0x0000000100000000)
  region size 1024K, 2 young (2048K), 2 survivors (2048K)
 Metaspace       used 66964K, committed 67584K, reserved 1114112K
  class space    used 8825K, committed 9088K, reserved 1048576K
}

