# JRE version: OpenJDK Runtime Environment (17.0.6) (build 17.0.6+0-b2043.56-10027231)
# Java VM: OpenJDK 64-Bit Server VM (17.0.6+0-b2043.56-10027231, mixed mode, tiered, compressed oops, compressed class ptrs, g1 gc, windows-amd64)
GC Precious Log:
 CPUs: 8 total, 8 available
 Memory: 8072M
 Large Page Support: Disabled
 NUMA Support: Disabled
 Compressed Oops: Enabled (32-bit)
 Heap Region Size: 1M
 Heap Min Capacity: 8M
 Heap Initial Capacity: 128M
 Heap Max Capacity: 2G
 Pre-touch: Disabled
 Parallel Workers: 8
 Concurrent Workers: 2
 Concurrent Refinement Workers: 8
 Periodic GC: Disabled
Heap:
 garbage-first heap   total 254976K, used 189022K [0x0000000080000000, 0x0000000100000000)
  region size 1024K, 45 young (46080K), 5 survivors (5120K)
 Metaspace       used 100475K, committed 101440K, reserved 1138688K
  class space    used 13450K, committed 13888K, reserved 1048576K
GC Heap History (20 events):
Event: 12.244 GC heap before
{Heap before GC invocations=41 (full 0):
 garbage-first heap   total 206848K, used 157049K [0x0000000080000000, 0x0000000100000000)
  region size 1024K, 40 young (40960K), 4 survivors (4096K)
 Metaspace       used 80932K, committed 81664K, reserved 1122304K
  class space    used 11030K, committed 11392K, reserved 1048576K
}
Event: 12.251 GC heap after
{Heap after GC invocations=42 (full 0):
 garbage-first heap   total 206848K, used 126928K [0x0000000080000000, 0x0000000100000000)
  region size 1024K, 5 young (5120K), 5 survivors (5120K)
 Metaspace       used 80932K, committed 81664K, reserved 1122304K
  class space    used 11030K, committed 11392K, reserved 1048576K
}
Event: 12.427 GC heap before
{Heap before GC invocations=42 (full 0):
 garbage-first heap   total 206848K, used 146384K [0x0000000080000000, 0x0000000100000000)
  region size 1024K, 26 young (26624K), 5 survivors (5120K)
 Metaspace       used 82057K, committed 82752K, reserved 1122304K
  class space    used 11171K, committed 11520K, reserved 1048576K
}
Event: 12.432 GC heap after
{Heap after GC invocations=43 (full 0):
 garbage-first heap   total 206848K, used 128437K [0x0000000080000000, 0x0000000100000000)
  region size 1024K, 2 young (2048K), 2 survivors (2048K)
 Metaspace       used 82057K, committed 82752K, reserved 1122304K
  class space    used 11171K, committed 11520K, reserved 1048576K
}
Event: 13.215 GC heap before
{Heap before GC invocations=44 (full 0):
 garbage-first heap   total 224256K, used 168373K [0x0000000080000000, 0x0000000100000000)
  region size 1024K, 40 young (40960K), 2 survivors (2048K)
 Metaspace       used 88778K, committed 89536K, reserved 1130496K
  class space    used 12034K, committed 12416K, reserved 1048576K
}
Event: 13.221 GC heap after
{Heap after GC invocations=45 (full 0):
 garbage-first heap   total 224256K, used 130194K [0x0000000080000000, 0x0000000100000000)
  region size 1024K, 4 young (4096K), 4 survivors (4096K)
 Metaspace       used 88778K, committed 89536K, reserved 1130496K
  class space    used 12034K, committed 12416K, reserved 1048576K
}
Event: 13.765 GC heap before
{Heap before GC invocations=45 (full 0):
 garbage-first heap   total 224256K, used 157842K [0x0000000080000000, 0x0000000100000000)
  region size 1024K, 33 young (33792K), 4 survivors (4096K)
 Metaspace       used 92653K, committed 93504K, reserved 1130496K
  class space    used 12577K, committed 12992K, reserved 1048576K
}
Event: 13.772 GC heap after
{Heap after GC invocations=46 (full 0):
 garbage-first heap   total 224256K, used 132589K [0x0000000080000000, 0x0000000100000000)
  region size 1024K, 6 young (6144K), 6 survivors (6144K)
 Metaspace       used 92653K, committed 93504K, reserved 1130496K
  class space    used 12577K, committed 12992K, reserved 1048576K
}
Event: 14.388 GC heap before
{Heap before GC invocations=47 (full 0):
 garbage-first heap   total 230400K, used 180717K [0x0000000080000000, 0x0000000100000000)
  region size 1024K, 53 young (54272K), 6 survivors (6144K)
 Metaspace       used 94353K, committed 95168K, reserved 1138688K
  class space    used 12702K, committed 13120K, reserved 1048576K
}
Event: 14.399 GC heap after
{Heap after GC invocations=48 (full 0):
 garbage-first heap   total 230400K, used 138041K [0x0000000080000000, 0x0000000100000000)
  region size 1024K, 7 young (7168K), 7 survivors (7168K)
 Metaspace       used 94353K, committed 95168K, reserved 1138688K
  class space    used 12702K, committed 13120K, reserved 1048576K
}
Event: 14.434 GC heap before
{Heap before GC invocations=48 (full 0):
 garbage-first heap   total 230400K, used 142137K [0x0000000080000000, 0x0000000100000000)
  region size 1024K, 11 young (11264K), 7 survivors (7168K)
 Metaspace       used 94391K, committed 95232K, reserved 1138688K
  class space    used 12705K, committed 13120K, reserved 1048576K
}
Event: 14.443 GC heap after
{Heap after GC invocations=49 (full 0):
 garbage-first heap   total 230400K, used 139061K [0x0000000080000000, 0x0000000100000000)
  region size 1024K, 2 young (2048K), 2 survivors (2048K)
 Metaspace       used 94391K, committed 95232K, reserved 1138688K
  class space    used 12705K, committed 13120K, reserved 1048576K
}
Event: 14.905 GC heap before
{Heap before GC invocations=49 (full 0):
 garbage-first heap   total 230400K, used 186165K [0x0000000080000000, 0x0000000100000000)
  region size 1024K, 49 young (50176K), 2 survivors (2048K)
 Metaspace       used 94660K, committed 95488K, reserved 1138688K
  class space    used 12708K, committed 13120K, reserved 1048576K
}
Event: 14.910 GC heap after
{Heap after GC invocations=50 (full 0):
 garbage-first heap   total 230400K, used 142452K [0x0000000080000000, 0x0000000100000000)
  region size 1024K, 5 young (5120K), 5 survivors (5120K)
 Metaspace       used 94660K, committed 95488K, reserved 1138688K
  class space    used 12708K, committed 13120K, reserved 1048576K
}
Event: 15.521 GC heap before
{Heap before GC invocations=51 (full 0):
 garbage-first heap   total 254976K, used 188532K [0x0000000080000000, 0x0000000100000000)
  region size 1024K, 51 young (52224K), 5 survivors (5120K)
 Metaspace       used 96011K, committed 96768K, reserved 1138688K
  class space    used 12851K, committed 13248K, reserved 1048576K
}
Event: 15.529 GC heap after
{Heap after GC invocations=52 (full 0):
 garbage-first heap   total 254976K, used 147421K [0x0000000080000000, 0x0000000100000000)
  region size 1024K, 6 young (6144K), 6 survivors (6144K)
 Metaspace       used 96011K, committed 96768K, reserved 1138688K
  class space    used 12851K, committed 13248K, reserved 1048576K
}
Event: 15.592 GC heap before
{Heap before GC invocations=52 (full 0):
 garbage-first heap   total 254976K, used 153565K [0x0000000080000000, 0x0000000100000000)
  region size 1024K, 12 young (12288K), 6 survivors (6144K)
 Metaspace       used 96165K, committed 96896K, reserved 1138688K
  class space    used 12870K, committed 13248K, reserved 1048576K
}
Event: 15.600 GC heap after
{Heap after GC invocations=53 (full 0):
 garbage-first heap   total 254976K, used 146311K [0x0000000080000000, 0x0000000100000000)
  region size 1024K, 2 young (2048K), 2 survivors (2048K)
 Metaspace       used 96165K, committed 96896K, reserved 1138688K
  class space    used 12870K, committed 13248K, reserved 1048576K
}
Event: 16.280 GC heap before
{Heap before GC invocations=53 (full 0):
 garbage-first heap   total 254976K, used 207751K [0x0000000080000000, 0x0000000100000000)
  region size 1024K, 62 young (63488K), 2 survivors (2048K)
 Metaspace       used 98239K, committed 99136K, reserved 1138688K
  class space    used 13128K, committed 13568K, reserved 1048576K
}
Event: 16.286 GC heap after
{Heap after GC invocations=54 (full 0):
 garbage-first heap   total 254976K, used 150110K [0x0000000080000000, 0x0000000100000000)
  region size 1024K, 5 young (5120K), 5 survivors (5120K)
 Metaspace       used 98239K, committed 99136K, reserved 1138688K
  class space    used 13128K, committed 13568K, reserved 1048576K
}

