# JRE version: OpenJDK Runtime Environment (17.0.6) (build 17.0.6+0-b2043.56-10027231)
# Java VM: OpenJDK 64-Bit Server VM (17.0.6+0-b2043.56-10027231, mixed mode, tiered, compressed oops, compressed class ptrs, g1 gc, windows-amd64)
GC Precious Log:
 CPUs: 8 total, 8 available
 Memory: 8072M
 Large Page Support: Disabled
 NUMA Support: Disabled
 Compressed Oops: Enabled (32-bit)
 Heap Region Size: 1M
 Heap Min Capacity: 8M
 Heap Initial Capacity: 128M
 Heap Max Capacity: 2G
 Pre-touch: Disabled
 Parallel Workers: 8
 Concurrent Workers: 2
 Concurrent Refinement Workers: 8
 Periodic GC: Disabled
Heap:
 garbage-first heap   total 366592K, used 261490K [0x0000000080000000, 0x0000000100000000)
  region size 1024K, 25 young (25600K), 10 survivors (10240K)
 Metaspace       used 127310K, committed 128320K, reserved 1163264K
  class space    used 17300K, committed 17792K, reserved 1048576K
GC Heap History (20 events):
Event: 12.760 GC heap before
{Heap before GC invocations=49 (full 0):
 garbage-first heap   total 366592K, used 148746K [0x0000000080000000, 0x0000000100000000)
  region size 1024K, 17 young (17408K), 8 survivors (8192K)
 Metaspace       used 96118K, committed 96896K, reserved 1138688K
  class space    used 13142K, committed 13504K, reserved 1048576K
}
Event: 12.767 GC heap after
{Heap after GC invocations=50 (full 0):
 garbage-first heap   total 366592K, used 140940K [0x0000000080000000, 0x0000000100000000)
  region size 1024K, 1 young (1024K), 1 survivors (1024K)
 Metaspace       used 96118K, committed 96896K, reserved 1138688K
  class space    used 13142K, committed 13504K, reserved 1048576K
}
Event: 14.320 GC heap before
{Heap before GC invocations=50 (full 0):
 garbage-first heap   total 366592K, used 308876K [0x0000000080000000, 0x0000000100000000)
  region size 1024K, 165 young (168960K), 1 survivors (1024K)
 Metaspace       used 100427K, committed 101120K, reserved 1138688K
  class space    used 13549K, committed 13888K, reserved 1048576K
}
Event: 14.328 GC heap after
{Heap after GC invocations=51 (full 0):
 garbage-first heap   total 366592K, used 147503K [0x0000000080000000, 0x0000000100000000)
  region size 1024K, 10 young (10240K), 10 survivors (10240K)
 Metaspace       used 100427K, committed 101120K, reserved 1138688K
  class space    used 13549K, committed 13888K, reserved 1048576K
}
Event: 25.717 GC heap before
{Heap before GC invocations=51 (full 0):
 garbage-first heap   total 366592K, used 307247K [0x0000000080000000, 0x0000000100000000)
  region size 1024K, 167 young (171008K), 10 survivors (10240K)
 Metaspace       used 106041K, committed 106944K, reserved 1146880K
  class space    used 14246K, committed 14656K, reserved 1048576K
}
Event: 25.735 GC heap after
{Heap after GC invocations=52 (full 0):
 garbage-first heap   total 366592K, used 158946K [0x0000000080000000, 0x0000000100000000)
  region size 1024K, 21 young (21504K), 21 survivors (21504K)
 Metaspace       used 106041K, committed 106944K, reserved 1146880K
  class space    used 14246K, committed 14656K, reserved 1048576K
}
Event: 27.252 GC heap before
{Heap before GC invocations=52 (full 0):
 garbage-first heap   total 366592K, used 299234K [0x0000000080000000, 0x0000000100000000)
  region size 1024K, 160 young (163840K), 21 survivors (21504K)
 Metaspace       used 109392K, committed 110336K, reserved 1146880K
  class space    used 14727K, committed 15168K, reserved 1048576K
}
Event: 27.278 GC heap after
{Heap after GC invocations=53 (full 0):
 garbage-first heap   total 366592K, used 175940K [0x0000000080000000, 0x0000000100000000)
  region size 1024K, 18 young (18432K), 18 survivors (18432K)
 Metaspace       used 109392K, committed 110336K, reserved 1146880K
  class space    used 14727K, committed 15168K, reserved 1048576K
}
Event: 28.272 GC heap before
{Heap before GC invocations=54 (full 0):
 garbage-first heap   total 366592K, used 300868K [0x0000000080000000, 0x0000000100000000)
  region size 1024K, 139 young (142336K), 18 survivors (18432K)
 Metaspace       used 117763K, committed 118720K, reserved 1155072K
  class space    used 15804K, committed 16256K, reserved 1048576K
}
Event: 28.284 GC heap after
{Heap after GC invocations=55 (full 0):
 garbage-first heap   total 366592K, used 184863K [0x0000000080000000, 0x0000000100000000)
  region size 1024K, 10 young (10240K), 10 survivors (10240K)
 Metaspace       used 117763K, committed 118720K, reserved 1155072K
  class space    used 15804K, committed 16256K, reserved 1048576K
}
Event: 28.299 GC heap before
{Heap before GC invocations=55 (full 0):
 garbage-first heap   total 366592K, used 191007K [0x0000000080000000, 0x0000000100000000)
  region size 1024K, 17 young (17408K), 10 survivors (10240K)
 Metaspace       used 117767K, committed 118784K, reserved 1155072K
  class space    used 15804K, committed 16256K, reserved 1048576K
}
Event: 28.305 GC heap after
{Heap after GC invocations=56 (full 0):
 garbage-first heap   total 366592K, used 184717K [0x0000000080000000, 0x0000000100000000)
  region size 1024K, 2 young (2048K), 2 survivors (2048K)
 Metaspace       used 117767K, committed 118784K, reserved 1155072K
  class space    used 15804K, committed 16256K, reserved 1048576K
}
Event: 28.625 GC heap before
{Heap before GC invocations=56 (full 0):
 garbage-first heap   total 366592K, used 300429K [0x0000000080000000, 0x0000000100000000)
  region size 1024K, 116 young (118784K), 2 survivors (2048K)
 Metaspace       used 122174K, committed 123200K, reserved 1163264K
  class space    used 16480K, committed 16960K, reserved 1048576K
}
Event: 28.632 GC heap after
{Heap after GC invocations=57 (full 0):
 garbage-first heap   total 366592K, used 202752K [0x0000000080000000, 0x0000000100000000)
  region size 1024K, 15 young (15360K), 15 survivors (15360K)
 Metaspace       used 122174K, committed 123200K, reserved 1163264K
  class space    used 16480K, committed 16960K, reserved 1048576K
}
Event: 28.875 GC heap before
{Heap before GC invocations=57 (full 0):
 garbage-first heap   total 366592K, used 299008K [0x0000000080000000, 0x0000000100000000)
  region size 1024K, 109 young (111616K), 15 survivors (15360K)
 Metaspace       used 124621K, committed 125632K, reserved 1163264K
  class space    used 16853K, committed 17344K, reserved 1048576K
}
Event: 28.892 GC heap after
{Heap after GC invocations=58 (full 0):
 garbage-first heap   total 366592K, used 221461K [0x0000000080000000, 0x0000000100000000)
  region size 1024K, 14 young (14336K), 14 survivors (14336K)
 Metaspace       used 124621K, committed 125632K, reserved 1163264K
  class space    used 16853K, committed 17344K, reserved 1048576K
}
Event: 29.033 GC heap before
{Heap before GC invocations=58 (full 0):
 garbage-first heap   total 366592K, used 298261K [0x0000000080000000, 0x0000000100000000)
  region size 1024K, 90 young (92160K), 14 survivors (14336K)
 Metaspace       used 126332K, committed 127360K, reserved 1163264K
  class space    used 17076K, committed 17600K, reserved 1048576K
}
Event: 29.050 GC heap after
{Heap after GC invocations=59 (full 0):
 garbage-first heap   total 366592K, used 235885K [0x0000000080000000, 0x0000000100000000)
  region size 1024K, 12 young (12288K), 12 survivors (12288K)
 Metaspace       used 126332K, committed 127360K, reserved 1163264K
  class space    used 17076K, committed 17600K, reserved 1048576K
}
Event: 29.161 GC heap before
{Heap before GC invocations=59 (full 0):
 garbage-first heap   total 366592K, used 301421K [0x0000000080000000, 0x0000000100000000)
  region size 1024K, 77 young (78848K), 12 survivors (12288K)
 Metaspace       used 127259K, committed 128256K, reserved 1163264K
  class space    used 17293K, committed 17792K, reserved 1048576K
}
Event: 29.177 GC heap after
{Heap after GC invocations=60 (full 0):
 garbage-first heap   total 366592K, used 247154K [0x0000000080000000, 0x0000000100000000)
  region size 1024K, 10 young (10240K), 10 survivors (10240K)
 Metaspace       used 127259K, committed 128256K, reserved 1163264K
  class space    used 17293K, committed 17792K, reserved 1048576K
}

