# JRE version: OpenJDK Runtime Environment (17.0.6) (build 17.0.6+0-b2043.56-10027231)
# Java VM: OpenJDK 64-Bit Server VM (17.0.6+0-b2043.56-10027231, mixed mode, tiered, compressed oops, compressed class ptrs, g1 gc, windows-amd64)
GC Precious Log:
 CPUs: 8 total, 8 available
 Memory: 8072M
 Large Page Support: Disabled
 NUMA Support: Disabled
 Compressed Oops: Enabled (32-bit)
 Heap Region Size: 1M
 Heap Min Capacity: 8M
 Heap Initial Capacity: 128M
 Heap Max Capacity: 2G
 Pre-touch: Disabled
 Parallel Workers: 8
 Concurrent Workers: 2
 Concurrent Refinement Workers: 8
 Periodic GC: Disabled
Heap:
 garbage-first heap   total 372736K, used 291558K [0x0000000080000000, 0x0000000100000000)
  region size 1024K, 5 young (5120K), 5 survivors (5120K)
 Metaspace       used 134852K, committed 135872K, reserved 1171456K
  class space    used 17945K, committed 18432K, reserved 1048576K
GC Heap History (20 events):
Event: 28.460 GC heap after
{Heap after GC invocations=63 (full 0):
 garbage-first heap   total 372736K, used 226139K [0x0000000080000000, 0x0000000100000000)
  region size 1024K, 6 young (6144K), 6 survivors (6144K)
 Metaspace       used 126835K, committed 127872K, reserved 1163264K
  class space    used 16759K, committed 17280K, reserved 1048576K
}
Event: 28.763 GC heap before
{Heap before GC invocations=63 (full 0):
 garbage-first heap   total 372736K, used 309083K [0x0000000080000000, 0x0000000100000000)
  region size 1024K, 88 young (90112K), 6 survivors (6144K)
 Metaspace       used 126858K, committed 127936K, reserved 1163264K
  class space    used 16761K, committed 17280K, reserved 1048576K
}
Event: 28.769 GC heap after
{Heap after GC invocations=64 (full 0):
 garbage-first heap   total 372736K, used 226486K [0x0000000080000000, 0x0000000100000000)
  region size 1024K, 6 young (6144K), 6 survivors (6144K)
 Metaspace       used 126858K, committed 127936K, reserved 1163264K
  class space    used 16761K, committed 17280K, reserved 1048576K
}
Event: 29.167 GC heap before
{Heap before GC invocations=64 (full 0):
 garbage-first heap   total 372736K, used 312502K [0x0000000080000000, 0x0000000100000000)
  region size 1024K, 91 young (93184K), 6 survivors (6144K)
 Metaspace       used 126914K, committed 128000K, reserved 1163264K
  class space    used 16763K, committed 17280K, reserved 1048576K
}
Event: 29.175 GC heap after
{Heap after GC invocations=65 (full 0):
 garbage-first heap   total 372736K, used 227528K [0x0000000080000000, 0x0000000100000000)
  region size 1024K, 7 young (7168K), 7 survivors (7168K)
 Metaspace       used 126914K, committed 128000K, reserved 1163264K
  class space    used 16763K, committed 17280K, reserved 1048576K
}
Event: 29.502 GC heap before
{Heap before GC invocations=65 (full 0):
 garbage-first heap   total 372736K, used 315592K [0x0000000080000000, 0x0000000100000000)
  region size 1024K, 94 young (96256K), 7 survivors (7168K)
 Metaspace       used 127092K, committed 128128K, reserved 1163264K
  class space    used 16787K, committed 17280K, reserved 1048576K
}
Event: 29.511 GC heap after
{Heap after GC invocations=66 (full 0):
 garbage-first heap   total 372736K, used 230569K [0x0000000080000000, 0x0000000100000000)
  region size 1024K, 6 young (6144K), 6 survivors (6144K)
 Metaspace       used 127092K, committed 128128K, reserved 1163264K
  class space    used 16787K, committed 17280K, reserved 1048576K
}
Event: 30.121 GC heap before
{Heap before GC invocations=66 (full 0):
 garbage-first heap   total 372736K, used 315561K [0x0000000080000000, 0x0000000100000000)
  region size 1024K, 90 young (92160K), 6 survivors (6144K)
 Metaspace       used 127971K, committed 128960K, reserved 1163264K
  class space    used 16908K, committed 17408K, reserved 1048576K
}
Event: 30.126 GC heap after
{Heap after GC invocations=67 (full 0):
 garbage-first heap   total 372736K, used 238026K [0x0000000080000000, 0x0000000100000000)
  region size 1024K, 12 young (12288K), 12 survivors (12288K)
 Metaspace       used 127971K, committed 128960K, reserved 1163264K
  class space    used 16908K, committed 17408K, reserved 1048576K
}
Event: 30.565 GC heap before
{Heap before GC invocations=67 (full 0):
 garbage-first heap   total 372736K, used 312778K [0x0000000080000000, 0x0000000100000000)
  region size 1024K, 86 young (88064K), 12 survivors (12288K)
 Metaspace       used 131535K, committed 132608K, reserved 1171456K
  class space    used 17468K, committed 17984K, reserved 1048576K
}
Event: 30.573 GC heap after
{Heap after GC invocations=68 (full 0):
 garbage-first heap   total 372736K, used 248330K [0x0000000080000000, 0x0000000100000000)
  region size 1024K, 11 young (11264K), 11 survivors (11264K)
 Metaspace       used 131535K, committed 132608K, reserved 1171456K
  class space    used 17468K, committed 17984K, reserved 1048576K
}
Event: 30.820 GC heap before
{Heap before GC invocations=68 (full 0):
 garbage-first heap   total 372736K, used 312842K [0x0000000080000000, 0x0000000100000000)
  region size 1024K, 74 young (75776K), 11 survivors (11264K)
 Metaspace       used 132292K, committed 133376K, reserved 1171456K
  class space    used 17553K, committed 18048K, reserved 1048576K
}
Event: 30.837 GC heap after
{Heap after GC invocations=69 (full 0):
 garbage-first heap   total 372736K, used 260789K [0x0000000080000000, 0x0000000100000000)
  region size 1024K, 10 young (10240K), 10 survivors (10240K)
 Metaspace       used 132292K, committed 133376K, reserved 1171456K
  class space    used 17553K, committed 18048K, reserved 1048576K
}
Event: 31.023 GC heap before
{Heap before GC invocations=69 (full 0):
 garbage-first heap   total 372736K, used 311989K [0x0000000080000000, 0x0000000100000000)
  region size 1024K, 61 young (62464K), 10 survivors (10240K)
 Metaspace       used 133188K, committed 134272K, reserved 1171456K
  class space    used 17713K, committed 18240K, reserved 1048576K
}
Event: 31.042 GC heap after
{Heap after GC invocations=70 (full 0):
 garbage-first heap   total 372736K, used 270848K [0x0000000080000000, 0x0000000100000000)
  region size 1024K, 8 young (8192K), 8 survivors (8192K)
 Metaspace       used 133188K, committed 134272K, reserved 1171456K
  class space    used 17713K, committed 18240K, reserved 1048576K
}
Event: 31.237 GC heap before
{Heap before GC invocations=70 (full 0):
 garbage-first heap   total 372736K, used 313856K [0x0000000080000000, 0x0000000100000000)
  region size 1024K, 51 young (52224K), 8 survivors (8192K)
 Metaspace       used 134378K, committed 135488K, reserved 1171456K
  class space    used 17905K, committed 18432K, reserved 1048576K
}
Event: 31.256 GC heap after
{Heap after GC invocations=71 (full 0):
 garbage-first heap   total 372736K, used 279066K [0x0000000080000000, 0x0000000100000000)
  region size 1024K, 7 young (7168K), 7 survivors (7168K)
 Metaspace       used 134378K, committed 135488K, reserved 1171456K
  class space    used 17905K, committed 18432K, reserved 1048576K
}
Event: 31.347 GC heap before
{Heap before GC invocations=71 (full 0):
 garbage-first heap   total 372736K, used 316954K [0x0000000080000000, 0x0000000100000000)
  region size 1024K, 44 young (45056K), 7 survivors (7168K)
 Metaspace       used 134740K, committed 135808K, reserved 1171456K
  class space    used 17933K, committed 18432K, reserved 1048576K
}
Event: 31.364 GC heap after
{Heap after GC invocations=72 (full 0):
 garbage-first heap   total 372736K, used 285561K [0x0000000080000000, 0x0000000100000000)
  region size 1024K, 6 young (6144K), 6 survivors (6144K)
 Metaspace       used 134740K, committed 135808K, reserved 1171456K
  class space    used 17933K, committed 18432K, reserved 1048576K
}
Event: 31.419 GC heap before
{Heap before GC invocations=72 (full 0):
 garbage-first heap   total 372736K, used 318329K [0x0000000080000000, 0x0000000100000000)
  region size 1024K, 39 young (39936K), 6 survivors (6144K)
 Metaspace       used 134852K, committed 135872K, reserved 1171456K
  class space    used 17945K, committed 18432K, reserved 1048576K
}

