# JRE version: OpenJDK Runtime Environment (17.0.6) (build 17.0.6+0-b2043.56-10027231)
# Java VM: OpenJDK 64-Bit Server VM (17.0.6+0-b2043.56-10027231, mixed mode, tiered, compressed oops, compressed class ptrs, g1 gc, windows-amd64)
GC Precious Log:
 CPUs: 8 total, 8 available
 Memory: 8072M
 Large Page Support: Disabled
 NUMA Support: Disabled
 Compressed Oops: Enabled (32-bit)
 Heap Region Size: 1M
 Heap Min Capacity: 8M
 Heap Initial Capacity: 128M
 Heap Max Capacity: 2G
 Pre-touch: Disabled
 Parallel Workers: 8
 Concurrent Workers: 2
 Concurrent Refinement Workers: 8
 Periodic GC: Disabled
Heap:
 garbage-first heap   total 312320K, used 171862K [0x0000000080000000, 0x0000000100000000)
  region size 1024K, 2 young (2048K), 2 survivors (2048K)
 Metaspace       used 103408K, committed 104320K, reserved 1146880K
  class space    used 13838K, committed 14272K, reserved 1048576K
GC Heap History (20 events):
Event: 14.643 GC heap after
{Heap after GC invocations=49 (full 0):
 garbage-first heap   total 232448K, used 138601K [0x0000000080000000, 0x0000000100000000)
  region size 1024K, 7 young (7168K), 7 survivors (7168K)
 Metaspace       used 94392K, committed 95168K, reserved 1138688K
  class space    used 12704K, committed 13056K, reserved 1048576K
}
Event: 14.680 GC heap before
{Heap before GC invocations=49 (full 0):
 garbage-first heap   total 232448K, used 142697K [0x0000000080000000, 0x0000000100000000)
  region size 1024K, 11 young (11264K), 7 survivors (7168K)
 Metaspace       used 94418K, committed 95168K, reserved 1138688K
  class space    used 12704K, committed 13056K, reserved 1048576K
}
Event: 14.687 GC heap after
{Heap after GC invocations=50 (full 0):
 garbage-first heap   total 232448K, used 139682K [0x0000000080000000, 0x0000000100000000)
  region size 1024K, 2 young (2048K), 2 survivors (2048K)
 Metaspace       used 94418K, committed 95168K, reserved 1138688K
  class space    used 12704K, committed 13056K, reserved 1048576K
}
Event: 15.233 GC heap before
{Heap before GC invocations=50 (full 0):
 garbage-first heap   total 232448K, used 190882K [0x0000000080000000, 0x0000000100000000)
  region size 1024K, 53 young (54272K), 2 survivors (2048K)
 Metaspace       used 94714K, committed 95488K, reserved 1138688K
  class space    used 12707K, committed 13056K, reserved 1048576K
}
Event: 15.238 GC heap after
{Heap after GC invocations=51 (full 0):
 garbage-first heap   total 232448K, used 143147K [0x0000000080000000, 0x0000000100000000)
  region size 1024K, 5 young (5120K), 5 survivors (5120K)
 Metaspace       used 94714K, committed 95488K, reserved 1138688K
  class space    used 12707K, committed 13056K, reserved 1048576K
}
Event: 15.957 GC heap before
{Heap before GC invocations=51 (full 0):
 garbage-first heap   total 232448K, used 192299K [0x0000000080000000, 0x0000000100000000)
  region size 1024K, 54 young (55296K), 5 survivors (5120K)
 Metaspace       used 96166K, committed 97024K, reserved 1138688K
  class space    used 12868K, committed 13248K, reserved 1048576K
}
Event: 15.964 GC heap after
{Heap after GC invocations=52 (full 0):
 garbage-first heap   total 232448K, used 147946K [0x0000000080000000, 0x0000000100000000)
  region size 1024K, 6 young (6144K), 6 survivors (6144K)
 Metaspace       used 96166K, committed 97024K, reserved 1138688K
  class space    used 12868K, committed 13248K, reserved 1048576K
}
Event: 16.507 GC heap before
{Heap before GC invocations=52 (full 0):
 garbage-first heap   total 232448K, used 193002K [0x0000000080000000, 0x0000000100000000)
  region size 1024K, 50 young (51200K), 6 survivors (6144K)
 Metaspace       used 98128K, committed 99008K, reserved 1138688K
  class space    used 13124K, committed 13568K, reserved 1048576K
}
Event: 16.515 GC heap after
{Heap after GC invocations=53 (full 0):
 garbage-first heap   total 232448K, used 151159K [0x0000000080000000, 0x0000000100000000)
  region size 1024K, 4 young (4096K), 4 survivors (4096K)
 Metaspace       used 98128K, committed 99008K, reserved 1138688K
  class space    used 13124K, committed 13568K, reserved 1048576K
}
Event: 49.243 GC heap before
{Heap before GC invocations=54 (full 0):
 garbage-first heap   total 270336K, used 192119K [0x0000000080000000, 0x0000000100000000)
  region size 1024K, 44 young (45056K), 4 survivors (4096K)
 Metaspace       used 100343K, committed 101312K, reserved 1138688K
  class space    used 13435K, committed 13888K, reserved 1048576K
}
Event: 49.253 GC heap after
{Heap after GC invocations=55 (full 0):
 garbage-first heap   total 270336K, used 154330K [0x0000000080000000, 0x0000000100000000)
  region size 1024K, 6 young (6144K), 6 survivors (6144K)
 Metaspace       used 100343K, committed 101312K, reserved 1138688K
  class space    used 13435K, committed 13888K, reserved 1048576K
}
Event: 49.436 GC heap before
{Heap before GC invocations=55 (full 0):
 garbage-first heap   total 270336K, used 161498K [0x0000000080000000, 0x0000000100000000)
  region size 1024K, 13 young (13312K), 6 survivors (6144K)
 Metaspace       used 100670K, committed 101568K, reserved 1138688K
  class space    used 13473K, committed 13888K, reserved 1048576K
}
Event: 49.446 GC heap after
{Heap after GC invocations=56 (full 0):
 garbage-first heap   total 270336K, used 155239K [0x0000000080000000, 0x0000000100000000)
  region size 1024K, 2 young (2048K), 2 survivors (2048K)
 Metaspace       used 100670K, committed 101568K, reserved 1138688K
  class space    used 13473K, committed 13888K, reserved 1048576K
}
Event: 50.302 GC heap before
{Heap before GC invocations=56 (full 0):
 garbage-first heap   total 270336K, used 224871K [0x0000000080000000, 0x0000000100000000)
  region size 1024K, 70 young (71680K), 2 survivors (2048K)
 Metaspace       used 102498K, committed 103424K, reserved 1138688K
  class space    used 13704K, committed 14144K, reserved 1048576K
}
Event: 50.313 GC heap after
{Heap after GC invocations=57 (full 0):
 garbage-first heap   total 270336K, used 164864K [0x0000000080000000, 0x0000000100000000)
  region size 1024K, 9 young (9216K), 9 survivors (9216K)
 Metaspace       used 102498K, committed 103424K, reserved 1138688K
  class space    used 13704K, committed 14144K, reserved 1048576K
}
Event: 51.027 GC heap before
{Heap before GC invocations=57 (full 0):
 garbage-first heap   total 270336K, used 222208K [0x0000000080000000, 0x0000000100000000)
  region size 1024K, 66 young (67584K), 9 survivors (9216K)
 Metaspace       used 103223K, committed 104192K, reserved 1138688K
  class space    used 13824K, committed 14272K, reserved 1048576K
}
Event: 51.042 GC heap after
{Heap after GC invocations=58 (full 0):
 garbage-first heap   total 270336K, used 171895K [0x0000000080000000, 0x0000000100000000)
  region size 1024K, 7 young (7168K), 7 survivors (7168K)
 Metaspace       used 103223K, committed 104192K, reserved 1138688K
  class space    used 13824K, committed 14272K, reserved 1048576K
}
Event: 51.569 GC heap before
{Heap before GC invocations=59 (full 0):
 garbage-first heap   total 312320K, used 221047K [0x0000000080000000, 0x0000000100000000)
  region size 1024K, 56 young (57344K), 7 survivors (7168K)
 Metaspace       used 103391K, committed 104256K, reserved 1146880K
  class space    used 13838K, committed 14272K, reserved 1048576K
}
Event: 51.582 GC heap after
{Heap after GC invocations=60 (full 0):
 garbage-first heap   total 312320K, used 175607K [0x0000000080000000, 0x0000000100000000)
  region size 1024K, 5 young (5120K), 5 survivors (5120K)
 Metaspace       used 103391K, committed 104256K, reserved 1146880K
  class space    used 13838K, committed 14272K, reserved 1048576K
}
Event: 51.654 GC heap before
{Heap before GC invocations=60 (full 0):
 garbage-first heap   total 312320K, used 184823K [0x0000000080000000, 0x0000000100000000)
  region size 1024K, 15 young (15360K), 5 survivors (5120K)
 Metaspace       used 103408K, committed 104320K, reserved 1146880K
  class space    used 13838K, committed 14272K, reserved 1048576K
}

