# JRE version: OpenJDK Runtime Environment (17.0.6) (build 17.0.6+0-b2043.56-10027231)
# Java VM: OpenJDK 64-Bit Server VM (17.0.6+0-b2043.56-10027231, mixed mode, tiered, compressed oops, compressed class ptrs, g1 gc, windows-amd64)
GC Precious Log:
 CPUs: 8 total, 8 available
 Memory: 8072M
 Large Page Support: Disabled
 NUMA Support: Disabled
 Compressed Oops: Enabled (32-bit)
 Heap Region Size: 1M
 Heap Min Capacity: 8M
 Heap Initial Capacity: 128M
 Heap Max Capacity: 2G
 Pre-touch: Disabled
 Parallel Workers: 8
 Concurrent Workers: 2
 Concurrent Refinement Workers: 8
 Periodic GC: Disabled
Heap:
 garbage-first heap   total 432128K, used 228339K [0x0000000080000000, 0x0000000100000000)
  region size 1024K, 7 young (7168K), 7 survivors (7168K)
 Metaspace       used 124283K, committed 125248K, reserved 1163264K
  class space    used 16834K, committed 17280K, reserved 1048576K
GC Heap History (20 events):
Event: 11.896 GC heap after
{Heap after GC invocations=54 (full 0):
 garbage-first heap   total 266240K, used 151518K [0x0000000080000000, 0x0000000100000000)
  region size 1024K, 6 young (6144K), 6 survivors (6144K)
 Metaspace       used 101439K, committed 102208K, reserved 1138688K
  class space    used 13638K, committed 14016K, reserved 1048576K
}
Event: 11.935 GC heap before
{Heap before GC invocations=54 (full 0):
 garbage-first heap   total 266240K, used 158686K [0x0000000080000000, 0x0000000100000000)
  region size 1024K, 13 young (13312K), 6 survivors (6144K)
 Metaspace       used 101545K, committed 102336K, reserved 1138688K
  class space    used 13654K, committed 14016K, reserved 1048576K
}
Event: 11.941 GC heap after
{Heap after GC invocations=55 (full 0):
 garbage-first heap   total 266240K, used 151565K [0x0000000080000000, 0x0000000100000000)
  region size 1024K, 2 young (2048K), 2 survivors (2048K)
 Metaspace       used 101545K, committed 102336K, reserved 1138688K
  class space    used 13654K, committed 14016K, reserved 1048576K
}
Event: 16.690 GC heap before
{Heap before GC invocations=55 (full 0):
 garbage-first heap   total 266240K, used 214029K [0x0000000080000000, 0x0000000100000000)
  region size 1024K, 64 young (65536K), 2 survivors (2048K)
 Metaspace       used 105180K, committed 106048K, reserved 1146880K
  class space    used 14140K, committed 14528K, reserved 1048576K
}
Event: 16.694 GC heap after
{Heap after GC invocations=56 (full 0):
 garbage-first heap   total 319488K, used 156509K [0x0000000080000000, 0x0000000100000000)
  region size 1024K, 6 young (6144K), 6 survivors (6144K)
 Metaspace       used 105180K, committed 106048K, reserved 1146880K
  class space    used 14140K, committed 14528K, reserved 1048576K
}
Event: 17.493 GC heap before
{Heap before GC invocations=56 (full 0):
 garbage-first heap   total 319488K, used 265053K [0x0000000080000000, 0x0000000100000000)
  region size 1024K, 112 young (114688K), 6 survivors (6144K)
 Metaspace       used 107827K, committed 108736K, reserved 1146880K
  class space    used 14508K, committed 14912K, reserved 1048576K
}
Event: 17.506 GC heap after
{Heap after GC invocations=57 (full 0):
 garbage-first heap   total 319488K, used 169847K [0x0000000080000000, 0x0000000100000000)
  region size 1024K, 14 young (14336K), 14 survivors (14336K)
 Metaspace       used 107827K, committed 108736K, reserved 1146880K
  class space    used 14508K, committed 14912K, reserved 1048576K
}
Event: 18.458 GC heap before
{Heap before GC invocations=57 (full 0):
 garbage-first heap   total 319488K, used 253815K [0x0000000080000000, 0x0000000100000000)
  region size 1024K, 97 young (99328K), 14 survivors (14336K)
 Metaspace       used 111861K, committed 112768K, reserved 1146880K
  class space    used 15037K, committed 15488K, reserved 1048576K
}
Event: 18.472 GC heap after
{Heap after GC invocations=58 (full 0):
 garbage-first heap   total 319488K, used 176128K [0x0000000080000000, 0x0000000100000000)
  region size 1024K, 6 young (6144K), 6 survivors (6144K)
 Metaspace       used 111861K, committed 112768K, reserved 1146880K
  class space    used 15037K, committed 15488K, reserved 1048576K
}
Event: 19.125 GC heap before
{Heap before GC invocations=59 (full 0):
 garbage-first heap   total 319488K, used 259072K [0x0000000080000000, 0x0000000100000000)
  region size 1024K, 88 young (90112K), 6 survivors (6144K)
 Metaspace       used 115279K, committed 116288K, reserved 1155072K
  class space    used 15480K, committed 15936K, reserved 1048576K
}
Event: 19.137 GC heap after
{Heap after GC invocations=60 (full 0):
 garbage-first heap   total 319488K, used 183141K [0x0000000080000000, 0x0000000100000000)
  region size 1024K, 11 young (11264K), 11 survivors (11264K)
 Metaspace       used 115279K, committed 116288K, reserved 1155072K
  class space    used 15480K, committed 15936K, reserved 1048576K
}
Event: 19.169 GC heap before
{Heap before GC invocations=60 (full 0):
 garbage-first heap   total 319488K, used 187237K [0x0000000080000000, 0x0000000100000000)
  region size 1024K, 15 young (15360K), 11 survivors (11264K)
 Metaspace       used 115444K, committed 116416K, reserved 1155072K
  class space    used 15521K, committed 16000K, reserved 1048576K
}
Event: 19.184 GC heap after
{Heap after GC invocations=61 (full 0):
 garbage-first heap   total 319488K, used 183802K [0x0000000080000000, 0x0000000100000000)
  region size 1024K, 2 young (2048K), 2 survivors (2048K)
 Metaspace       used 115444K, committed 116416K, reserved 1155072K
  class space    used 15521K, committed 16000K, reserved 1048576K
}
Event: 19.349 GC heap before
{Heap before GC invocations=61 (full 0):
 garbage-first heap   total 319488K, used 261626K [0x0000000080000000, 0x0000000100000000)
  region size 1024K, 79 young (80896K), 2 survivors (2048K)
 Metaspace       used 116737K, committed 117696K, reserved 1155072K
  class space    used 15711K, committed 16192K, reserved 1048576K
}
Event: 19.354 GC heap after
{Heap after GC invocations=62 (full 0):
 garbage-first heap   total 319488K, used 197380K [0x0000000080000000, 0x0000000100000000)
  region size 1024K, 10 young (10240K), 10 survivors (10240K)
 Metaspace       used 116737K, committed 117696K, reserved 1155072K
  class space    used 15711K, committed 16192K, reserved 1048576K
}
Event: 19.807 GC heap before
{Heap before GC invocations=62 (full 0):
 garbage-first heap   total 319488K, used 261892K [0x0000000080000000, 0x0000000100000000)
  region size 1024K, 74 young (75776K), 10 survivors (10240K)
 Metaspace       used 121076K, committed 122048K, reserved 1155072K
  class space    used 16374K, committed 16832K, reserved 1048576K
}
Event: 19.820 GC heap after
{Heap after GC invocations=63 (full 0):
 garbage-first heap   total 319488K, used 208693K [0x0000000080000000, 0x0000000100000000)
  region size 1024K, 10 young (10240K), 10 survivors (10240K)
 Metaspace       used 121076K, committed 122048K, reserved 1155072K
  class space    used 16374K, committed 16832K, reserved 1048576K
}
Event: 20.009 GC heap before
{Heap before GC invocations=63 (full 0):
 garbage-first heap   total 319488K, used 263989K [0x0000000080000000, 0x0000000100000000)
  region size 1024K, 65 young (66560K), 10 survivors (10240K)
 Metaspace       used 123153K, committed 124160K, reserved 1163264K
  class space    used 16666K, committed 17152K, reserved 1048576K
}
Event: 20.028 GC heap after
{Heap after GC invocations=64 (full 0):
 garbage-first heap   total 319488K, used 219355K [0x0000000080000000, 0x0000000100000000)
  region size 1024K, 9 young (9216K), 9 survivors (9216K)
 Metaspace       used 123153K, committed 124160K, reserved 1163264K
  class space    used 16666K, committed 17152K, reserved 1048576K
}
Event: 20.275 GC heap before
{Heap before GC invocations=64 (full 0):
 garbage-first heap   total 432128K, used 266459K [0x0000000080000000, 0x0000000100000000)
  region size 1024K, 55 young (56320K), 9 survivors (9216K)
 Metaspace       used 124283K, committed 125248K, reserved 1163264K
  class space    used 16834K, committed 17280K, reserved 1048576K
}

