# JRE version: OpenJDK Runtime Environment (17.0.6) (build 17.0.6+0-b2043.56-10027231)
# Java VM: OpenJDK 64-Bit Server VM (17.0.6+0-b2043.56-10027231, mixed mode, tiered, compressed oops, compressed class ptrs, g1 gc, windows-amd64)
GC Precious Log:
 CPUs: 8 total, 8 available
 Memory: 8072M
 Large Page Support: Disabled
 NUMA Support: Disabled
 Compressed Oops: Enabled (32-bit)
 Heap Region Size: 1M
 Heap Min Capacity: 8M
 Heap Initial Capacity: 128M
 Heap Max Capacity: 2G
 Pre-touch: Disabled
 Parallel Workers: 8
 Concurrent Workers: 2
 Concurrent Refinement Workers: 8
 Periodic GC: Disabled
Heap:
 garbage-first heap   total 253952K, used 200213K [0x0000000080000000, 0x0000000100000000)
  region size 1024K, 71 young (72704K), 4 survivors (4096K)
 Metaspace       used 94372K, committed 95232K, reserved 1138688K
  class space    used 12714K, committed 13120K, reserved 1048576K
GC Heap History (20 events):
Event: 4.818 GC heap before
{Heap before GC invocations=19 (full 0):
 garbage-first heap   total 114688K, used 91729K [0x0000000080000000, 0x0000000100000000)
  region size 1024K, 28 young (28672K), 3 survivors (3072K)
 Metaspace       used 49141K, committed 49536K, reserved 1097728K
  class space    used 6422K, committed 6592K, reserved 1048576K
}
Event: 4.823 GC heap after
{Heap after GC invocations=20 (full 0):
 garbage-first heap   total 114688K, used 69561K [0x0000000080000000, 0x0000000100000000)
  region size 1024K, 4 young (4096K), 4 survivors (4096K)
 Metaspace       used 49141K, committed 49536K, reserved 1097728K
  class space    used 6422K, committed 6592K, reserved 1048576K
}
Event: 4.834 GC heap before
{Heap before GC invocations=20 (full 0):
 garbage-first heap   total 114688K, used 70585K [0x0000000080000000, 0x0000000100000000)
  region size 1024K, 5 young (5120K), 4 survivors (4096K)
 Metaspace       used 49149K, committed 49536K, reserved 1097728K
  class space    used 6422K, committed 6592K, reserved 1048576K
}
Event: 4.840 GC heap after
{Heap after GC invocations=21 (full 0):
 garbage-first heap   total 114688K, used 70164K [0x0000000080000000, 0x0000000100000000)
  region size 1024K, 1 young (1024K), 1 survivors (1024K)
 Metaspace       used 49149K, committed 49536K, reserved 1097728K
  class space    used 6422K, committed 6592K, reserved 1048576K
}
Event: 5.105 GC heap before
{Heap before GC invocations=21 (full 0):
 garbage-first heap   total 114688K, used 93716K [0x0000000080000000, 0x0000000100000000)
  region size 1024K, 24 young (24576K), 1 survivors (1024K)
 Metaspace       used 50804K, committed 51264K, reserved 1097728K
  class space    used 6713K, committed 6912K, reserved 1048576K
}
Event: 5.108 GC heap after
{Heap after GC invocations=22 (full 0):
 garbage-first heap   total 114688K, used 72061K [0x0000000080000000, 0x0000000100000000)
  region size 1024K, 3 young (3072K), 3 survivors (3072K)
 Metaspace       used 50804K, committed 51264K, reserved 1097728K
  class space    used 6713K, committed 6912K, reserved 1048576K
}
Event: 5.408 GC heap before
{Heap before GC invocations=23 (full 0):
 garbage-first heap   total 126976K, used 93565K [0x0000000080000000, 0x0000000100000000)
  region size 1024K, 24 young (24576K), 3 survivors (3072K)
 Metaspace       used 53443K, committed 53952K, reserved 1097728K
  class space    used 7147K, committed 7360K, reserved 1048576K
}
Event: 5.411 GC heap after
{Heap after GC invocations=24 (full 0):
 garbage-first heap   total 126976K, used 73291K [0x0000000080000000, 0x0000000100000000)
  region size 1024K, 2 young (2048K), 2 survivors (2048K)
 Metaspace       used 53443K, committed 53952K, reserved 1097728K
  class space    used 7147K, committed 7360K, reserved 1048576K
}
Event: 5.807 GC heap before
{Heap before GC invocations=24 (full 0):
 garbage-first heap   total 126976K, used 99915K [0x0000000080000000, 0x0000000100000000)
  region size 1024K, 29 young (29696K), 2 survivors (2048K)
 Metaspace       used 54505K, committed 55040K, reserved 1097728K
  class space    used 7257K, committed 7488K, reserved 1048576K
}
Event: 5.811 GC heap after
{Heap after GC invocations=25 (full 0):
 garbage-first heap   total 253952K, used 75898K [0x0000000080000000, 0x0000000100000000)
  region size 1024K, 4 young (4096K), 4 survivors (4096K)
 Metaspace       used 54505K, committed 55040K, reserved 1097728K
  class space    used 7257K, committed 7488K, reserved 1048576K
}
Event: 7.268 GC heap before
{Heap before GC invocations=26 (full 0):
 garbage-first heap   total 253952K, used 187514K [0x0000000080000000, 0x0000000100000000)
  region size 1024K, 103 young (105472K), 4 survivors (4096K)
 Metaspace       used 66648K, committed 67264K, reserved 1114112K
  class space    used 8846K, committed 9152K, reserved 1048576K
}
Event: 7.280 GC heap after
{Heap after GC invocations=27 (full 0):
 garbage-first heap   total 253952K, used 90059K [0x0000000080000000, 0x0000000100000000)
  region size 1024K, 13 young (13312K), 13 survivors (13312K)
 Metaspace       used 66648K, committed 67264K, reserved 1114112K
  class space    used 8846K, committed 9152K, reserved 1048576K
}
Event: 7.291 GC heap before
{Heap before GC invocations=27 (full 0):
 garbage-first heap   total 253952K, used 91083K [0x0000000080000000, 0x0000000100000000)
  region size 1024K, 14 young (14336K), 13 survivors (13312K)
 Metaspace       used 66734K, committed 67392K, reserved 1114112K
  class space    used 8855K, committed 9152K, reserved 1048576K
}
Event: 7.298 GC heap after
{Heap after GC invocations=28 (full 0):
 garbage-first heap   total 253952K, used 90603K [0x0000000080000000, 0x0000000100000000)
  region size 1024K, 2 young (2048K), 2 survivors (2048K)
 Metaspace       used 66734K, committed 67392K, reserved 1114112K
  class space    used 8855K, committed 9152K, reserved 1048576K
}
Event: 8.385 GC heap before
{Heap before GC invocations=28 (full 0):
 garbage-first heap   total 253952K, used 186859K [0x0000000080000000, 0x0000000100000000)
  region size 1024K, 96 young (98304K), 2 survivors (2048K)
 Metaspace       used 73732K, committed 74368K, reserved 1114112K
  class space    used 9931K, committed 10240K, reserved 1048576K
}
Event: 8.392 GC heap after
{Heap after GC invocations=29 (full 0):
 garbage-first heap   total 253952K, used 95683K [0x0000000080000000, 0x0000000100000000)
  region size 1024K, 7 young (7168K), 7 survivors (7168K)
 Metaspace       used 73732K, committed 74368K, reserved 1114112K
  class space    used 9931K, committed 10240K, reserved 1048576K
}
Event: 9.793 GC heap before
{Heap before GC invocations=29 (full 0):
 garbage-first heap   total 253952K, used 214467K [0x0000000080000000, 0x0000000100000000)
  region size 1024K, 101 young (103424K), 7 survivors (7168K)
 Metaspace       used 83363K, committed 84032K, reserved 1122304K
  class space    used 11251K, committed 11584K, reserved 1048576K
}
Event: 9.806 GC heap after
{Heap after GC invocations=30 (full 0):
 garbage-first heap   total 253952K, used 128325K [0x0000000080000000, 0x0000000100000000)
  region size 1024K, 13 young (13312K), 13 survivors (13312K)
 Metaspace       used 83363K, committed 84032K, reserved 1122304K
  class space    used 11251K, committed 11584K, reserved 1048576K
}
Event: 10.769 GC heap before
{Heap before GC invocations=30 (full 0):
 garbage-first heap   total 253952K, used 179525K [0x0000000080000000, 0x0000000100000000)
  region size 1024K, 64 young (65536K), 13 survivors (13312K)
 Metaspace       used 91212K, committed 91968K, reserved 1130496K
  class space    used 12422K, committed 12800K, reserved 1048576K
}
Event: 10.783 GC heap after
{Heap after GC invocations=31 (full 0):
 garbage-first heap   total 253952K, used 132629K [0x0000000080000000, 0x0000000100000000)
  region size 1024K, 4 young (4096K), 4 survivors (4096K)
 Metaspace       used 91212K, committed 91968K, reserved 1130496K
  class space    used 12422K, committed 12800K, reserved 1048576K
}

