# JRE version: OpenJDK Runtime Environment (17.0.6) (build 17.0.6+0-b2043.56-10027231)
# Java VM: OpenJDK 64-Bit Server VM (17.0.6+0-b2043.56-10027231, mixed mode, tiered, compressed oops, compressed class ptrs, g1 gc, windows-amd64)
GC Precious Log:
 CPUs: 8 total, 8 available
 Memory: 8072M
 Large Page Support: Disabled
 NUMA Support: Disabled
 Compressed Oops: Enabled (32-bit)
 Heap Region Size: 1M
 Heap Min Capacity: 8M
 Heap Initial Capacity: 128M
 Heap Max Capacity: 2G
 Pre-touch: Disabled
 Parallel Workers: 8
 Concurrent Workers: 2
 Concurrent Refinement Workers: 8
 Periodic GC: Disabled
Heap:
 garbage-first heap   total 425984K, used 321136K [0x0000000080000000, 0x0000000100000000)
  region size 1024K, 101 young (103424K), 19 survivors (19456K)
 Metaspace       used 128601K, committed 129600K, reserved 1163264K
  class space    used 17404K, committed 17920K, reserved 1048576K
GC Heap History (20 events):
Event: 25.884 GC heap before
{Heap before GC invocations=49 (full 0):
 garbage-first heap   total 325632K, used 264195K [0x0000000080000000, 0x0000000100000000)
  region size 1024K, 102 young (104448K), 14 survivors (14336K)
 Metaspace       used 117134K, committed 118080K, reserved 1155072K
  class space    used 15708K, committed 16192K, reserved 1048576K
}
Event: 25.893 GC heap after
{Heap after GC invocations=50 (full 0):
 garbage-first heap   total 325632K, used 178952K [0x0000000080000000, 0x0000000100000000)
  region size 1024K, 6 young (6144K), 6 survivors (6144K)
 Metaspace       used 117134K, committed 118080K, reserved 1155072K
  class space    used 15708K, committed 16192K, reserved 1048576K
}
Event: 26.001 GC heap before
{Heap before GC invocations=50 (full 0):
 garbage-first heap   total 325632K, used 188168K [0x0000000080000000, 0x0000000100000000)
  region size 1024K, 15 young (15360K), 6 survivors (6144K)
 Metaspace       used 117621K, committed 118656K, reserved 1155072K
  class space    used 15774K, committed 16256K, reserved 1048576K
}
Event: 26.009 GC heap after
{Heap after GC invocations=51 (full 0):
 garbage-first heap   total 325632K, used 179600K [0x0000000080000000, 0x0000000100000000)
  region size 1024K, 2 young (2048K), 2 survivors (2048K)
 Metaspace       used 117621K, committed 118656K, reserved 1155072K
  class space    used 15774K, committed 16256K, reserved 1048576K
}
Event: 26.292 GC heap before
{Heap before GC invocations=51 (full 0):
 garbage-first heap   total 325632K, used 266640K [0x0000000080000000, 0x0000000100000000)
  region size 1024K, 88 young (90112K), 2 survivors (2048K)
 Metaspace       used 118255K, committed 119232K, reserved 1155072K
  class space    used 15844K, committed 16320K, reserved 1048576K
}
Event: 26.298 GC heap after
{Heap after GC invocations=52 (full 0):
 garbage-first heap   total 325632K, used 181784K [0x0000000080000000, 0x0000000100000000)
  region size 1024K, 5 young (5120K), 5 survivors (5120K)
 Metaspace       used 118255K, committed 119232K, reserved 1155072K
  class space    used 15844K, committed 16320K, reserved 1048576K
}
Event: 26.428 GC heap before
{Heap before GC invocations=52 (full 0):
 garbage-first heap   total 325632K, used 268824K [0x0000000080000000, 0x0000000100000000)
  region size 1024K, 91 young (93184K), 5 survivors (5120K)
 Metaspace       used 118327K, committed 119360K, reserved 1155072K
  class space    used 15855K, committed 16384K, reserved 1048576K
}
Event: 26.431 GC heap after
{Heap after GC invocations=53 (full 0):
 garbage-first heap   total 325632K, used 181438K [0x0000000080000000, 0x0000000100000000)
  region size 1024K, 4 young (4096K), 4 survivors (4096K)
 Metaspace       used 118327K, committed 119360K, reserved 1155072K
  class space    used 15855K, committed 16384K, reserved 1048576K
}
Event: 26.804 GC heap before
{Heap before GC invocations=53 (full 0):
 garbage-first heap   total 325632K, used 273598K [0x0000000080000000, 0x0000000100000000)
  region size 1024K, 95 young (97280K), 4 survivors (4096K)
 Metaspace       used 118444K, committed 119488K, reserved 1155072K
  class space    used 15862K, committed 16384K, reserved 1048576K
}
Event: 26.809 GC heap after
{Heap after GC invocations=54 (full 0):
 garbage-first heap   total 325632K, used 183026K [0x0000000080000000, 0x0000000100000000)
  region size 1024K, 6 young (6144K), 6 survivors (6144K)
 Metaspace       used 118444K, committed 119488K, reserved 1155072K
  class space    used 15862K, committed 16384K, reserved 1048576K
}
Event: 27.098 GC heap before
{Heap before GC invocations=55 (full 0):
 garbage-first heap   total 355328K, used 275186K [0x0000000080000000, 0x0000000100000000)
  region size 1024K, 97 young (99328K), 6 survivors (6144K)
 Metaspace       used 118520K, committed 119552K, reserved 1155072K
  class space    used 15862K, committed 16384K, reserved 1048576K
}
Event: 27.102 GC heap after
{Heap after GC invocations=56 (full 0):
 garbage-first heap   total 355328K, used 183814K [0x0000000080000000, 0x0000000100000000)
  region size 1024K, 7 young (7168K), 7 survivors (7168K)
 Metaspace       used 118520K, committed 119552K, reserved 1155072K
  class space    used 15862K, committed 16384K, reserved 1048576K
}
Event: 27.120 GC heap before
{Heap before GC invocations=56 (full 0):
 garbage-first heap   total 355328K, used 193030K [0x0000000080000000, 0x0000000100000000)
  region size 1024K, 17 young (17408K), 7 survivors (7168K)
 Metaspace       used 118520K, committed 119552K, reserved 1155072K
  class space    used 15862K, committed 16384K, reserved 1048576K
}
Event: 27.127 GC heap after
{Heap after GC invocations=57 (full 0):
 garbage-first heap   total 355328K, used 178901K [0x0000000080000000, 0x0000000100000000)
  region size 1024K, 2 young (2048K), 2 survivors (2048K)
 Metaspace       used 118520K, committed 119552K, reserved 1155072K
  class space    used 15862K, committed 16384K, reserved 1048576K
}
Event: 27.768 GC heap before
{Heap before GC invocations=57 (full 0):
 garbage-first heap   total 355328K, used 301781K [0x0000000080000000, 0x0000000100000000)
  region size 1024K, 123 young (125952K), 2 survivors (2048K)
 Metaspace       used 119477K, committed 120448K, reserved 1155072K
  class space    used 15997K, committed 16512K, reserved 1048576K
}
Event: 27.775 GC heap after
{Heap after GC invocations=58 (full 0):
 garbage-first heap   total 425984K, used 188037K [0x0000000080000000, 0x0000000100000000)
  region size 1024K, 11 young (11264K), 11 survivors (11264K)
 Metaspace       used 119477K, committed 120448K, reserved 1155072K
  class space    used 15997K, committed 16512K, reserved 1048576K
}
Event: 28.553 GC heap before
{Heap before GC invocations=58 (full 0):
 garbage-first heap   total 425984K, used 355973K [0x0000000080000000, 0x0000000100000000)
  region size 1024K, 176 young (180224K), 11 survivors (11264K)
 Metaspace       used 125376K, committed 126400K, reserved 1163264K
  class space    used 16897K, committed 17408K, reserved 1048576K
}
Event: 28.583 GC heap after
{Heap after GC invocations=59 (full 0):
 garbage-first heap   total 425984K, used 216982K [0x0000000080000000, 0x0000000100000000)
  region size 1024K, 22 young (22528K), 22 survivors (22528K)
 Metaspace       used 125376K, committed 126400K, reserved 1163264K
  class space    used 16897K, committed 17408K, reserved 1048576K
}
Event: 28.914 GC heap before
{Heap before GC invocations=59 (full 0):
 garbage-first heap   total 425984K, used 344982K [0x0000000080000000, 0x0000000100000000)
  region size 1024K, 147 young (150528K), 22 survivors (22528K)
 Metaspace       used 127629K, committed 128576K, reserved 1163264K
  class space    used 17267K, committed 17728K, reserved 1048576K
}
Event: 28.948 GC heap after
{Heap after GC invocations=60 (full 0):
 garbage-first heap   total 425984K, used 238192K [0x0000000080000000, 0x0000000100000000)
  region size 1024K, 19 young (19456K), 19 survivors (19456K)
 Metaspace       used 127629K, committed 128576K, reserved 1163264K
  class space    used 17267K, committed 17728K, reserved 1048576K
}

