# JRE version: OpenJDK Runtime Environment (17.0.6) (build 17.0.6+0-b2043.56-10027231)
# Java VM: OpenJDK 64-Bit Server VM (17.0.6+0-b2043.56-10027231, mixed mode, tiered, compressed oops, compressed class ptrs, g1 gc, windows-amd64)
GC Precious Log:
 CPUs: 8 total, 8 available
 Memory: 8072M
 Large Page Support: Disabled
 NUMA Support: Disabled
 Compressed Oops: Enabled (32-bit)
 Heap Region Size: 1M
 Heap Min Capacity: 8M
 Heap Initial Capacity: 128M
 Heap Max Capacity: 2G
 Pre-touch: Disabled
 Parallel Workers: 8
 Concurrent Workers: 2
 Concurrent Refinement Workers: 8
 Periodic GC: Disabled
Heap:
 garbage-first heap   total 214016K, used 127363K [0x0000000080000000, 0x0000000100000000)
  region size 1024K, 1 young (1024K), 1 survivors (1024K)
 Metaspace       used 80368K, committed 81024K, reserved 1122304K
  class space    used 10992K, committed 11328K, reserved 1048576K
GC Heap History (20 events):
Event: 5.339 GC heap after
{Heap after GC invocations=27 (full 0):
 garbage-first heap   total 168960K, used 85607K [0x0000000080000000, 0x0000000100000000)
  region size 1024K, 8 young (8192K), 8 survivors (8192K)
 Metaspace       used 60689K, committed 61248K, reserved 1105920K
  class space    used 8067K, committed 8320K, reserved 1048576K
}
Event: 5.608 GC heap before
{Heap before GC invocations=27 (full 0):
 garbage-first heap   total 168960K, used 106087K [0x0000000080000000, 0x0000000100000000)
  region size 1024K, 29 young (29696K), 8 survivors (8192K)
 Metaspace       used 64841K, committed 65536K, reserved 1105920K
  class space    used 8628K, committed 8960K, reserved 1048576K
}
Event: 5.612 GC heap after
{Heap after GC invocations=28 (full 0):
 garbage-first heap   total 168960K, used 88684K [0x0000000080000000, 0x0000000100000000)
  region size 1024K, 3 young (3072K), 3 survivors (3072K)
 Metaspace       used 64841K, committed 65536K, reserved 1105920K
  class space    used 8628K, committed 8960K, reserved 1048576K
}
Event: 5.980 GC heap before
{Heap before GC invocations=29 (full 0):
 garbage-first heap   total 179200K, used 139884K [0x0000000080000000, 0x0000000100000000)
  region size 1024K, 47 young (48128K), 3 survivors (3072K)
 Metaspace       used 68193K, committed 68928K, reserved 1114112K
  class space    used 9066K, committed 9408K, reserved 1048576K
}
Event: 5.984 GC heap after
{Heap after GC invocations=30 (full 0):
 garbage-first heap   total 179200K, used 92158K [0x0000000080000000, 0x0000000100000000)
  region size 1024K, 6 young (6144K), 6 survivors (6144K)
 Metaspace       used 68193K, committed 68928K, reserved 1114112K
  class space    used 9066K, committed 9408K, reserved 1048576K
}
Event: 5.998 GC heap before
{Heap before GC invocations=30 (full 0):
 garbage-first heap   total 179200K, used 94206K [0x0000000080000000, 0x0000000100000000)
  region size 1024K, 8 young (8192K), 6 survivors (6144K)
 Metaspace       used 68343K, committed 69056K, reserved 1114112K
  class space    used 9083K, committed 9408K, reserved 1048576K
}
Event: 6.002 GC heap after
{Heap after GC invocations=31 (full 0):
 garbage-first heap   total 179200K, used 92242K [0x0000000080000000, 0x0000000100000000)
  region size 1024K, 1 young (1024K), 1 survivors (1024K)
 Metaspace       used 68343K, committed 69056K, reserved 1114112K
  class space    used 9083K, committed 9408K, reserved 1048576K
}
Event: 6.297 GC heap before
{Heap before GC invocations=31 (full 0):
 garbage-first heap   total 179200K, used 140370K [0x0000000080000000, 0x0000000100000000)
  region size 1024K, 48 young (49152K), 1 survivors (1024K)
 Metaspace       used 70260K, committed 70848K, reserved 1114112K
  class space    used 9368K, committed 9664K, reserved 1048576K
}
Event: 6.300 GC heap after
{Heap after GC invocations=32 (full 0):
 garbage-first heap   total 179200K, used 95260K [0x0000000080000000, 0x0000000100000000)
  region size 1024K, 4 young (4096K), 4 survivors (4096K)
 Metaspace       used 70260K, committed 70848K, reserved 1114112K
  class space    used 9368K, committed 9664K, reserved 1048576K
}
Event: 6.780 GC heap before
{Heap before GC invocations=33 (full 0):
 garbage-first heap   total 179200K, used 143388K [0x0000000080000000, 0x0000000100000000)
  region size 1024K, 50 young (51200K), 4 survivors (4096K)
 Metaspace       used 75599K, committed 76288K, reserved 1122304K
  class space    used 10288K, committed 10624K, reserved 1048576K
}
Event: 6.785 GC heap after
{Heap after GC invocations=34 (full 0):
 garbage-first heap   total 179200K, used 98123K [0x0000000080000000, 0x0000000100000000)
  region size 1024K, 3 young (3072K), 3 survivors (3072K)
 Metaspace       used 75599K, committed 76288K, reserved 1122304K
  class space    used 10288K, committed 10624K, reserved 1048576K
}
Event: 6.852 GC heap before
{Heap before GC invocations=34 (full 0):
 garbage-first heap   total 179200K, used 103243K [0x0000000080000000, 0x0000000100000000)
  region size 1024K, 8 young (8192K), 3 survivors (3072K)
 Metaspace       used 76059K, committed 76736K, reserved 1122304K
  class space    used 10351K, committed 10688K, reserved 1048576K
}
Event: 6.856 GC heap after
{Heap after GC invocations=35 (full 0):
 garbage-first heap   total 179200K, used 98695K [0x0000000080000000, 0x0000000100000000)
  region size 1024K, 1 young (1024K), 1 survivors (1024K)
 Metaspace       used 76059K, committed 76736K, reserved 1122304K
  class space    used 10351K, committed 10688K, reserved 1048576K
}
Event: 6.972 GC heap before
{Heap before GC invocations=35 (full 0):
 garbage-first heap   total 179200K, used 107911K [0x0000000080000000, 0x0000000100000000)
  region size 1024K, 9 young (9216K), 1 survivors (1024K)
 Metaspace       used 77292K, committed 77952K, reserved 1122304K
  class space    used 10515K, committed 10816K, reserved 1048576K
}
Event: 6.974 GC heap after
{Heap after GC invocations=36 (full 0):
 garbage-first heap   total 179200K, used 101259K [0x0000000080000000, 0x0000000100000000)
  region size 1024K, 2 young (2048K), 2 survivors (2048K)
 Metaspace       used 77292K, committed 77952K, reserved 1122304K
  class space    used 10515K, committed 10816K, reserved 1048576K
}
Event: 6.979 GC heap before
{Heap before GC invocations=36 (full 0):
 garbage-first heap   total 179200K, used 104331K [0x0000000080000000, 0x0000000100000000)
  region size 1024K, 3 young (3072K), 2 survivors (2048K)
 Metaspace       used 77292K, committed 77952K, reserved 1122304K
  class space    used 10515K, committed 10816K, reserved 1048576K
}
Event: 6.981 GC heap after
{Heap after GC invocations=37 (full 0):
 garbage-first heap   total 179200K, used 105051K [0x0000000080000000, 0x0000000100000000)
  region size 1024K, 3 young (3072K), 3 survivors (3072K)
 Metaspace       used 77292K, committed 77952K, reserved 1122304K
  class space    used 10515K, committed 10816K, reserved 1048576K
}
Event: 7.266 GC heap before
{Heap before GC invocations=38 (full 0):
 garbage-first heap   total 214016K, used 147035K [0x0000000080000000, 0x0000000100000000)
  region size 1024K, 28 young (28672K), 3 survivors (3072K)
 Metaspace       used 80306K, committed 81024K, reserved 1122304K
  class space    used 10992K, committed 11328K, reserved 1048576K
}
Event: 7.270 GC heap after
{Heap after GC invocations=39 (full 0):
 garbage-first heap   total 214016K, used 126923K [0x0000000080000000, 0x0000000100000000)
  region size 1024K, 4 young (4096K), 4 survivors (4096K)
 Metaspace       used 80306K, committed 81024K, reserved 1122304K
  class space    used 10992K, committed 11328K, reserved 1048576K
}
Event: 7.323 GC heap before
{Heap before GC invocations=39 (full 0):
 garbage-first heap   total 214016K, used 133067K [0x0000000080000000, 0x0000000100000000)
  region size 1024K, 10 young (10240K), 4 survivors (4096K)
 Metaspace       used 80368K, committed 81024K, reserved 1122304K
  class space    used 10992K, committed 11328K, reserved 1048576K
}

