# JRE version: OpenJDK Runtime Environment (17.0.6) (build 17.0.6+0-b2043.56-10027231)
# Java VM: OpenJDK 64-Bit Server VM (17.0.6+0-b2043.56-10027231, mixed mode, tiered, compressed oops, compressed class ptrs, g1 gc, windows-amd64)
GC Precious Log:
 CPUs: 8 total, 8 available
 Memory: 8072M
 Large Page Support: Disabled
 NUMA Support: Disabled
 Compressed Oops: Enabled (32-bit)
 Heap Region Size: 1M
 Heap Min Capacity: 8M
 Heap Initial Capacity: 128M
 Heap Max Capacity: 2G
 Pre-touch: Disabled
 Parallel Workers: 8
 Concurrent Workers: 2
 Concurrent Refinement Workers: 8
 Periodic GC: Disabled
Heap:
 garbage-first heap   total 311296K, used 235944K [0x0000000080000000, 0x0000000100000000)
  region size 1024K, 5 young (5120K), 5 survivors (5120K)
 Metaspace       used 98755K, committed 99456K, reserved 1138688K
  class space    used 13661K, committed 14016K, reserved 1048576K
GC Heap History (20 events):
Event: 9.921 GC heap after
{Heap after GC invocations=39 (full 0):
 garbage-first heap   total 135168K, used 73890K [0x0000000080000000, 0x0000000100000000)
  region size 1024K, 6 young (6144K), 6 survivors (6144K)
 Metaspace       used 82263K, committed 82880K, reserved 1122304K
  class space    used 11194K, committed 11520K, reserved 1048576K
}
Event: 9.941 GC heap before
{Heap before GC invocations=39 (full 0):
 garbage-first heap   total 135168K, used 74914K [0x0000000080000000, 0x0000000100000000)
  region size 1024K, 7 young (7168K), 6 survivors (6144K)
 Metaspace       used 82321K, committed 82944K, reserved 1122304K
  class space    used 11208K, committed 11520K, reserved 1048576K
}
Event: 9.948 GC heap after
{Heap after GC invocations=40 (full 0):
 garbage-first heap   total 135168K, used 74889K [0x0000000080000000, 0x0000000100000000)
  region size 1024K, 1 young (1024K), 1 survivors (1024K)
 Metaspace       used 82321K, committed 82944K, reserved 1122304K
  class space    used 11208K, committed 11520K, reserved 1048576K
}
Event: 10.490 GC heap before
{Heap before GC invocations=40 (full 0):
 garbage-first heap   total 135168K, used 107657K [0x0000000080000000, 0x0000000100000000)
  region size 1024K, 33 young (33792K), 1 survivors (1024K)
 Metaspace       used 84747K, committed 85440K, reserved 1122304K
  class space    used 11705K, committed 12032K, reserved 1048576K
}
Event: 10.496 GC heap after
{Heap after GC invocations=41 (full 0):
 garbage-first heap   total 135168K, used 77451K [0x0000000080000000, 0x0000000100000000)
  region size 1024K, 4 young (4096K), 4 survivors (4096K)
 Metaspace       used 84747K, committed 85440K, reserved 1122304K
  class space    used 11705K, committed 12032K, reserved 1048576K
}
Event: 10.757 GC heap before
{Heap before GC invocations=42 (full 0):
 garbage-first heap   total 155648K, used 107147K [0x0000000080000000, 0x0000000100000000)
  region size 1024K, 34 young (34816K), 4 survivors (4096K)
 Metaspace       used 84901K, committed 85568K, reserved 1122304K
  class space    used 11709K, committed 12032K, reserved 1048576K
}
Event: 10.763 GC heap after
{Heap after GC invocations=43 (full 0):
 garbage-first heap   total 155648K, used 81161K [0x0000000080000000, 0x0000000100000000)
  region size 1024K, 4 young (4096K), 4 survivors (4096K)
 Metaspace       used 84901K, committed 85568K, reserved 1122304K
  class space    used 11709K, committed 12032K, reserved 1048576K
}
Event: 10.782 GC heap before
{Heap before GC invocations=43 (full 0):
 garbage-first heap   total 155648K, used 83209K [0x0000000080000000, 0x0000000100000000)
  region size 1024K, 7 young (7168K), 4 survivors (4096K)
 Metaspace       used 84929K, committed 85632K, reserved 1130496K
  class space    used 11715K, committed 12032K, reserved 1048576K
}
Event: 10.787 GC heap after
{Heap after GC invocations=44 (full 0):
 garbage-first heap   total 311296K, used 81394K [0x0000000080000000, 0x0000000100000000)
  region size 1024K, 1 young (1024K), 1 survivors (1024K)
 Metaspace       used 84929K, committed 85632K, reserved 1130496K
  class space    used 11715K, committed 12032K, reserved 1048576K
}
Event: 12.127 GC heap before
{Heap before GC invocations=44 (full 0):
 garbage-first heap   total 311296K, used 244210K [0x0000000080000000, 0x0000000100000000)
  region size 1024K, 160 young (163840K), 1 survivors (1024K)
 Metaspace       used 87688K, committed 88320K, reserved 1130496K
  class space    used 11964K, committed 12288K, reserved 1048576K
}
Event: 12.136 GC heap after
{Heap after GC invocations=45 (full 0):
 garbage-first heap   total 311296K, used 92560K [0x0000000080000000, 0x0000000100000000)
  region size 1024K, 12 young (12288K), 12 survivors (12288K)
 Metaspace       used 87688K, committed 88320K, reserved 1130496K
  class space    used 11964K, committed 12288K, reserved 1048576K
}
Event: 12.864 GC heap before
{Heap before GC invocations=45 (full 0):
 garbage-first heap   total 311296K, used 255376K [0x0000000080000000, 0x0000000100000000)
  region size 1024K, 151 young (154624K), 12 survivors (12288K)
 Metaspace       used 94079K, committed 94656K, reserved 1138688K
  class space    used 12849K, committed 13120K, reserved 1048576K
}
Event: 12.878 GC heap after
{Heap after GC invocations=46 (full 0):
 garbage-first heap   total 311296K, used 131721K [0x0000000080000000, 0x0000000100000000)
  region size 1024K, 19 young (19456K), 19 survivors (19456K)
 Metaspace       used 94079K, committed 94656K, reserved 1138688K
  class space    used 12849K, committed 13120K, reserved 1048576K
}
Event: 13.006 GC heap before
{Heap before GC invocations=46 (full 0):
 garbage-first heap   total 311296K, used 210569K [0x0000000080000000, 0x0000000100000000)
  region size 1024K, 52 young (53248K), 19 survivors (19456K)
 Metaspace       used 95607K, committed 96320K, reserved 1138688K
  class space    used 13054K, committed 13376K, reserved 1048576K
}
Event: 13.017 GC heap after
{Heap after GC invocations=47 (full 0):
 garbage-first heap   total 311296K, used 166186K [0x0000000080000000, 0x0000000100000000)
  region size 1024K, 12 young (12288K), 12 survivors (12288K)
 Metaspace       used 95607K, committed 96320K, reserved 1138688K
  class space    used 13054K, committed 13376K, reserved 1048576K
}
Event: 13.545 GC heap before
{Heap before GC invocations=47 (full 0):
 garbage-first heap   total 311296K, used 249130K [0x0000000080000000, 0x0000000100000000)
  region size 1024K, 85 young (87040K), 12 survivors (12288K)
 Metaspace       used 96047K, committed 96768K, reserved 1138688K
  class space    used 13115K, committed 13440K, reserved 1048576K
}
Event: 13.572 GC heap after
{Heap after GC invocations=48 (full 0):
 garbage-first heap   total 311296K, used 194762K [0x0000000080000000, 0x0000000100000000)
  region size 1024K, 11 young (11264K), 11 survivors (11264K)
 Metaspace       used 96047K, committed 96768K, reserved 1138688K
  class space    used 13115K, committed 13440K, reserved 1048576K
}
Event: 13.925 GC heap before
{Heap before GC invocations=48 (full 0):
 garbage-first heap   total 311296K, used 245962K [0x0000000080000000, 0x0000000100000000)
  region size 1024K, 57 young (58368K), 11 survivors (11264K)
 Metaspace       used 98582K, committed 99264K, reserved 1138688K
  class space    used 13661K, committed 14016K, reserved 1048576K
}
Event: 13.958 GC heap after
{Heap after GC invocations=49 (full 0):
 garbage-first heap   total 311296K, used 218870K [0x0000000080000000, 0x0000000100000000)
  region size 1024K, 8 young (8192K), 8 survivors (8192K)
 Metaspace       used 98582K, committed 99264K, reserved 1138688K
  class space    used 13661K, committed 14016K, reserved 1048576K
}
Event: 14.132 GC heap before
{Heap before GC invocations=49 (full 0):
 garbage-first heap   total 311296K, used 250614K [0x0000000080000000, 0x0000000100000000)
  region size 1024K, 40 young (40960K), 8 survivors (8192K)
 Metaspace       used 98755K, committed 99456K, reserved 1138688K
  class space    used 13661K, committed 14016K, reserved 1048576K
}

