# JRE version: OpenJDK Runtime Environment (17.0.6) (build 17.0.6+0-b2043.56-10027231)
# Java VM: OpenJDK 64-Bit Server VM (17.0.6+0-b2043.56-10027231, mixed mode, tiered, compressed oops, compressed class ptrs, g1 gc, windows-amd64)
GC Precious Log:
 CPUs: 8 total, 8 available
 Memory: 8072M
 Large Page Support: Disabled
 NUMA Support: Disabled
 Compressed Oops: Enabled (32-bit)
 Heap Region Size: 1M
 Heap Min Capacity: 8M
 Heap Initial Capacity: 128M
 Heap Max Capacity: 2G
 Pre-touch: Disabled
 Parallel Workers: 8
 Concurrent Workers: 2
 Concurrent Refinement Workers: 8
 Periodic GC: Disabled
Heap:
 garbage-first heap   total 318464K, used 130755K [0x0000000080000000, 0x0000000100000000)
  region size 1024K, 7 young (7168K), 7 survivors (7168K)
 Metaspace       used 130283K, committed 131200K, reserved 1163264K
  class space    used 17432K, committed 17856K, reserved 1048576K
GC Heap History (20 events):
Event: 6993.652 GC heap after
{Heap after GC invocations=51 (full 0):
 garbage-first heap   total 318464K, used 133971K [0x0000000080000000, 0x0000000100000000)
  region size 1024K, 12 young (12288K), 12 survivors (12288K)
 Metaspace       used 128175K, committed 129088K, reserved 1163264K
  class space    used 17315K, committed 17728K, reserved 1048576K
}
Event: 6993.683 GC heap before
{Heap before GC invocations=51 (full 0):
 garbage-first heap   total 318464K, used 137043K [0x0000000080000000, 0x0000000100000000)
  region size 1024K, 15 young (15360K), 12 survivors (12288K)
 Metaspace       used 128187K, committed 129088K, reserved 1163264K
  class space    used 17315K, committed 17728K, reserved 1048576K
}
Event: 6993.707 GC heap after
{Heap after GC invocations=52 (full 0):
 garbage-first heap   total 318464K, used 114191K [0x0000000080000000, 0x0000000100000000)
  region size 1024K, 2 young (2048K), 2 survivors (2048K)
 Metaspace       used 128187K, committed 129088K, reserved 1163264K
  class space    used 17315K, committed 17728K, reserved 1048576K
}
Event: 6993.870 GC heap before
{Heap before GC invocations=52 (full 0):
 garbage-first heap   total 318464K, used 126479K [0x0000000080000000, 0x0000000100000000)
  region size 1024K, 15 young (15360K), 2 survivors (2048K)
 Metaspace       used 128226K, committed 129152K, reserved 1163264K
  class space    used 17318K, committed 17728K, reserved 1048576K
}
Event: 6993.880 GC heap after
{Heap after GC invocations=53 (full 0):
 garbage-first heap   total 318464K, used 115132K [0x0000000080000000, 0x0000000100000000)
  region size 1024K, 2 young (2048K), 2 survivors (2048K)
 Metaspace       used 128226K, committed 129152K, reserved 1163264K
  class space    used 17318K, committed 17728K, reserved 1048576K
}
Event: 6994.392 GC heap before
{Heap before GC invocations=53 (full 0):
 garbage-first heap   total 318464K, used 153020K [0x0000000080000000, 0x0000000100000000)
  region size 1024K, 41 young (41984K), 2 survivors (2048K)
 Metaspace       used 128591K, committed 129472K, reserved 1163264K
  class space    used 17348K, committed 17728K, reserved 1048576K
}
Event: 6994.397 GC heap after
{Heap after GC invocations=54 (full 0):
 garbage-first heap   total 318464K, used 116908K [0x0000000080000000, 0x0000000100000000)
  region size 1024K, 4 young (4096K), 4 survivors (4096K)
 Metaspace       used 128591K, committed 129472K, reserved 1163264K
  class space    used 17348K, committed 17728K, reserved 1048576K
}
Event: 7612.227 GC heap before
{Heap before GC invocations=55 (full 0):
 garbage-first heap   total 318464K, used 275628K [0x0000000080000000, 0x0000000100000000)
  region size 1024K, 134 young (137216K), 4 survivors (4096K)
 Metaspace       used 128983K, committed 129792K, reserved 1163264K
  class space    used 17365K, committed 17728K, reserved 1048576K
}
Event: 7612.242 GC heap after
{Heap after GC invocations=56 (full 0):
 garbage-first heap   total 318464K, used 137423K [0x0000000080000000, 0x0000000100000000)
  region size 1024K, 17 young (17408K), 17 survivors (17408K)
 Metaspace       used 128983K, committed 129792K, reserved 1163264K
  class space    used 17365K, committed 17728K, reserved 1048576K
}
Event: 7612.248 GC heap before
{Heap before GC invocations=56 (full 0):
 garbage-first heap   total 318464K, used 138447K [0x0000000080000000, 0x0000000100000000)
  region size 1024K, 18 young (18432K), 17 survivors (17408K)
 Metaspace       used 128983K, committed 129792K, reserved 1163264K
  class space    used 17365K, committed 17728K, reserved 1048576K
}
Event: 7612.340 GC heap after
{Heap after GC invocations=57 (full 0):
 garbage-first heap   total 318464K, used 137656K [0x0000000080000000, 0x0000000100000000)
  region size 1024K, 2 young (2048K), 2 survivors (2048K)
 Metaspace       used 128983K, committed 129792K, reserved 1163264K
  class space    used 17365K, committed 17728K, reserved 1048576K
}
Event: 7613.083 GC heap before
{Heap before GC invocations=57 (full 0):
 garbage-first heap   total 318464K, used 204216K [0x0000000080000000, 0x0000000100000000)
  region size 1024K, 69 young (70656K), 2 survivors (2048K)
 Metaspace       used 130086K, committed 130944K, reserved 1163264K
  class space    used 17420K, committed 17792K, reserved 1048576K
}
Event: 7613.089 GC heap after
{Heap after GC invocations=58 (full 0):
 garbage-first heap   total 318464K, used 142225K [0x0000000080000000, 0x0000000100000000)
  region size 1024K, 7 young (7168K), 7 survivors (7168K)
 Metaspace       used 130086K, committed 130944K, reserved 1163264K
  class space    used 17420K, committed 17792K, reserved 1048576K
}
Event: 12802.370 GC heap before
{Heap before GC invocations=59 (full 0):
 garbage-first heap   total 318464K, used 270225K [0x0000000080000000, 0x0000000100000000)
  region size 1024K, 108 young (110592K), 7 survivors (7168K)
 Metaspace       used 130104K, committed 131008K, reserved 1163264K
  class space    used 17421K, committed 17792K, reserved 1048576K
}
Event: 12802.401 GC heap after
{Heap after GC invocations=60 (full 0):
 garbage-first heap   total 318464K, used 141453K [0x0000000080000000, 0x0000000100000000)
  region size 1024K, 6 young (6144K), 6 survivors (6144K)
 Metaspace       used 130104K, committed 131008K, reserved 1163264K
  class space    used 17421K, committed 17792K, reserved 1048576K
}
Event: 13102.898 GC heap before
{Heap before GC invocations=60 (full 0):
 garbage-first heap   total 318464K, used 150669K [0x0000000080000000, 0x0000000100000000)
  region size 1024K, 15 young (15360K), 6 survivors (6144K)
 Metaspace       used 130128K, committed 131008K, reserved 1163264K
  class space    used 17421K, committed 17792K, reserved 1048576K
}
Event: 13103.054 GC heap after
{Heap after GC invocations=61 (full 0):
 garbage-first heap   total 318464K, used 125347K [0x0000000080000000, 0x0000000100000000)
  region size 1024K, 2 young (2048K), 2 survivors (2048K)
 Metaspace       used 130128K, committed 131008K, reserved 1163264K
  class space    used 17421K, committed 17792K, reserved 1048576K
}
Event: 13103.350 GC heap before
{Heap before GC invocations=61 (full 0):
 garbage-first heap   total 318464K, used 137635K [0x0000000080000000, 0x0000000100000000)
  region size 1024K, 15 young (15360K), 2 survivors (2048K)
 Metaspace       used 130130K, committed 131008K, reserved 1163264K
  class space    used 17422K, committed 17792K, reserved 1048576K
}
Event: 13103.400 GC heap after
{Heap after GC invocations=62 (full 0):
 garbage-first heap   total 318464K, used 125635K [0x0000000080000000, 0x0000000100000000)
  region size 1024K, 2 young (2048K), 2 survivors (2048K)
 Metaspace       used 130130K, committed 131008K, reserved 1163264K
  class space    used 17422K, committed 17792K, reserved 1048576K
}
Event: 13103.883 GC heap before
{Heap before GC invocations=62 (full 0):
 garbage-first heap   total 318464K, used 162499K [0x0000000080000000, 0x0000000100000000)
  region size 1024K, 40 young (40960K), 2 survivors (2048K)
 Metaspace       used 130283K, committed 131200K, reserved 1163264K
  class space    used 17432K, committed 17856K, reserved 1048576K
}

