# JRE version: OpenJDK Runtime Environment (17.0.6) (build 17.0.6+0-b2043.56-10027231)
# Java VM: OpenJDK 64-Bit Server VM (17.0.6+0-b2043.56-10027231, mixed mode, tiered, compressed oops, compressed class ptrs, g1 gc, windows-amd64)
GC Precious Log:
 CPUs: 8 total, 8 available
 Memory: 8072M
 Large Page Support: Disabled
 NUMA Support: Disabled
 Compressed Oops: Enabled (32-bit)
 Heap Region Size: 1M
 Heap Min Capacity: 8M
 Heap Initial Capacity: 128M
 Heap Max Capacity: 2G
 Pre-touch: Disabled
 Parallel Workers: 8
 Concurrent Workers: 2
 Concurrent Refinement Workers: 8
 Periodic GC: Disabled
Heap:
 garbage-first heap   total 104448K, used 66072K [0x0000000080000000, 0x0000000100000000)
  region size 1024K, 4 young (4096K), 3 survivors (3072K)
 Metaspace       used 46161K, committed 46592K, reserved 1089536K
  class space    used 6132K, committed 6336K, reserved 1048576K
GC Heap History (20 events):
Event: 2.965 GC heap before
{Heap before GC invocations=5 (full 0):
 garbage-first heap   total 68608K, used 49825K [0x0000000080000000, 0x0000000100000000)
  region size 1024K, 25 young (25600K), 3 survivors (3072K)
 Metaspace       used 29376K, committed 29696K, reserved 1081344K
  class space    used 3984K, committed 4160K, reserved 1048576K
}
Event: 2.970 GC heap after
{Heap after GC invocations=6 (full 0):
 garbage-first heap   total 68608K, used 32874K [0x0000000080000000, 0x0000000100000000)
  region size 1024K, 4 young (4096K), 4 survivors (4096K)
 Metaspace       used 29376K, committed 29696K, reserved 1081344K
  class space    used 3984K, committed 4160K, reserved 1048576K
}
Event: 2.983 GC heap before
{Heap before GC invocations=6 (full 0):
 garbage-first heap   total 68608K, used 45162K [0x0000000080000000, 0x0000000100000000)
  region size 1024K, 5 young (5120K), 4 survivors (4096K)
 Metaspace       used 29377K, committed 29696K, reserved 1081344K
  class space    used 3984K, committed 4160K, reserved 1048576K
}
Event: 2.985 GC heap after
{Heap after GC invocations=7 (full 0):
 garbage-first heap   total 82944K, used 45334K [0x0000000080000000, 0x0000000100000000)
  region size 1024K, 1 young (1024K), 1 survivors (1024K)
 Metaspace       used 29377K, committed 29696K, reserved 1081344K
  class space    used 3984K, committed 4160K, reserved 1048576K
}
Event: 3.281 GC heap before
{Heap before GC invocations=8 (full 0):
 garbage-first heap   total 83968K, used 64790K [0x0000000080000000, 0x0000000100000000)
  region size 1024K, 19 young (19456K), 1 survivors (1024K)
 Metaspace       used 31637K, committed 32064K, reserved 1081344K
  class space    used 4354K, committed 4544K, reserved 1048576K
}
Event: 3.283 GC heap after
{Heap after GC invocations=9 (full 0):
 garbage-first heap   total 83968K, used 49436K [0x0000000080000000, 0x0000000100000000)
  region size 1024K, 3 young (3072K), 3 survivors (3072K)
 Metaspace       used 31637K, committed 32064K, reserved 1081344K
  class space    used 4354K, committed 4544K, reserved 1048576K
}
Event: 3.523 GC heap before
{Heap before GC invocations=9 (full 0):
 garbage-first heap   total 83968K, used 64796K [0x0000000080000000, 0x0000000100000000)
  region size 1024K, 18 young (18432K), 3 survivors (3072K)
 Metaspace       used 33833K, committed 34176K, reserved 1081344K
  class space    used 4690K, committed 4864K, reserved 1048576K
}
Event: 3.525 GC heap after
{Heap after GC invocations=10 (full 0):
 garbage-first heap   total 83968K, used 50400K [0x0000000080000000, 0x0000000100000000)
  region size 1024K, 1 young (1024K), 1 survivors (1024K)
 Metaspace       used 33833K, committed 34176K, reserved 1081344K
  class space    used 4690K, committed 4864K, reserved 1048576K
}
Event: 3.810 GC heap before
{Heap before GC invocations=11 (full 0):
 garbage-first heap   total 89088K, used 66784K [0x0000000080000000, 0x0000000100000000)
  region size 1024K, 17 young (17408K), 1 survivors (1024K)
 Metaspace       used 37061K, committed 37504K, reserved 1081344K
  class space    used 5118K, committed 5312K, reserved 1048576K
}
Event: 3.813 GC heap after
{Heap after GC invocations=12 (full 0):
 garbage-first heap   total 89088K, used 51739K [0x0000000080000000, 0x0000000100000000)
  region size 1024K, 3 young (3072K), 3 survivors (3072K)
 Metaspace       used 37061K, committed 37504K, reserved 1081344K
  class space    used 5118K, committed 5312K, reserved 1048576K
}
Event: 4.127 GC heap before
{Heap before GC invocations=12 (full 0):
 garbage-first heap   total 89088K, used 70171K [0x0000000080000000, 0x0000000100000000)
  region size 1024K, 22 young (22528K), 3 survivors (3072K)
 Metaspace       used 41717K, committed 42112K, reserved 1089536K
  class space    used 5576K, committed 5760K, reserved 1048576K
}
Event: 4.132 GC heap after
{Heap after GC invocations=13 (full 0):
 garbage-first heap   total 89088K, used 54572K [0x0000000080000000, 0x0000000100000000)
  region size 1024K, 3 young (3072K), 3 survivors (3072K)
 Metaspace       used 41717K, committed 42112K, reserved 1089536K
  class space    used 5576K, committed 5760K, reserved 1048576K
}
Event: 4.252 GC heap before
{Heap before GC invocations=14 (full 0):
 garbage-first heap   total 101376K, used 70956K [0x0000000080000000, 0x0000000100000000)
  region size 1024K, 20 young (20480K), 3 survivors (3072K)
 Metaspace       used 42157K, committed 42560K, reserved 1089536K
  class space    used 5622K, committed 5824K, reserved 1048576K
}
Event: 4.256 GC heap after
{Heap after GC invocations=15 (full 0):
 garbage-first heap   total 101376K, used 57369K [0x0000000080000000, 0x0000000100000000)
  region size 1024K, 3 young (3072K), 3 survivors (3072K)
 Metaspace       used 42157K, committed 42560K, reserved 1089536K
  class space    used 5622K, committed 5824K, reserved 1048576K
}
Event: 4.257 GC heap before
{Heap before GC invocations=15 (full 0):
 garbage-first heap   total 101376K, used 57369K [0x0000000080000000, 0x0000000100000000)
  region size 1024K, 4 young (4096K), 3 survivors (3072K)
 Metaspace       used 42157K, committed 42560K, reserved 1089536K
  class space    used 5622K, committed 5824K, reserved 1048576K
}
Event: 4.259 GC heap after
{Heap after GC invocations=16 (full 0):
 garbage-first heap   total 101376K, used 57481K [0x0000000080000000, 0x0000000100000000)
  region size 1024K, 1 young (1024K), 1 survivors (1024K)
 Metaspace       used 42157K, committed 42560K, reserved 1089536K
  class space    used 5622K, committed 5824K, reserved 1048576K
}
Event: 4.596 GC heap before
{Heap before GC invocations=17 (full 0):
 garbage-first heap   total 104448K, used 78985K [0x0000000080000000, 0x0000000100000000)
  region size 1024K, 19 young (19456K), 1 survivors (1024K)
 Metaspace       used 45083K, committed 45440K, reserved 1089536K
  class space    used 5965K, committed 6144K, reserved 1048576K
}
Event: 4.598 GC heap after
{Heap after GC invocations=18 (full 0):
 garbage-first heap   total 104448K, used 58293K [0x0000000080000000, 0x0000000100000000)
  region size 1024K, 2 young (2048K), 2 survivors (2048K)
 Metaspace       used 45083K, committed 45440K, reserved 1089536K
  class space    used 5965K, committed 6144K, reserved 1048576K
}
Event: 4.787 GC heap before
{Heap before GC invocations=18 (full 0):
 garbage-first heap   total 104448K, used 68533K [0x0000000080000000, 0x0000000100000000)
  region size 1024K, 13 young (13312K), 2 survivors (2048K)
 Metaspace       used 46127K, committed 46592K, reserved 1089536K
  class space    used 6129K, committed 6336K, reserved 1048576K
}
Event: 4.791 GC heap after
{Heap after GC invocations=19 (full 0):
 garbage-first heap   total 104448K, used 59928K [0x0000000080000000, 0x0000000100000000)
  region size 1024K, 3 young (3072K), 3 survivors (3072K)
 Metaspace       used 46127K, committed 46592K, reserved 1089536K
  class space    used 6129K, committed 6336K, reserved 1048576K
}

