# JRE version: OpenJDK Runtime Environment (17.0.6) (build 17.0.6+0-b2043.56-10027231)
# Java VM: OpenJDK 64-Bit Server VM (17.0.6+0-b2043.56-10027231, mixed mode, tiered, compressed oops, compressed class ptrs, g1 gc, windows-amd64)
GC Precious Log:
 CPUs: 8 total, 8 available
 Memory: 8072M
 Large Page Support: Disabled
 NUMA Support: Disabled
 Compressed Oops: Enabled (32-bit)
 Heap Region Size: 1M
 Heap Min Capacity: 8M
 Heap Initial Capacity: 128M
 Heap Max Capacity: 2G
 Pre-touch: Disabled
 Parallel Workers: 8
 Concurrent Workers: 2
 Concurrent Refinement Workers: 8
 Periodic GC: Disabled
Heap:
 garbage-first heap   total 416768K, used 323760K [0x0000000080000000, 0x0000000100000000)
  region size 1024K, 6 young (6144K), 6 survivors (6144K)
 Metaspace       used 111978K, committed 112768K, reserved 1146880K
  class space    used 14976K, committed 15296K, reserved 1048576K
GC Heap History (20 events):
Event: 23.085 GC heap after
{Heap after GC invocations=45 (full 0):
 garbage-first heap   total 171008K, used 92239K [0x0000000080000000, 0x0000000100000000)
  region size 1024K, 5 young (5120K), 5 survivors (5120K)
 Metaspace       used 91757K, committed 92480K, reserved 1130496K
  class space    used 12437K, committed 12800K, reserved 1048576K
}
Event: 23.191 GC heap before
{Heap before GC invocations=45 (full 0):
 garbage-first heap   total 171008K, used 95311K [0x0000000080000000, 0x0000000100000000)
  region size 1024K, 8 young (8192K), 5 survivors (5120K)
 Metaspace       used 91801K, committed 92544K, reserved 1130496K
  class space    used 12437K, committed 12800K, reserved 1048576K
}
Event: 23.198 GC heap after
{Heap after GC invocations=46 (full 0):
 garbage-first heap   total 171008K, used 91221K [0x0000000080000000, 0x0000000100000000)
  region size 1024K, 1 young (1024K), 1 survivors (1024K)
 Metaspace       used 91801K, committed 92544K, reserved 1130496K
  class space    used 12437K, committed 12800K, reserved 1048576K
}
Event: 24.123 GC heap before
{Heap before GC invocations=46 (full 0):
 garbage-first heap   total 171008K, used 145493K [0x0000000080000000, 0x0000000100000000)
  region size 1024K, 46 young (47104K), 1 survivors (1024K)
 Metaspace       used 91948K, committed 92672K, reserved 1130496K
  class space    used 12437K, committed 12800K, reserved 1048576K
}
Event: 24.139 GC heap after
{Heap after GC invocations=47 (full 0):
 garbage-first heap   total 509952K, used 111910K [0x0000000080000000, 0x0000000100000000)
  region size 1024K, 6 young (6144K), 6 survivors (6144K)
 Metaspace       used 91948K, committed 92672K, reserved 1130496K
  class space    used 12437K, committed 12800K, reserved 1048576K
}
Event: 26.405 GC heap before
{Heap before GC invocations=48 (full 0):
 garbage-first heap   total 403456K, used 364838K [0x0000000080000000, 0x0000000100000000)
  region size 1024K, 219 young (224256K), 6 survivors (6144K)
 Metaspace       used 96931K, committed 97728K, reserved 1138688K
  class space    used 12844K, committed 13184K, reserved 1048576K
}
Event: 26.432 GC heap after
{Heap after GC invocations=49 (full 0):
 garbage-first heap   total 403456K, used 136183K [0x0000000080000000, 0x0000000100000000)
  region size 1024K, 30 young (30720K), 30 survivors (30720K)
 Metaspace       used 96931K, committed 97728K, reserved 1138688K
  class space    used 12844K, committed 13184K, reserved 1048576K
}
Event: 26.438 GC heap before
{Heap before GC invocations=49 (full 0):
 garbage-first heap   total 403456K, used 137207K [0x0000000080000000, 0x0000000100000000)
  region size 1024K, 31 young (31744K), 30 survivors (30720K)
 Metaspace       used 96931K, committed 97728K, reserved 1138688K
  class space    used 12844K, committed 13184K, reserved 1048576K
}
Event: 26.458 GC heap after
{Heap after GC invocations=50 (full 0):
 garbage-first heap   total 403456K, used 138074K [0x0000000080000000, 0x0000000100000000)
  region size 1024K, 4 young (4096K), 4 survivors (4096K)
 Metaspace       used 96931K, committed 97728K, reserved 1138688K
  class space    used 12844K, committed 13184K, reserved 1048576K
}
Event: 28.340 GC heap before
{Heap before GC invocations=50 (full 0):
 garbage-first heap   total 403456K, used 293722K [0x0000000080000000, 0x0000000100000000)
  region size 1024K, 157 young (160768K), 4 survivors (4096K)
 Metaspace       used 103974K, committed 104768K, reserved 1146880K
  class space    used 13723K, committed 14080K, reserved 1048576K
}
Event: 28.353 GC heap after
{Heap after GC invocations=51 (full 0):
 garbage-first heap   total 403456K, used 143417K [0x0000000080000000, 0x0000000100000000)
  region size 1024K, 9 young (9216K), 9 survivors (9216K)
 Metaspace       used 103974K, committed 104768K, reserved 1146880K
  class space    used 13723K, committed 14080K, reserved 1048576K
}
Event: 29.528 GC heap before
{Heap before GC invocations=51 (full 0):
 garbage-first heap   total 403456K, used 327737K [0x0000000080000000, 0x0000000100000000)
  region size 1024K, 169 young (173056K), 9 survivors (9216K)
 Metaspace       used 105376K, committed 106112K, reserved 1146880K
  class space    used 13905K, committed 14272K, reserved 1048576K
}
Event: 29.552 GC heap after
{Heap after GC invocations=52 (full 0):
 garbage-first heap   total 403456K, used 182762K [0x0000000080000000, 0x0000000100000000)
  region size 1024K, 22 young (22528K), 22 survivors (22528K)
 Metaspace       used 105376K, committed 106112K, reserved 1146880K
  class space    used 13905K, committed 14272K, reserved 1048576K
}
Event: 30.666 GC heap before
{Heap before GC invocations=52 (full 0):
 garbage-first heap   total 403456K, used 355818K [0x0000000080000000, 0x0000000100000000)
  region size 1024K, 138 young (141312K), 22 survivors (22528K)
 Metaspace       used 109224K, committed 110016K, reserved 1146880K
  class space    used 14427K, committed 14784K, reserved 1048576K
}
Event: 30.708 GC heap after
{Heap after GC invocations=53 (full 0):
 garbage-first heap   total 416768K, used 241434K [0x0000000080000000, 0x0000000100000000)
  region size 1024K, 19 young (19456K), 19 survivors (19456K)
 Metaspace       used 109224K, committed 110016K, reserved 1146880K
  class space    used 14427K, committed 14784K, reserved 1048576K
}
Event: 31.204 GC heap before
{Heap before GC invocations=53 (full 0):
 garbage-first heap   total 416768K, used 327450K [0x0000000080000000, 0x0000000100000000)
  region size 1024K, 99 young (101376K), 19 survivors (19456K)
 Metaspace       used 111912K, committed 112704K, reserved 1146880K
  class space    used 14976K, committed 15296K, reserved 1048576K
}
Event: 31.286 GC heap after
{Heap after GC invocations=54 (full 0):
 garbage-first heap   total 416768K, used 278507K [0x0000000080000000, 0x0000000100000000)
  region size 1024K, 13 young (13312K), 13 survivors (13312K)
 Metaspace       used 111912K, committed 112704K, reserved 1146880K
  class space    used 14976K, committed 15296K, reserved 1048576K
}
Event: 31.594 GC heap before
{Heap before GC invocations=54 (full 0):
 garbage-first heap   total 416768K, used 330731K [0x0000000080000000, 0x0000000100000000)
  region size 1024K, 64 young (65536K), 13 survivors (13312K)
 Metaspace       used 111968K, committed 112704K, reserved 1146880K
  class space    used 14976K, committed 15296K, reserved 1048576K
}
Event: 31.683 GC heap after
{Heap after GC invocations=55 (full 0):
 garbage-first heap   total 416768K, used 305840K [0x0000000080000000, 0x0000000100000000)
  region size 1024K, 8 young (8192K), 8 survivors (8192K)
 Metaspace       used 111968K, committed 112704K, reserved 1146880K
  class space    used 14976K, committed 15296K, reserved 1048576K
}
Event: 31.816 GC heap before
{Heap before GC invocations=55 (full 0):
 garbage-first heap   total 416768K, used 339632K [0x0000000080000000, 0x0000000100000000)
  region size 1024K, 41 young (41984K), 8 survivors (8192K)
 Metaspace       used 111978K, committed 112768K, reserved 1146880K
  class space    used 14976K, committed 15296K, reserved 1048576K
}

