# JRE version: OpenJDK Runtime Environment (17.0.6) (build 17.0.6+0-b2043.56-10027231)
# Java VM: OpenJDK 64-Bit Server VM (17.0.6+0-b2043.56-10027231, mixed mode, tiered, compressed oops, compressed class ptrs, g1 gc, windows-amd64)
GC Precious Log:
 CPUs: 8 total, 8 available
 Memory: 8072M
 Large Page Support: Disabled
 NUMA Support: Disabled
 Compressed Oops: Enabled (32-bit)
 Heap Region Size: 1M
 Heap Min Capacity: 8M
 Heap Initial Capacity: 128M
 Heap Max Capacity: 2G
 Pre-touch: Disabled
 Parallel Workers: 8
 Concurrent Workers: 2
 Concurrent Refinement Workers: 8
 Periodic GC: Disabled
Heap:
 garbage-first heap   total 71680K, used 35203K [0x0000000080000000, 0x0000000100000000)
  region size 1024K, 6 young (6144K), 3 survivors (3072K)
 Metaspace       used 45762K, committed 46144K, reserved 1089536K
  class space    used 6081K, committed 6272K, reserved 1048576K
GC Heap History (18 events):
Event: 2.084 GC heap before
{Heap before GC invocations=0 (full 0):
 garbage-first heap   total 131072K, used 26624K [0x0000000080000000, 0x0000000100000000)
  region size 1024K, 23 young (23552K), 0 survivors (0K)
 Metaspace       used 10275K, committed 10432K, reserved 1064960K
  class space    used 1061K, committed 1152K, reserved 1048576K
}
Event: 2.100 GC heap after
{Heap after GC invocations=1 (full 0):
 garbage-first heap   total 131072K, used 10083K [0x0000000080000000, 0x0000000100000000)
  region size 1024K, 3 young (3072K), 3 survivors (3072K)
 Metaspace       used 10275K, committed 10432K, reserved 1064960K
  class space    used 1061K, committed 1152K, reserved 1048576K
}
Event: 3.274 GC heap before
{Heap before GC invocations=1 (full 0):
 garbage-first heap   total 131072K, used 38755K [0x0000000080000000, 0x0000000100000000)
  region size 1024K, 30 young (30720K), 3 survivors (3072K)
 Metaspace       used 11211K, committed 11456K, reserved 1064960K
  class space    used 1163K, committed 1280K, reserved 1048576K
}
Event: 3.280 GC heap after
{Heap after GC invocations=2 (full 0):
 garbage-first heap   total 131072K, used 13633K [0x0000000080000000, 0x0000000100000000)
  region size 1024K, 4 young (4096K), 4 survivors (4096K)
 Metaspace       used 11211K, committed 11456K, reserved 1064960K
  class space    used 1163K, committed 1280K, reserved 1048576K
}
Event: 4.743 GC heap before
{Heap before GC invocations=2 (full 0):
 garbage-first heap   total 131072K, used 52545K [0x0000000080000000, 0x0000000100000000)
  region size 1024K, 43 young (44032K), 4 survivors (4096K)
 Metaspace       used 21235K, committed 21504K, reserved 1073152K
  class space    used 2586K, committed 2752K, reserved 1048576K
}
Event: 4.750 GC heap after
{Heap after GC invocations=3 (full 0):
 garbage-first heap   total 131072K, used 18567K [0x0000000080000000, 0x0000000100000000)
  region size 1024K, 9 young (9216K), 9 survivors (9216K)
 Metaspace       used 21235K, committed 21504K, reserved 1073152K
  class space    used 2586K, committed 2752K, reserved 1048576K
}
Event: 5.764 GC heap before
{Heap before GC invocations=4 (full 0):
 garbage-first heap   total 71680K, used 51335K [0x0000000080000000, 0x0000000100000000)
  region size 1024K, 42 young (43008K), 9 survivors (9216K)
 Metaspace       used 26609K, committed 26880K, reserved 1073152K
  class space    used 3509K, committed 3648K, reserved 1048576K
}
Event: 5.772 GC heap after
{Heap after GC invocations=5 (full 0):
 garbage-first heap   total 71680K, used 20390K [0x0000000080000000, 0x0000000100000000)
  region size 1024K, 3 young (3072K), 3 survivors (3072K)
 Metaspace       used 26609K, committed 26880K, reserved 1073152K
  class space    used 3509K, committed 3648K, reserved 1048576K
}
Event: 6.744 GC heap before
{Heap before GC invocations=5 (full 0):
 garbage-first heap   total 71680K, used 48038K [0x0000000080000000, 0x0000000100000000)
  region size 1024K, 30 young (30720K), 3 survivors (3072K)
 Metaspace       used 30736K, committed 31040K, reserved 1081344K
  class space    used 4190K, committed 4288K, reserved 1048576K
}
Event: 6.785 GC heap after
{Heap after GC invocations=6 (full 0):
 garbage-first heap   total 71680K, used 21756K [0x0000000080000000, 0x0000000100000000)
  region size 1024K, 4 young (4096K), 4 survivors (4096K)
 Metaspace       used 30736K, committed 31040K, reserved 1081344K
  class space    used 4190K, committed 4288K, reserved 1048576K
}
Event: 7.511 GC heap before
{Heap before GC invocations=6 (full 0):
 garbage-first heap   total 71680K, used 47356K [0x0000000080000000, 0x0000000100000000)
  region size 1024K, 31 young (31744K), 4 survivors (4096K)
 Metaspace       used 35624K, committed 35968K, reserved 1081344K
  class space    used 4878K, committed 5056K, reserved 1048576K
}
Event: 7.517 GC heap after
{Heap after GC invocations=7 (full 0):
 garbage-first heap   total 71680K, used 23940K [0x0000000080000000, 0x0000000100000000)
  region size 1024K, 4 young (4096K), 4 survivors (4096K)
 Metaspace       used 35624K, committed 35968K, reserved 1081344K
  class space    used 4878K, committed 5056K, reserved 1048576K
}
Event: 8.254 GC heap before
{Heap before GC invocations=8 (full 0):
 garbage-first heap   total 71680K, used 51588K [0x0000000080000000, 0x0000000100000000)
  region size 1024K, 32 young (32768K), 4 survivors (4096K)
 Metaspace       used 40391K, committed 40704K, reserved 1089536K
  class space    used 5357K, committed 5504K, reserved 1048576K
}
Event: 8.267 GC heap after
{Heap after GC invocations=9 (full 0):
 garbage-first heap   total 71680K, used 27637K [0x0000000080000000, 0x0000000100000000)
  region size 1024K, 4 young (4096K), 4 survivors (4096K)
 Metaspace       used 40391K, committed 40704K, reserved 1089536K
  class space    used 5357K, committed 5504K, reserved 1048576K
}
Event: 9.255 GC heap before
{Heap before GC invocations=9 (full 0):
 garbage-first heap   total 71680K, used 55285K [0x0000000080000000, 0x0000000100000000)
  region size 1024K, 29 young (29696K), 4 survivors (4096K)
 Metaspace       used 42625K, committed 42944K, reserved 1089536K
  class space    used 5570K, committed 5696K, reserved 1048576K
}
Event: 9.261 GC heap after
{Heap after GC invocations=10 (full 0):
 garbage-first heap   total 71680K, used 30901K [0x0000000080000000, 0x0000000100000000)
  region size 1024K, 4 young (4096K), 4 survivors (4096K)
 Metaspace       used 42625K, committed 42944K, reserved 1089536K
  class space    used 5570K, committed 5696K, reserved 1048576K
}
Event: 9.827 GC heap before
{Heap before GC invocations=10 (full 0):
 garbage-first heap   total 71680K, used 53429K [0x0000000080000000, 0x0000000100000000)
  region size 1024K, 26 young (26624K), 4 survivors (4096K)
 Metaspace       used 45383K, committed 45824K, reserved 1089536K
  class space    used 6018K, committed 6208K, reserved 1048576K
}
Event: 9.833 GC heap after
{Heap after GC invocations=11 (full 0):
 garbage-first heap   total 71680K, used 33155K [0x0000000080000000, 0x0000000100000000)
  region size 1024K, 3 young (3072K), 3 survivors (3072K)
 Metaspace       used 45383K, committed 45824K, reserved 1089536K
  class space    used 6018K, committed 6208K, reserved 1048576K
}

