# JRE version: OpenJDK Runtime Environment (17.0.6) (build 17.0.6+0-b2043.56-10027231)
# Java VM: OpenJDK 64-Bit Server VM (17.0.6+0-b2043.56-10027231, mixed mode, tiered, compressed oops, compressed class ptrs, g1 gc, windows-amd64)
GC Precious Log:
 CPUs: 8 total, 8 available
 Memory: 8072M
 Large Page Support: Disabled
 NUMA Support: Disabled
 Compressed Oops: Enabled (32-bit)
 Heap Region Size: 1M
 Heap Min Capacity: 8M
 Heap Initial Capacity: 128M
 Heap Max Capacity: 2G
 Pre-touch: Disabled
 Parallel Workers: 8
 Concurrent Workers: 2
 Concurrent Refinement Workers: 8
 Periodic GC: Disabled
Heap:
 garbage-first heap   total 402432K, used 206801K [0x0000000080000000, 0x0000000100000000)
  region size 1024K, 11 young (11264K), 5 survivors (5120K)
 Metaspace       used 131050K, committed 132160K, reserved 1163264K
  class space    used 18107K, committed 18624K, reserved 1048576K
GC Heap History (20 events):
Event: 69.350 GC heap before
{Heap before GC invocations=44 (full 0):
 garbage-first heap   total 286720K, used 236661K [0x0000000080000000, 0x0000000100000000)
  region size 1024K, 67 young (68608K), 4 survivors (4096K)
 Metaspace       used 110413K, committed 111360K, reserved 1146880K
  class space    used 14784K, committed 15232K, reserved 1048576K
}
Event: 69.357 GC heap after
{Heap after GC invocations=45 (full 0):
 garbage-first heap   total 286720K, used 179155K [0x0000000080000000, 0x0000000100000000)
  region size 1024K, 9 young (9216K), 9 survivors (9216K)
 Metaspace       used 110413K, committed 111360K, reserved 1146880K
  class space    used 14784K, committed 15232K, reserved 1048576K
}
Event: 69.634 GC heap before
{Heap before GC invocations=45 (full 0):
 garbage-first heap   total 286720K, used 239571K [0x0000000080000000, 0x0000000100000000)
  region size 1024K, 69 young (70656K), 9 survivors (9216K)
 Metaspace       used 110507K, committed 111424K, reserved 1146880K
  class space    used 14788K, committed 15232K, reserved 1048576K
}
Event: 69.642 GC heap after
{Heap after GC invocations=46 (full 0):
 garbage-first heap   total 286720K, used 182801K [0x0000000080000000, 0x0000000100000000)
  region size 1024K, 5 young (5120K), 5 survivors (5120K)
 Metaspace       used 110507K, committed 111424K, reserved 1146880K
  class space    used 14788K, committed 15232K, reserved 1048576K
}
Event: 69.985 GC heap before
{Heap before GC invocations=47 (full 0):
 garbage-first heap   total 322560K, used 237073K [0x0000000080000000, 0x0000000100000000)
  region size 1024K, 59 young (60416K), 5 survivors (5120K)
 Metaspace       used 110735K, committed 111680K, reserved 1146880K
  class space    used 14817K, committed 15296K, reserved 1048576K
}
Event: 69.992 GC heap after
{Heap after GC invocations=48 (full 0):
 garbage-first heap   total 322560K, used 187225K [0x0000000080000000, 0x0000000100000000)
  region size 1024K, 6 young (6144K), 6 survivors (6144K)
 Metaspace       used 110735K, committed 111680K, reserved 1146880K
  class space    used 14817K, committed 15296K, reserved 1048576K
}
Event: 72.120 GC heap before
{Heap before GC invocations=48 (full 0):
 garbage-first heap   total 322560K, used 196441K [0x0000000080000000, 0x0000000100000000)
  region size 1024K, 15 young (15360K), 6 survivors (6144K)
 Metaspace       used 111784K, committed 112832K, reserved 1146880K
  class space    used 14952K, committed 15488K, reserved 1048576K
}
Event: 72.128 GC heap after
{Heap after GC invocations=49 (full 0):
 garbage-first heap   total 322560K, used 182211K [0x0000000080000000, 0x0000000100000000)
  region size 1024K, 2 young (2048K), 2 survivors (2048K)
 Metaspace       used 111784K, committed 112832K, reserved 1146880K
  class space    used 14952K, committed 15488K, reserved 1048576K
}
Event: 72.716 GC heap before
{Heap before GC invocations=49 (full 0):
 garbage-first heap   total 322560K, used 255939K [0x0000000080000000, 0x0000000100000000)
  region size 1024K, 75 young (76800K), 2 survivors (2048K)
 Metaspace       used 112384K, committed 113408K, reserved 1155072K
  class space    used 15013K, committed 15552K, reserved 1048576K
}
Event: 72.723 GC heap after
{Heap after GC invocations=50 (full 0):
 garbage-first heap   total 322560K, used 186648K [0x0000000080000000, 0x0000000100000000)
  region size 1024K, 6 young (6144K), 6 survivors (6144K)
 Metaspace       used 112384K, committed 113408K, reserved 1155072K
  class space    used 15013K, committed 15552K, reserved 1048576K
}
Event: 72.839 GC heap before
{Heap before GC invocations=50 (full 0):
 garbage-first heap   total 322560K, used 189720K [0x0000000080000000, 0x0000000100000000)
  region size 1024K, 10 young (10240K), 6 survivors (6144K)
 Metaspace       used 112533K, committed 113536K, reserved 1155072K
  class space    used 15034K, committed 15552K, reserved 1048576K
}
Event: 72.844 GC heap after
{Heap after GC invocations=51 (full 0):
 garbage-first heap   total 322560K, used 187469K [0x0000000080000000, 0x0000000100000000)
  region size 1024K, 1 young (1024K), 1 survivors (1024K)
 Metaspace       used 112533K, committed 113536K, reserved 1155072K
  class space    used 15034K, committed 15552K, reserved 1048576K
}
Event: 73.825 GC heap before
{Heap before GC invocations=52 (full 0):
 garbage-first heap   total 334848K, used 266317K [0x0000000080000000, 0x0000000100000000)
  region size 1024K, 75 young (76800K), 1 survivors (1024K)
 Metaspace       used 121743K, committed 122816K, reserved 1163264K
  class space    used 16575K, committed 17088K, reserved 1048576K
}
Event: 73.841 GC heap after
{Heap after GC invocations=53 (full 0):
 garbage-first heap   total 334848K, used 199336K [0x0000000080000000, 0x0000000100000000)
  region size 1024K, 10 young (10240K), 10 survivors (10240K)
 Metaspace       used 121743K, committed 122816K, reserved 1163264K
  class space    used 16575K, committed 17088K, reserved 1048576K
}
Event: 73.937 GC heap before
{Heap before GC invocations=53 (full 0):
 garbage-first heap   total 334848K, used 204456K [0x0000000080000000, 0x0000000100000000)
  region size 1024K, 16 young (16384K), 10 survivors (10240K)
 Metaspace       used 122702K, committed 123776K, reserved 1163264K
  class space    used 16771K, committed 17280K, reserved 1048576K
}
Event: 73.949 GC heap after
{Heap after GC invocations=54 (full 0):
 garbage-first heap   total 334848K, used 197294K [0x0000000080000000, 0x0000000100000000)
  region size 1024K, 2 young (2048K), 2 survivors (2048K)
 Metaspace       used 122702K, committed 123776K, reserved 1163264K
  class space    used 16771K, committed 17280K, reserved 1048576K
}
Event: 74.641 GC heap before
{Heap before GC invocations=54 (full 0):
 garbage-first heap   total 334848K, used 272046K [0x0000000080000000, 0x0000000100000000)
  region size 1024K, 75 young (76800K), 2 survivors (2048K)
 Metaspace       used 129376K, committed 130432K, reserved 1163264K
  class space    used 17927K, committed 18432K, reserved 1048576K
}
Event: 74.650 GC heap after
{Heap after GC invocations=55 (full 0):
 garbage-first heap   total 402432K, used 201339K [0x0000000080000000, 0x0000000100000000)
  region size 1024K, 6 young (6144K), 6 survivors (6144K)
 Metaspace       used 129376K, committed 130432K, reserved 1163264K
  class space    used 17927K, committed 18432K, reserved 1048576K
}
Event: 75.293 GC heap before
{Heap before GC invocations=55 (full 0):
 garbage-first heap   total 402432K, used 258683K [0x0000000080000000, 0x0000000100000000)
  region size 1024K, 64 young (65536K), 6 survivors (6144K)
 Metaspace       used 130791K, committed 131840K, reserved 1163264K
  class space    used 18118K, committed 18624K, reserved 1048576K
}
Event: 75.301 GC heap after
{Heap after GC invocations=56 (full 0):
 garbage-first heap   total 402432K, used 200657K [0x0000000080000000, 0x0000000100000000)
  region size 1024K, 5 young (5120K), 5 survivors (5120K)
 Metaspace       used 130791K, committed 131840K, reserved 1163264K
  class space    used 18118K, committed 18624K, reserved 1048576K
}

