# JRE version: OpenJDK Runtime Environment (17.0.6) (build 17.0.6+0-b2043.56-10027231)
# Java VM: OpenJDK 64-Bit Server VM (17.0.6+0-b2043.56-10027231, mixed mode, tiered, compressed oops, compressed class ptrs, g1 gc, windows-amd64)
GC Precious Log:
 CPUs: 8 total, 8 available
 Memory: 8072M
 Large Page Support: Disabled
 NUMA Support: Disabled
 Compressed Oops: Enabled (32-bit)
 Heap Region Size: 1M
 Heap Min Capacity: 8M
 Heap Initial Capacity: 128M
 Heap Max Capacity: 2G
 Pre-touch: Disabled
 Parallel Workers: 8
 Concurrent Workers: 2
 Concurrent Refinement Workers: 8
 Periodic GC: Disabled
Heap:
 garbage-first heap   total 191488K, used 128000K [0x0000000080000000, 0x0000000100000000)
  region size 1024K, 2 young (2048K), 2 survivors (2048K)
 Metaspace       used 98286K, committed 98944K, reserved 1138688K
  class space    used 13282K, committed 13568K, reserved 1048576K
GC Heap History (20 events):
Event: 9.972 GC heap after
{Heap after GC invocations=31 (full 0):
 garbage-first heap   total 152576K, used 86910K [0x0000000080000000, 0x0000000100000000)
  region size 1024K, 5 young (5120K), 5 survivors (5120K)
 Metaspace       used 85844K, committed 86528K, reserved 1130496K
  class space    used 11800K, committed 12096K, reserved 1048576K
}
Event: 10.007 GC heap before
{Heap before GC invocations=31 (full 0):
 garbage-first heap   total 152576K, used 89982K [0x0000000080000000, 0x0000000100000000)
  region size 1024K, 7 young (7168K), 5 survivors (5120K)
 Metaspace       used 86557K, committed 87168K, reserved 1130496K
  class space    used 11831K, committed 12096K, reserved 1048576K
}
Event: 10.012 GC heap after
{Heap after GC invocations=32 (full 0):
 garbage-first heap   total 183296K, used 86389K [0x0000000080000000, 0x0000000100000000)
  region size 1024K, 1 young (1024K), 1 survivors (1024K)
 Metaspace       used 86557K, committed 87168K, reserved 1130496K
  class space    used 11831K, committed 12096K, reserved 1048576K
}
Event: 11.134 GC heap before
{Heap before GC invocations=32 (full 0):
 garbage-first heap   total 183296K, used 146805K [0x0000000080000000, 0x0000000100000000)
  region size 1024K, 61 young (62464K), 1 survivors (1024K)
 Metaspace       used 91053K, committed 91712K, reserved 1130496K
  class space    used 12398K, committed 12672K, reserved 1048576K
}
Event: 11.139 GC heap after
{Heap after GC invocations=33 (full 0):
 garbage-first heap   total 183296K, used 88872K [0x0000000080000000, 0x0000000100000000)
  region size 1024K, 4 young (4096K), 4 survivors (4096K)
 Metaspace       used 91053K, committed 91712K, reserved 1130496K
  class space    used 12398K, committed 12672K, reserved 1048576K
}
Event: 12.446 GC heap before
{Heap before GC invocations=34 (full 0):
 garbage-first heap   total 183296K, used 147240K [0x0000000080000000, 0x0000000100000000)
  region size 1024K, 62 young (63488K), 4 survivors (4096K)
 Metaspace       used 95444K, committed 96128K, reserved 1138688K
  class space    used 12987K, committed 13312K, reserved 1048576K
}
Event: 12.455 GC heap after
{Heap after GC invocations=35 (full 0):
 garbage-first heap   total 183296K, used 94135K [0x0000000080000000, 0x0000000100000000)
  region size 1024K, 8 young (8192K), 8 survivors (8192K)
 Metaspace       used 95444K, committed 96128K, reserved 1138688K
  class space    used 12987K, committed 13312K, reserved 1048576K
}
Event: 12.463 GC heap before
{Heap before GC invocations=35 (full 0):
 garbage-first heap   total 183296K, used 95159K [0x0000000080000000, 0x0000000100000000)
  region size 1024K, 9 young (9216K), 8 survivors (8192K)
 Metaspace       used 95444K, committed 96128K, reserved 1138688K
  class space    used 12987K, committed 13312K, reserved 1048576K
}
Event: 12.473 GC heap after
{Heap after GC invocations=36 (full 0):
 garbage-first heap   total 183296K, used 93844K [0x0000000080000000, 0x0000000100000000)
  region size 1024K, 1 young (1024K), 1 survivors (1024K)
 Metaspace       used 95444K, committed 96128K, reserved 1138688K
  class space    used 12987K, committed 13312K, reserved 1048576K
}
Event: 13.049 GC heap before
{Heap before GC invocations=36 (full 0):
 garbage-first heap   total 183296K, used 149140K [0x0000000080000000, 0x0000000100000000)
  region size 1024K, 56 young (57344K), 1 survivors (1024K)
 Metaspace       used 95560K, committed 96256K, reserved 1138688K
  class space    used 12991K, committed 13312K, reserved 1048576K
}
Event: 13.055 GC heap after
{Heap after GC invocations=37 (full 0):
 garbage-first heap   total 183296K, used 97356K [0x0000000080000000, 0x0000000100000000)
  region size 1024K, 5 young (5120K), 5 survivors (5120K)
 Metaspace       used 95560K, committed 96256K, reserved 1138688K
  class space    used 12991K, committed 13312K, reserved 1048576K
}
Event: 83.302 GC heap before
{Heap before GC invocations=38 (full 0):
 garbage-first heap   total 186368K, used 148556K [0x0000000080000000, 0x0000000100000000)
  region size 1024K, 56 young (57344K), 5 survivors (5120K)
 Metaspace       used 96667K, committed 97344K, reserved 1138688K
  class space    used 13144K, committed 13440K, reserved 1048576K
}
Event: 83.308 GC heap after
{Heap after GC invocations=39 (full 0):
 garbage-first heap   total 186368K, used 101047K [0x0000000080000000, 0x0000000100000000)
  region size 1024K, 5 young (5120K), 5 survivors (5120K)
 Metaspace       used 96667K, committed 97344K, reserved 1138688K
  class space    used 13144K, committed 13440K, reserved 1048576K
}
Event: 83.342 GC heap before
{Heap before GC invocations=39 (full 0):
 garbage-first heap   total 186368K, used 105143K [0x0000000080000000, 0x0000000100000000)
  region size 1024K, 9 young (9216K), 5 survivors (5120K)
 Metaspace       used 96705K, committed 97344K, reserved 1138688K
  class space    used 13144K, committed 13440K, reserved 1048576K
}
Event: 83.346 GC heap after
{Heap after GC invocations=40 (full 0):
 garbage-first heap   total 186368K, used 100599K [0x0000000080000000, 0x0000000100000000)
  region size 1024K, 2 young (2048K), 2 survivors (2048K)
 Metaspace       used 96705K, committed 97344K, reserved 1138688K
  class space    used 13144K, committed 13440K, reserved 1048576K
}
Event: 83.745 GC heap before
{Heap before GC invocations=40 (full 0):
 garbage-first heap   total 186368K, used 143607K [0x0000000080000000, 0x0000000100000000)
  region size 1024K, 46 young (47104K), 2 survivors (2048K)
 Metaspace       used 97361K, committed 98048K, reserved 1138688K
  class space    used 13187K, committed 13504K, reserved 1048576K
}
Event: 83.749 GC heap after
{Heap after GC invocations=41 (full 0):
 garbage-first heap   total 186368K, used 106157K [0x0000000080000000, 0x0000000100000000)
  region size 1024K, 7 young (7168K), 7 survivors (7168K)
 Metaspace       used 97361K, committed 98048K, reserved 1138688K
  class space    used 13187K, committed 13504K, reserved 1048576K
}
Event: 84.213 GC heap before
{Heap before GC invocations=42 (full 0):
 garbage-first heap   total 191488K, used 153261K [0x0000000080000000, 0x0000000100000000)
  region size 1024K, 51 young (52224K), 7 survivors (7168K)
 Metaspace       used 98286K, committed 98944K, reserved 1138688K
  class space    used 13282K, committed 13568K, reserved 1048576K
}
Event: 84.227 GC heap after
{Heap after GC invocations=43 (full 0):
 garbage-first heap   total 191488K, used 128585K [0x0000000080000000, 0x0000000100000000)
  region size 1024K, 7 young (7168K), 7 survivors (7168K)
 Metaspace       used 98286K, committed 98944K, reserved 1138688K
  class space    used 13282K, committed 13568K, reserved 1048576K
}
Event: 84.247 GC heap before
{Heap before GC invocations=43 (full 0):
 garbage-first heap   total 191488K, used 130633K [0x0000000080000000, 0x0000000100000000)
  region size 1024K, 9 young (9216K), 7 survivors (7168K)
 Metaspace       used 98286K, committed 98944K, reserved 1138688K
  class space    used 13282K, committed 13568K, reserved 1048576K
}

