# JRE version: OpenJDK Runtime Environment (17.0.6) (build 17.0.6+0-b2043.56-10027231)
# Java VM: OpenJDK 64-Bit Server VM (17.0.6+0-b2043.56-10027231, mixed mode, tiered, compressed oops, compressed class ptrs, g1 gc, windows-amd64)
GC Precious Log:
 CPUs: 8 total, 8 available
 Memory: 8072M
 Large Page Support: Disabled
 NUMA Support: Disabled
 Compressed Oops: Enabled (32-bit)
 Heap Region Size: 1M
 Heap Min Capacity: 8M
 Heap Initial Capacity: 128M
 Heap Max Capacity: 2G
 Pre-touch: Disabled
 Parallel Workers: 8
 Concurrent Workers: 2
 Concurrent Refinement Workers: 8
 Periodic GC: Disabled
Heap:
 garbage-first heap   total 416768K, used 232922K [0x0000000080000000, 0x0000000100000000)
  region size 1024K, 28 young (28672K), 2 survivors (2048K)
 Metaspace       used 108986K, committed 109760K, reserved 1146880K
  class space    used 14409K, committed 14784K, reserved 1048576K
GC Heap History (20 events):
Event: 18.385 GC heap before
{Heap before GC invocations=37 (full 0):
 garbage-first heap   total 239616K, used 149731K [0x0000000080000000, 0x0000000100000000)
  region size 1024K, 44 young (45056K), 12 survivors (12288K)
 Metaspace       used 92322K, committed 92992K, reserved 1130496K
  class space    used 12473K, committed 12800K, reserved 1048576K
}
Event: 18.398 GC heap after
{Heap after GC invocations=38 (full 0):
 garbage-first heap   total 239616K, used 125829K [0x0000000080000000, 0x0000000100000000)
  region size 1024K, 10 young (10240K), 10 survivors (10240K)
 Metaspace       used 92322K, committed 92992K, reserved 1130496K
  class space    used 12473K, committed 12800K, reserved 1048576K
}
Event: 19.231 GC heap before
{Heap before GC invocations=39 (full 0):
 garbage-first heap   total 239616K, used 206725K [0x0000000080000000, 0x0000000100000000)
  region size 1024K, 59 young (60416K), 10 survivors (10240K)
 Metaspace       used 92723K, committed 93440K, reserved 1130496K
  class space    used 12499K, committed 12864K, reserved 1048576K
}
Event: 19.242 GC heap after
{Heap after GC invocations=40 (full 0):
 garbage-first heap   total 239616K, used 129234K [0x0000000080000000, 0x0000000100000000)
  region size 1024K, 6 young (6144K), 6 survivors (6144K)
 Metaspace       used 92723K, committed 93440K, reserved 1130496K
  class space    used 12499K, committed 12864K, reserved 1048576K
}
Event: 19.278 GC heap before
{Heap before GC invocations=40 (full 0):
 garbage-first heap   total 239616K, used 134354K [0x0000000080000000, 0x0000000100000000)
  region size 1024K, 11 young (11264K), 6 survivors (6144K)
 Metaspace       used 92827K, committed 93568K, reserved 1130496K
  class space    used 12508K, committed 12864K, reserved 1048576K
}
Event: 19.287 GC heap after
{Heap after GC invocations=41 (full 0):
 garbage-first heap   total 239616K, used 129003K [0x0000000080000000, 0x0000000100000000)
  region size 1024K, 2 young (2048K), 2 survivors (2048K)
 Metaspace       used 92827K, committed 93568K, reserved 1130496K
  class space    used 12508K, committed 12864K, reserved 1048576K
}
Event: 19.617 GC heap before
{Heap before GC invocations=41 (full 0):
 garbage-first heap   total 239616K, used 179179K [0x0000000080000000, 0x0000000100000000)
  region size 1024K, 52 young (53248K), 2 survivors (2048K)
 Metaspace       used 95862K, committed 96576K, reserved 1138688K
  class space    used 12774K, committed 13120K, reserved 1048576K
}
Event: 19.626 GC heap after
{Heap after GC invocations=42 (full 0):
 garbage-first heap   total 416768K, used 137858K [0x0000000080000000, 0x0000000100000000)
  region size 1024K, 7 young (7168K), 7 survivors (7168K)
 Metaspace       used 95862K, committed 96576K, reserved 1138688K
  class space    used 12774K, committed 13120K, reserved 1048576K
}
Event: 20.741 GC heap before
{Heap before GC invocations=43 (full 0):
 garbage-first heap   total 416768K, used 275074K [0x0000000080000000, 0x0000000100000000)
  region size 1024K, 156 young (159744K), 7 survivors (7168K)
 Metaspace       used 98511K, committed 99264K, reserved 1138688K
  class space    used 13036K, committed 13440K, reserved 1048576K
}
Event: 20.750 GC heap after
{Heap after GC invocations=44 (full 0):
 garbage-first heap   total 416768K, used 124380K [0x0000000080000000, 0x0000000100000000)
  region size 1024K, 8 young (8192K), 8 survivors (8192K)
 Metaspace       used 98511K, committed 99264K, reserved 1138688K
  class space    used 13036K, committed 13440K, reserved 1048576K
}
Event: 20.834 GC heap before
{Heap before GC invocations=44 (full 0):
 garbage-first heap   total 416768K, used 135644K [0x0000000080000000, 0x0000000100000000)
  region size 1024K, 20 young (20480K), 8 survivors (8192K)
 Metaspace       used 98576K, committed 99392K, reserved 1138688K
  class space    used 13036K, committed 13440K, reserved 1048576K
}
Event: 20.841 GC heap after
{Heap after GC invocations=45 (full 0):
 garbage-first heap   total 416768K, used 115259K [0x0000000080000000, 0x0000000100000000)
  region size 1024K, 2 young (2048K), 2 survivors (2048K)
 Metaspace       used 98576K, committed 99392K, reserved 1138688K
  class space    used 13036K, committed 13440K, reserved 1048576K
}
Event: 22.704 GC heap before
{Heap before GC invocations=45 (full 0):
 garbage-first heap   total 416768K, used 328251K [0x0000000080000000, 0x0000000100000000)
  region size 1024K, 198 young (202752K), 2 survivors (2048K)
 Metaspace       used 104818K, committed 105600K, reserved 1146880K
  class space    used 13824K, committed 14208K, reserved 1048576K
}
Event: 22.721 GC heap after
{Heap after GC invocations=46 (full 0):
 garbage-first heap   total 416768K, used 145831K [0x0000000080000000, 0x0000000100000000)
  region size 1024K, 19 young (19456K), 19 survivors (19456K)
 Metaspace       used 104818K, committed 105600K, reserved 1146880K
  class space    used 13824K, committed 14208K, reserved 1048576K
}
Event: 22.742 GC heap before
{Heap before GC invocations=46 (full 0):
 garbage-first heap   total 416768K, used 157095K [0x0000000080000000, 0x0000000100000000)
  region size 1024K, 29 young (29696K), 19 survivors (19456K)
 Metaspace       used 104819K, committed 105600K, reserved 1146880K
  class space    used 13824K, committed 14208K, reserved 1048576K
}
Event: 22.757 GC heap after
{Heap after GC invocations=47 (full 0):
 garbage-first heap   total 416768K, used 152267K [0x0000000080000000, 0x0000000100000000)
  region size 1024K, 4 young (4096K), 4 survivors (4096K)
 Metaspace       used 104819K, committed 105600K, reserved 1146880K
  class space    used 13824K, committed 14208K, reserved 1048576K
}
Event: 23.629 GC heap before
{Heap before GC invocations=48 (full 0):
 garbage-first heap   total 416768K, used 349899K [0x0000000080000000, 0x0000000100000000)
  region size 1024K, 142 young (145408K), 4 survivors (4096K)
 Metaspace       used 108940K, committed 109696K, reserved 1146880K
  class space    used 14402K, committed 14784K, reserved 1048576K
}
Event: 23.656 GC heap after
{Heap after GC invocations=49 (full 0):
 garbage-first heap   total 416768K, used 211599K [0x0000000080000000, 0x0000000100000000)
  region size 1024K, 18 young (18432K), 18 survivors (18432K)
 Metaspace       used 108940K, committed 109696K, reserved 1146880K
  class space    used 14402K, committed 14784K, reserved 1048576K
}
Event: 23.675 GC heap before
{Heap before GC invocations=49 (full 0):
 garbage-first heap   total 416768K, used 213647K [0x0000000080000000, 0x0000000100000000)
  region size 1024K, 20 young (20480K), 18 survivors (18432K)
 Metaspace       used 108986K, committed 109760K, reserved 1146880K
  class space    used 14409K, committed 14784K, reserved 1048576K
}
Event: 23.698 GC heap after
{Heap after GC invocations=50 (full 0):
 garbage-first heap   total 416768K, used 207322K [0x0000000080000000, 0x0000000100000000)
  region size 1024K, 2 young (2048K), 2 survivors (2048K)
 Metaspace       used 108986K, committed 109760K, reserved 1146880K
  class space    used 14409K, committed 14784K, reserved 1048576K
}

