# JRE version: OpenJDK Runtime Environment (17.0.6) (build 17.0.6+0-b2043.56-10027231)
# Java VM: OpenJDK 64-Bit Server VM (17.0.6+0-b2043.56-10027231, mixed mode, tiered, compressed oops, compressed class ptrs, g1 gc, windows-amd64)
GC Precious Log:
 CPUs: 8 total, 8 available
 Memory: 8072M
 Large Page Support: Disabled
 NUMA Support: Disabled
 Compressed Oops: Enabled (32-bit)
 Heap Region Size: 1M
 Heap Min Capacity: 8M
 Heap Initial Capacity: 128M
 Heap Max Capacity: 2G
 Pre-touch: Disabled
 Parallel Workers: 8
 Concurrent Workers: 2
 Concurrent Refinement Workers: 8
 Periodic GC: Disabled
Heap:
 garbage-first heap   total 215040K, used 62658K [0x0000000080000000, 0x0000000100000000)
  region size 1024K, 5 young (5120K), 1 survivors (1024K)
 Metaspace       used 69407K, committed 69952K, reserved 1114112K
  class space    used 9180K, committed 9408K, reserved 1048576K
GC Heap History (20 events):
Event: 5.354 GC heap before
{Heap before GC invocations=19 (full 0):
 garbage-first heap   total 112640K, used 77676K [0x0000000080000000, 0x0000000100000000)
  region size 1024K, 30 young (30720K), 1 survivors (1024K)
 Metaspace       used 61151K, committed 61696K, reserved 1105920K
  class space    used 8102K, committed 8320K, reserved 1048576K
}
Event: 5.356 GC heap after
{Heap after GC invocations=20 (full 0):
 garbage-first heap   total 112640K, used 49436K [0x0000000080000000, 0x0000000100000000)
  region size 1024K, 3 young (3072K), 3 survivors (3072K)
 Metaspace       used 61151K, committed 61696K, reserved 1105920K
  class space    used 8102K, committed 8320K, reserved 1048576K
}
Event: 5.371 GC heap before
{Heap before GC invocations=20 (full 0):
 garbage-first heap   total 112640K, used 51484K [0x0000000080000000, 0x0000000100000000)
  region size 1024K, 5 young (5120K), 3 survivors (3072K)
 Metaspace       used 61405K, committed 61952K, reserved 1105920K
  class space    used 8142K, committed 8384K, reserved 1048576K
}
Event: 5.374 GC heap after
{Heap after GC invocations=21 (full 0):
 garbage-first heap   total 112640K, used 49826K [0x0000000080000000, 0x0000000100000000)
  region size 1024K, 1 young (1024K), 1 survivors (1024K)
 Metaspace       used 61405K, committed 61952K, reserved 1105920K
  class space    used 8142K, committed 8384K, reserved 1048576K
}
Event: 5.453 GC heap before
{Heap before GC invocations=21 (full 0):
 garbage-first heap   total 112640K, used 58018K [0x0000000080000000, 0x0000000100000000)
  region size 1024K, 9 young (9216K), 1 survivors (1024K)
 Metaspace       used 62734K, committed 63232K, reserved 1105920K
  class space    used 8286K, committed 8512K, reserved 1048576K
}
Event: 5.454 GC heap after
{Heap after GC invocations=22 (full 0):
 garbage-first heap   total 112640K, used 53133K [0x0000000080000000, 0x0000000100000000)
  region size 1024K, 3 young (3072K), 3 survivors (3072K)
 Metaspace       used 62734K, committed 63232K, reserved 1105920K
  class space    used 8286K, committed 8512K, reserved 1048576K
}
Event: 5.455 GC heap before
{Heap before GC invocations=22 (full 0):
 garbage-first heap   total 112640K, used 54157K [0x0000000080000000, 0x0000000100000000)
  region size 1024K, 4 young (4096K), 3 survivors (3072K)
 Metaspace       used 62734K, committed 63232K, reserved 1105920K
  class space    used 8286K, committed 8512K, reserved 1048576K
}
Event: 5.456 GC heap after
{Heap after GC invocations=23 (full 0):
 garbage-first heap   total 112640K, used 53527K [0x0000000080000000, 0x0000000100000000)
  region size 1024K, 0 young (0K), 0 survivors (0K)
 Metaspace       used 62734K, committed 63232K, reserved 1105920K
  class space    used 8286K, committed 8512K, reserved 1048576K
}
Event: 5.719 GC heap before
{Heap before GC invocations=24 (full 0):
 garbage-first heap   total 112640K, used 89367K [0x0000000080000000, 0x0000000100000000)
  region size 1024K, 31 young (31744K), 0 survivors (0K)
 Metaspace       used 65125K, committed 65600K, reserved 1105920K
  class space    used 8592K, committed 8768K, reserved 1048576K
}
Event: 5.721 GC heap after
{Heap after GC invocations=25 (full 0):
 garbage-first heap   total 112640K, used 56679K [0x0000000080000000, 0x0000000100000000)
  region size 1024K, 3 young (3072K), 3 survivors (3072K)
 Metaspace       used 65125K, committed 65600K, reserved 1105920K
  class space    used 8592K, committed 8768K, reserved 1048576K
}
Event: 5.734 GC heap before
{Heap before GC invocations=25 (full 0):
 garbage-first heap   total 112640K, used 58727K [0x0000000080000000, 0x0000000100000000)
  region size 1024K, 5 young (5120K), 3 survivors (3072K)
 Metaspace       used 65278K, committed 65792K, reserved 1114112K
  class space    used 8611K, committed 8832K, reserved 1048576K
}
Event: 5.736 GC heap after
{Heap after GC invocations=26 (full 0):
 garbage-first heap   total 112640K, used 56482K [0x0000000080000000, 0x0000000100000000)
  region size 1024K, 1 young (1024K), 1 survivors (1024K)
 Metaspace       used 65278K, committed 65792K, reserved 1114112K
  class space    used 8611K, committed 8832K, reserved 1048576K
}
Event: 5.964 GC heap before
{Heap before GC invocations=26 (full 0):
 garbage-first heap   total 112640K, used 87202K [0x0000000080000000, 0x0000000100000000)
  region size 1024K, 31 young (31744K), 1 survivors (1024K)
 Metaspace       used 66925K, committed 67456K, reserved 1114112K
  class space    used 8843K, committed 9088K, reserved 1048576K
}
Event: 5.967 GC heap after
{Heap after GC invocations=27 (full 0):
 garbage-first heap   total 112640K, used 58734K [0x0000000080000000, 0x0000000100000000)
  region size 1024K, 3 young (3072K), 3 survivors (3072K)
 Metaspace       used 66925K, committed 67456K, reserved 1114112K
  class space    used 8843K, committed 9088K, reserved 1048576K
}
Event: 6.188 GC heap before
{Heap before GC invocations=28 (full 0):
 garbage-first heap   total 112640K, used 86382K [0x0000000080000000, 0x0000000100000000)
  region size 1024K, 33 young (33792K), 3 survivors (3072K)
 Metaspace       used 68473K, committed 68928K, reserved 1114112K
  class space    used 9058K, committed 9280K, reserved 1048576K
}
Event: 6.193 GC heap after
{Heap after GC invocations=29 (full 0):
 garbage-first heap   total 112640K, used 58326K [0x0000000080000000, 0x0000000100000000)
  region size 1024K, 5 young (5120K), 5 survivors (5120K)
 Metaspace       used 68473K, committed 68928K, reserved 1114112K
  class space    used 9058K, committed 9280K, reserved 1048576K
}
Event: 6.203 GC heap before
{Heap before GC invocations=29 (full 0):
 garbage-first heap   total 112640K, used 59350K [0x0000000080000000, 0x0000000100000000)
  region size 1024K, 6 young (6144K), 5 survivors (5120K)
 Metaspace       used 68546K, committed 68992K, reserved 1114112K
  class space    used 9071K, committed 9280K, reserved 1048576K
}
Event: 6.208 GC heap after
{Heap after GC invocations=30 (full 0):
 garbage-first heap   total 215040K, used 58752K [0x0000000080000000, 0x0000000100000000)
  region size 1024K, 1 young (1024K), 1 survivors (1024K)
 Metaspace       used 68546K, committed 68992K, reserved 1114112K
  class space    used 9071K, committed 9280K, reserved 1048576K
}
Event: 6.255 GC heap before
{Heap before GC invocations=30 (full 0):
 garbage-first heap   total 215040K, used 61824K [0x0000000080000000, 0x0000000100000000)
  region size 1024K, 5 young (5120K), 1 survivors (1024K)
 Metaspace       used 69002K, committed 69504K, reserved 1114112K
  class space    used 9134K, committed 9344K, reserved 1048576K
}
Event: 6.256 GC heap after
{Heap after GC invocations=31 (full 0):
 garbage-first heap   total 215040K, used 58562K [0x0000000080000000, 0x0000000100000000)
  region size 1024K, 1 young (1024K), 1 survivors (1024K)
 Metaspace       used 69002K, committed 69504K, reserved 1114112K
  class space    used 9134K, committed 9344K, reserved 1048576K
}

