# JRE version: OpenJDK Runtime Environment (17.0.6) (build 17.0.6+0-b2043.56-10027231)
# Java VM: OpenJDK 64-Bit Server VM (17.0.6+0-b2043.56-10027231, mixed mode, tiered, compressed oops, compressed class ptrs, g1 gc, windows-amd64)
GC Precious Log:
 CPUs: 8 total, 8 available
 Memory: 8072M
 Large Page Support: Disabled
 NUMA Support: Disabled
 Compressed Oops: Enabled (32-bit)
 Heap Region Size: 1M
 Heap Min Capacity: 8M
 Heap Initial Capacity: 128M
 Heap Max Capacity: 2G
 Pre-touch: Disabled
 Parallel Workers: 8
 Concurrent Workers: 2
 Concurrent Refinement Workers: 8
 Periodic GC: Disabled
Heap:
 garbage-first heap   total 150528K, used 108395K [0x0000000080000000, 0x0000000100000000)
  region size 1024K, 40 young (40960K), 5 survivors (5120K)
 Metaspace       used 84818K, committed 85504K, reserved 1122304K
  class space    used 11716K, committed 12032K, reserved 1048576K
GC Heap History (20 events):
Event: 5.142 GC heap before
{Heap before GC invocations=17 (full 0):
 garbage-first heap   total 110592K, used 87566K [0x0000000080000000, 0x0000000100000000)
  region size 1024K, 35 young (35840K), 4 survivors (4096K)
 Metaspace       used 65133K, committed 65600K, reserved 1105920K
  class space    used 8601K, committed 8832K, reserved 1048576K
}
Event: 5.145 GC heap after
{Heap after GC invocations=18 (full 0):
 garbage-first heap   total 110592K, used 51873K [0x0000000080000000, 0x0000000100000000)
  region size 1024K, 3 young (3072K), 3 survivors (3072K)
 Metaspace       used 65133K, committed 65600K, reserved 1105920K
  class space    used 8601K, committed 8832K, reserved 1048576K
}
Event: 5.389 GC heap before
{Heap before GC invocations=18 (full 0):
 garbage-first heap   total 110592K, used 84641K [0x0000000080000000, 0x0000000100000000)
  region size 1024K, 35 young (35840K), 3 survivors (3072K)
 Metaspace       used 66939K, committed 67456K, reserved 1114112K
  class space    used 8849K, committed 9088K, reserved 1048576K
}
Event: 5.392 GC heap after
{Heap after GC invocations=19 (full 0):
 garbage-first heap   total 110592K, used 54382K [0x0000000080000000, 0x0000000100000000)
  region size 1024K, 5 young (5120K), 5 survivors (5120K)
 Metaspace       used 66939K, committed 67456K, reserved 1114112K
  class space    used 8849K, committed 9088K, reserved 1048576K
}
Event: 5.640 GC heap before
{Heap before GC invocations=20 (full 0):
 garbage-first heap   total 110592K, used 87150K [0x0000000080000000, 0x0000000100000000)
  region size 1024K, 37 young (37888K), 5 survivors (5120K)
 Metaspace       used 68597K, committed 69120K, reserved 1114112K
  class space    used 9083K, committed 9280K, reserved 1048576K
}
Event: 5.644 GC heap after
{Heap after GC invocations=21 (full 0):
 garbage-first heap   total 110592K, used 57326K [0x0000000080000000, 0x0000000100000000)
  region size 1024K, 3 young (3072K), 3 survivors (3072K)
 Metaspace       used 68597K, committed 69120K, reserved 1114112K
  class space    used 9083K, committed 9280K, reserved 1048576K
}
Event: 5.693 GC heap before
{Heap before GC invocations=21 (full 0):
 garbage-first heap   total 110592K, used 60398K [0x0000000080000000, 0x0000000100000000)
  region size 1024K, 7 young (7168K), 3 survivors (3072K)
 Metaspace       used 69054K, committed 69568K, reserved 1114112K
  class space    used 9145K, committed 9344K, reserved 1048576K
}
Event: 5.695 GC heap after
{Heap after GC invocations=22 (full 0):
 garbage-first heap   total 110592K, used 57990K [0x0000000080000000, 0x0000000100000000)
  region size 1024K, 1 young (1024K), 1 survivors (1024K)
 Metaspace       used 69054K, committed 69568K, reserved 1114112K
  class space    used 9145K, committed 9344K, reserved 1048576K
}
Event: 6.164 GC heap before
{Heap before GC invocations=23 (full 0):
 garbage-first heap   total 110592K, used 89734K [0x0000000080000000, 0x0000000100000000)
  region size 1024K, 31 young (31744K), 1 survivors (1024K)
 Metaspace       used 72862K, committed 73344K, reserved 1114112K
  class space    used 9847K, committed 10048K, reserved 1048576K
}
Event: 6.166 GC heap after
{Heap after GC invocations=24 (full 0):
 garbage-first heap   total 110592K, used 59107K [0x0000000080000000, 0x0000000100000000)
  region size 1024K, 2 young (2048K), 2 survivors (2048K)
 Metaspace       used 72862K, committed 73344K, reserved 1114112K
  class space    used 9847K, committed 10048K, reserved 1048576K
}
Event: 6.530 GC heap before
{Heap before GC invocations=24 (full 0):
 garbage-first heap   total 110592K, used 89827K [0x0000000080000000, 0x0000000100000000)
  region size 1024K, 32 young (32768K), 2 survivors (2048K)
 Metaspace       used 75717K, committed 76288K, reserved 1122304K
  class space    used 10251K, committed 10560K, reserved 1048576K
}
Event: 6.533 GC heap after
{Heap after GC invocations=25 (full 0):
 garbage-first heap   total 110592K, used 61600K [0x0000000080000000, 0x0000000100000000)
  region size 1024K, 4 young (4096K), 4 survivors (4096K)
 Metaspace       used 75717K, committed 76288K, reserved 1122304K
  class space    used 10251K, committed 10560K, reserved 1048576K
}
Event: 6.850 GC heap before
{Heap before GC invocations=26 (full 0):
 garbage-first heap   total 111616K, used 90272K [0x0000000080000000, 0x0000000100000000)
  region size 1024K, 32 young (32768K), 4 survivors (4096K)
 Metaspace       used 79900K, committed 80448K, reserved 1122304K
  class space    used 10875K, committed 11136K, reserved 1048576K
}
Event: 6.854 GC heap after
{Heap after GC invocations=27 (full 0):
 garbage-first heap   total 111616K, used 63574K [0x0000000080000000, 0x0000000100000000)
  region size 1024K, 2 young (2048K), 2 survivors (2048K)
 Metaspace       used 79900K, committed 80448K, reserved 1122304K
  class space    used 10875K, committed 11136K, reserved 1048576K
}
Event: 7.151 GC heap before
{Heap before GC invocations=27 (full 0):
 garbage-first heap   total 111616K, used 92246K [0x0000000080000000, 0x0000000100000000)
  region size 1024K, 30 young (30720K), 2 survivors (2048K)
 Metaspace       used 81889K, committed 82496K, reserved 1122304K
  class space    used 11158K, committed 11456K, reserved 1048576K
}
Event: 7.155 GC heap after
{Heap after GC invocations=28 (full 0):
 garbage-first heap   total 111616K, used 66135K [0x0000000080000000, 0x0000000100000000)
  region size 1024K, 4 young (4096K), 4 survivors (4096K)
 Metaspace       used 81889K, committed 82496K, reserved 1122304K
  class space    used 11158K, committed 11456K, reserved 1048576K
}
Event: 7.309 GC heap before
{Heap before GC invocations=29 (full 0):
 garbage-first heap   total 124928K, used 90711K [0x0000000080000000, 0x0000000100000000)
  region size 1024K, 29 young (29696K), 4 survivors (4096K)
 Metaspace       used 82203K, committed 82880K, reserved 1122304K
  class space    used 11189K, committed 11520K, reserved 1048576K
}
Event: 7.313 GC heap after
{Heap after GC invocations=30 (full 0):
 garbage-first heap   total 124928K, used 70157K [0x0000000080000000, 0x0000000100000000)
  region size 1024K, 4 young (4096K), 4 survivors (4096K)
 Metaspace       used 82203K, committed 82880K, reserved 1122304K
  class space    used 11189K, committed 11520K, reserved 1048576K
}
Event: 7.578 GC heap before
{Heap before GC invocations=30 (full 0):
 garbage-first heap   total 124928K, used 99853K [0x0000000080000000, 0x0000000100000000)
  region size 1024K, 34 young (34816K), 4 survivors (4096K)
 Metaspace       used 83930K, committed 84544K, reserved 1122304K
  class space    used 11541K, committed 11840K, reserved 1048576K
}
Event: 7.583 GC heap after
{Heap after GC invocations=31 (full 0):
 garbage-first heap   total 150528K, used 74603K [0x0000000080000000, 0x0000000100000000)
  region size 1024K, 5 young (5120K), 5 survivors (5120K)
 Metaspace       used 83930K, committed 84544K, reserved 1122304K
  class space    used 11541K, committed 11840K, reserved 1048576K
}

