# JRE version: OpenJDK Runtime Environment (17.0.6) (build 17.0.6+0-b2043.56-10027231)
# Java VM: OpenJDK 64-Bit Server VM (17.0.6+0-b2043.56-10027231, mixed mode, tiered, compressed oops, compressed class ptrs, g1 gc, windows-amd64)
GC Precious Log:
 CPUs: 8 total, 8 available
 Memory: 8072M
 Large Page Support: Disabled
 NUMA Support: Disabled
 Compressed Oops: Enabled (32-bit)
 Heap Region Size: 1M
 Heap Min Capacity: 8M
 Heap Initial Capacity: 128M
 Heap Max Capacity: 2G
 Pre-touch: Disabled
 Parallel Workers: 8
 Concurrent Workers: 2
 Concurrent Refinement Workers: 8
 Periodic GC: Disabled
Heap:
 garbage-first heap   total 225280K, used 132947K [0x0000000080000000, 0x0000000100000000)
  region size 1024K, 6 young (6144K), 6 survivors (6144K)
 Metaspace       used 92620K, committed 93440K, reserved 1130496K
  class space    used 12578K, committed 12992K, reserved 1048576K
GC Heap History (20 events):
Event: 5.568 GC heap after
{Heap after GC invocations=31 (full 0):
 garbage-first heap   total 158720K, used 87589K [0x0000000080000000, 0x0000000100000000)
  region size 1024K, 3 young (3072K), 3 survivors (3072K)
 Metaspace       used 65260K, committed 65920K, reserved 1105920K
  class space    used 8663K, committed 8960K, reserved 1048576K
}
Event: 6.084 GC heap before
{Heap before GC invocations=32 (full 0):
 garbage-first heap   total 171008K, used 131621K [0x0000000080000000, 0x0000000100000000)
  region size 1024K, 40 young (40960K), 3 survivors (3072K)
 Metaspace       used 67746K, committed 68416K, reserved 1114112K
  class space    used 8996K, committed 9280K, reserved 1048576K
}
Event: 6.089 GC heap after
{Heap after GC invocations=33 (full 0):
 garbage-first heap   total 171008K, used 91023K [0x0000000080000000, 0x0000000100000000)
  region size 1024K, 5 young (5120K), 5 survivors (5120K)
 Metaspace       used 67746K, committed 68416K, reserved 1114112K
  class space    used 8996K, committed 9280K, reserved 1048576K
}
Event: 6.124 GC heap before
{Heap before GC invocations=33 (full 0):
 garbage-first heap   total 171008K, used 93071K [0x0000000080000000, 0x0000000100000000)
  region size 1024K, 8 young (8192K), 5 survivors (5120K)
 Metaspace       used 68026K, committed 68736K, reserved 1114112K
  class space    used 9034K, committed 9344K, reserved 1048576K
}
Event: 6.129 GC heap after
{Heap after GC invocations=34 (full 0):
 garbage-first heap   total 171008K, used 91349K [0x0000000080000000, 0x0000000100000000)
  region size 1024K, 1 young (1024K), 1 survivors (1024K)
 Metaspace       used 68026K, committed 68736K, reserved 1114112K
  class space    used 9034K, committed 9344K, reserved 1048576K
}
Event: 6.507 GC heap before
{Heap before GC invocations=34 (full 0):
 garbage-first heap   total 171008K, used 132309K [0x0000000080000000, 0x0000000100000000)
  region size 1024K, 41 young (41984K), 1 survivors (1024K)
 Metaspace       used 69442K, committed 70080K, reserved 1114112K
  class space    used 9230K, committed 9536K, reserved 1048576K
}
Event: 6.511 GC heap after
{Heap after GC invocations=35 (full 0):
 garbage-first heap   total 171008K, used 93440K [0x0000000080000000, 0x0000000100000000)
  region size 1024K, 3 young (3072K), 3 survivors (3072K)
 Metaspace       used 69442K, committed 70080K, reserved 1114112K
  class space    used 9230K, committed 9536K, reserved 1048576K
}
Event: 7.129 GC heap before
{Heap before GC invocations=36 (full 0):
 garbage-first heap   total 171008K, used 136448K [0x0000000080000000, 0x0000000100000000)
  region size 1024K, 44 young (45056K), 3 survivors (3072K)
 Metaspace       used 73978K, committed 74624K, reserved 1114112K
  class space    used 10017K, committed 10304K, reserved 1048576K
}
Event: 7.136 GC heap after
{Heap after GC invocations=37 (full 0):
 garbage-first heap   total 171008K, used 96103K [0x0000000080000000, 0x0000000100000000)
  region size 1024K, 6 young (6144K), 6 survivors (6144K)
 Metaspace       used 73978K, committed 74624K, reserved 1114112K
  class space    used 10017K, committed 10304K, reserved 1048576K
}
Event: 7.175 GC heap before
{Heap before GC invocations=37 (full 0):
 garbage-first heap   total 171008K, used 98151K [0x0000000080000000, 0x0000000100000000)
  region size 1024K, 8 young (8192K), 6 survivors (6144K)
 Metaspace       used 74252K, committed 74880K, reserved 1114112K
  class space    used 10062K, committed 10368K, reserved 1048576K
}
Event: 7.181 GC heap after
{Heap after GC invocations=38 (full 0):
 garbage-first heap   total 171008K, used 96426K [0x0000000080000000, 0x0000000100000000)
  region size 1024K, 1 young (1024K), 1 survivors (1024K)
 Metaspace       used 74252K, committed 74880K, reserved 1114112K
  class space    used 10062K, committed 10368K, reserved 1048576K
}
Event: 7.632 GC heap before
{Heap before GC invocations=38 (full 0):
 garbage-first heap   total 171008K, used 126122K [0x0000000080000000, 0x0000000100000000)
  region size 1024K, 31 young (31744K), 1 survivors (1024K)
 Metaspace       used 77704K, committed 78464K, reserved 1122304K
  class space    used 10548K, committed 10880K, reserved 1048576K
}
Event: 7.637 GC heap after
{Heap after GC invocations=39 (full 0):
 garbage-first heap   total 171008K, used 98043K [0x0000000080000000, 0x0000000100000000)
  region size 1024K, 3 young (3072K), 3 survivors (3072K)
 Metaspace       used 77704K, committed 78464K, reserved 1122304K
  class space    used 10548K, committed 10880K, reserved 1048576K
}
Event: 8.265 GC heap before
{Heap before GC invocations=40 (full 0):
 garbage-first heap   total 209920K, used 159483K [0x0000000080000000, 0x0000000100000000)
  region size 1024K, 41 young (41984K), 3 survivors (3072K)
 Metaspace       used 80926K, committed 81664K, reserved 1122304K
  class space    used 11037K, committed 11392K, reserved 1048576K
}
Event: 8.273 GC heap after
{Heap after GC invocations=41 (full 0):
 garbage-first heap   total 209920K, used 126848K [0x0000000080000000, 0x0000000100000000)
  region size 1024K, 6 young (6144K), 6 survivors (6144K)
 Metaspace       used 80926K, committed 81664K, reserved 1122304K
  class space    used 11037K, committed 11392K, reserved 1048576K
}
Event: 8.437 GC heap before
{Heap before GC invocations=41 (full 0):
 garbage-first heap   total 209920K, used 144256K [0x0000000080000000, 0x0000000100000000)
  region size 1024K, 24 young (24576K), 6 survivors (6144K)
 Metaspace       used 82004K, committed 82752K, reserved 1122304K
  class space    used 11170K, committed 11520K, reserved 1048576K
}
Event: 8.442 GC heap after
{Heap after GC invocations=42 (full 0):
 garbage-first heap   total 209920K, used 128991K [0x0000000080000000, 0x0000000100000000)
  region size 1024K, 2 young (2048K), 2 survivors (2048K)
 Metaspace       used 82004K, committed 82752K, reserved 1122304K
  class space    used 11170K, committed 11520K, reserved 1048576K
}
Event: 9.180 GC heap before
{Heap before GC invocations=43 (full 0):
 garbage-first heap   total 225280K, used 170975K [0x0000000080000000, 0x0000000100000000)
  region size 1024K, 42 young (43008K), 2 survivors (2048K)
 Metaspace       used 88966K, committed 89728K, reserved 1130496K
  class space    used 12067K, committed 12416K, reserved 1048576K
}
Event: 9.184 GC heap after
{Heap after GC invocations=44 (full 0):
 garbage-first heap   total 225280K, used 130567K [0x0000000080000000, 0x0000000100000000)
  region size 1024K, 4 young (4096K), 4 survivors (4096K)
 Metaspace       used 88966K, committed 89728K, reserved 1130496K
  class space    used 12067K, committed 12416K, reserved 1048576K
}
Event: 9.630 GC heap before
{Heap before GC invocations=44 (full 0):
 garbage-first heap   total 225280K, used 157191K [0x0000000080000000, 0x0000000100000000)
  region size 1024K, 31 young (31744K), 4 survivors (4096K)
 Metaspace       used 92620K, committed 93440K, reserved 1130496K
  class space    used 12578K, committed 12992K, reserved 1048576K
}

