# JRE version: OpenJDK Runtime Environment (17.0.6) (build 17.0.6+0-b2043.56-10027231)
# Java VM: OpenJDK 64-Bit Server VM (17.0.6+0-b2043.56-10027231, mixed mode, tiered, compressed oops, compressed class ptrs, g1 gc, windows-amd64)
GC Precious Log:
 CPUs: 8 total, 8 available
 Memory: 8072M
 Large Page Support: Disabled
 NUMA Support: Disabled
 Compressed Oops: Enabled (32-bit)
 Heap Region Size: 1M
 Heap Min Capacity: 8M
 Heap Initial Capacity: 128M
 Heap Max Capacity: 2G
 Pre-touch: Disabled
 Parallel Workers: 8
 Concurrent Workers: 2
 Concurrent Refinement Workers: 8
 Periodic GC: Disabled
Heap:
 garbage-first heap   total 408576K, used 231787K [0x0000000080000000, 0x0000000100000000)
  region size 1024K, 14 young (14336K), 14 survivors (14336K)
 Metaspace       used 130894K, committed 131968K, reserved 1163264K
  class space    used 17988K, committed 18496K, reserved 1048576K
GC Heap History (20 events):
Event: 8.585 GC heap after
{Heap after GC invocations=40 (full 0):
 garbage-first heap   total 366592K, used 131649K [0x0000000080000000, 0x0000000100000000)
  region size 1024K, 16 young (16384K), 16 survivors (16384K)
 Metaspace       used 91130K, committed 91776K, reserved 1130496K
  class space    used 12424K, committed 12736K, reserved 1048576K
}
Event: 9.807 GC heap before
{Heap before GC invocations=40 (full 0):
 garbage-first heap   total 366592K, used 278081K [0x0000000080000000, 0x0000000100000000)
  region size 1024K, 159 young (162816K), 16 survivors (16384K)
 Metaspace       used 99713K, committed 100480K, reserved 1138688K
  class space    used 13460K, committed 13824K, reserved 1048576K
}
Event: 9.826 GC heap after
{Heap after GC invocations=41 (full 0):
 garbage-first heap   total 366592K, used 144017K [0x0000000080000000, 0x0000000100000000)
  region size 1024K, 12 young (12288K), 12 survivors (12288K)
 Metaspace       used 99713K, committed 100480K, reserved 1138688K
  class space    used 13460K, committed 13824K, reserved 1048576K
}
Event: 36.259 GC heap before
{Heap before GC invocations=41 (full 0):
 garbage-first heap   total 366592K, used 283281K [0x0000000080000000, 0x0000000100000000)
  region size 1024K, 148 young (151552K), 12 survivors (12288K)
 Metaspace       used 105344K, committed 106176K, reserved 1146880K
  class space    used 14175K, committed 14592K, reserved 1048576K
}
Event: 36.278 GC heap after
{Heap after GC invocations=42 (full 0):
 garbage-first heap   total 366592K, used 155467K [0x0000000080000000, 0x0000000100000000)
  region size 1024K, 13 young (13312K), 13 survivors (13312K)
 Metaspace       used 105344K, committed 106176K, reserved 1146880K
  class space    used 14175K, committed 14592K, reserved 1048576K
}
Event: 40.209 GC heap before
{Heap before GC invocations=42 (full 0):
 garbage-first heap   total 366592K, used 288587K [0x0000000080000000, 0x0000000100000000)
  region size 1024K, 144 young (147456K), 13 survivors (13312K)
 Metaspace       used 108728K, committed 109696K, reserved 1146880K
  class space    used 14633K, committed 15104K, reserved 1048576K
}
Event: 40.236 GC heap after
{Heap after GC invocations=43 (full 0):
 garbage-first heap   total 366592K, used 171814K [0x0000000080000000, 0x0000000100000000)
  region size 1024K, 17 young (17408K), 17 survivors (17408K)
 Metaspace       used 108728K, committed 109696K, reserved 1146880K
  class space    used 14633K, committed 15104K, reserved 1048576K
}
Event: 43.696 GC heap before
{Heap before GC invocations=43 (full 0):
 garbage-first heap   total 366592K, used 266022K [0x0000000080000000, 0x0000000100000000)
  region size 1024K, 111 young (113664K), 17 survivors (17408K)
 Metaspace       used 117021K, committed 118016K, reserved 1155072K
  class space    used 15721K, committed 16192K, reserved 1048576K
}
Event: 43.714 GC heap after
{Heap after GC invocations=44 (full 0):
 garbage-first heap   total 366592K, used 178176K [0x0000000080000000, 0x0000000100000000)
  region size 1024K, 7 young (7168K), 7 survivors (7168K)
 Metaspace       used 117021K, committed 118016K, reserved 1155072K
  class space    used 15721K, committed 16192K, reserved 1048576K
}
Event: 44.311 GC heap before
{Heap before GC invocations=45 (full 0):
 garbage-first heap   total 366592K, used 293888K [0x0000000080000000, 0x0000000100000000)
  region size 1024K, 121 young (123904K), 7 survivors (7168K)
 Metaspace       used 118200K, committed 119232K, reserved 1155072K
  class space    used 15893K, committed 16384K, reserved 1048576K
}
Event: 44.323 GC heap after
{Heap after GC invocations=46 (full 0):
 garbage-first heap   total 366592K, used 190826K [0x0000000080000000, 0x0000000100000000)
  region size 1024K, 16 young (16384K), 16 survivors (16384K)
 Metaspace       used 118200K, committed 119232K, reserved 1155072K
  class space    used 15893K, committed 16384K, reserved 1048576K
}
Event: 44.326 GC heap before
{Heap before GC invocations=46 (full 0):
 garbage-first heap   total 366592K, used 190826K [0x0000000080000000, 0x0000000100000000)
  region size 1024K, 17 young (17408K), 16 survivors (16384K)
 Metaspace       used 118220K, committed 119232K, reserved 1155072K
  class space    used 15897K, committed 16384K, reserved 1048576K
}
Event: 44.338 GC heap after
{Heap after GC invocations=47 (full 0):
 garbage-first heap   total 366592K, used 188025K [0x0000000080000000, 0x0000000100000000)
  region size 1024K, 3 young (3072K), 3 survivors (3072K)
 Metaspace       used 118220K, committed 119232K, reserved 1155072K
  class space    used 15897K, committed 16384K, reserved 1048576K
}
Event: 44.985 GC heap before
{Heap before GC invocations=47 (full 0):
 garbage-first heap   total 366592K, used 294521K [0x0000000080000000, 0x0000000100000000)
  region size 1024K, 108 young (110592K), 3 survivors (3072K)
 Metaspace       used 124656K, committed 125632K, reserved 1163264K
  class space    used 16888K, committed 17344K, reserved 1048576K
}
Event: 45.003 GC heap after
{Heap after GC invocations=48 (full 0):
 garbage-first heap   total 366592K, used 203378K [0x0000000080000000, 0x0000000100000000)
  region size 1024K, 14 young (14336K), 14 survivors (14336K)
 Metaspace       used 124656K, committed 125632K, reserved 1163264K
  class space    used 16888K, committed 17344K, reserved 1048576K
}
Event: 45.378 GC heap before
{Heap before GC invocations=49 (full 0):
 garbage-first heap   total 408576K, used 293490K [0x0000000080000000, 0x0000000100000000)
  region size 1024K, 102 young (104448K), 14 survivors (14336K)
 Metaspace       used 127247K, committed 128256K, reserved 1163264K
  class space    used 17331K, committed 17792K, reserved 1048576K
}
Event: 45.404 GC heap after
{Heap after GC invocations=50 (full 0):
 garbage-first heap   total 408576K, used 217348K [0x0000000080000000, 0x0000000100000000)
  region size 1024K, 13 young (13312K), 13 survivors (13312K)
 Metaspace       used 127247K, committed 128256K, reserved 1163264K
  class space    used 17331K, committed 17792K, reserved 1048576K
}
Event: 45.413 GC heap before
{Heap before GC invocations=50 (full 0):
 garbage-first heap   total 408576K, used 223492K [0x0000000080000000, 0x0000000100000000)
  region size 1024K, 19 young (19456K), 13 survivors (13312K)
 Metaspace       used 127263K, committed 128320K, reserved 1163264K
  class space    used 17337K, committed 17856K, reserved 1048576K
}
Event: 45.430 GC heap after
{Heap after GC invocations=51 (full 0):
 garbage-first heap   total 408576K, used 217313K [0x0000000080000000, 0x0000000100000000)
  region size 1024K, 3 young (3072K), 3 survivors (3072K)
 Metaspace       used 127263K, committed 128320K, reserved 1163264K
  class space    used 17337K, committed 17856K, reserved 1048576K
}
Event: 45.746 GC heap before
{Heap before GC invocations=51 (full 0):
 garbage-first heap   total 408576K, used 324833K [0x0000000080000000, 0x0000000100000000)
  region size 1024K, 108 young (110592K), 3 survivors (3072K)
 Metaspace       used 130894K, committed 131968K, reserved 1163264K
  class space    used 17988K, committed 18496K, reserved 1048576K
}

