# JRE version: OpenJDK Runtime Environment (17.0.6) (build 17.0.6+0-b2043.56-10027231)
# Java VM: OpenJDK 64-Bit Server VM (17.0.6+0-b2043.56-10027231, mixed mode, tiered, compressed oops, compressed class ptrs, g1 gc, windows-amd64)
GC Precious Log:
 CPUs: 8 total, 8 available
 Memory: 8072M
 Large Page Support: Disabled
 NUMA Support: Disabled
 Compressed Oops: Enabled (32-bit)
 Heap Region Size: 1M
 Heap Min Capacity: 8M
 Heap Initial Capacity: 128M
 Heap Max Capacity: 2G
 Pre-touch: Disabled
 Parallel Workers: 8
 Concurrent Workers: 2
 Concurrent Refinement Workers: 8
 Periodic GC: Disabled
Heap:
 garbage-first heap   total 394240K, used 261120K [0x0000000080000000, 0x0000000100000000)
  region size 1024K, 3 young (3072K), 3 survivors (3072K)
 Metaspace       used 116265K, committed 117312K, reserved 1155072K
  class space    used 15616K, committed 16128K, reserved 1048576K
GC Heap History (20 events):
Event: 11.856 GC heap after
{Heap after GC invocations=53 (full 0):
 garbage-first heap   total 232448K, used 138700K [0x0000000080000000, 0x0000000100000000)
  region size 1024K, 7 young (7168K), 7 survivors (7168K)
 Metaspace       used 94359K, committed 95168K, reserved 1138688K
  class space    used 12719K, committed 13120K, reserved 1048576K
}
Event: 11.885 GC heap before
{Heap before GC invocations=53 (full 0):
 garbage-first heap   total 232448K, used 141772K [0x0000000080000000, 0x0000000100000000)
  region size 1024K, 11 young (11264K), 7 survivors (7168K)
 Metaspace       used 94380K, committed 95168K, reserved 1138688K
  class space    used 12721K, committed 13120K, reserved 1048576K
}
Event: 11.893 GC heap after
{Heap after GC invocations=54 (full 0):
 garbage-first heap   total 338944K, used 139443K [0x0000000080000000, 0x0000000100000000)
  region size 1024K, 2 young (2048K), 2 survivors (2048K)
 Metaspace       used 94380K, committed 95168K, reserved 1138688K
  class space    used 12721K, committed 13120K, reserved 1048576K
}
Event: 12.966 GC heap before
{Heap before GC invocations=54 (full 0):
 garbage-first heap   total 338944K, used 268467K [0x0000000080000000, 0x0000000100000000)
  region size 1024K, 129 young (132096K), 2 survivors (2048K)
 Metaspace       used 96716K, committed 97600K, reserved 1138688K
  class space    used 12954K, committed 13376K, reserved 1048576K
}
Event: 12.976 GC heap after
{Heap after GC invocations=55 (full 0):
 garbage-first heap   total 338944K, used 148401K [0x0000000080000000, 0x0000000100000000)
  region size 1024K, 11 young (11264K), 11 survivors (11264K)
 Metaspace       used 96716K, committed 97600K, reserved 1138688K
  class space    used 12954K, committed 13376K, reserved 1048576K
}
Event: 24.480 GC heap before
{Heap before GC invocations=55 (full 0):
 garbage-first heap   total 338944K, used 261041K [0x0000000080000000, 0x0000000100000000)
  region size 1024K, 121 young (123904K), 11 survivors (11264K)
 Metaspace       used 102252K, committed 103168K, reserved 1138688K
  class space    used 13690K, committed 14144K, reserved 1048576K
}
Event: 24.496 GC heap after
{Heap after GC invocations=56 (full 0):
 garbage-first heap   total 338944K, used 159840K [0x0000000080000000, 0x0000000100000000)
  region size 1024K, 12 young (12288K), 12 survivors (12288K)
 Metaspace       used 102252K, committed 103168K, reserved 1138688K
  class space    used 13690K, committed 14144K, reserved 1048576K
}
Event: 25.109 GC heap before
{Heap before GC invocations=56 (full 0):
 garbage-first heap   total 338944K, used 264288K [0x0000000080000000, 0x0000000100000000)
  region size 1024K, 115 young (117760K), 12 survivors (12288K)
 Metaspace       used 104200K, committed 105152K, reserved 1146880K
  class space    used 13992K, committed 14464K, reserved 1048576K
}
Event: 25.123 GC heap after
{Heap after GC invocations=57 (full 0):
 garbage-first heap   total 338944K, used 172786K [0x0000000080000000, 0x0000000100000000)
  region size 1024K, 13 young (13312K), 13 survivors (13312K)
 Metaspace       used 104200K, committed 105152K, reserved 1146880K
  class space    used 13992K, committed 14464K, reserved 1048576K
}
Event: 25.826 GC heap before
{Heap before GC invocations=58 (full 0):
 garbage-first heap   total 338944K, used 270066K [0x0000000080000000, 0x0000000100000000)
  region size 1024K, 109 young (111616K), 13 survivors (13312K)
 Metaspace       used 108481K, committed 109504K, reserved 1146880K
  class space    used 14547K, committed 15040K, reserved 1048576K
}
Event: 25.837 GC heap after
{Heap after GC invocations=59 (full 0):
 garbage-first heap   total 338944K, used 179548K [0x0000000080000000, 0x0000000100000000)
  region size 1024K, 8 young (8192K), 8 survivors (8192K)
 Metaspace       used 108481K, committed 109504K, reserved 1146880K
  class space    used 14547K, committed 15040K, reserved 1048576K
}
Event: 25.863 GC heap before
{Heap before GC invocations=59 (full 0):
 garbage-first heap   total 338944K, used 187740K [0x0000000080000000, 0x0000000100000000)
  region size 1024K, 16 young (16384K), 8 survivors (8192K)
 Metaspace       used 108656K, committed 109696K, reserved 1146880K
  class space    used 14576K, committed 15104K, reserved 1048576K
}
Event: 25.870 GC heap after
{Heap after GC invocations=60 (full 0):
 garbage-first heap   total 338944K, used 179519K [0x0000000080000000, 0x0000000100000000)
  region size 1024K, 2 young (2048K), 2 survivors (2048K)
 Metaspace       used 108656K, committed 109696K, reserved 1146880K
  class space    used 14576K, committed 15104K, reserved 1048576K
}
Event: 26.179 GC heap before
{Heap before GC invocations=60 (full 0):
 garbage-first heap   total 338944K, used 274751K [0x0000000080000000, 0x0000000100000000)
  region size 1024K, 96 young (98304K), 2 survivors (2048K)
 Metaspace       used 111055K, committed 112064K, reserved 1146880K
  class space    used 14881K, committed 15360K, reserved 1048576K
}
Event: 26.188 GC heap after
{Heap after GC invocations=61 (full 0):
 garbage-first heap   total 338944K, used 184861K [0x0000000080000000, 0x0000000100000000)
  region size 1024K, 7 young (7168K), 7 survivors (7168K)
 Metaspace       used 111055K, committed 112064K, reserved 1146880K
  class space    used 14881K, committed 15360K, reserved 1048576K
}
Event: 26.218 GC heap before
{Heap before GC invocations=61 (full 0):
 garbage-first heap   total 338944K, used 192029K [0x0000000080000000, 0x0000000100000000)
  region size 1024K, 16 young (16384K), 7 survivors (7168K)
 Metaspace       used 111365K, committed 112384K, reserved 1146880K
  class space    used 14919K, committed 15424K, reserved 1048576K
}
Event: 26.224 GC heap after
{Heap after GC invocations=62 (full 0):
 garbage-first heap   total 338944K, used 185502K [0x0000000080000000, 0x0000000100000000)
  region size 1024K, 7 young (7168K), 7 survivors (7168K)
 Metaspace       used 111365K, committed 112384K, reserved 1146880K
  class space    used 14919K, committed 15424K, reserved 1048576K
}
Event: 26.937 GC heap before
{Heap before GC invocations=63 (full 0):
 garbage-first heap   total 373760K, used 351390K [0x0000000080000000, 0x0000000100000000)
  region size 1024K, 96 young (98304K), 7 survivors (7168K)
 Metaspace       used 116265K, committed 117312K, reserved 1155072K
  class space    used 15616K, committed 16128K, reserved 1048576K
}
Event: 26.960 GC heap after
{Heap after GC invocations=64 (full 0):
 garbage-first heap   total 394240K, used 262943K [0x0000000080000000, 0x0000000100000000)
  region size 1024K, 12 young (12288K), 12 survivors (12288K)
 Metaspace       used 116265K, committed 117312K, reserved 1155072K
  class space    used 15616K, committed 16128K, reserved 1048576K
}
Event: 27.006 GC heap before
{Heap before GC invocations=64 (full 0):
 garbage-first heap   total 394240K, used 269087K [0x0000000080000000, 0x0000000100000000)
  region size 1024K, 19 young (19456K), 12 survivors (12288K)
 Metaspace       used 116265K, committed 117312K, reserved 1155072K
  class space    used 15616K, committed 16128K, reserved 1048576K
}

