# JRE version: OpenJDK Runtime Environment (17.0.6) (build 17.0.6+0-b2043.56-10027231)
# Java VM: OpenJDK 64-Bit Server VM (17.0.6+0-b2043.56-10027231, mixed mode, tiered, compressed oops, compressed class ptrs, g1 gc, windows-amd64)
GC Precious Log:
 CPUs: 8 total, 8 available
 Memory: 8072M
 Large Page Support: Disabled
 NUMA Support: Disabled
 Compressed Oops: Enabled (32-bit)
 Heap Region Size: 1M
 Heap Min Capacity: 8M
 Heap Initial Capacity: 128M
 Heap Max Capacity: 2G
 Pre-touch: Disabled
 Parallel Workers: 8
 Concurrent Workers: 2
 Concurrent Refinement Workers: 8
 Periodic GC: Disabled
Heap:
 garbage-first heap   total 479232K, used 329655K [0x0000000080000000, 0x0000000100000000)
  region size 1024K, 57 young (58368K), 7 survivors (7168K)
 Metaspace       used 144988K, committed 147072K, reserved 1179648K
  class space    used 19120K, committed 20096K, reserved 1048576K
GC Heap History (20 events):
Event: 7826.447 GC heap before
{Heap before GC invocations=75 (full 0):
 garbage-first heap   total 479232K, used 412868K [0x0000000080000000, 0x0000000100000000)
  region size 1024K, 162 young (165888K), 10 survivors (10240K)
 Metaspace       used 140655K, committed 142144K, reserved 1179648K
  class space    used 18613K, committed 19328K, reserved 1048576K
}
Event: 7826.558 GC heap after
{Heap after GC invocations=76 (full 0):
 garbage-first heap   total 479232K, used 233367K [0x0000000080000000, 0x0000000100000000)
  region size 1024K, 9 young (9216K), 9 survivors (9216K)
 Metaspace       used 140655K, committed 142144K, reserved 1179648K
  class space    used 18613K, committed 19328K, reserved 1048576K
}
Event: 7980.346 GC heap before
{Heap before GC invocations=76 (full 0):
 garbage-first heap   total 479232K, used 416663K [0x0000000080000000, 0x0000000100000000)
  region size 1024K, 163 young (166912K), 9 survivors (9216K)
 Metaspace       used 141139K, committed 142592K, reserved 1179648K
  class space    used 18638K, committed 19328K, reserved 1048576K
}
Event: 7980.372 GC heap after
{Heap after GC invocations=77 (full 0):
 garbage-first heap   total 479232K, used 229555K [0x0000000080000000, 0x0000000100000000)
  region size 1024K, 6 young (6144K), 6 survivors (6144K)
 Metaspace       used 141139K, committed 142592K, reserved 1179648K
  class space    used 18638K, committed 19328K, reserved 1048576K
}
Event: 8313.274 GC heap before
{Heap before GC invocations=77 (full 0):
 garbage-first heap   total 479232K, used 420019K [0x0000000080000000, 0x0000000100000000)
  region size 1024K, 167 young (171008K), 6 survivors (6144K)
 Metaspace       used 141571K, committed 143040K, reserved 1179648K
  class space    used 18663K, committed 19328K, reserved 1048576K
}
Event: 8313.322 GC heap after
{Heap after GC invocations=78 (full 0):
 garbage-first heap   total 479232K, used 229291K [0x0000000080000000, 0x0000000100000000)
  region size 1024K, 5 young (5120K), 5 survivors (5120K)
 Metaspace       used 141571K, committed 143040K, reserved 1179648K
  class space    used 18663K, committed 19328K, reserved 1048576K
}
Event: 8316.381 GC heap before
{Heap before GC invocations=78 (full 0):
 garbage-first heap   total 479232K, used 429995K [0x0000000080000000, 0x0000000100000000)
  region size 1024K, 171 young (175104K), 5 survivors (5120K)
 Metaspace       used 141642K, committed 143168K, reserved 1179648K
  class space    used 18674K, committed 19392K, reserved 1048576K
}
Event: 8316.579 GC heap after
{Heap after GC invocations=79 (full 0):
 garbage-first heap   total 479232K, used 236543K [0x0000000080000000, 0x0000000100000000)
  region size 1024K, 14 young (14336K), 14 survivors (14336K)
 Metaspace       used 141642K, committed 143168K, reserved 1179648K
  class space    used 18674K, committed 19392K, reserved 1048576K
}
Event: 8317.682 GC heap before
{Heap before GC invocations=79 (full 0):
 garbage-first heap   total 479232K, used 402431K [0x0000000080000000, 0x0000000100000000)
  region size 1024K, 171 young (175104K), 14 survivors (14336K)
 Metaspace       used 142023K, committed 143552K, reserved 1179648K
  class space    used 18698K, committed 19392K, reserved 1048576K
}
Event: 8317.881 GC heap after
{Heap after GC invocations=80 (full 0):
 garbage-first heap   total 479232K, used 250793K [0x0000000080000000, 0x0000000100000000)
  region size 1024K, 13 young (13312K), 13 survivors (13312K)
 Metaspace       used 142023K, committed 143552K, reserved 1179648K
  class space    used 18698K, committed 19392K, reserved 1048576K
}
Event: 9124.594 GC heap before
{Heap before GC invocations=80 (full 0):
 garbage-first heap   total 479232K, used 424873K [0x0000000080000000, 0x0000000100000000)
  region size 1024K, 154 young (157696K), 13 survivors (13312K)
 Metaspace       used 143664K, committed 145600K, reserved 1179648K
  class space    used 18996K, committed 19904K, reserved 1048576K
}
Event: 9124.763 GC heap after
{Heap after GC invocations=81 (full 0):
 garbage-first heap   total 479232K, used 243664K [0x0000000080000000, 0x0000000100000000)
  region size 1024K, 7 young (7168K), 7 survivors (7168K)
 Metaspace       used 143664K, committed 145600K, reserved 1179648K
  class space    used 18996K, committed 19904K, reserved 1048576K
}
Event: 9574.604 GC heap before
{Heap before GC invocations=81 (full 0):
 garbage-first heap   total 479232K, used 424912K [0x0000000080000000, 0x0000000100000000)
  region size 1024K, 159 young (162816K), 7 survivors (7168K)
 Metaspace       used 144398K, committed 146432K, reserved 1179648K
  class space    used 19076K, committed 20032K, reserved 1048576K
}
Event: 9574.629 GC heap after
{Heap after GC invocations=82 (full 0):
 garbage-first heap   total 479232K, used 244210K [0x0000000080000000, 0x0000000100000000)
  region size 1024K, 5 young (5120K), 5 survivors (5120K)
 Metaspace       used 144398K, committed 146432K, reserved 1179648K
  class space    used 19076K, committed 20032K, reserved 1048576K
}
Event: 9575.900 GC heap before
{Heap before GC invocations=82 (full 0):
 garbage-first heap   total 479232K, used 403954K [0x0000000080000000, 0x0000000100000000)
  region size 1024K, 160 young (163840K), 5 survivors (5120K)
 Metaspace       used 144819K, committed 146880K, reserved 1179648K
  class space    used 19113K, committed 20096K, reserved 1048576K
}
Event: 9575.921 GC heap after
{Heap after GC invocations=83 (full 0):
 garbage-first heap   total 479232K, used 252095K [0x0000000080000000, 0x0000000100000000)
  region size 1024K, 13 young (13312K), 13 survivors (13312K)
 Metaspace       used 144819K, committed 146880K, reserved 1179648K
  class space    used 19113K, committed 20096K, reserved 1048576K
}
Event: 10067.509 GC heap before
{Heap before GC invocations=83 (full 0):
 garbage-first heap   total 479232K, used 414911K [0x0000000080000000, 0x0000000100000000)
  region size 1024K, 129 young (132096K), 13 survivors (13312K)
 Metaspace       used 144881K, committed 147008K, reserved 1179648K
  class space    used 19113K, committed 20096K, reserved 1048576K
}
Event: 10068.082 GC heap after
{Heap after GC invocations=84 (full 0):
 garbage-first heap   total 479232K, used 280936K [0x0000000080000000, 0x0000000100000000)
  region size 1024K, 20 young (20480K), 20 survivors (20480K)
 Metaspace       used 144881K, committed 147008K, reserved 1179648K
  class space    used 19113K, committed 20096K, reserved 1048576K
}
Event: 10125.815 GC heap before
{Heap before GC invocations=84 (full 0):
 garbage-first heap   total 479232K, used 346472K [0x0000000080000000, 0x0000000100000000)
  region size 1024K, 75 young (76800K), 20 survivors (20480K)
 Metaspace       used 144938K, committed 147008K, reserved 1179648K
  class space    used 19117K, committed 20096K, reserved 1048576K
}
Event: 10125.883 GC heap after
{Heap after GC invocations=85 (full 0):
 garbage-first heap   total 479232K, used 279479K [0x0000000080000000, 0x0000000100000000)
  region size 1024K, 7 young (7168K), 7 survivors (7168K)
 Metaspace       used 144938K, committed 147008K, reserved 1179648K
  class space    used 19117K, committed 20096K, reserved 1048576K
}

