# JRE version: OpenJDK Runtime Environment (17.0.6) (build 17.0.6+0-b2043.56-10027231)
# Java VM: OpenJDK 64-Bit Server VM (17.0.6+0-b2043.56-10027231, mixed mode, tiered, compressed oops, compressed class ptrs, g1 gc, windows-amd64)
GC Precious Log:
 CPUs: 8 total, 8 available
 Memory: 8072M
 Large Page Support: Disabled
 NUMA Support: Disabled
 Compressed Oops: Enabled (32-bit)
 Heap Region Size: 1M
 Heap Min Capacity: 8M
 Heap Initial Capacity: 128M
 Heap Max Capacity: 2G
 Pre-touch: Disabled
 Parallel Workers: 8
 Concurrent Workers: 2
 Concurrent Refinement Workers: 8
 Periodic GC: Disabled
Heap:
 garbage-first heap   total 203776K, used 121822K [0x0000000080000000, 0x0000000100000000)
  region size 1024K, 1 young (1024K), 1 survivors (1024K)
 Metaspace       used 92593K, committed 93248K, reserved 1130496K
  class space    used 12673K, committed 12992K, reserved 1048576K
GC Heap History (20 events):
Event: 8.893 GC heap after
{Heap after GC invocations=25 (full 0):
 garbage-first heap   total 171008K, used 62263K [0x0000000080000000, 0x0000000100000000)
  region size 1024K, 5 young (5120K), 5 survivors (5120K)
 Metaspace       used 71715K, committed 72192K, reserved 1114112K
  class space    used 9665K, committed 9856K, reserved 1048576K
}
Event: 9.923 GC heap before
{Heap before GC invocations=25 (full 0):
 garbage-first heap   total 171008K, used 131895K [0x0000000080000000, 0x0000000100000000)
  region size 1024K, 73 young (74752K), 5 survivors (5120K)
 Metaspace       used 77163K, committed 77760K, reserved 1122304K
  class space    used 10560K, committed 10880K, reserved 1048576K
}
Event: 9.930 GC heap after
{Heap after GC invocations=26 (full 0):
 garbage-first heap   total 171008K, used 65594K [0x0000000080000000, 0x0000000100000000)
  region size 1024K, 8 young (8192K), 8 survivors (8192K)
 Metaspace       used 77163K, committed 77760K, reserved 1122304K
  class space    used 10560K, committed 10880K, reserved 1048576K
}
Event: 10.783 GC heap before
{Heap before GC invocations=26 (full 0):
 garbage-first heap   total 171008K, used 134202K [0x0000000080000000, 0x0000000100000000)
  region size 1024K, 75 young (76800K), 8 survivors (8192K)
 Metaspace       used 83123K, committed 83712K, reserved 1122304K
  class space    used 11436K, committed 11712K, reserved 1048576K
}
Event: 10.794 GC heap after
{Heap after GC invocations=27 (full 0):
 garbage-first heap   total 171008K, used 70207K [0x0000000080000000, 0x0000000100000000)
  region size 1024K, 9 young (9216K), 9 survivors (9216K)
 Metaspace       used 83123K, committed 83712K, reserved 1122304K
  class space    used 11436K, committed 11712K, reserved 1048576K
}
Event: 11.628 GC heap before
{Heap before GC invocations=27 (full 0):
 garbage-first heap   total 171008K, used 139839K [0x0000000080000000, 0x0000000100000000)
  region size 1024K, 73 young (74752K), 9 survivors (9216K)
 Metaspace       used 86035K, committed 86592K, reserved 1130496K
  class space    used 11878K, committed 12160K, reserved 1048576K
}
Event: 11.641 GC heap after
{Heap after GC invocations=28 (full 0):
 garbage-first heap   total 171008K, used 78116K [0x0000000080000000, 0x0000000100000000)
  region size 1024K, 10 young (10240K), 10 survivors (10240K)
 Metaspace       used 86035K, committed 86592K, reserved 1130496K
  class space    used 11878K, committed 12160K, reserved 1048576K
}
Event: 12.294 GC heap before
{Heap before GC invocations=28 (full 0):
 garbage-first heap   total 171008K, used 134436K [0x0000000080000000, 0x0000000100000000)
  region size 1024K, 66 young (67584K), 10 survivors (10240K)
 Metaspace       used 88663K, committed 89280K, reserved 1130496K
  class space    used 12267K, committed 12544K, reserved 1048576K
}
Event: 12.305 GC heap after
{Heap after GC invocations=29 (full 0):
 garbage-first heap   total 171008K, used 84432K [0x0000000080000000, 0x0000000100000000)
  region size 1024K, 6 young (6144K), 6 survivors (6144K)
 Metaspace       used 88663K, committed 89280K, reserved 1130496K
  class space    used 12267K, committed 12544K, reserved 1048576K
}
Event: 12.776 GC heap before
{Heap before GC invocations=29 (full 0):
 garbage-first heap   total 171008K, used 136656K [0x0000000080000000, 0x0000000100000000)
  region size 1024K, 58 young (59392K), 6 survivors (6144K)
 Metaspace       used 89444K, committed 90112K, reserved 1130496K
  class space    used 12333K, committed 12672K, reserved 1048576K
}
Event: 12.784 GC heap after
{Heap after GC invocations=30 (full 0):
 garbage-first heap   total 171008K, used 87633K [0x0000000080000000, 0x0000000100000000)
  region size 1024K, 4 young (4096K), 4 survivors (4096K)
 Metaspace       used 89444K, committed 90112K, reserved 1130496K
  class space    used 12333K, committed 12672K, reserved 1048576K
}
Event: 13.686 GC heap before
{Heap before GC invocations=31 (full 0):
 garbage-first heap   total 171008K, used 137809K [0x0000000080000000, 0x0000000100000000)
  region size 1024K, 54 young (55296K), 4 survivors (4096K)
 Metaspace       used 92247K, committed 92928K, reserved 1130496K
  class space    used 12646K, committed 12928K, reserved 1048576K
}
Event: 13.693 GC heap after
{Heap after GC invocations=32 (full 0):
 garbage-first heap   total 171008K, used 93324K [0x0000000080000000, 0x0000000100000000)
  region size 1024K, 7 young (7168K), 7 survivors (7168K)
 Metaspace       used 92247K, committed 92928K, reserved 1130496K
  class space    used 12646K, committed 12928K, reserved 1048576K
}
Event: 13.717 GC heap before
{Heap before GC invocations=32 (full 0):
 garbage-first heap   total 171008K, used 94348K [0x0000000080000000, 0x0000000100000000)
  region size 1024K, 8 young (8192K), 7 survivors (7168K)
 Metaspace       used 92257K, committed 92928K, reserved 1130496K
  class space    used 12646K, committed 12928K, reserved 1048576K
}
Event: 13.727 GC heap after
{Heap after GC invocations=33 (full 0):
 garbage-first heap   total 171008K, used 93917K [0x0000000080000000, 0x0000000100000000)
  region size 1024K, 1 young (1024K), 1 survivors (1024K)
 Metaspace       used 92257K, committed 92928K, reserved 1130496K
  class space    used 12646K, committed 12928K, reserved 1048576K
}
Event: 13.975 GC heap before
{Heap before GC invocations=33 (full 0):
 garbage-first heap   total 171008K, used 113373K [0x0000000080000000, 0x0000000100000000)
  region size 1024K, 22 young (22528K), 1 survivors (1024K)
 Metaspace       used 92310K, committed 92928K, reserved 1130496K
  class space    used 12647K, committed 12928K, reserved 1048576K
}
Event: 13.980 GC heap after
{Heap after GC invocations=34 (full 0):
 garbage-first heap   total 171008K, used 101376K [0x0000000080000000, 0x0000000100000000)
  region size 1024K, 6 young (6144K), 6 survivors (6144K)
 Metaspace       used 92310K, committed 92928K, reserved 1130496K
  class space    used 12647K, committed 12928K, reserved 1048576K
}
Event: 14.327 GC heap before
{Heap before GC invocations=35 (full 0):
 garbage-first heap   total 203776K, used 144384K [0x0000000080000000, 0x0000000100000000)
  region size 1024K, 39 young (39936K), 6 survivors (6144K)
 Metaspace       used 92512K, committed 93184K, reserved 1130496K
  class space    used 12667K, committed 12992K, reserved 1048576K
}
Event: 14.344 GC heap after
{Heap after GC invocations=36 (full 0):
 garbage-first heap   total 203776K, used 120830K [0x0000000080000000, 0x0000000100000000)
  region size 1024K, 5 young (5120K), 5 survivors (5120K)
 Metaspace       used 92512K, committed 93184K, reserved 1130496K
  class space    used 12667K, committed 12992K, reserved 1048576K
}
Event: 14.443 GC heap before
{Heap before GC invocations=36 (full 0):
 garbage-first heap   total 203776K, used 124926K [0x0000000080000000, 0x0000000100000000)
  region size 1024K, 9 young (9216K), 5 survivors (5120K)
 Metaspace       used 92593K, committed 93248K, reserved 1130496K
  class space    used 12673K, committed 12992K, reserved 1048576K
}

