# JRE version: OpenJDK Runtime Environment (17.0.6) (build 17.0.6+0-b2043.56-10027231)
# Java VM: OpenJDK 64-Bit Server VM (17.0.6+0-b2043.56-10027231, mixed mode, tiered, compressed oops, compressed class ptrs, g1 gc, windows-amd64)
GC Precious Log:
 CPUs: 8 total, 8 available
 Memory: 8072M
 Large Page Support: Disabled
 NUMA Support: Disabled
 Compressed Oops: Enabled (32-bit)
 Heap Region Size: 1M
 Heap Min Capacity: 8M
 Heap Initial Capacity: 128M
 Heap Max Capacity: 2G
 Pre-touch: Disabled
 Parallel Workers: 8
 Concurrent Workers: 2
 Concurrent Refinement Workers: 8
 Periodic GC: Disabled
Heap:
 garbage-first heap   total 155648K, used 82907K [0x0000000080000000, 0x0000000100000000)
  region size 1024K, 1 young (1024K), 1 survivors (1024K)
 Metaspace       used 89147K, committed 89792K, reserved 1130496K
  class space    used 12249K, committed 12544K, reserved 1048576K
GC Heap History (20 events):
Event: 8.035 GC heap after
{Heap after GC invocations=31 (full 0):
 garbage-first heap   total 134144K, used 61344K [0x0000000080000000, 0x0000000100000000)
  region size 1024K, 1 young (1024K), 1 survivors (1024K)
 Metaspace       used 71421K, committed 71936K, reserved 1114112K
  class space    used 9594K, committed 9792K, reserved 1048576K
}
Event: 8.584 GC heap before
{Heap before GC invocations=31 (full 0):
 garbage-first heap   total 134144K, used 104352K [0x0000000080000000, 0x0000000100000000)
  region size 1024K, 43 young (44032K), 1 survivors (1024K)
 Metaspace       used 74788K, committed 75328K, reserved 1114112K
  class space    used 10205K, committed 10432K, reserved 1048576K
}
Event: 8.587 GC heap after
{Heap after GC invocations=32 (full 0):
 garbage-first heap   total 134144K, used 62816K [0x0000000080000000, 0x0000000100000000)
  region size 1024K, 2 young (2048K), 2 survivors (2048K)
 Metaspace       used 74788K, committed 75328K, reserved 1114112K
  class space    used 10205K, committed 10432K, reserved 1048576K
}
Event: 10.901 GC heap before
{Heap before GC invocations=33 (full 0):
 garbage-first heap   total 134144K, used 106848K [0x0000000080000000, 0x0000000100000000)
  region size 1024K, 45 young (46080K), 2 survivors (2048K)
 Metaspace       used 78206K, committed 78784K, reserved 1122304K
  class space    used 10802K, committed 11072K, reserved 1048576K
}
Event: 10.907 GC heap after
{Heap after GC invocations=34 (full 0):
 garbage-first heap   total 134144K, used 66764K [0x0000000080000000, 0x0000000100000000)
  region size 1024K, 6 young (6144K), 6 survivors (6144K)
 Metaspace       used 78206K, committed 78784K, reserved 1122304K
  class space    used 10802K, committed 11072K, reserved 1048576K
}
Event: 11.526 GC heap before
{Heap before GC invocations=34 (full 0):
 garbage-first heap   total 134144K, used 105676K [0x0000000080000000, 0x0000000100000000)
  region size 1024K, 45 young (46080K), 6 survivors (6144K)
 Metaspace       used 79924K, committed 80512K, reserved 1122304K
  class space    used 10990K, committed 11264K, reserved 1048576K
}
Event: 11.538 GC heap after
{Heap after GC invocations=35 (full 0):
 garbage-first heap   total 134144K, used 70664K [0x0000000080000000, 0x0000000100000000)
  region size 1024K, 5 young (5120K), 5 survivors (5120K)
 Metaspace       used 79924K, committed 80512K, reserved 1122304K
  class space    used 10990K, committed 11264K, reserved 1048576K
}
Event: 12.829 GC heap before
{Heap before GC invocations=36 (full 0):
 garbage-first heap   total 134144K, used 107528K [0x0000000080000000, 0x0000000100000000)
  region size 1024K, 41 young (41984K), 5 survivors (5120K)
 Metaspace       used 82948K, committed 83520K, reserved 1122304K
  class space    used 11489K, committed 11776K, reserved 1048576K
}
Event: 12.836 GC heap after
{Heap after GC invocations=37 (full 0):
 garbage-first heap   total 134144K, used 72805K [0x0000000080000000, 0x0000000100000000)
  region size 1024K, 3 young (3072K), 3 survivors (3072K)
 Metaspace       used 82948K, committed 83520K, reserved 1122304K
  class space    used 11489K, committed 11776K, reserved 1048576K
}
Event: 13.348 GC heap before
{Heap before GC invocations=37 (full 0):
 garbage-first heap   total 134144K, used 108645K [0x0000000080000000, 0x0000000100000000)
  region size 1024K, 38 young (38912K), 3 survivors (3072K)
 Metaspace       used 85880K, committed 86464K, reserved 1130496K
  class space    used 11871K, committed 12160K, reserved 1048576K
}
Event: 13.357 GC heap after
{Heap after GC invocations=38 (full 0):
 garbage-first heap   total 134144K, used 75085K [0x0000000080000000, 0x0000000100000000)
  region size 1024K, 5 young (5120K), 5 survivors (5120K)
 Metaspace       used 85880K, committed 86464K, reserved 1130496K
  class space    used 11871K, committed 12160K, reserved 1048576K
}
Event: 13.914 GC heap before
{Heap before GC invocations=39 (full 0):
 garbage-first heap   total 134144K, used 109901K [0x0000000080000000, 0x0000000100000000)
  region size 1024K, 39 young (39936K), 5 survivors (5120K)
 Metaspace       used 86127K, committed 86784K, reserved 1130496K
  class space    used 11888K, committed 12224K, reserved 1048576K
}
Event: 13.923 GC heap after
{Heap after GC invocations=40 (full 0):
 garbage-first heap   total 134144K, used 80920K [0x0000000080000000, 0x0000000100000000)
  region size 1024K, 5 young (5120K), 5 survivors (5120K)
 Metaspace       used 86127K, committed 86784K, reserved 1130496K
  class space    used 11888K, committed 12224K, reserved 1048576K
}
Event: 13.929 GC heap before
{Heap before GC invocations=40 (full 0):
 garbage-first heap   total 134144K, used 81944K [0x0000000080000000, 0x0000000100000000)
  region size 1024K, 6 young (6144K), 5 survivors (5120K)
 Metaspace       used 86128K, committed 86784K, reserved 1130496K
  class space    used 11888K, committed 12224K, reserved 1048576K
}
Event: 13.938 GC heap after
{Heap after GC invocations=41 (full 0):
 garbage-first heap   total 134144K, used 80885K [0x0000000080000000, 0x0000000100000000)
  region size 1024K, 1 young (1024K), 1 survivors (1024K)
 Metaspace       used 86128K, committed 86784K, reserved 1130496K
  class space    used 11888K, committed 12224K, reserved 1048576K
}
Event: 14.051 GC heap before
{Heap before GC invocations=41 (full 0):
 garbage-first heap   total 134144K, used 86005K [0x0000000080000000, 0x0000000100000000)
  region size 1024K, 8 young (8192K), 1 survivors (1024K)
 Metaspace       used 86626K, committed 87296K, reserved 1130496K
  class space    used 11983K, committed 12288K, reserved 1048576K
}
Event: 14.054 GC heap after
{Heap after GC invocations=42 (full 0):
 garbage-first heap   total 134144K, used 81495K [0x0000000080000000, 0x0000000100000000)
  region size 1024K, 2 young (2048K), 2 survivors (2048K)
 Metaspace       used 86626K, committed 87296K, reserved 1130496K
  class space    used 11983K, committed 12288K, reserved 1048576K
}
Event: 14.441 GC heap before
{Heap before GC invocations=43 (full 0):
 garbage-first heap   total 155648K, used 111191K [0x0000000080000000, 0x0000000100000000)
  region size 1024K, 26 young (26624K), 2 survivors (2048K)
 Metaspace       used 88983K, committed 89664K, reserved 1130496K
  class space    used 12221K, committed 12544K, reserved 1048576K
}
Event: 14.445 GC heap after
{Heap after GC invocations=44 (full 0):
 garbage-first heap   total 155648K, used 83771K [0x0000000080000000, 0x0000000100000000)
  region size 1024K, 4 young (4096K), 4 survivors (4096K)
 Metaspace       used 88983K, committed 89664K, reserved 1130496K
  class space    used 12221K, committed 12544K, reserved 1048576K
}
Event: 14.510 GC heap before
{Heap before GC invocations=44 (full 0):
 garbage-first heap   total 155648K, used 86843K [0x0000000080000000, 0x0000000100000000)
  region size 1024K, 7 young (7168K), 4 survivors (4096K)
 Metaspace       used 89147K, committed 89792K, reserved 1130496K
  class space    used 12249K, committed 12544K, reserved 1048576K
}

