# JRE version: OpenJDK Runtime Environment (17.0.6) (build 17.0.6+0-b2043.56-10027231)
# Java VM: OpenJDK 64-Bit Server VM (17.0.6+0-b2043.56-10027231, mixed mode, tiered, compressed oops, compressed class ptrs, g1 gc, windows-amd64)
GC Precious Log:
 CPUs: 8 total, 8 available
 Memory: 8072M
 Large Page Support: Disabled
 NUMA Support: Disabled
 Compressed Oops: Enabled (32-bit)
 Heap Region Size: 1M
 Heap Min Capacity: 8M
 Heap Initial Capacity: 128M
 Heap Max Capacity: 2G
 Pre-touch: Disabled
 Parallel Workers: 8
 Concurrent Workers: 2
 Concurrent Refinement Workers: 8
 Periodic GC: Disabled
Heap:
 garbage-first heap   total 261120K, used 130618K [0x0000000080000000, 0x0000000100000000)
  region size 1024K, 2 young (2048K), 2 survivors (2048K)
 Metaspace       used 114829K, committed 115648K, reserved 1155072K
  class space    used 15762K, committed 16128K, reserved 1048576K
GC Heap History (20 events):
Event: 12.469 GC heap after
{Heap after GC invocations=47 (full 0):
 garbage-first heap   total 251904K, used 97055K [0x0000000080000000, 0x0000000100000000)
  region size 1024K, 2 young (2048K), 2 survivors (2048K)
 Metaspace       used 86330K, committed 86976K, reserved 1130496K
  class space    used 11808K, committed 12096K, reserved 1048576K
}
Event: 507.158 GC heap before
{Heap before GC invocations=47 (full 0):
 garbage-first heap   total 251904K, used 194335K [0x0000000080000000, 0x0000000100000000)
  region size 1024K, 98 young (100352K), 2 survivors (2048K)
 Metaspace       used 87550K, committed 88192K, reserved 1130496K
  class space    used 11948K, committed 12224K, reserved 1048576K
}
Event: 507.163 GC heap after
{Heap after GC invocations=48 (full 0):
 garbage-first heap   total 251904K, used 101912K [0x0000000080000000, 0x0000000100000000)
  region size 1024K, 7 young (7168K), 7 survivors (7168K)
 Metaspace       used 87550K, committed 88192K, reserved 1130496K
  class space    used 11948K, committed 12224K, reserved 1048576K
}
Event: 508.303 GC heap before
{Heap before GC invocations=48 (full 0):
 garbage-first heap   total 251904K, used 198168K [0x0000000080000000, 0x0000000100000000)
  region size 1024K, 101 young (103424K), 7 survivors (7168K)
 Metaspace       used 89485K, committed 90176K, reserved 1130496K
  class space    used 12090K, committed 12416K, reserved 1048576K
}
Event: 508.320 GC heap after
{Heap after GC invocations=49 (full 0):
 garbage-first heap   total 251904K, used 115875K [0x0000000080000000, 0x0000000100000000)
  region size 1024K, 13 young (13312K), 13 survivors (13312K)
 Metaspace       used 89485K, committed 90176K, reserved 1130496K
  class space    used 12090K, committed 12416K, reserved 1048576K
}
Event: 509.778 GC heap before
{Heap before GC invocations=49 (full 0):
 garbage-first heap   total 251904K, used 198819K [0x0000000080000000, 0x0000000100000000)
  region size 1024K, 93 young (95232K), 13 survivors (13312K)
 Metaspace       used 97849K, committed 98624K, reserved 1138688K
  class space    used 13125K, committed 13504K, reserved 1048576K
}
Event: 509.808 GC heap after
{Heap after GC invocations=50 (full 0):
 garbage-first heap   total 251904K, used 133120K [0x0000000080000000, 0x0000000100000000)
  region size 1024K, 12 young (12288K), 12 survivors (12288K)
 Metaspace       used 97849K, committed 98624K, reserved 1138688K
  class space    used 13125K, committed 13504K, reserved 1048576K
}
Event: 542.582 GC heap before
{Heap before GC invocations=50 (full 0):
 garbage-first heap   total 251904K, used 199680K [0x0000000080000000, 0x0000000100000000)
  region size 1024K, 77 young (78848K), 12 survivors (12288K)
 Metaspace       used 99623K, committed 100480K, reserved 1138688K
  class space    used 13352K, committed 13760K, reserved 1048576K
}
Event: 542.600 GC heap after
{Heap after GC invocations=51 (full 0):
 garbage-first heap   total 251904K, used 137216K [0x0000000080000000, 0x0000000100000000)
  region size 1024K, 8 young (8192K), 8 survivors (8192K)
 Metaspace       used 99623K, committed 100480K, reserved 1138688K
  class space    used 13352K, committed 13760K, reserved 1048576K
}
Event: 544.011 GC heap before
{Heap before GC invocations=52 (full 0):
 garbage-first heap   total 251904K, used 201728K [0x0000000080000000, 0x0000000100000000)
  region size 1024K, 70 young (71680K), 8 survivors (8192K)
 Metaspace       used 99803K, committed 100608K, reserved 1138688K
  class space    used 13357K, committed 13760K, reserved 1048576K
}
Event: 544.027 GC heap after
{Heap after GC invocations=53 (full 0):
 garbage-first heap   total 251904K, used 151138K [0x0000000080000000, 0x0000000100000000)
  region size 1024K, 9 young (9216K), 9 survivors (9216K)
 Metaspace       used 99803K, committed 100608K, reserved 1138688K
  class space    used 13357K, committed 13760K, reserved 1048576K
}
Event: 544.072 GC heap before
{Heap before GC invocations=53 (full 0):
 garbage-first heap   total 251904K, used 153186K [0x0000000080000000, 0x0000000100000000)
  region size 1024K, 12 young (12288K), 9 survivors (9216K)
 Metaspace       used 99805K, committed 100608K, reserved 1138688K
  class space    used 13357K, committed 13760K, reserved 1048576K
}
Event: 544.090 GC heap after
{Heap after GC invocations=54 (full 0):
 garbage-first heap   total 251904K, used 144168K [0x0000000080000000, 0x0000000100000000)
  region size 1024K, 2 young (2048K), 2 survivors (2048K)
 Metaspace       used 99805K, committed 100608K, reserved 1138688K
  class space    used 13357K, committed 13760K, reserved 1048576K
}
Event: 544.928 GC heap before
{Heap before GC invocations=54 (full 0):
 garbage-first heap   total 251904K, used 199464K [0x0000000080000000, 0x0000000100000000)
  region size 1024K, 56 young (57344K), 2 survivors (2048K)
 Metaspace       used 101338K, committed 102144K, reserved 1138688K
  class space    used 13506K, committed 13888K, reserved 1048576K
}
Event: 544.939 GC heap after
{Heap after GC invocations=55 (full 0):
 garbage-first heap   total 251904K, used 152576K [0x0000000080000000, 0x0000000100000000)
  region size 1024K, 7 young (7168K), 7 survivors (7168K)
 Metaspace       used 101338K, committed 102144K, reserved 1138688K
  class space    used 13506K, committed 13888K, reserved 1048576K
}
Event: 545.833 GC heap before
{Heap before GC invocations=56 (full 0):
 garbage-first heap   total 261120K, used 197632K [0x0000000080000000, 0x0000000100000000)
  region size 1024K, 55 young (56320K), 7 survivors (7168K)
 Metaspace       used 110831K, committed 111616K, reserved 1146880K
  class space    used 15046K, committed 15424K, reserved 1048576K
}
Event: 545.844 GC heap after
{Heap after GC invocations=57 (full 0):
 garbage-first heap   total 261120K, used 152678K [0x0000000080000000, 0x0000000100000000)
  region size 1024K, 3 young (3072K), 3 survivors (3072K)
 Metaspace       used 110831K, committed 111616K, reserved 1146880K
  class space    used 15046K, committed 15424K, reserved 1048576K
}
Event: 545.991 GC heap before
{Heap before GC invocations=57 (full 0):
 garbage-first heap   total 261120K, used 160870K [0x0000000080000000, 0x0000000100000000)
  region size 1024K, 12 young (12288K), 3 survivors (3072K)
 Metaspace       used 112965K, committed 113792K, reserved 1155072K
  class space    used 15442K, committed 15808K, reserved 1048576K
}
Event: 546.007 GC heap after
{Heap after GC invocations=58 (full 0):
 garbage-first heap   total 261120K, used 135845K [0x0000000080000000, 0x0000000100000000)
  region size 1024K, 1 young (1024K), 1 survivors (1024K)
 Metaspace       used 112965K, committed 113792K, reserved 1155072K
  class space    used 15442K, committed 15808K, reserved 1048576K
}
Event: 546.137 GC heap before
{Heap before GC invocations=58 (full 0):
 garbage-first heap   total 261120K, used 146085K [0x0000000080000000, 0x0000000100000000)
  region size 1024K, 12 young (12288K), 1 survivors (1024K)
 Metaspace       used 114829K, committed 115648K, reserved 1155072K
  class space    used 15762K, committed 16128K, reserved 1048576K
}

