# JRE version: OpenJDK Runtime Environment (17.0.6) (build 17.0.6+0-b2043.56-10027231)
# Java VM: OpenJDK 64-Bit Server VM (17.0.6+0-b2043.56-10027231, mixed mode, tiered, compressed oops, compressed class ptrs, g1 gc, windows-amd64)
GC Precious Log:
 CPUs: 8 total, 8 available
 Memory: 8072M
 Large Page Support: Disabled
 NUMA Support: Disabled
 Compressed Oops: Enabled (32-bit)
 Heap Region Size: 1M
 Heap Min Capacity: 8M
 Heap Initial Capacity: 128M
 Heap Max Capacity: 2G
 Pre-touch: Disabled
 Parallel Workers: 8
 Concurrent Workers: 2
 Concurrent Refinement Workers: 8
 Periodic GC: Disabled
Heap:
 garbage-first heap   total 188416K, used 66904K [0x0000000080000000, 0x0000000100000000)
  region size 1024K, 13 young (13312K), 4 survivors (4096K)
 Metaspace       used 69888K, committed 70464K, reserved 1114112K
  class space    used 9261K, committed 9536K, reserved 1048576K
GC Heap History (20 events):
Event: 4.896 GC heap before
{Heap before GC invocations=16 (full 0):
 garbage-first heap   total 82944K, used 63449K [0x0000000080000000, 0x0000000100000000)
  region size 1024K, 23 young (23552K), 4 survivors (4096K)
 Metaspace       used 54121K, committed 54592K, reserved 1097728K
  class space    used 7169K, committed 7360K, reserved 1048576K
}
Event: 4.899 GC heap after
{Heap after GC invocations=17 (full 0):
 garbage-first heap   total 82944K, used 46264K [0x0000000080000000, 0x0000000100000000)
  region size 1024K, 3 young (3072K), 3 survivors (3072K)
 Metaspace       used 54121K, committed 54592K, reserved 1097728K
  class space    used 7169K, committed 7360K, reserved 1048576K
}
Event: 5.119 GC heap before
{Heap before GC invocations=17 (full 0):
 garbage-first heap   total 82944K, used 62648K [0x0000000080000000, 0x0000000100000000)
  region size 1024K, 20 young (20480K), 3 survivors (3072K)
 Metaspace       used 56901K, committed 57280K, reserved 1105920K
  class space    used 7501K, committed 7680K, reserved 1048576K
}
Event: 5.121 GC heap after
{Heap after GC invocations=18 (full 0):
 garbage-first heap   total 82944K, used 46913K [0x0000000080000000, 0x0000000100000000)
  region size 1024K, 1 young (1024K), 1 survivors (1024K)
 Metaspace       used 56901K, committed 57280K, reserved 1105920K
  class space    used 7501K, committed 7680K, reserved 1048576K
}
Event: 5.395 GC heap before
{Heap before GC invocations=19 (full 0):
 garbage-first heap   total 83968K, used 64321K [0x0000000080000000, 0x0000000100000000)
  region size 1024K, 19 young (19456K), 1 survivors (1024K)
 Metaspace       used 60206K, committed 60736K, reserved 1105920K
  class space    used 7957K, committed 8192K, reserved 1048576K
}
Event: 5.397 GC heap after
{Heap after GC invocations=20 (full 0):
 garbage-first heap   total 83968K, used 47658K [0x0000000080000000, 0x0000000100000000)
  region size 1024K, 2 young (2048K), 2 survivors (2048K)
 Metaspace       used 60206K, committed 60736K, reserved 1105920K
  class space    used 7957K, committed 8192K, reserved 1048576K
}
Event: 5.432 GC heap before
{Heap before GC invocations=20 (full 0):
 garbage-first heap   total 83968K, used 49706K [0x0000000080000000, 0x0000000100000000)
  region size 1024K, 4 young (4096K), 2 survivors (2048K)
 Metaspace       used 60650K, committed 61248K, reserved 1105920K
  class space    used 8020K, committed 8320K, reserved 1048576K
}
Event: 5.434 GC heap after
{Heap after GC invocations=21 (full 0):
 garbage-first heap   total 83968K, used 47956K [0x0000000080000000, 0x0000000100000000)
  region size 1024K, 1 young (1024K), 1 survivors (1024K)
 Metaspace       used 60650K, committed 61248K, reserved 1105920K
  class space    used 8020K, committed 8320K, reserved 1048576K
}
Event: 5.560 GC heap before
{Heap before GC invocations=21 (full 0):
 garbage-first heap   total 83968K, used 58196K [0x0000000080000000, 0x0000000100000000)
  region size 1024K, 12 young (12288K), 1 survivors (1024K)
 Metaspace       used 62743K, committed 63296K, reserved 1105920K
  class space    used 8284K, committed 8576K, reserved 1048576K
}
Event: 5.562 GC heap after
{Heap after GC invocations=22 (full 0):
 garbage-first heap   total 103424K, used 49307K [0x0000000080000000, 0x0000000100000000)
  region size 1024K, 2 young (2048K), 2 survivors (2048K)
 Metaspace       used 62743K, committed 63296K, reserved 1105920K
  class space    used 8284K, committed 8576K, reserved 1048576K
}
Event: 5.795 GC heap before
{Heap before GC invocations=23 (full 0):
 garbage-first heap   total 106496K, used 85147K [0x0000000080000000, 0x0000000100000000)
  region size 1024K, 31 young (31744K), 2 survivors (2048K)
 Metaspace       used 64714K, committed 65280K, reserved 1105920K
  class space    used 8546K, committed 8832K, reserved 1048576K
}
Event: 5.798 GC heap after
{Heap after GC invocations=24 (full 0):
 garbage-first heap   total 106496K, used 52105K [0x0000000080000000, 0x0000000100000000)
  region size 1024K, 4 young (4096K), 4 survivors (4096K)
 Metaspace       used 64714K, committed 65280K, reserved 1105920K
  class space    used 8546K, committed 8832K, reserved 1048576K
}
Event: 5.806 GC heap before
{Heap before GC invocations=24 (full 0):
 garbage-first heap   total 106496K, used 53129K [0x0000000080000000, 0x0000000100000000)
  region size 1024K, 5 young (5120K), 4 survivors (4096K)
 Metaspace       used 64797K, committed 65344K, reserved 1105920K
  class space    used 8555K, committed 8832K, reserved 1048576K
}
Event: 5.808 GC heap after
{Heap after GC invocations=25 (full 0):
 garbage-first heap   total 106496K, used 52076K [0x0000000080000000, 0x0000000100000000)
  region size 1024K, 1 young (1024K), 1 survivors (1024K)
 Metaspace       used 64797K, committed 65344K, reserved 1105920K
  class space    used 8555K, committed 8832K, reserved 1048576K
}
Event: 6.158 GC heap before
{Heap before GC invocations=25 (full 0):
 garbage-first heap   total 106496K, used 81772K [0x0000000080000000, 0x0000000100000000)
  region size 1024K, 30 young (30720K), 1 survivors (1024K)
 Metaspace       used 66929K, committed 67456K, reserved 1114112K
  class space    used 8842K, committed 9088K, reserved 1048576K
}
Event: 6.161 GC heap after
{Heap after GC invocations=26 (full 0):
 garbage-first heap   total 106496K, used 54611K [0x0000000080000000, 0x0000000100000000)
  region size 1024K, 4 young (4096K), 4 survivors (4096K)
 Metaspace       used 66929K, committed 67456K, reserved 1114112K
  class space    used 8842K, committed 9088K, reserved 1048576K
}
Event: 6.313 GC heap before
{Heap before GC invocations=27 (full 0):
 garbage-first heap   total 106496K, used 82259K [0x0000000080000000, 0x0000000100000000)
  region size 1024K, 31 young (31744K), 4 survivors (4096K)
 Metaspace       used 67180K, committed 67776K, reserved 1114112K
  class space    used 8870K, committed 9152K, reserved 1048576K
}
Event: 6.317 GC heap after
{Heap after GC invocations=28 (full 0):
 garbage-first heap   total 106496K, used 56627K [0x0000000080000000, 0x0000000100000000)
  region size 1024K, 3 young (3072K), 3 survivors (3072K)
 Metaspace       used 67180K, committed 67776K, reserved 1114112K
  class space    used 8870K, committed 9152K, reserved 1048576K
}
Event: 6.473 GC heap before
{Heap before GC invocations=28 (full 0):
 garbage-first heap   total 106496K, used 71987K [0x0000000080000000, 0x0000000100000000)
  region size 1024K, 19 young (19456K), 3 survivors (3072K)
 Metaspace       used 69037K, committed 69568K, reserved 1114112K
  class space    used 9139K, committed 9408K, reserved 1048576K
}
Event: 6.476 GC heap after
{Heap after GC invocations=29 (full 0):
 garbage-first heap   total 188416K, used 57688K [0x0000000080000000, 0x0000000100000000)
  region size 1024K, 4 young (4096K), 4 survivors (4096K)
 Metaspace       used 69037K, committed 69568K, reserved 1114112K
  class space    used 9139K, committed 9408K, reserved 1048576K
}

