# JRE version: OpenJDK Runtime Environment (17.0.6) (build 17.0.6+0-b2043.56-10027231)
# Java VM: OpenJDK 64-Bit Server VM (17.0.6+0-b2043.56-10027231, mixed mode, tiered, compressed oops, compressed class ptrs, g1 gc, windows-amd64)
GC Precious Log:
 CPUs: 8 total, 8 available
 Memory: 8072M
 Large Page Support: Disabled
 NUMA Support: Disabled
 Compressed Oops: Enabled (32-bit)
 Heap Region Size: 1M
 Heap Min Capacity: 8M
 Heap Initial Capacity: 128M
 Heap Max Capacity: 2G
 Pre-touch: Disabled
 Parallel Workers: 8
 Concurrent Workers: 2
 Concurrent Refinement Workers: 8
 Periodic GC: Disabled
Heap:
 garbage-first heap   total 200704K, used 140192K [0x0000000080000000, 0x0000000100000000)
  region size 1024K, 4 young (4096K), 4 survivors (4096K)
 Metaspace       used 94731K, committed 95488K, reserved 1138688K
  class space    used 12684K, committed 13056K, reserved 1048576K
GC Heap History (20 events):
Event: 6.524 GC heap after
{Heap after GC invocations=25 (full 0):
 garbage-first heap   total 152576K, used 65062K [0x0000000080000000, 0x0000000100000000)
  region size 1024K, 8 young (8192K), 8 survivors (8192K)
 Metaspace       used 77128K, committed 77696K, reserved 1122304K
  class space    used 10469K, committed 10752K, reserved 1048576K
}
Event: 7.072 GC heap before
{Heap before GC invocations=25 (full 0):
 garbage-first heap   total 152576K, used 122406K [0x0000000080000000, 0x0000000100000000)
  region size 1024K, 64 young (65536K), 8 survivors (8192K)
 Metaspace       used 82287K, committed 82944K, reserved 1122304K
  class space    used 11202K, committed 11520K, reserved 1048576K
}
Event: 7.079 GC heap after
{Heap after GC invocations=26 (full 0):
 garbage-first heap   total 152576K, used 70936K [0x0000000080000000, 0x0000000100000000)
  region size 1024K, 6 young (6144K), 6 survivors (6144K)
 Metaspace       used 82287K, committed 82944K, reserved 1122304K
  class space    used 11202K, committed 11520K, reserved 1048576K
}
Event: 7.897 GC heap before
{Heap before GC invocations=26 (full 0):
 garbage-first heap   total 152576K, used 122136K [0x0000000080000000, 0x0000000100000000)
  region size 1024K, 56 young (57344K), 6 survivors (6144K)
 Metaspace       used 86143K, committed 86784K, reserved 1130496K
  class space    used 11765K, committed 12096K, reserved 1048576K
}
Event: 7.905 GC heap after
{Heap after GC invocations=27 (full 0):
 garbage-first heap   total 152576K, used 77966K [0x0000000080000000, 0x0000000100000000)
  region size 1024K, 7 young (7168K), 7 survivors (7168K)
 Metaspace       used 86143K, committed 86784K, reserved 1130496K
  class space    used 11765K, committed 12096K, reserved 1048576K
}
Event: 8.354 GC heap before
{Heap before GC invocations=27 (full 0):
 garbage-first heap   total 152576K, used 121998K [0x0000000080000000, 0x0000000100000000)
  region size 1024K, 51 young (52224K), 7 survivors (7168K)
 Metaspace       used 87117K, committed 87808K, reserved 1130496K
  class space    used 11953K, committed 12288K, reserved 1048576K
}
Event: 8.364 GC heap after
{Heap after GC invocations=28 (full 0):
 garbage-first heap   total 152576K, used 83387K [0x0000000080000000, 0x0000000100000000)
  region size 1024K, 6 young (6144K), 6 survivors (6144K)
 Metaspace       used 87117K, committed 87808K, reserved 1130496K
  class space    used 11953K, committed 12288K, reserved 1048576K
}
Event: 8.747 GC heap before
{Heap before GC invocations=29 (full 0):
 garbage-first heap   total 160768K, used 121275K [0x0000000080000000, 0x0000000100000000)
  region size 1024K, 44 young (45056K), 6 survivors (6144K)
 Metaspace       used 87676K, committed 88384K, reserved 1130496K
  class space    used 12011K, committed 12352K, reserved 1048576K
}
Event: 8.756 GC heap after
{Heap after GC invocations=30 (full 0):
 garbage-first heap   total 160768K, used 85821K [0x0000000080000000, 0x0000000100000000)
  region size 1024K, 4 young (4096K), 4 survivors (4096K)
 Metaspace       used 87676K, committed 88384K, reserved 1130496K
  class space    used 12011K, committed 12352K, reserved 1048576K
}
Event: 8.784 GC heap before
{Heap before GC invocations=30 (full 0):
 garbage-first heap   total 160768K, used 87869K [0x0000000080000000, 0x0000000100000000)
  region size 1024K, 7 young (7168K), 4 survivors (4096K)
 Metaspace       used 87689K, committed 88384K, reserved 1130496K
  class space    used 12011K, committed 12352K, reserved 1048576K
}
Event: 8.791 GC heap after
{Heap after GC invocations=31 (full 0):
 garbage-first heap   total 193536K, used 85905K [0x0000000080000000, 0x0000000100000000)
  region size 1024K, 1 young (1024K), 1 survivors (1024K)
 Metaspace       used 87689K, committed 88384K, reserved 1130496K
  class space    used 12011K, committed 12352K, reserved 1048576K
}
Event: 9.855 GC heap before
{Heap before GC invocations=31 (full 0):
 garbage-first heap   total 193536K, used 152465K [0x0000000080000000, 0x0000000100000000)
  region size 1024K, 67 young (68608K), 1 survivors (1024K)
 Metaspace       used 90687K, committed 91392K, reserved 1130496K
  class space    used 12330K, committed 12672K, reserved 1048576K
}
Event: 9.863 GC heap after
{Heap after GC invocations=32 (full 0):
 garbage-first heap   total 193536K, used 96886K [0x0000000080000000, 0x0000000100000000)
  region size 1024K, 9 young (9216K), 9 survivors (9216K)
 Metaspace       used 90687K, committed 91392K, reserved 1130496K
  class space    used 12330K, committed 12672K, reserved 1048576K
}
Event: 10.574 GC heap before
{Heap before GC invocations=32 (full 0):
 garbage-first heap   total 193536K, used 169590K [0x0000000080000000, 0x0000000100000000)
  region size 1024K, 64 young (65536K), 9 survivors (9216K)
 Metaspace       used 91232K, committed 91904K, reserved 1130496K
  class space    used 12378K, committed 12672K, reserved 1048576K
}
Event: 10.593 GC heap after
{Heap after GC invocations=33 (full 0):
 garbage-first heap   total 200704K, used 119553K [0x0000000080000000, 0x0000000100000000)
  region size 1024K, 8 young (8192K), 8 survivors (8192K)
 Metaspace       used 91232K, committed 91904K, reserved 1130496K
  class space    used 12378K, committed 12672K, reserved 1048576K
}
Event: 11.214 GC heap before
{Heap before GC invocations=33 (full 0):
 garbage-first heap   total 200704K, used 172801K [0x0000000080000000, 0x0000000100000000)
  region size 1024K, 45 young (46080K), 8 survivors (8192K)
 Metaspace       used 91401K, committed 92096K, reserved 1130496K
  class space    used 12387K, committed 12736K, reserved 1048576K
}
Event: 11.232 GC heap after
{Heap after GC invocations=34 (full 0):
 garbage-first heap   total 200704K, used 138033K [0x0000000080000000, 0x0000000100000000)
  region size 1024K, 6 young (6144K), 6 survivors (6144K)
 Metaspace       used 91401K, committed 92096K, reserved 1130496K
  class space    used 12387K, committed 12736K, reserved 1048576K
}
Event: 11.424 GC heap before
{Heap before GC invocations=34 (full 0):
 garbage-first heap   total 200704K, used 175921K [0x0000000080000000, 0x0000000100000000)
  region size 1024K, 31 young (31744K), 6 survivors (6144K)
 Metaspace       used 91939K, committed 92736K, reserved 1130496K
  class space    used 12431K, committed 12800K, reserved 1048576K
}
Event: 11.435 GC heap after
{Heap after GC invocations=35 (full 0):
 garbage-first heap   total 200704K, used 135869K [0x0000000080000000, 0x0000000100000000)
  region size 1024K, 4 young (4096K), 4 survivors (4096K)
 Metaspace       used 91939K, committed 92736K, reserved 1130496K
  class space    used 12431K, committed 12800K, reserved 1048576K
}
Event: 11.706 GC heap before
{Heap before GC invocations=35 (full 0):
 garbage-first heap   total 200704K, used 162493K [0x0000000080000000, 0x0000000100000000)
  region size 1024K, 31 young (31744K), 4 survivors (4096K)
 Metaspace       used 94731K, committed 95488K, reserved 1138688K
  class space    used 12684K, committed 13056K, reserved 1048576K
}

