# JRE version: OpenJDK Runtime Environment (17.0.6) (build 17.0.6+0-b2043.56-10027231)
# Java VM: OpenJDK 64-Bit Server VM (17.0.6+0-b2043.56-10027231, mixed mode, tiered, compressed oops, compressed class ptrs, g1 gc, windows-amd64)
GC Precious Log:
 CPUs: 8 total, 8 available
 Memory: 8072M
 Large Page Support: Disabled
 NUMA Support: Disabled
 Compressed Oops: Enabled (32-bit)
 Heap Region Size: 1M
 Heap Min Capacity: 8M
 Heap Initial Capacity: 128M
 Heap Max Capacity: 2G
 Pre-touch: Disabled
 Parallel Workers: 8
 Concurrent Workers: 2
 Concurrent Refinement Workers: 8
 Periodic GC: Disabled
Heap:
 garbage-first heap   total 232448K, used 142515K [0x0000000080000000, 0x0000000100000000)
  region size 1024K, 5 young (5120K), 5 survivors (5120K)
 Metaspace       used 94808K, committed 95552K, reserved 1138688K
  class space    used 12767K, committed 13120K, reserved 1048576K
GC Heap History (20 events):
Event: 6.231 GC heap after
{Heap after GC invocations=34 (full 0):
 garbage-first heap   total 148480K, used 94564K [0x0000000080000000, 0x0000000100000000)
  region size 1024K, 4 young (4096K), 4 survivors (4096K)
 Metaspace       used 65294K, committed 65920K, reserved 1105920K
  class space    used 8686K, committed 8960K, reserved 1048576K
}
Event: 6.271 GC heap before
{Heap before GC invocations=34 (full 0):
 garbage-first heap   total 148480K, used 97636K [0x0000000080000000, 0x0000000100000000)
  region size 1024K, 7 young (7168K), 4 survivors (4096K)
 Metaspace       used 65386K, committed 65984K, reserved 1105920K
  class space    used 8702K, committed 8960K, reserved 1048576K
}
Event: 6.276 GC heap after
{Heap after GC invocations=35 (full 0):
 garbage-first heap   total 206848K, used 90971K [0x0000000080000000, 0x0000000100000000)
  region size 1024K, 1 young (1024K), 1 survivors (1024K)
 Metaspace       used 65386K, committed 65984K, reserved 1105920K
  class space    used 8702K, committed 8960K, reserved 1048576K
}
Event: 6.971 GC heap before
{Heap before GC invocations=35 (full 0):
 garbage-first heap   total 206848K, used 152411K [0x0000000080000000, 0x0000000100000000)
  region size 1024K, 61 young (62464K), 1 survivors (1024K)
 Metaspace       used 69515K, committed 70208K, reserved 1114112K
  class space    used 9251K, committed 9536K, reserved 1048576K
}
Event: 6.978 GC heap after
{Heap after GC invocations=36 (full 0):
 garbage-first heap   total 206848K, used 94964K [0x0000000080000000, 0x0000000100000000)
  region size 1024K, 5 young (5120K), 5 survivors (5120K)
 Metaspace       used 69515K, committed 70208K, reserved 1114112K
  class space    used 9251K, committed 9536K, reserved 1048576K
}
Event: 7.850 GC heap before
{Heap before GC invocations=36 (full 0):
 garbage-first heap   total 206848K, used 162548K [0x0000000080000000, 0x0000000100000000)
  region size 1024K, 70 young (71680K), 5 survivors (5120K)
 Metaspace       used 75956K, committed 76608K, reserved 1122304K
  class space    used 10323K, committed 10624K, reserved 1048576K
}
Event: 7.856 GC heap after
{Heap after GC invocations=37 (full 0):
 garbage-first heap   total 206848K, used 99236K [0x0000000080000000, 0x0000000100000000)
  region size 1024K, 9 young (9216K), 9 survivors (9216K)
 Metaspace       used 75956K, committed 76608K, reserved 1122304K
  class space    used 10323K, committed 10624K, reserved 1048576K
}
Event: 8.139 GC heap before
{Heap before GC invocations=37 (full 0):
 garbage-first heap   total 206848K, used 115620K [0x0000000080000000, 0x0000000100000000)
  region size 1024K, 24 young (24576K), 9 survivors (9216K)
 Metaspace       used 77798K, committed 78464K, reserved 1122304K
  class space    used 10566K, committed 10816K, reserved 1048576K
}
Event: 8.147 GC heap after
{Heap after GC invocations=38 (full 0):
 garbage-first heap   total 206848K, used 103198K [0x0000000080000000, 0x0000000100000000)
  region size 1024K, 6 young (6144K), 6 survivors (6144K)
 Metaspace       used 77798K, committed 78464K, reserved 1122304K
  class space    used 10566K, committed 10816K, reserved 1048576K
}
Event: 9.048 GC heap before
{Heap before GC invocations=39 (full 0):
 garbage-first heap   total 211968K, used 188190K [0x0000000080000000, 0x0000000100000000)
  region size 1024K, 70 young (71680K), 6 survivors (6144K)
 Metaspace       used 83922K, committed 84736K, reserved 1130496K
  class space    used 11342K, committed 11712K, reserved 1048576K
}
Event: 9.056 GC heap after
{Heap after GC invocations=40 (full 0):
 garbage-first heap   total 211968K, used 129837K [0x0000000080000000, 0x0000000100000000)
  region size 1024K, 9 young (9216K), 9 survivors (9216K)
 Metaspace       used 83922K, committed 84736K, reserved 1130496K
  class space    used 11342K, committed 11712K, reserved 1048576K
}
Event: 9.081 GC heap before
{Heap before GC invocations=40 (full 0):
 garbage-first heap   total 211968K, used 129837K [0x0000000080000000, 0x0000000100000000)
  region size 1024K, 10 young (10240K), 9 survivors (9216K)
 Metaspace       used 84141K, committed 84864K, reserved 1130496K
  class space    used 11372K, committed 11712K, reserved 1048576K
}
Event: 9.087 GC heap after
{Heap after GC invocations=41 (full 0):
 garbage-first heap   total 211968K, used 130705K [0x0000000080000000, 0x0000000100000000)
  region size 1024K, 1 young (1024K), 1 survivors (1024K)
 Metaspace       used 84141K, committed 84864K, reserved 1130496K
  class space    used 11372K, committed 11712K, reserved 1048576K
}
Event: 9.894 GC heap before
{Heap before GC invocations=41 (full 0):
 garbage-first heap   total 211968K, used 177809K [0x0000000080000000, 0x0000000100000000)
  region size 1024K, 47 young (48128K), 1 survivors (1024K)
 Metaspace       used 91106K, committed 91904K, reserved 1130496K
  class space    used 12426K, committed 12800K, reserved 1048576K
}
Event: 9.899 GC heap after
{Heap after GC invocations=42 (full 0):
 garbage-first heap   total 211968K, used 133123K [0x0000000080000000, 0x0000000100000000)
  region size 1024K, 4 young (4096K), 4 survivors (4096K)
 Metaspace       used 91106K, committed 91904K, reserved 1130496K
  class space    used 12426K, committed 12800K, reserved 1048576K
}
Event: 10.517 GC heap before
{Heap before GC invocations=43 (full 0):
 garbage-first heap   total 232448K, used 176131K [0x0000000080000000, 0x0000000100000000)
  region size 1024K, 46 young (47104K), 4 survivors (4096K)
 Metaspace       used 94229K, committed 95104K, reserved 1138688K
  class space    used 12725K, committed 13120K, reserved 1048576K
}
Event: 10.527 GC heap after
{Heap after GC invocations=44 (full 0):
 garbage-first heap   total 232448K, used 138501K [0x0000000080000000, 0x0000000100000000)
  region size 1024K, 6 young (6144K), 6 survivors (6144K)
 Metaspace       used 94229K, committed 95104K, reserved 1138688K
  class space    used 12725K, committed 13120K, reserved 1048576K
}
Event: 10.555 GC heap before
{Heap before GC invocations=44 (full 0):
 garbage-first heap   total 232448K, used 142597K [0x0000000080000000, 0x0000000100000000)
  region size 1024K, 11 young (11264K), 6 survivors (6144K)
 Metaspace       used 94260K, committed 95104K, reserved 1138688K
  class space    used 12725K, committed 13120K, reserved 1048576K
}
Event: 10.563 GC heap after
{Heap after GC invocations=45 (full 0):
 garbage-first heap   total 232448K, used 138755K [0x0000000080000000, 0x0000000100000000)
  region size 1024K, 2 young (2048K), 2 survivors (2048K)
 Metaspace       used 94260K, committed 95104K, reserved 1138688K
  class space    used 12725K, committed 13120K, reserved 1048576K
}
Event: 10.994 GC heap before
{Heap before GC invocations=45 (full 0):
 garbage-first heap   total 232448K, used 192003K [0x0000000080000000, 0x0000000100000000)
  region size 1024K, 55 young (56320K), 2 survivors (2048K)
 Metaspace       used 94808K, committed 95552K, reserved 1138688K
  class space    used 12767K, committed 13120K, reserved 1048576K
}

