# JRE version: OpenJDK Runtime Environment (17.0.6) (build 17.0.6+0-b2043.56-10027231)
# Java VM: OpenJDK 64-Bit Server VM (17.0.6+0-b2043.56-10027231, mixed mode, tiered, compressed oops, compressed class ptrs, g1 gc, windows-amd64)
GC Precious Log:
 CPUs: 8 total, 8 available
 Memory: 8072M
 Large Page Support: Disabled
 NUMA Support: Disabled
 Compressed Oops: Enabled (32-bit)
 Heap Region Size: 1M
 Heap Min Capacity: 8M
 Heap Initial Capacity: 128M
 Heap Max Capacity: 2G
 Pre-touch: Disabled
 Parallel Workers: 8
 Concurrent Workers: 2
 Concurrent Refinement Workers: 8
 Periodic GC: Disabled
Heap:
 garbage-first heap   total 247808K, used 139930K [0x0000000080000000, 0x0000000100000000)
  region size 1024K, 7 young (7168K), 7 survivors (7168K)
 Metaspace       used 97719K, committed 98432K, reserved 1138688K
  class space    used 13133K, committed 13440K, reserved 1048576K
GC Heap History (20 events):
Event: 8.877 GC heap after
{Heap after GC invocations=33 (full 0):
 garbage-first heap   total 204800K, used 64676K [0x0000000080000000, 0x0000000100000000)
  region size 1024K, 8 young (8192K), 8 survivors (8192K)
 Metaspace       used 75340K, committed 75840K, reserved 1122304K
  class space    used 10278K, committed 10496K, reserved 1048576K
}
Event: 8.908 GC heap before
{Heap before GC invocations=33 (full 0):
 garbage-first heap   total 204800K, used 66724K [0x0000000080000000, 0x0000000100000000)
  region size 1024K, 10 young (10240K), 8 survivors (8192K)
 Metaspace       used 75602K, committed 76096K, reserved 1122304K
  class space    used 10322K, committed 10560K, reserved 1048576K
}
Event: 8.915 GC heap after
{Heap after GC invocations=34 (full 0):
 garbage-first heap   total 204800K, used 65154K [0x0000000080000000, 0x0000000100000000)
  region size 1024K, 2 young (2048K), 2 survivors (2048K)
 Metaspace       used 75602K, committed 76096K, reserved 1122304K
  class space    used 10322K, committed 10560K, reserved 1048576K
}
Event: 14.825 GC heap before
{Heap before GC invocations=34 (full 0):
 garbage-first heap   total 204800K, used 161410K [0x0000000080000000, 0x0000000100000000)
  region size 1024K, 97 young (99328K), 2 survivors (2048K)
 Metaspace       used 81494K, committed 82112K, reserved 1122304K
  class space    used 11240K, committed 11520K, reserved 1048576K
}
Event: 14.832 GC heap after
{Heap after GC invocations=35 (full 0):
 garbage-first heap   total 204800K, used 71780K [0x0000000080000000, 0x0000000100000000)
  region size 1024K, 8 young (8192K), 8 survivors (8192K)
 Metaspace       used 81494K, committed 82112K, reserved 1122304K
  class space    used 11240K, committed 11520K, reserved 1048576K
}
Event: 15.573 GC heap before
{Heap before GC invocations=35 (full 0):
 garbage-first heap   total 204800K, used 163940K [0x0000000080000000, 0x0000000100000000)
  region size 1024K, 98 young (100352K), 8 survivors (8192K)
 Metaspace       used 86269K, committed 86912K, reserved 1130496K
  class space    used 11912K, committed 12224K, reserved 1048576K
}
Event: 15.584 GC heap after
{Heap after GC invocations=36 (full 0):
 garbage-first heap   total 204800K, used 82166K [0x0000000080000000, 0x0000000100000000)
  region size 1024K, 11 young (11264K), 11 survivors (11264K)
 Metaspace       used 86269K, committed 86912K, reserved 1130496K
  class space    used 11912K, committed 12224K, reserved 1048576K
}
Event: 16.297 GC heap before
{Heap before GC invocations=36 (full 0):
 garbage-first heap   total 204800K, used 167158K [0x0000000080000000, 0x0000000100000000)
  region size 1024K, 90 young (92160K), 11 survivors (11264K)
 Metaspace       used 89863K, committed 90496K, reserved 1130496K
  class space    used 12385K, committed 12672K, reserved 1048576K
}
Event: 16.307 GC heap after
{Heap after GC invocations=37 (full 0):
 garbage-first heap   total 204800K, used 88794K [0x0000000080000000, 0x0000000100000000)
  region size 1024K, 7 young (7168K), 7 survivors (7168K)
 Metaspace       used 89863K, committed 90496K, reserved 1130496K
  class space    used 12385K, committed 12672K, reserved 1048576K
}
Event: 17.612 GC heap before
{Heap before GC invocations=37 (full 0):
 garbage-first heap   total 204800K, used 163546K [0x0000000080000000, 0x0000000100000000)
  region size 1024K, 81 young (82944K), 7 survivors (7168K)
 Metaspace       used 93266K, committed 93888K, reserved 1130496K
  class space    used 12765K, committed 13056K, reserved 1048576K
}
Event: 17.620 GC heap after
{Heap after GC invocations=38 (full 0):
 garbage-first heap   total 204800K, used 95035K [0x0000000080000000, 0x0000000100000000)
  region size 1024K, 6 young (6144K), 6 survivors (6144K)
 Metaspace       used 93266K, committed 93888K, reserved 1130496K
  class space    used 12765K, committed 13056K, reserved 1048576K
}
Event: 18.334 GC heap before
{Heap before GC invocations=38 (full 0):
 garbage-first heap   total 204800K, used 174907K [0x0000000080000000, 0x0000000100000000)
  region size 1024K, 76 young (77824K), 6 survivors (6144K)
 Metaspace       used 93690K, committed 94400K, reserved 1138688K
  class space    used 12791K, committed 13184K, reserved 1048576K
}
Event: 18.350 GC heap after
{Heap after GC invocations=39 (full 0):
 garbage-first heap   total 207872K, used 122016K [0x0000000080000000, 0x0000000100000000)
  region size 1024K, 10 young (10240K), 10 survivors (10240K)
 Metaspace       used 93690K, committed 94400K, reserved 1138688K
  class space    used 12791K, committed 13184K, reserved 1048576K
}
Event: 18.877 GC heap before
{Heap before GC invocations=39 (full 0):
 garbage-first heap   total 207872K, used 168096K [0x0000000080000000, 0x0000000100000000)
  region size 1024K, 48 young (49152K), 10 survivors (10240K)
 Metaspace       used 94083K, committed 94848K, reserved 1138688K
  class space    used 12819K, committed 13184K, reserved 1048576K
}
Event: 18.890 GC heap after
{Heap after GC invocations=40 (full 0):
 garbage-first heap   total 207872K, used 130048K [0x0000000080000000, 0x0000000100000000)
  region size 1024K, 6 young (6144K), 6 survivors (6144K)
 Metaspace       used 94083K, committed 94848K, reserved 1138688K
  class space    used 12819K, committed 13184K, reserved 1048576K
}
Event: 19.146 GC heap before
{Heap before GC invocations=41 (full 0):
 garbage-first heap   total 247808K, used 193536K [0x0000000080000000, 0x0000000100000000)
  region size 1024K, 41 young (41984K), 6 survivors (6144K)
 Metaspace       used 94435K, committed 95168K, reserved 1138688K
  class space    used 12848K, committed 13184K, reserved 1048576K
}
Event: 19.155 GC heap after
{Heap after GC invocations=42 (full 0):
 garbage-first heap   total 247808K, used 135041K [0x0000000080000000, 0x0000000100000000)
  region size 1024K, 5 young (5120K), 5 survivors (5120K)
 Metaspace       used 94435K, committed 95168K, reserved 1138688K
  class space    used 12848K, committed 13184K, reserved 1048576K
}
Event: 19.170 GC heap before
{Heap before GC invocations=42 (full 0):
 garbage-first heap   total 247808K, used 141185K [0x0000000080000000, 0x0000000100000000)
  region size 1024K, 12 young (12288K), 5 survivors (5120K)
 Metaspace       used 94493K, committed 95232K, reserved 1138688K
  class space    used 12854K, committed 13248K, reserved 1048576K
}
Event: 19.175 GC heap after
{Heap after GC invocations=43 (full 0):
 garbage-first heap   total 247808K, used 134814K [0x0000000080000000, 0x0000000100000000)
  region size 1024K, 2 young (2048K), 2 survivors (2048K)
 Metaspace       used 94493K, committed 95232K, reserved 1138688K
  class space    used 12854K, committed 13248K, reserved 1048576K
}
Event: 19.464 GC heap before
{Heap before GC invocations=43 (full 0):
 garbage-first heap   total 247808K, used 190110K [0x0000000080000000, 0x0000000100000000)
  region size 1024K, 57 young (58368K), 2 survivors (2048K)
 Metaspace       used 97719K, committed 98432K, reserved 1138688K
  class space    used 13133K, committed 13440K, reserved 1048576K
}

