# JRE version: OpenJDK Runtime Environment (17.0.6) (build 17.0.6+0-b2043.56-10027231)
# Java VM: OpenJDK 64-Bit Server VM (17.0.6+0-b2043.56-10027231, mixed mode, tiered, compressed oops, compressed class ptrs, g1 gc, windows-amd64)
GC Precious Log:
 CPUs: 8 total, 8 available
 Memory: 8072M
 Large Page Support: Disabled
 NUMA Support: Disabled
 Compressed Oops: Enabled (32-bit)
 Heap Region Size: 1M
 Heap Min Capacity: 8M
 Heap Initial Capacity: 128M
 Heap Max Capacity: 2G
 Pre-touch: Disabled
 Parallel Workers: 8
 Concurrent Workers: 2
 Concurrent Refinement Workers: 8
 Periodic GC: Disabled
Heap:
 garbage-first heap   total 131072K, used 61239K [0x0000000080000000, 0x0000000100000000)
  region size 1024K, 1 young (1024K), 1 survivors (1024K)
 Metaspace       used 71781K, committed 72384K, reserved 1114112K
  class space    used 9683K, committed 9984K, reserved 1048576K
GC Heap History (20 events):
Event: 5.185 GC heap after
{Heap after GC invocations=15 (full 0):
 garbage-first heap   total 82944K, used 47777K [0x0000000080000000, 0x0000000100000000)
  region size 1024K, 1 young (1024K), 1 survivors (1024K)
 Metaspace       used 54737K, committed 55168K, reserved 1097728K
  class space    used 7247K, committed 7424K, reserved 1048576K
}
Event: 5.401 GC heap before
{Heap before GC invocations=16 (full 0):
 garbage-first heap   total 87040K, used 64161K [0x0000000080000000, 0x0000000100000000)
  region size 1024K, 17 young (17408K), 1 survivors (1024K)
 Metaspace       used 57254K, committed 57664K, reserved 1105920K
  class space    used 7557K, committed 7744K, reserved 1048576K
}
Event: 5.402 GC heap after
{Heap after GC invocations=17 (full 0):
 garbage-first heap   total 87040K, used 48210K [0x0000000080000000, 0x0000000100000000)
  region size 1024K, 2 young (2048K), 2 survivors (2048K)
 Metaspace       used 57254K, committed 57664K, reserved 1105920K
  class space    used 7557K, committed 7744K, reserved 1048576K
}
Event: 5.709 GC heap before
{Heap before GC invocations=17 (full 0):
 garbage-first heap   total 87040K, used 68690K [0x0000000080000000, 0x0000000100000000)
  region size 1024K, 22 young (22528K), 2 survivors (2048K)
 Metaspace       used 60926K, committed 61376K, reserved 1105920K
  class space    used 8068K, committed 8256K, reserved 1048576K
}
Event: 5.712 GC heap after
{Heap after GC invocations=18 (full 0):
 garbage-first heap   total 87040K, used 49373K [0x0000000080000000, 0x0000000100000000)
  region size 1024K, 3 young (3072K), 3 survivors (3072K)
 Metaspace       used 60926K, committed 61376K, reserved 1105920K
  class space    used 8068K, committed 8256K, reserved 1048576K
}
Event: 5.876 GC heap before
{Heap before GC invocations=19 (full 0):
 garbage-first heap   total 91136K, used 74973K [0x0000000080000000, 0x0000000100000000)
  region size 1024K, 22 young (22528K), 3 survivors (3072K)
 Metaspace       used 62793K, committed 63360K, reserved 1105920K
  class space    used 8291K, committed 8576K, reserved 1048576K
}
Event: 5.880 GC heap after
{Heap after GC invocations=20 (full 0):
 garbage-first heap   total 91136K, used 57971K [0x0000000080000000, 0x0000000100000000)
  region size 1024K, 3 young (3072K), 3 survivors (3072K)
 Metaspace       used 62793K, committed 63360K, reserved 1105920K
  class space    used 8291K, committed 8576K, reserved 1048576K
}
Event: 5.881 GC heap before
{Heap before GC invocations=20 (full 0):
 garbage-first heap   total 91136K, used 58995K [0x0000000080000000, 0x0000000100000000)
  region size 1024K, 4 young (4096K), 3 survivors (3072K)
 Metaspace       used 62793K, committed 63360K, reserved 1105920K
  class space    used 8291K, committed 8576K, reserved 1048576K
}
Event: 5.885 GC heap after
{Heap after GC invocations=21 (full 0):
 garbage-first heap   total 109568K, used 58387K [0x0000000080000000, 0x0000000100000000)
  region size 1024K, 1 young (1024K), 1 survivors (1024K)
 Metaspace       used 62793K, committed 63360K, reserved 1105920K
  class space    used 8291K, committed 8576K, reserved 1048576K
}
Event: 6.165 GC heap before
{Heap before GC invocations=21 (full 0):
 garbage-first heap   total 109568K, used 86035K [0x0000000080000000, 0x0000000100000000)
  region size 1024K, 28 young (28672K), 1 survivors (1024K)
 Metaspace       used 65513K, committed 66048K, reserved 1105920K
  class space    used 8639K, committed 8896K, reserved 1048576K
}
Event: 6.167 GC heap after
{Heap after GC invocations=22 (full 0):
 garbage-first heap   total 109568K, used 60153K [0x0000000080000000, 0x0000000100000000)
  region size 1024K, 3 young (3072K), 3 survivors (3072K)
 Metaspace       used 65513K, committed 66048K, reserved 1105920K
  class space    used 8639K, committed 8896K, reserved 1048576K
}
Event: 6.391 GC heap before
{Heap before GC invocations=23 (full 0):
 garbage-first heap   total 109568K, used 82681K [0x0000000080000000, 0x0000000100000000)
  region size 1024K, 29 young (29696K), 3 survivors (3072K)
 Metaspace       used 66981K, committed 67520K, reserved 1114112K
  class space    used 8845K, committed 9088K, reserved 1048576K
}
Event: 6.395 GC heap after
{Heap after GC invocations=24 (full 0):
 garbage-first heap   total 109568K, used 58379K [0x0000000080000000, 0x0000000100000000)
  region size 1024K, 4 young (4096K), 4 survivors (4096K)
 Metaspace       used 66981K, committed 67520K, reserved 1114112K
  class space    used 8845K, committed 9088K, reserved 1048576K
}
Event: 6.400 GC heap before
{Heap before GC invocations=24 (full 0):
 garbage-first heap   total 109568K, used 59403K [0x0000000080000000, 0x0000000100000000)
  region size 1024K, 5 young (5120K), 4 survivors (4096K)
 Metaspace       used 66981K, committed 67520K, reserved 1114112K
  class space    used 8845K, committed 9088K, reserved 1048576K
}
Event: 6.403 GC heap after
{Heap after GC invocations=25 (full 0):
 garbage-first heap   total 109568K, used 58403K [0x0000000080000000, 0x0000000100000000)
  region size 1024K, 1 young (1024K), 1 survivors (1024K)
 Metaspace       used 66981K, committed 67520K, reserved 1114112K
  class space    used 8845K, committed 9088K, reserved 1048576K
}
Event: 6.578 GC heap before
{Heap before GC invocations=25 (full 0):
 garbage-first heap   total 109568K, used 87075K [0x0000000080000000, 0x0000000100000000)
  region size 1024K, 29 young (29696K), 1 survivors (1024K)
 Metaspace       used 68123K, committed 68608K, reserved 1114112K
  class space    used 8997K, committed 9216K, reserved 1048576K
}
Event: 6.579 GC heap after
{Heap after GC invocations=26 (full 0):
 garbage-first heap   total 109568K, used 60390K [0x0000000080000000, 0x0000000100000000)
  region size 1024K, 3 young (3072K), 3 survivors (3072K)
 Metaspace       used 68123K, committed 68608K, reserved 1114112K
  class space    used 8997K, committed 9216K, reserved 1048576K
}
Event: 6.862 GC heap before
{Heap before GC invocations=27 (full 0):
 garbage-first heap   total 109568K, used 88038K [0x0000000080000000, 0x0000000100000000)
  region size 1024K, 30 young (30720K), 3 survivors (3072K)
 Metaspace       used 71412K, committed 72000K, reserved 1114112K
  class space    used 9602K, committed 9856K, reserved 1048576K
}
Event: 6.865 GC heap after
{Heap after GC invocations=28 (full 0):
 garbage-first heap   total 109568K, used 61743K [0x0000000080000000, 0x0000000100000000)
  region size 1024K, 2 young (2048K), 2 survivors (2048K)
 Metaspace       used 71412K, committed 72000K, reserved 1114112K
  class space    used 9602K, committed 9856K, reserved 1048576K
}
Event: 6.914 GC heap before
{Heap before GC invocations=28 (full 0):
 garbage-first heap   total 109568K, used 64815K [0x0000000080000000, 0x0000000100000000)
  region size 1024K, 5 young (5120K), 2 survivors (2048K)
 Metaspace       used 71781K, committed 72384K, reserved 1114112K
  class space    used 9683K, committed 9984K, reserved 1048576K
}

