# JRE version: OpenJDK Runtime Environment (17.0.6) (build 17.0.6+0-b2043.56-10027231)
# Java VM: OpenJDK 64-Bit Server VM (17.0.6+0-b2043.56-10027231, mixed mode, tiered, compressed oops, compressed class ptrs, g1 gc, windows-amd64)
GC Precious Log:
 CPUs: 8 total, 8 available
 Memory: 8072M
 Large Page Support: Disabled
 NUMA Support: Disabled
 Compressed Oops: Enabled (32-bit)
 Heap Region Size: 1M
 Heap Min Capacity: 8M
 Heap Initial Capacity: 128M
 Heap Max Capacity: 2G
 Pre-touch: Disabled
 Parallel Workers: 8
 Concurrent Workers: 2
 Concurrent Refinement Workers: 8
 Periodic GC: Disabled
Heap:
 garbage-first heap   total 203776K, used 124631K [0x0000000080000000, 0x0000000100000000)
  region size 1024K, 5 young (5120K), 5 survivors (5120K)
 Metaspace       used 91234K, committed 91840K, reserved 1130496K
  class space    used 12486K, committed 12736K, reserved 1048576K
GC Heap History (20 events):
Event: 6.437 GC heap after
{Heap after GC invocations=19 (full 0):
 garbage-first heap   total 182272K, used 51458K [0x0000000080000000, 0x0000000100000000)
  region size 1024K, 4 young (4096K), 4 survivors (4096K)
 Metaspace       used 63786K, committed 64320K, reserved 1105920K
  class space    used 8506K, committed 8768K, reserved 1048576K
}
Event: 7.308 GC heap before
{Heap before GC invocations=19 (full 0):
 garbage-first heap   total 182272K, used 141570K [0x0000000080000000, 0x0000000100000000)
  region size 1024K, 86 young (88064K), 4 survivors (4096K)
 Metaspace       used 68116K, committed 68608K, reserved 1114112K
  class space    used 9101K, committed 9280K, reserved 1048576K
}
Event: 7.314 GC heap after
{Heap after GC invocations=20 (full 0):
 garbage-first heap   total 182272K, used 57979K [0x0000000080000000, 0x0000000100000000)
  region size 1024K, 10 young (10240K), 10 survivors (10240K)
 Metaspace       used 68116K, committed 68608K, reserved 1114112K
  class space    used 9101K, committed 9280K, reserved 1048576K
}
Event: 8.044 GC heap before
{Heap before GC invocations=20 (full 0):
 garbage-first heap   total 182272K, used 138875K [0x0000000080000000, 0x0000000100000000)
  region size 1024K, 89 young (91136K), 10 survivors (10240K)
 Metaspace       used 73166K, committed 73664K, reserved 1114112K
  class space    used 9978K, committed 10176K, reserved 1048576K
}
Event: 8.052 GC heap after
{Heap after GC invocations=21 (full 0):
 garbage-first heap   total 182272K, used 62243K [0x0000000080000000, 0x0000000100000000)
  region size 1024K, 5 young (5120K), 5 survivors (5120K)
 Metaspace       used 73166K, committed 73664K, reserved 1114112K
  class space    used 9978K, committed 10176K, reserved 1048576K
}
Event: 8.863 GC heap before
{Heap before GC invocations=21 (full 0):
 garbage-first heap   total 182272K, used 142115K [0x0000000080000000, 0x0000000100000000)
  region size 1024K, 83 young (84992K), 5 survivors (5120K)
 Metaspace       used 79606K, committed 80192K, reserved 1122304K
  class space    used 10967K, committed 11264K, reserved 1048576K
}
Event: 8.869 GC heap after
{Heap after GC invocations=22 (full 0):
 garbage-first heap   total 182272K, used 66271K [0x0000000080000000, 0x0000000100000000)
  region size 1024K, 9 young (9216K), 9 survivors (9216K)
 Metaspace       used 79606K, committed 80192K, reserved 1122304K
  class space    used 10967K, committed 11264K, reserved 1048576K
}
Event: 9.626 GC heap before
{Heap before GC invocations=22 (full 0):
 garbage-first heap   total 182272K, used 145119K [0x0000000080000000, 0x0000000100000000)
  region size 1024K, 86 young (88064K), 9 survivors (9216K)
 Metaspace       used 83599K, committed 84288K, reserved 1122304K
  class space    used 11492K, committed 11840K, reserved 1048576K
}
Event: 9.640 GC heap after
{Heap after GC invocations=23 (full 0):
 garbage-first heap   total 182272K, used 74997K [0x0000000080000000, 0x0000000100000000)
  region size 1024K, 11 young (11264K), 11 survivors (11264K)
 Metaspace       used 83599K, committed 84288K, reserved 1122304K
  class space    used 11492K, committed 11840K, reserved 1048576K
}
Event: 10.341 GC heap before
{Heap before GC invocations=23 (full 0):
 garbage-first heap   total 182272K, used 143605K [0x0000000080000000, 0x0000000100000000)
  region size 1024K, 79 young (80896K), 11 survivors (11264K)
 Metaspace       used 86366K, committed 86976K, reserved 1130496K
  class space    used 12030K, committed 12352K, reserved 1048576K
}
Event: 10.353 GC heap after
{Heap after GC invocations=24 (full 0):
 garbage-first heap   total 182272K, used 83367K [0x0000000080000000, 0x0000000100000000)
  region size 1024K, 8 young (8192K), 8 survivors (8192K)
 Metaspace       used 86366K, committed 86976K, reserved 1130496K
  class space    used 12030K, committed 12352K, reserved 1048576K
}
Event: 10.909 GC heap before
{Heap before GC invocations=24 (full 0):
 garbage-first heap   total 182272K, used 150951K [0x0000000080000000, 0x0000000100000000)
  region size 1024K, 70 young (71680K), 8 survivors (8192K)
 Metaspace       used 88423K, committed 89024K, reserved 1130496K
  class space    used 12192K, committed 12480K, reserved 1048576K
}
Event: 10.915 GC heap after
{Heap after GC invocations=25 (full 0):
 garbage-first heap   total 182272K, used 87710K [0x0000000080000000, 0x0000000100000000)
  region size 1024K, 5 young (5120K), 5 survivors (5120K)
 Metaspace       used 88423K, committed 89024K, reserved 1130496K
  class space    used 12192K, committed 12480K, reserved 1048576K
}
Event: 11.717 GC heap before
{Heap before GC invocations=25 (full 0):
 garbage-first heap   total 182272K, used 148126K [0x0000000080000000, 0x0000000100000000)
  region size 1024K, 65 young (66560K), 5 survivors (5120K)
 Metaspace       used 90524K, committed 91136K, reserved 1130496K
  class space    used 12418K, committed 12672K, reserved 1048576K
}
Event: 11.726 GC heap after
{Heap after GC invocations=26 (full 0):
 garbage-first heap   total 182272K, used 100049K [0x0000000080000000, 0x0000000100000000)
  region size 1024K, 9 young (9216K), 9 survivors (9216K)
 Metaspace       used 90524K, committed 91136K, reserved 1130496K
  class space    used 12418K, committed 12672K, reserved 1048576K
}
Event: 12.210 GC heap before
{Heap before GC invocations=27 (full 0):
 garbage-first heap   total 203776K, used 152273K [0x0000000080000000, 0x0000000100000000)
  region size 1024K, 51 young (52224K), 9 survivors (9216K)
 Metaspace       used 90980K, committed 91584K, reserved 1130496K
  class space    used 12467K, committed 12736K, reserved 1048576K
}
Event: 12.225 GC heap after
{Heap after GC invocations=28 (full 0):
 garbage-first heap   total 203776K, used 119987K [0x0000000080000000, 0x0000000100000000)
  region size 1024K, 7 young (7168K), 7 survivors (7168K)
 Metaspace       used 90980K, committed 91584K, reserved 1130496K
  class space    used 12467K, committed 12736K, reserved 1048576K
}
Event: 12.265 GC heap before
{Heap before GC invocations=28 (full 0):
 garbage-first heap   total 203776K, used 128179K [0x0000000080000000, 0x0000000100000000)
  region size 1024K, 9 young (9216K), 7 survivors (7168K)
 Metaspace       used 91042K, committed 91648K, reserved 1130496K
  class space    used 12475K, committed 12736K, reserved 1048576K
}
Event: 12.271 GC heap after
{Heap after GC invocations=29 (full 0):
 garbage-first heap   total 203776K, used 123032K [0x0000000080000000, 0x0000000100000000)
  region size 1024K, 2 young (2048K), 2 survivors (2048K)
 Metaspace       used 91042K, committed 91648K, reserved 1130496K
  class space    used 12475K, committed 12736K, reserved 1048576K
}
Event: 12.812 GC heap before
{Heap before GC invocations=29 (full 0):
 garbage-first heap   total 203776K, used 160920K [0x0000000080000000, 0x0000000100000000)
  region size 1024K, 37 young (37888K), 2 survivors (2048K)
 Metaspace       used 91234K, committed 91840K, reserved 1130496K
  class space    used 12486K, committed 12736K, reserved 1048576K
}

