# JRE version: OpenJDK Runtime Environment (17.0.6) (build 17.0.6+0-b2043.56-10027231)
# Java VM: OpenJDK 64-Bit Server VM (17.0.6+0-b2043.56-10027231, mixed mode, tiered, compressed oops, compressed class ptrs, g1 gc, windows-amd64)
GC Precious Log:
 CPUs: 8 total, 8 available
 Memory: 8072M
 Large Page Support: Disabled
 NUMA Support: Disabled
 Compressed Oops: Enabled (32-bit)
 Heap Region Size: 1M
 Heap Min Capacity: 8M
 Heap Initial Capacity: 128M
 Heap Max Capacity: 2G
 Pre-touch: Disabled
 Parallel Workers: 8
 Concurrent Workers: 2
 Concurrent Refinement Workers: 8
 Periodic GC: Disabled
Heap:
 garbage-first heap   total 104448K, used 53294K [0x0000000080000000, 0x0000000100000000)
  region size 1024K, 2 young (2048K), 2 survivors (2048K)
 Metaspace       used 64810K, committed 65280K, reserved 1105920K
  class space    used 8583K, committed 8832K, reserved 1048576K
GC Heap History (20 events):
Event: 3.335 GC heap after
{Heap after GC invocations=12 (full 0):
 garbage-first heap   total 82944K, used 32588K [0x0000000080000000, 0x0000000100000000)
  region size 1024K, 3 young (3072K), 3 survivors (3072K)
 Metaspace       used 45857K, committed 46272K, reserved 1089536K
  class space    used 6105K, committed 6272K, reserved 1048576K
}
Event: 3.657 GC heap before
{Heap before GC invocations=12 (full 0):
 garbage-first heap   total 82944K, used 63308K [0x0000000080000000, 0x0000000100000000)
  region size 1024K, 32 young (32768K), 3 survivors (3072K)
 Metaspace       used 50231K, committed 50624K, reserved 1097728K
  class space    used 6670K, committed 6848K, reserved 1048576K
}
Event: 3.660 GC heap after
{Heap after GC invocations=13 (full 0):
 garbage-first heap   total 82944K, used 34036K [0x0000000080000000, 0x0000000100000000)
  region size 1024K, 2 young (2048K), 2 survivors (2048K)
 Metaspace       used 50231K, committed 50624K, reserved 1097728K
  class space    used 6670K, committed 6848K, reserved 1048576K
}
Event: 3.963 GC heap before
{Heap before GC invocations=13 (full 0):
 garbage-first heap   total 82944K, used 62708K [0x0000000080000000, 0x0000000100000000)
  region size 1024K, 31 young (31744K), 2 survivors (2048K)
 Metaspace       used 51527K, committed 52032K, reserved 1097728K
  class space    used 6823K, committed 7040K, reserved 1048576K
}
Event: 3.966 GC heap after
{Heap after GC invocations=14 (full 0):
 garbage-first heap   total 82944K, used 36119K [0x0000000080000000, 0x0000000100000000)
  region size 1024K, 4 young (4096K), 4 survivors (4096K)
 Metaspace       used 51527K, committed 52032K, reserved 1097728K
  class space    used 6823K, committed 7040K, reserved 1048576K
}
Event: 4.050 GC heap before
{Heap before GC invocations=14 (full 0):
 garbage-first heap   total 82944K, used 47383K [0x0000000080000000, 0x0000000100000000)
  region size 1024K, 14 young (14336K), 4 survivors (4096K)
 Metaspace       used 51887K, committed 52288K, reserved 1097728K
  class space    used 6870K, committed 7040K, reserved 1048576K
}
Event: 4.053 GC heap after
{Heap after GC invocations=15 (full 0):
 garbage-first heap   total 82944K, used 43202K [0x0000000080000000, 0x0000000100000000)
  region size 1024K, 4 young (4096K), 4 survivors (4096K)
 Metaspace       used 51887K, committed 52288K, reserved 1097728K
  class space    used 6870K, committed 7040K, reserved 1048576K
}
Event: 4.240 GC heap before
{Heap before GC invocations=16 (full 0):
 garbage-first heap   total 82944K, used 64706K [0x0000000080000000, 0x0000000100000000)
  region size 1024K, 24 young (24576K), 4 survivors (4096K)
 Metaspace       used 54346K, committed 54784K, reserved 1097728K
  class space    used 7226K, committed 7424K, reserved 1048576K
}
Event: 4.243 GC heap after
{Heap after GC invocations=17 (full 0):
 garbage-first heap   total 82944K, used 45480K [0x0000000080000000, 0x0000000100000000)
  region size 1024K, 3 young (3072K), 3 survivors (3072K)
 Metaspace       used 54346K, committed 54784K, reserved 1097728K
  class space    used 7226K, committed 7424K, reserved 1048576K
}
Event: 4.444 GC heap before
{Heap before GC invocations=17 (full 0):
 garbage-first heap   total 82944K, used 62888K [0x0000000080000000, 0x0000000100000000)
  region size 1024K, 21 young (21504K), 3 survivors (3072K)
 Metaspace       used 57255K, committed 57664K, reserved 1105920K
  class space    used 7580K, committed 7744K, reserved 1048576K
}
Event: 4.446 GC heap after
{Heap after GC invocations=18 (full 0):
 garbage-first heap   total 82944K, used 45956K [0x0000000080000000, 0x0000000100000000)
  region size 1024K, 1 young (1024K), 1 survivors (1024K)
 Metaspace       used 57255K, committed 57664K, reserved 1105920K
  class space    used 7580K, committed 7744K, reserved 1048576K
}
Event: 4.703 GC heap before
{Heap before GC invocations=19 (full 0):
 garbage-first heap   total 82944K, used 65412K [0x0000000080000000, 0x0000000100000000)
  region size 1024K, 20 young (20480K), 1 survivors (1024K)
 Metaspace       used 60810K, committed 61312K, reserved 1105920K
  class space    used 8071K, committed 8320K, reserved 1048576K
}
Event: 4.705 GC heap after
{Heap after GC invocations=20 (full 0):
 garbage-first heap   total 82944K, used 47005K [0x0000000080000000, 0x0000000100000000)
  region size 1024K, 2 young (2048K), 2 survivors (2048K)
 Metaspace       used 60810K, committed 61312K, reserved 1105920K
  class space    used 8071K, committed 8320K, reserved 1048576K
}
Event: 4.724 GC heap before
{Heap before GC invocations=20 (full 0):
 garbage-first heap   total 82944K, used 49053K [0x0000000080000000, 0x0000000100000000)
  region size 1024K, 4 young (4096K), 2 survivors (2048K)
 Metaspace       used 60992K, committed 61504K, reserved 1105920K
  class space    used 8100K, committed 8384K, reserved 1048576K
}
Event: 4.728 GC heap after
{Heap after GC invocations=21 (full 0):
 garbage-first heap   total 82944K, used 47084K [0x0000000080000000, 0x0000000100000000)
  region size 1024K, 1 young (1024K), 1 survivors (1024K)
 Metaspace       used 60992K, committed 61504K, reserved 1105920K
  class space    used 8100K, committed 8384K, reserved 1048576K
}
Event: 4.827 GC heap before
{Heap before GC invocations=21 (full 0):
 garbage-first heap   total 82944K, used 54252K [0x0000000080000000, 0x0000000100000000)
  region size 1024K, 9 young (9216K), 1 survivors (1024K)
 Metaspace       used 62785K, committed 63360K, reserved 1105920K
  class space    used 8315K, committed 8576K, reserved 1048576K
}
Event: 4.828 GC heap after
{Heap after GC invocations=22 (full 0):
 garbage-first heap   total 82944K, used 48319K [0x0000000080000000, 0x0000000100000000)
  region size 1024K, 2 young (2048K), 2 survivors (2048K)
 Metaspace       used 62785K, committed 63360K, reserved 1105920K
  class space    used 8315K, committed 8576K, reserved 1048576K
}
Event: 4.872 GC heap before
{Heap before GC invocations=23 (full 0):
 garbage-first heap   total 104448K, used 60607K [0x0000000080000000, 0x0000000100000000)
  region size 1024K, 11 young (11264K), 2 survivors (2048K)
 Metaspace       used 62791K, committed 63360K, reserved 1105920K
  class space    used 8315K, committed 8576K, reserved 1048576K
}
Event: 4.875 GC heap after
{Heap after GC invocations=24 (full 0):
 garbage-first heap   total 104448K, used 54201K [0x0000000080000000, 0x0000000100000000)
  region size 1024K, 3 young (3072K), 3 survivors (3072K)
 Metaspace       used 62791K, committed 63360K, reserved 1105920K
  class space    used 8315K, committed 8576K, reserved 1048576K
}
Event: 5.073 GC heap before
{Heap before GC invocations=25 (full 0):
 garbage-first heap   total 104448K, used 77753K [0x0000000080000000, 0x0000000100000000)
  region size 1024K, 24 young (24576K), 3 survivors (3072K)
 Metaspace       used 64810K, committed 65280K, reserved 1105920K
  class space    used 8583K, committed 8832K, reserved 1048576K
}

