# JRE version: OpenJDK Runtime Environment (17.0.6) (build 17.0.6+0-b2043.56-10027231)
# Java VM: OpenJDK 64-Bit Server VM (17.0.6+0-b2043.56-10027231, mixed mode, tiered, compressed oops, compressed class ptrs, g1 gc, windows-amd64)
GC Precious Log:
 CPUs: 8 total, 8 available
 Memory: 8072M
 Large Page Support: Disabled
 NUMA Support: Disabled
 Compressed Oops: Enabled (32-bit)
 Heap Region Size: 1M
 Heap Min Capacity: 8M
 Heap Initial Capacity: 128M
 Heap Max Capacity: 2G
 Pre-touch: Disabled
 Parallel Workers: 8
 Concurrent Workers: 2
 Concurrent Refinement Workers: 8
 Periodic GC: Disabled
Heap:
 garbage-first heap   total 180224K, used 111163K [0x0000000080000000, 0x0000000100000000)
  region size 1024K, 6 young (6144K), 6 survivors (6144K)
 Metaspace       used 96500K, committed 97088K, reserved 1138688K
  class space    used 13206K, committed 13504K, reserved 1048576K
GC Heap History (20 events):
Event: 7.987 GC heap after
{Heap after GC invocations=19 (full 0):
 garbage-first heap   total 149504K, used 61586K [0x0000000080000000, 0x0000000100000000)
  region size 1024K, 3 young (3072K), 3 survivors (3072K)
 Metaspace       used 72875K, committed 73344K, reserved 1114112K
  class space    used 9929K, committed 10112K, reserved 1048576K
}
Event: 8.741 GC heap before
{Heap before GC invocations=19 (full 0):
 garbage-first heap   total 149504K, used 118930K [0x0000000080000000, 0x0000000100000000)
  region size 1024K, 59 young (60416K), 3 survivors (3072K)
 Metaspace       used 77258K, committed 77760K, reserved 1122304K
  class space    used 10578K, committed 10816K, reserved 1048576K
}
Event: 8.748 GC heap after
{Heap after GC invocations=20 (full 0):
 garbage-first heap   total 149504K, used 64950K [0x0000000080000000, 0x0000000100000000)
  region size 1024K, 6 young (6144K), 6 survivors (6144K)
 Metaspace       used 77258K, committed 77760K, reserved 1122304K
  class space    used 10578K, committed 10816K, reserved 1048576K
}
Event: 9.293 GC heap before
{Heap before GC invocations=20 (full 0):
 garbage-first heap   total 149504K, used 120246K [0x0000000080000000, 0x0000000100000000)
  region size 1024K, 60 young (61440K), 6 survivors (6144K)
 Metaspace       used 82419K, committed 83072K, reserved 1122304K
  class space    used 11324K, committed 11648K, reserved 1048576K
}
Event: 9.299 GC heap after
{Heap after GC invocations=21 (full 0):
 garbage-first heap   total 149504K, used 68016K [0x0000000080000000, 0x0000000100000000)
  region size 1024K, 7 young (7168K), 7 survivors (7168K)
 Metaspace       used 82419K, committed 83072K, reserved 1122304K
  class space    used 11324K, committed 11648K, reserved 1048576K
}
Event: 9.645 GC heap before
{Heap before GC invocations=21 (full 0):
 garbage-first heap   total 149504K, used 121264K [0x0000000080000000, 0x0000000100000000)
  region size 1024K, 59 young (60416K), 7 survivors (7168K)
 Metaspace       used 83568K, committed 84160K, reserved 1122304K
  class space    used 11485K, committed 11776K, reserved 1048576K
}
Event: 9.654 GC heap after
{Heap after GC invocations=22 (full 0):
 garbage-first heap   total 149504K, used 75270K [0x0000000080000000, 0x0000000100000000)
  region size 1024K, 8 young (8192K), 8 survivors (8192K)
 Metaspace       used 83568K, committed 84160K, reserved 1122304K
  class space    used 11485K, committed 11776K, reserved 1048576K
}
Event: 10.152 GC heap before
{Heap before GC invocations=22 (full 0):
 garbage-first heap   total 149504K, used 119302K [0x0000000080000000, 0x0000000100000000)
  region size 1024K, 52 young (53248K), 8 survivors (8192K)
 Metaspace       used 86212K, committed 86848K, reserved 1130496K
  class space    used 12023K, committed 12352K, reserved 1048576K
}
Event: 10.164 GC heap after
{Heap after GC invocations=23 (full 0):
 garbage-first heap   total 180224K, used 81188K [0x0000000080000000, 0x0000000100000000)
  region size 1024K, 6 young (6144K), 6 survivors (6144K)
 Metaspace       used 86212K, committed 86848K, reserved 1130496K
  class space    used 12023K, committed 12352K, reserved 1048576K
}
Event: 10.680 GC heap before
{Heap before GC invocations=24 (full 0):
 garbage-first heap   total 180224K, used 141604K [0x0000000080000000, 0x0000000100000000)
  region size 1024K, 66 young (67584K), 6 survivors (6144K)
 Metaspace       used 86573K, committed 87232K, reserved 1130496K
  class space    used 12029K, committed 12352K, reserved 1048576K
}
Event: 10.686 GC heap after
{Heap after GC invocations=25 (full 0):
 garbage-first heap   total 180224K, used 84919K [0x0000000080000000, 0x0000000100000000)
  region size 1024K, 4 young (4096K), 4 survivors (4096K)
 Metaspace       used 86573K, committed 87232K, reserved 1130496K
  class space    used 12029K, committed 12352K, reserved 1048576K
}
Event: 11.024 GC heap before
{Heap before GC invocations=25 (full 0):
 garbage-first heap   total 180224K, used 144311K [0x0000000080000000, 0x0000000100000000)
  region size 1024K, 63 young (64512K), 4 survivors (4096K)
 Metaspace       used 87143K, committed 87744K, reserved 1130496K
  class space    used 12077K, committed 12352K, reserved 1048576K
}
Event: 11.029 GC heap after
{Heap after GC invocations=26 (full 0):
 garbage-first heap   total 180224K, used 88881K [0x0000000080000000, 0x0000000100000000)
  region size 1024K, 8 young (8192K), 8 survivors (8192K)
 Metaspace       used 87143K, committed 87744K, reserved 1130496K
  class space    used 12077K, committed 12352K, reserved 1048576K
}
Event: 11.330 GC heap before
{Heap before GC invocations=26 (full 0):
 garbage-first heap   total 180224K, used 138033K [0x0000000080000000, 0x0000000100000000)
  region size 1024K, 58 young (59392K), 8 survivors (8192K)
 Metaspace       used 87789K, committed 88448K, reserved 1130496K
  class space    used 12164K, committed 12480K, reserved 1048576K
}
Event: 11.336 GC heap after
{Heap after GC invocations=27 (full 0):
 garbage-first heap   total 180224K, used 92915K [0x0000000080000000, 0x0000000100000000)
  region size 1024K, 9 young (9216K), 9 survivors (9216K)
 Metaspace       used 87789K, committed 88448K, reserved 1130496K
  class space    used 12164K, committed 12480K, reserved 1048576K
}
Event: 12.059 GC heap before
{Heap before GC invocations=28 (full 0):
 garbage-first heap   total 180224K, used 151283K [0x0000000080000000, 0x0000000100000000)
  region size 1024K, 62 young (63488K), 9 survivors (9216K)
 Metaspace       used 92125K, committed 92736K, reserved 1130496K
  class space    used 12718K, committed 12992K, reserved 1048576K
}
Event: 12.071 GC heap after
{Heap after GC invocations=29 (full 0):
 garbage-first heap   total 180224K, used 99213K [0x0000000080000000, 0x0000000100000000)
  region size 1024K, 8 young (8192K), 8 survivors (8192K)
 Metaspace       used 92125K, committed 92736K, reserved 1130496K
  class space    used 12718K, committed 12992K, reserved 1048576K
}
Event: 12.091 GC heap before
{Heap before GC invocations=29 (full 0):
 garbage-first heap   total 180224K, used 100237K [0x0000000080000000, 0x0000000100000000)
  region size 1024K, 9 young (9216K), 8 survivors (8192K)
 Metaspace       used 92447K, committed 93056K, reserved 1130496K
  class space    used 12778K, committed 13056K, reserved 1048576K
}
Event: 12.101 GC heap after
{Heap after GC invocations=30 (full 0):
 garbage-first heap   total 180224K, used 100123K [0x0000000080000000, 0x0000000100000000)
  region size 1024K, 1 young (1024K), 1 survivors (1024K)
 Metaspace       used 92447K, committed 93056K, reserved 1130496K
  class space    used 12778K, committed 13056K, reserved 1048576K
}
Event: 12.966 GC heap before
{Heap before GC invocations=30 (full 0):
 garbage-first heap   total 180224K, used 149275K [0x0000000080000000, 0x0000000100000000)
  region size 1024K, 47 young (48128K), 1 survivors (1024K)
 Metaspace       used 96500K, committed 97088K, reserved 1138688K
  class space    used 13206K, committed 13504K, reserved 1048576K
}

