# JRE version: OpenJDK Runtime Environment (17.0.6) (build 17.0.6+0-b2043.56-10027231)
# Java VM: OpenJDK 64-Bit Server VM (17.0.6+0-b2043.56-10027231, mixed mode, tiered, compressed oops, compressed class ptrs, g1 gc, windows-amd64)
GC Precious Log:
 CPUs: 8 total, 8 available
 Memory: 8072M
 Large Page Support: Disabled
 NUMA Support: Disabled
 Compressed Oops: Enabled (32-bit)
 Heap Region Size: 1M
 Heap Min Capacity: 8M
 Heap Initial Capacity: 128M
 Heap Max Capacity: 2G
 Pre-touch: Disabled
 Parallel Workers: 8
 Concurrent Workers: 2
 Concurrent Refinement Workers: 8
 Periodic GC: Disabled
Heap:
 garbage-first heap   total 548864K, used 398805K [0x0000000080000000, 0x0000000100000000)
  region size 1024K, 104 young (106496K), 15 survivors (15360K)
 Metaspace       used 136104K, committed 136896K, reserved 1171456K
  class space    used 18360K, committed 18752K, reserved 1048576K
GC Heap History (20 events):
Event: 11.473 GC heap before
{Heap before GC invocations=39 (full 0):
 garbage-first heap   total 270336K, used 192512K [0x0000000080000000, 0x0000000100000000)
  region size 1024K, 75 young (76800K), 9 survivors (9216K)
 Metaspace       used 96357K, committed 97088K, reserved 1138688K
  class space    used 12861K, committed 13184K, reserved 1048576K
}
Event: 11.483 GC heap after
{Heap after GC invocations=40 (full 0):
 garbage-first heap   total 270336K, used 129116K [0x0000000080000000, 0x0000000100000000)
  region size 1024K, 5 young (5120K), 5 survivors (5120K)
 Metaspace       used 96357K, committed 97088K, reserved 1138688K
  class space    used 12861K, committed 13184K, reserved 1048576K
}
Event: 12.781 GC heap before
{Heap before GC invocations=40 (full 0):
 garbage-first heap   total 270336K, used 197724K [0x0000000080000000, 0x0000000100000000)
  region size 1024K, 73 young (74752K), 5 survivors (5120K)
 Metaspace       used 98022K, committed 98752K, reserved 1138688K
  class space    used 13044K, committed 13376K, reserved 1048576K
}
Event: 12.787 GC heap after
{Heap after GC invocations=41 (full 0):
 garbage-first heap   total 270336K, used 130718K [0x0000000080000000, 0x0000000100000000)
  region size 1024K, 6 young (6144K), 6 survivors (6144K)
 Metaspace       used 98022K, committed 98752K, reserved 1138688K
  class space    used 13044K, committed 13376K, reserved 1048576K
}
Event: 13.794 GC heap before
{Heap before GC invocations=41 (full 0):
 garbage-first heap   total 270336K, used 203422K [0x0000000080000000, 0x0000000100000000)
  region size 1024K, 78 young (79872K), 6 survivors (6144K)
 Metaspace       used 103079K, committed 103808K, reserved 1138688K
  class space    used 13716K, committed 14080K, reserved 1048576K
}
Event: 13.804 GC heap after
{Heap after GC invocations=42 (full 0):
 garbage-first heap   total 270336K, used 135929K [0x0000000080000000, 0x0000000100000000)
  region size 1024K, 9 young (9216K), 9 survivors (9216K)
 Metaspace       used 103079K, committed 103808K, reserved 1138688K
  class space    used 13716K, committed 14080K, reserved 1048576K
}
Event: 14.415 GC heap before
{Heap before GC invocations=42 (full 0):
 garbage-first heap   total 270336K, used 218873K [0x0000000080000000, 0x0000000100000000)
  region size 1024K, 80 young (81920K), 9 survivors (9216K)
 Metaspace       used 104763K, committed 105472K, reserved 1146880K
  class space    used 13922K, committed 14272K, reserved 1048576K
}
Event: 14.428 GC heap after
{Heap after GC invocations=43 (full 0):
 garbage-first heap   total 270336K, used 156923K [0x0000000080000000, 0x0000000100000000)
  region size 1024K, 10 young (10240K), 10 survivors (10240K)
 Metaspace       used 104763K, committed 105472K, reserved 1146880K
  class space    used 13922K, committed 14272K, reserved 1048576K
}
Event: 14.798 GC heap before
{Heap before GC invocations=43 (full 0):
 garbage-first heap   total 270336K, used 218363K [0x0000000080000000, 0x0000000100000000)
  region size 1024K, 71 young (72704K), 10 survivors (10240K)
 Metaspace       used 108140K, committed 108864K, reserved 1146880K
  class space    used 14383K, committed 14720K, reserved 1048576K
}
Event: 14.810 GC heap after
{Heap after GC invocations=44 (full 0):
 garbage-first heap   total 270336K, used 162816K [0x0000000080000000, 0x0000000100000000)
  region size 1024K, 6 young (6144K), 6 survivors (6144K)
 Metaspace       used 108140K, committed 108864K, reserved 1146880K
  class space    used 14383K, committed 14720K, reserved 1048576K
}
Event: 14.875 GC heap before
{Heap before GC invocations=44 (full 0):
 garbage-first heap   total 270336K, used 212992K [0x0000000080000000, 0x0000000100000000)
  region size 1024K, 32 young (32768K), 6 survivors (6144K)
 Metaspace       used 108692K, committed 109440K, reserved 1146880K
  class space    used 14459K, committed 14848K, reserved 1048576K
}
Event: 14.885 GC heap after
{Heap after GC invocations=45 (full 0):
 garbage-first heap   total 548864K, used 181555K [0x0000000080000000, 0x0000000100000000)
  region size 1024K, 5 young (5120K), 5 survivors (5120K)
 Metaspace       used 108692K, committed 109440K, reserved 1146880K
  class space    used 14459K, committed 14848K, reserved 1048576K
}
Event: 17.104 GC heap before
{Heap before GC invocations=45 (full 0):
 garbage-first heap   total 548864K, used 412979K [0x0000000080000000, 0x0000000100000000)
  region size 1024K, 225 young (230400K), 5 survivors (5120K)
 Metaspace       used 116232K, committed 117056K, reserved 1155072K
  class space    used 15693K, committed 16064K, reserved 1048576K
}
Event: 17.173 GC heap after
{Heap after GC invocations=46 (full 0):
 garbage-first heap   total 548864K, used 228196K [0x0000000080000000, 0x0000000100000000)
  region size 1024K, 29 young (29696K), 29 survivors (29696K)
 Metaspace       used 116232K, committed 117056K, reserved 1155072K
  class space    used 15693K, committed 16064K, reserved 1048576K
}
Event: 18.779 GC heap before
{Heap before GC invocations=46 (full 0):
 garbage-first heap   total 548864K, used 394084K [0x0000000080000000, 0x0000000100000000)
  region size 1024K, 181 young (185344K), 29 survivors (29696K)
 Metaspace       used 120445K, committed 121216K, reserved 1155072K
  class space    used 16263K, committed 16640K, reserved 1048576K
}
Event: 18.838 GC heap after
{Heap after GC invocations=47 (full 0):
 garbage-first heap   total 548864K, used 252032K [0x0000000080000000, 0x0000000100000000)
  region size 1024K, 10 young (10240K), 10 survivors (10240K)
 Metaspace       used 120445K, committed 121216K, reserved 1155072K
  class space    used 16263K, committed 16640K, reserved 1048576K
}
Event: 19.928 GC heap before
{Heap before GC invocations=47 (full 0):
 garbage-first heap   total 548864K, used 430208K [0x0000000080000000, 0x0000000100000000)
  region size 1024K, 162 young (165888K), 10 survivors (10240K)
 Metaspace       used 126367K, committed 127168K, reserved 1163264K
  class space    used 16957K, committed 17408K, reserved 1048576K
}
Event: 19.962 GC heap after
{Heap after GC invocations=48 (full 0):
 garbage-first heap   total 548864K, used 291328K [0x0000000080000000, 0x0000000100000000)
  region size 1024K, 21 young (21504K), 21 survivors (21504K)
 Metaspace       used 126367K, committed 127168K, reserved 1163264K
  class space    used 16957K, committed 17408K, reserved 1048576K
}
Event: 21.150 GC heap before
{Heap before GC invocations=48 (full 0):
 garbage-first heap   total 548864K, used 451072K [0x0000000080000000, 0x0000000100000000)
  region size 1024K, 157 young (160768K), 21 survivors (21504K)
 Metaspace       used 133108K, committed 133888K, reserved 1171456K
  class space    used 18027K, committed 18432K, reserved 1048576K
}
Event: 21.176 GC heap after
{Heap after GC invocations=49 (full 0):
 garbage-first heap   total 548864K, used 276949K [0x0000000080000000, 0x0000000100000000)
  region size 1024K, 15 young (15360K), 15 survivors (15360K)
 Metaspace       used 133108K, committed 133888K, reserved 1171456K
  class space    used 18027K, committed 18432K, reserved 1048576K
}

