# JRE version: OpenJDK Runtime Environment (17.0.6) (build 17.0.6+0-b2043.56-10027231)
# Java VM: OpenJDK 64-Bit Server VM (17.0.6+0-b2043.56-10027231, mixed mode, tiered, compressed oops, compressed class ptrs, g1 gc, windows-amd64)
GC Precious Log:
 CPUs: 8 total, 8 available
 Memory: 8072M
 Large Page Support: Disabled
 NUMA Support: Disabled
 Compressed Oops: Enabled (32-bit)
 Heap Region Size: 1M
 Heap Min Capacity: 8M
 Heap Initial Capacity: 128M
 Heap Max Capacity: 2G
 Pre-touch: Disabled
 Parallel Workers: 8
 Concurrent Workers: 2
 Concurrent Refinement Workers: 8
 Periodic GC: Disabled
Heap:
 garbage-first heap   total 253952K, used 182023K [0x0000000080000000, 0x0000000100000000)
  region size 1024K, 92 young (94208K), 9 survivors (9216K)
 Metaspace       used 77799K, committed 78464K, reserved 1122304K
  class space    used 10561K, committed 10880K, reserved 1048576K
GC Heap History (20 events):
Event: 3.166 GC heap before
{Heap before GC invocations=14 (full 0):
 garbage-first heap   total 106496K, used 68012K [0x0000000080000000, 0x0000000100000000)
  region size 1024K, 17 young (17408K), 3 survivors (3072K)
 Metaspace       used 42136K, committed 42560K, reserved 1089536K
  class space    used 5624K, committed 5824K, reserved 1048576K
}
Event: 3.169 GC heap after
{Heap after GC invocations=15 (full 0):
 garbage-first heap   total 106496K, used 56777K [0x0000000080000000, 0x0000000100000000)
  region size 1024K, 2 young (2048K), 2 survivors (2048K)
 Metaspace       used 42136K, committed 42560K, reserved 1089536K
  class space    used 5624K, committed 5824K, reserved 1048576K
}
Event: 3.520 GC heap before
{Heap before GC invocations=16 (full 0):
 garbage-first heap   total 106496K, used 87497K [0x0000000080000000, 0x0000000100000000)
  region size 1024K, 30 young (30720K), 2 survivors (2048K)
 Metaspace       used 46501K, committed 46912K, reserved 1089536K
  class space    used 6186K, committed 6400K, reserved 1048576K
}
Event: 3.523 GC heap after
{Heap after GC invocations=17 (full 0):
 garbage-first heap   total 106496K, used 58242K [0x0000000080000000, 0x0000000100000000)
  region size 1024K, 4 young (4096K), 4 survivors (4096K)
 Metaspace       used 46501K, committed 46912K, reserved 1089536K
  class space    used 6186K, committed 6400K, reserved 1048576K
}
Event: 3.562 GC heap before
{Heap before GC invocations=17 (full 0):
 garbage-first heap   total 106496K, used 60290K [0x0000000080000000, 0x0000000100000000)
  region size 1024K, 7 young (7168K), 4 survivors (4096K)
 Metaspace       used 46569K, committed 47040K, reserved 1097728K
  class space    used 6193K, committed 6400K, reserved 1048576K
}
Event: 3.566 GC heap after
{Heap after GC invocations=18 (full 0):
 garbage-first heap   total 106496K, used 59403K [0x0000000080000000, 0x0000000100000000)
  region size 1024K, 4 young (4096K), 4 survivors (4096K)
 Metaspace       used 46569K, committed 47040K, reserved 1097728K
  class space    used 6193K, committed 6400K, reserved 1048576K
}
Event: 3.837 GC heap before
{Heap before GC invocations=19 (full 0):
 garbage-first heap   total 114688K, used 89099K [0x0000000080000000, 0x0000000100000000)
  region size 1024K, 27 young (27648K), 4 survivors (4096K)
 Metaspace       used 49091K, committed 49536K, reserved 1097728K
  class space    used 6423K, committed 6592K, reserved 1048576K
}
Event: 3.840 GC heap after
{Heap after GC invocations=20 (full 0):
 garbage-first heap   total 114688K, used 68527K [0x0000000080000000, 0x0000000100000000)
  region size 1024K, 4 young (4096K), 4 survivors (4096K)
 Metaspace       used 49091K, committed 49536K, reserved 1097728K
  class space    used 6423K, committed 6592K, reserved 1048576K
}
Event: 3.848 GC heap before
{Heap before GC invocations=20 (full 0):
 garbage-first heap   total 114688K, used 69551K [0x0000000080000000, 0x0000000100000000)
  region size 1024K, 5 young (5120K), 4 survivors (4096K)
 Metaspace       used 49099K, committed 49536K, reserved 1097728K
  class space    used 6424K, committed 6592K, reserved 1048576K
}
Event: 3.852 GC heap after
{Heap after GC invocations=21 (full 0):
 garbage-first heap   total 114688K, used 69031K [0x0000000080000000, 0x0000000100000000)
  region size 1024K, 1 young (1024K), 1 survivors (1024K)
 Metaspace       used 49099K, committed 49536K, reserved 1097728K
  class space    used 6424K, committed 6592K, reserved 1048576K
}
Event: 4.035 GC heap before
{Heap before GC invocations=21 (full 0):
 garbage-first heap   total 114688K, used 91559K [0x0000000080000000, 0x0000000100000000)
  region size 1024K, 23 young (23552K), 1 survivors (1024K)
 Metaspace       used 50645K, committed 51136K, reserved 1097728K
  class space    used 6687K, committed 6912K, reserved 1048576K
}
Event: 4.037 GC heap after
{Heap after GC invocations=22 (full 0):
 garbage-first heap   total 114688K, used 70941K [0x0000000080000000, 0x0000000100000000)
  region size 1024K, 3 young (3072K), 3 survivors (3072K)
 Metaspace       used 50645K, committed 51136K, reserved 1097728K
  class space    used 6687K, committed 6912K, reserved 1048576K
}
Event: 4.286 GC heap before
{Heap before GC invocations=23 (full 0):
 garbage-first heap   total 126976K, used 92445K [0x0000000080000000, 0x0000000100000000)
  region size 1024K, 24 young (24576K), 3 survivors (3072K)
 Metaspace       used 52997K, committed 53504K, reserved 1097728K
  class space    used 7094K, committed 7296K, reserved 1048576K
}
Event: 4.289 GC heap after
{Heap after GC invocations=24 (full 0):
 garbage-first heap   total 126976K, used 72536K [0x0000000080000000, 0x0000000100000000)
  region size 1024K, 2 young (2048K), 2 survivors (2048K)
 Metaspace       used 52997K, committed 53504K, reserved 1097728K
  class space    used 7094K, committed 7296K, reserved 1048576K
}
Event: 4.338 GC heap before
{Heap before GC invocations=24 (full 0):
 garbage-first heap   total 126976K, used 75608K [0x0000000080000000, 0x0000000100000000)
  region size 1024K, 6 young (6144K), 2 survivors (2048K)
 Metaspace       used 53568K, committed 54016K, reserved 1097728K
  class space    used 7176K, committed 7360K, reserved 1048576K
}
Event: 4.340 GC heap after
{Heap after GC invocations=25 (full 0):
 garbage-first heap   total 253952K, used 72382K [0x0000000080000000, 0x0000000100000000)
  region size 1024K, 1 young (1024K), 1 survivors (1024K)
 Metaspace       used 53568K, committed 54016K, reserved 1097728K
  class space    used 7176K, committed 7360K, reserved 1048576K
}
Event: 5.135 GC heap before
{Heap before GC invocations=25 (full 0):
 garbage-first heap   total 253952K, used 172734K [0x0000000080000000, 0x0000000100000000)
  region size 1024K, 96 young (98304K), 1 survivors (1024K)
 Metaspace       used 60542K, committed 61120K, reserved 1105920K
  class space    used 8044K, committed 8256K, reserved 1048576K
}
Event: 5.139 GC heap after
{Heap after GC invocations=26 (full 0):
 garbage-first heap   total 253952K, used 85133K [0x0000000080000000, 0x0000000100000000)
  region size 1024K, 10 young (10240K), 10 survivors (10240K)
 Metaspace       used 60542K, committed 61120K, reserved 1105920K
  class space    used 8044K, committed 8256K, reserved 1048576K
}
Event: 6.032 GC heap before
{Heap before GC invocations=26 (full 0):
 garbage-first heap   total 253952K, used 189581K [0x0000000080000000, 0x0000000100000000)
  region size 1024K, 106 young (108544K), 10 survivors (10240K)
 Metaspace       used 69494K, committed 70144K, reserved 1114112K
  class space    used 9239K, committed 9536K, reserved 1048576K
}
Event: 6.039 GC heap after
{Heap after GC invocations=27 (full 0):
 garbage-first heap   total 253952K, used 92935K [0x0000000080000000, 0x0000000100000000)
  region size 1024K, 9 young (9216K), 9 survivors (9216K)
 Metaspace       used 69494K, committed 70144K, reserved 1114112K
  class space    used 9239K, committed 9536K, reserved 1048576K
}

