# JRE version: OpenJDK Runtime Environment (17.0.6) (build 17.0.6+0-b2043.56-10027231)
# Java VM: OpenJDK 64-Bit Server VM (17.0.6+0-b2043.56-10027231, mixed mode, tiered, compressed oops, compressed class ptrs, g1 gc, windows-amd64)
GC Precious Log:
 CPUs: 8 total, 8 available
 Memory: 8072M
 Large Page Support: Disabled
 NUMA Support: Disabled
 Compressed Oops: Enabled (32-bit)
 Heap Region Size: 1M
 Heap Min Capacity: 8M
 Heap Initial Capacity: 128M
 Heap Max Capacity: 2G
 Pre-touch: Disabled
 Parallel Workers: 8
 Concurrent Workers: 2
 Concurrent Refinement Workers: 8
 Periodic GC: Disabled
Heap:
 garbage-first heap   total 165888K, used 88880K [0x0000000080000000, 0x0000000100000000)
  region size 1024K, 1 young (1024K), 1 survivors (1024K)
 Metaspace       used 87207K, committed 87808K, reserved 1130496K
  class space    used 12064K, committed 12352K, reserved 1048576K
GC Heap History (20 events):
Event: 8.341 GC heap after
{Heap after GC invocations=26 (full 0):
 garbage-first heap   total 132096K, used 61846K [0x0000000080000000, 0x0000000100000000)
  region size 1024K, 6 young (6144K), 6 survivors (6144K)
 Metaspace       used 68885K, committed 69376K, reserved 1114112K
  class space    used 9185K, committed 9408K, reserved 1048576K
}
Event: 8.831 GC heap before
{Heap before GC invocations=26 (full 0):
 garbage-first heap   total 132096K, used 99734K [0x0000000080000000, 0x0000000100000000)
  region size 1024K, 43 young (44032K), 6 survivors (6144K)
 Metaspace       used 71672K, committed 72128K, reserved 1114112K
  class space    used 9634K, committed 9856K, reserved 1048576K
}
Event: 8.838 GC heap after
{Heap after GC invocations=27 (full 0):
 garbage-first heap   total 132096K, used 63235K [0x0000000080000000, 0x0000000100000000)
  region size 1024K, 2 young (2048K), 2 survivors (2048K)
 Metaspace       used 71672K, committed 72128K, reserved 1114112K
  class space    used 9634K, committed 9856K, reserved 1048576K
}
Event: 9.306 GC heap before
{Heap before GC invocations=27 (full 0):
 garbage-first heap   total 132096K, used 102147K [0x0000000080000000, 0x0000000100000000)
  region size 1024K, 40 young (40960K), 2 survivors (2048K)
 Metaspace       used 74762K, committed 75264K, reserved 1114112K
  class space    used 10198K, committed 10432K, reserved 1048576K
}
Event: 9.309 GC heap after
{Heap after GC invocations=28 (full 0):
 garbage-first heap   total 132096K, used 64649K [0x0000000080000000, 0x0000000100000000)
  region size 1024K, 3 young (3072K), 3 survivors (3072K)
 Metaspace       used 74762K, committed 75264K, reserved 1114112K
  class space    used 10198K, committed 10432K, reserved 1048576K
}
Event: 9.751 GC heap before
{Heap before GC invocations=29 (full 0):
 garbage-first heap   total 132096K, used 103561K [0x0000000080000000, 0x0000000100000000)
  region size 1024K, 42 young (43008K), 3 survivors (3072K)
 Metaspace       used 77729K, committed 78336K, reserved 1122304K
  class space    used 10641K, committed 10944K, reserved 1048576K
}
Event: 9.755 GC heap after
{Heap after GC invocations=30 (full 0):
 garbage-first heap   total 132096K, used 66447K [0x0000000080000000, 0x0000000100000000)
  region size 1024K, 6 young (6144K), 6 survivors (6144K)
 Metaspace       used 77729K, committed 78336K, reserved 1122304K
  class space    used 10641K, committed 10944K, reserved 1048576K
}
Event: 9.763 GC heap before
{Heap before GC invocations=30 (full 0):
 garbage-first heap   total 132096K, used 67471K [0x0000000080000000, 0x0000000100000000)
  region size 1024K, 7 young (7168K), 6 survivors (6144K)
 Metaspace       used 77819K, committed 78400K, reserved 1122304K
  class space    used 10653K, committed 10944K, reserved 1048576K
}
Event: 9.768 GC heap after
{Heap after GC invocations=31 (full 0):
 garbage-first heap   total 158720K, used 66624K [0x0000000080000000, 0x0000000100000000)
  region size 1024K, 1 young (1024K), 1 survivors (1024K)
 Metaspace       used 77819K, committed 78400K, reserved 1122304K
  class space    used 10653K, committed 10944K, reserved 1048576K
}
Event: 10.469 GC heap before
{Heap before GC invocations=31 (full 0):
 garbage-first heap   total 158720K, used 123968K [0x0000000080000000, 0x0000000100000000)
  region size 1024K, 57 young (58368K), 1 survivors (1024K)
 Metaspace       used 82995K, committed 83584K, reserved 1122304K
  class space    used 11408K, committed 11712K, reserved 1048576K
}
Event: 10.472 GC heap after
{Heap after GC invocations=32 (full 0):
 garbage-first heap   total 158720K, used 69350K [0x0000000080000000, 0x0000000100000000)
  region size 1024K, 4 young (4096K), 4 survivors (4096K)
 Metaspace       used 82995K, committed 83584K, reserved 1122304K
  class space    used 11408K, committed 11712K, reserved 1048576K
}
Event: 10.868 GC heap before
{Heap before GC invocations=32 (full 0):
 garbage-first heap   total 158720K, used 126694K [0x0000000080000000, 0x0000000100000000)
  region size 1024K, 60 young (61440K), 4 survivors (4096K)
 Metaspace       used 84478K, committed 85056K, reserved 1122304K
  class space    used 11667K, committed 11968K, reserved 1048576K
}
Event: 10.877 GC heap after
{Heap after GC invocations=33 (full 0):
 garbage-first heap   total 158720K, used 77178K [0x0000000080000000, 0x0000000100000000)
  region size 1024K, 8 young (8192K), 8 survivors (8192K)
 Metaspace       used 84478K, committed 85056K, reserved 1122304K
  class space    used 11667K, committed 11968K, reserved 1048576K
}
Event: 11.399 GC heap before
{Heap before GC invocations=33 (full 0):
 garbage-first heap   total 158720K, used 125306K [0x0000000080000000, 0x0000000100000000)
  region size 1024K, 56 young (57344K), 8 survivors (8192K)
 Metaspace       used 86404K, committed 87104K, reserved 1130496K
  class space    used 12019K, committed 12352K, reserved 1048576K
}
Event: 11.409 GC heap after
{Heap after GC invocations=34 (full 0):
 garbage-first heap   total 158720K, used 82680K [0x0000000080000000, 0x0000000100000000)
  region size 1024K, 6 young (6144K), 6 survivors (6144K)
 Metaspace       used 86404K, committed 87104K, reserved 1130496K
  class space    used 12019K, committed 12352K, reserved 1048576K
}
Event: 11.706 GC heap before
{Heap before GC invocations=34 (full 0):
 garbage-first heap   total 158720K, used 125688K [0x0000000080000000, 0x0000000100000000)
  region size 1024K, 49 young (50176K), 6 survivors (6144K)
 Metaspace       used 86748K, committed 87424K, reserved 1130496K
  class space    used 12029K, committed 12352K, reserved 1048576K
}
Event: 11.712 GC heap after
{Heap after GC invocations=35 (full 0):
 garbage-first heap   total 158720K, used 85900K [0x0000000080000000, 0x0000000100000000)
  region size 1024K, 4 young (4096K), 4 survivors (4096K)
 Metaspace       used 86748K, committed 87424K, reserved 1130496K
  class space    used 12029K, committed 12352K, reserved 1048576K
}
Event: 12.061 GC heap before
{Heap before GC invocations=36 (full 0):
 garbage-first heap   total 165888K, used 127884K [0x0000000080000000, 0x0000000100000000)
  region size 1024K, 46 young (47104K), 4 survivors (4096K)
 Metaspace       used 87180K, committed 87808K, reserved 1130496K
  class space    used 12063K, committed 12352K, reserved 1048576K
}
Event: 12.066 GC heap after
{Heap after GC invocations=37 (full 0):
 garbage-first heap   total 165888K, used 88194K [0x0000000080000000, 0x0000000100000000)
  region size 1024K, 6 young (6144K), 6 survivors (6144K)
 Metaspace       used 87180K, committed 87808K, reserved 1130496K
  class space    used 12063K, committed 12352K, reserved 1048576K
}
Event: 12.089 GC heap before
{Heap before GC invocations=37 (full 0):
 garbage-first heap   total 165888K, used 89218K [0x0000000080000000, 0x0000000100000000)
  region size 1024K, 8 young (8192K), 6 survivors (6144K)
 Metaspace       used 87207K, committed 87808K, reserved 1130496K
  class space    used 12064K, committed 12352K, reserved 1048576K
}

