# JRE version: OpenJDK Runtime Environment (17.0.6) (build 17.0.6+0-b2043.56-10027231)
# Java VM: OpenJDK 64-Bit Server VM (17.0.6+0-b2043.56-10027231, mixed mode, tiered, compressed oops, compressed class ptrs, g1 gc, windows-amd64)
GC Precious Log:
 CPUs: 8 total, 8 available
 Memory: 8072M
 Large Page Support: Disabled
 NUMA Support: Disabled
 Compressed Oops: Enabled (32-bit)
 Heap Region Size: 1M
 Heap Min Capacity: 8M
 Heap Initial Capacity: 128M
 Heap Max Capacity: 2G
 Pre-touch: Disabled
 Parallel Workers: 8
 Concurrent Workers: 2
 Concurrent Refinement Workers: 8
 Periodic GC: Disabled
Heap:
 garbage-first heap   total 444416K, used 285119K [0x0000000080000000, 0x0000000100000000)
  region size 1024K, 6 young (6144K), 6 survivors (6144K)
 Metaspace       used 103159K, committed 103872K, reserved 1138688K
  class space    used 14318K, committed 14656K, reserved 1048576K
GC Heap History (20 events):
Event: 11.294 GC heap after
{Heap after GC invocations=38 (full 0):
 garbage-first heap   total 157696K, used 86261K [0x0000000080000000, 0x0000000100000000)
  region size 1024K, 4 young (4096K), 4 survivors (4096K)
 Metaspace       used 86691K, committed 87360K, reserved 1130496K
  class space    used 12021K, committed 12352K, reserved 1048576K
}
Event: 11.316 GC heap before
{Heap before GC invocations=38 (full 0):
 garbage-first heap   total 157696K, used 88309K [0x0000000080000000, 0x0000000100000000)
  region size 1024K, 7 young (7168K), 4 survivors (4096K)
 Metaspace       used 86708K, committed 87424K, reserved 1130496K
  class space    used 12021K, committed 12352K, reserved 1048576K
}
Event: 11.320 GC heap after
{Heap after GC invocations=39 (full 0):
 garbage-first heap   total 157696K, used 86142K [0x0000000080000000, 0x0000000100000000)
  region size 1024K, 1 young (1024K), 1 survivors (1024K)
 Metaspace       used 86708K, committed 87424K, reserved 1130496K
  class space    used 12021K, committed 12352K, reserved 1048576K
}
Event: 11.576 GC heap before
{Heap before GC invocations=39 (full 0):
 garbage-first heap   total 157696K, used 124030K [0x0000000080000000, 0x0000000100000000)
  region size 1024K, 40 young (40960K), 1 survivors (1024K)
 Metaspace       used 87186K, committed 87808K, reserved 1130496K
  class space    used 12086K, committed 12416K, reserved 1048576K
}
Event: 11.579 GC heap after
{Heap after GC invocations=40 (full 0):
 garbage-first heap   total 241664K, used 88599K [0x0000000080000000, 0x0000000100000000)
  region size 1024K, 3 young (3072K), 3 survivors (3072K)
 Metaspace       used 87186K, committed 87808K, reserved 1130496K
  class space    used 12086K, committed 12416K, reserved 1048576K
}
Event: 12.689 GC heap before
{Heap before GC invocations=40 (full 0):
 garbage-first heap   total 241664K, used 197143K [0x0000000080000000, 0x0000000100000000)
  region size 1024K, 105 young (107520K), 3 survivors (3072K)
 Metaspace       used 95424K, committed 96128K, reserved 1138688K
  class space    used 13101K, committed 13440K, reserved 1048576K
}
Event: 12.695 GC heap after
{Heap after GC invocations=41 (full 0):
 garbage-first heap   total 241664K, used 93929K [0x0000000080000000, 0x0000000100000000)
  region size 1024K, 9 young (9216K), 9 survivors (9216K)
 Metaspace       used 95424K, committed 96128K, reserved 1138688K
  class space    used 13101K, committed 13440K, reserved 1048576K
}
Event: 13.312 GC heap before
{Heap before GC invocations=41 (full 0):
 garbage-first heap   total 241664K, used 217833K [0x0000000080000000, 0x0000000100000000)
  region size 1024K, 109 young (111616K), 9 survivors (9216K)
 Metaspace       used 96277K, committed 96960K, reserved 1138688K
  class space    used 13207K, committed 13568K, reserved 1048576K
}
Event: 13.323 GC heap after
{Heap after GC invocations=42 (full 0):
 garbage-first heap   total 243712K, used 131662K [0x0000000080000000, 0x0000000100000000)
  region size 1024K, 14 young (14336K), 14 survivors (14336K)
 Metaspace       used 96277K, committed 96960K, reserved 1138688K
  class space    used 13207K, committed 13568K, reserved 1048576K
}
Event: 13.673 GC heap before
{Heap before GC invocations=42 (full 0):
 garbage-first heap   total 243712K, used 184910K [0x0000000080000000, 0x0000000100000000)
  region size 1024K, 68 young (69632K), 14 survivors (14336K)
 Metaspace       used 99647K, committed 100352K, reserved 1138688K
  class space    used 13662K, committed 14016K, reserved 1048576K
}
Event: 13.680 GC heap after
{Heap after GC invocations=43 (full 0):
 garbage-first heap   total 243712K, used 134993K [0x0000000080000000, 0x0000000100000000)
  region size 1024K, 4 young (4096K), 4 survivors (4096K)
 Metaspace       used 99647K, committed 100352K, reserved 1138688K
  class space    used 13662K, committed 14016K, reserved 1048576K
}
Event: 13.994 GC heap before
{Heap before GC invocations=44 (full 0):
 garbage-first heap   total 378880K, used 253777K [0x0000000080000000, 0x0000000100000000)
  region size 1024K, 66 young (67584K), 4 survivors (4096K)
 Metaspace       used 100390K, committed 101120K, reserved 1138688K
  class space    used 13777K, committed 14144K, reserved 1048576K
}
Event: 14.008 GC heap after
{Heap after GC invocations=45 (full 0):
 garbage-first heap   total 378880K, used 179065K [0x0000000080000000, 0x0000000100000000)
  region size 1024K, 9 young (9216K), 9 survivors (9216K)
 Metaspace       used 100390K, committed 101120K, reserved 1138688K
  class space    used 13777K, committed 14144K, reserved 1048576K
}
Event: 14.065 GC heap before
{Heap before GC invocations=45 (full 0):
 garbage-first heap   total 378880K, used 189305K [0x0000000080000000, 0x0000000100000000)
  region size 1024K, 18 young (18432K), 9 survivors (9216K)
 Metaspace       used 100390K, committed 101120K, reserved 1138688K
  class space    used 13777K, committed 14144K, reserved 1048576K
}
Event: 14.074 GC heap after
{Heap after GC invocations=46 (full 0):
 garbage-first heap   total 378880K, used 185201K [0x0000000080000000, 0x0000000100000000)
  region size 1024K, 3 young (3072K), 3 survivors (3072K)
 Metaspace       used 100390K, committed 101120K, reserved 1138688K
  class space    used 13777K, committed 14144K, reserved 1048576K
}
Event: 14.709 GC heap before
{Heap before GC invocations=46 (full 0):
 garbage-first heap   total 378880K, used 303985K [0x0000000080000000, 0x0000000100000000)
  region size 1024K, 115 young (117760K), 3 survivors (3072K)
 Metaspace       used 103063K, committed 103808K, reserved 1138688K
  class space    used 14318K, committed 14656K, reserved 1048576K
}
Event: 14.751 GC heap after
{Heap after GC invocations=47 (full 0):
 garbage-first heap   total 378880K, used 233745K [0x0000000080000000, 0x0000000100000000)
  region size 1024K, 15 young (15360K), 15 survivors (15360K)
 Metaspace       used 103063K, committed 103808K, reserved 1138688K
  class space    used 14318K, committed 14656K, reserved 1048576K
}
Event: 14.919 GC heap before
{Heap before GC invocations=47 (full 0):
 garbage-first heap   total 378880K, used 295185K [0x0000000080000000, 0x0000000100000000)
  region size 1024K, 75 young (76800K), 15 survivors (15360K)
 Metaspace       used 103129K, committed 103872K, reserved 1138688K
  class space    used 14318K, committed 14656K, reserved 1048576K
}
Event: 14.958 GC heap after
{Heap after GC invocations=48 (full 0):
 garbage-first heap   total 378880K, used 266175K [0x0000000080000000, 0x0000000100000000)
  region size 1024K, 10 young (10240K), 10 survivors (10240K)
 Metaspace       used 103129K, committed 103872K, reserved 1138688K
  class space    used 14318K, committed 14656K, reserved 1048576K
}
Event: 15.131 GC heap before
{Heap before GC invocations=48 (full 0):
 garbage-first heap   total 444416K, used 302015K [0x0000000080000000, 0x0000000100000000)
  region size 1024K, 46 young (47104K), 10 survivors (10240K)
 Metaspace       used 103159K, committed 103872K, reserved 1138688K
  class space    used 14318K, committed 14656K, reserved 1048576K
}

