# JRE version: OpenJDK Runtime Environment (17.0.6) (build 17.0.6+0-b2043.56-10027231)
# Java VM: OpenJDK 64-Bit Server VM (17.0.6+0-b2043.56-10027231, mixed mode, tiered, compressed oops, compressed class ptrs, g1 gc, windows-amd64)
GC Precious Log:
 CPUs: 8 total, 8 available
 Memory: 8072M
 Large Page Support: Disabled
 NUMA Support: Disabled
 Compressed Oops: Enabled (32-bit)
 Heap Region Size: 1M
 Heap Min Capacity: 8M
 Heap Initial Capacity: 128M
 Heap Max Capacity: 2G
 Pre-touch: Disabled
 Parallel Workers: 8
 Concurrent Workers: 2
 Concurrent Refinement Workers: 8
 Periodic GC: Disabled
Heap:
 garbage-first heap   total 491520K, used 191406K [0x0000000080000000, 0x0000000100000000)
  region size 1024K, 1 young (1024K), 1 survivors (1024K)
 Metaspace       used 140700K, committed 141760K, reserved 1179648K
  class space    used 18234K, committed 18752K, reserved 1048576K
GC Heap History (20 events):
Event: 160.190 GC heap after
{Heap after GC invocations=100 (full 0):
 garbage-first heap   total 368640K, used 217885K [0x0000000080000000, 0x0000000100000000)
  region size 1024K, 12 young (12288K), 12 survivors (12288K)
 Metaspace       used 129732K, committed 130752K, reserved 1163264K
  class space    used 17019K, committed 17536K, reserved 1048576K
}
Event: 160.234 GC heap before
{Heap before GC invocations=100 (full 0):
 garbage-first heap   total 368640K, used 224029K [0x0000000080000000, 0x0000000100000000)
  region size 1024K, 18 young (18432K), 12 survivors (12288K)
 Metaspace       used 129760K, committed 130752K, reserved 1163264K
  class space    used 17021K, committed 17536K, reserved 1048576K
}
Event: 160.244 GC heap after
{Heap after GC invocations=101 (full 0):
 garbage-first heap   total 368640K, used 220160K [0x0000000080000000, 0x0000000100000000)
  region size 1024K, 3 young (3072K), 3 survivors (3072K)
 Metaspace       used 129760K, committed 130752K, reserved 1163264K
  class space    used 17021K, committed 17536K, reserved 1048576K
}
Event: 160.252 GC heap before
{Heap before GC invocations=101 (full 0):
 garbage-first heap   total 368640K, used 221184K [0x0000000080000000, 0x0000000100000000)
  region size 1024K, 5 young (5120K), 3 survivors (3072K)
 Metaspace       used 129760K, committed 130752K, reserved 1163264K
  class space    used 17021K, committed 17536K, reserved 1048576K
}
Event: 160.256 GC heap after
{Heap after GC invocations=102 (full 0):
 garbage-first heap   total 368640K, used 221571K [0x0000000080000000, 0x0000000100000000)
  region size 1024K, 5 young (5120K), 5 survivors (5120K)
 Metaspace       used 129760K, committed 130752K, reserved 1163264K
  class space    used 17021K, committed 17536K, reserved 1048576K
}
Event: 160.556 GC heap before
{Heap before GC invocations=103 (full 0):
 garbage-first heap   total 449536K, used 307587K [0x0000000080000000, 0x0000000100000000)
  region size 1024K, 62 young (63488K), 5 survivors (5120K)
 Metaspace       used 131426K, committed 132480K, reserved 1171456K
  class space    used 17157K, committed 17664K, reserved 1048576K
}
Event: 160.565 GC heap after
{Heap after GC invocations=104 (full 0):
 garbage-first heap   total 449536K, used 230073K [0x0000000080000000, 0x0000000100000000)
  region size 1024K, 8 young (8192K), 8 survivors (8192K)
 Metaspace       used 131426K, committed 132480K, reserved 1171456K
  class space    used 17157K, committed 17664K, reserved 1048576K
}
Event: 160.615 GC heap before
{Heap before GC invocations=104 (full 0):
 garbage-first heap   total 449536K, used 242361K [0x0000000080000000, 0x0000000100000000)
  region size 1024K, 21 young (21504K), 8 survivors (8192K)
 Metaspace       used 132743K, committed 133824K, reserved 1171456K
  class space    used 17286K, committed 17792K, reserved 1048576K
}
Event: 160.620 GC heap after
{Heap after GC invocations=105 (full 0):
 garbage-first heap   total 449536K, used 228057K [0x0000000080000000, 0x0000000100000000)
  region size 1024K, 2 young (2048K), 2 survivors (2048K)
 Metaspace       used 132743K, committed 133824K, reserved 1171456K
  class space    used 17286K, committed 17792K, reserved 1048576K
}
Event: 160.930 GC heap before
{Heap before GC invocations=105 (full 0):
 garbage-first heap   total 449536K, used 326361K [0x0000000080000000, 0x0000000100000000)
  region size 1024K, 98 young (100352K), 2 survivors (2048K)
 Metaspace       used 134034K, committed 135040K, reserved 1171456K
  class space    used 17374K, committed 17856K, reserved 1048576K
}
Event: 160.937 GC heap after
{Heap after GC invocations=106 (full 0):
 garbage-first heap   total 449536K, used 235254K [0x0000000080000000, 0x0000000100000000)
  region size 1024K, 9 young (9216K), 9 survivors (9216K)
 Metaspace       used 134034K, committed 135040K, reserved 1171456K
  class space    used 17374K, committed 17856K, reserved 1048576K
}
Event: 161.729 GC heap before
{Heap before GC invocations=107 (full 0):
 garbage-first heap   total 449536K, used 319222K [0x0000000080000000, 0x0000000100000000)
  region size 1024K, 108 young (110592K), 9 survivors (9216K)
 Metaspace       used 135902K, committed 136960K, reserved 1171456K
  class space    used 17592K, committed 18112K, reserved 1048576K
}
Event: 161.735 GC heap after
{Heap after GC invocations=108 (full 0):
 garbage-first heap   total 449536K, used 215918K [0x0000000080000000, 0x0000000100000000)
  region size 1024K, 3 young (3072K), 3 survivors (3072K)
 Metaspace       used 135902K, committed 136960K, reserved 1171456K
  class space    used 17592K, committed 18112K, reserved 1048576K
}
Event: 161.908 GC heap before
{Heap before GC invocations=108 (full 0):
 garbage-first heap   total 449536K, used 233326K [0x0000000080000000, 0x0000000100000000)
  region size 1024K, 21 young (21504K), 3 survivors (3072K)
 Metaspace       used 137674K, committed 138688K, reserved 1171456K
  class space    used 17846K, committed 18368K, reserved 1048576K
}
Event: 161.911 GC heap after
{Heap after GC invocations=109 (full 0):
 garbage-first heap   total 449536K, used 196963K [0x0000000080000000, 0x0000000100000000)
  region size 1024K, 1 young (1024K), 1 survivors (1024K)
 Metaspace       used 137674K, committed 138688K, reserved 1171456K
  class space    used 17846K, committed 18368K, reserved 1048576K
}
Event: 162.434 GC heap before
{Heap before GC invocations=109 (full 0):
 garbage-first heap   total 449536K, used 330083K [0x0000000080000000, 0x0000000100000000)
  region size 1024K, 132 young (135168K), 1 survivors (1024K)
 Metaspace       used 140678K, committed 141760K, reserved 1179648K
  class space    used 18232K, committed 18752K, reserved 1048576K
}
Event: 162.439 GC heap after
{Heap after GC invocations=110 (full 0):
 garbage-first heap   total 449536K, used 201544K [0x0000000080000000, 0x0000000100000000)
  region size 1024K, 6 young (6144K), 6 survivors (6144K)
 Metaspace       used 140678K, committed 141760K, reserved 1179648K
  class space    used 18232K, committed 18752K, reserved 1048576K
}
Event: 162.664 GC heap before
{Heap before GC invocations=111 (full 0):
 garbage-first heap   total 491520K, used 336712K [0x0000000080000000, 0x0000000100000000)
  region size 1024K, 142 young (145408K), 6 survivors (6144K)
 Metaspace       used 140700K, committed 141760K, reserved 1179648K
  class space    used 18234K, committed 18752K, reserved 1048576K
}
Event: 162.668 GC heap after
{Heap after GC invocations=112 (full 0):
 garbage-first heap   total 491520K, used 198348K [0x0000000080000000, 0x0000000100000000)
  region size 1024K, 6 young (6144K), 6 survivors (6144K)
 Metaspace       used 140700K, committed 141760K, reserved 1179648K
  class space    used 18234K, committed 18752K, reserved 1048576K
}
Event: 162.698 GC heap before
{Heap before GC invocations=112 (full 0):
 garbage-first heap   total 491520K, used 215756K [0x0000000080000000, 0x0000000100000000)
  region size 1024K, 24 young (24576K), 6 survivors (6144K)
 Metaspace       used 140700K, committed 141760K, reserved 1179648K
  class space    used 18234K, committed 18752K, reserved 1048576K
}

