# JRE version: OpenJDK Runtime Environment (17.0.6) (build 17.0.6+0-b2043.56-10027231)
# Java VM: OpenJDK 64-Bit Server VM (17.0.6+0-b2043.56-10027231, mixed mode, tiered, compressed oops, compressed class ptrs, g1 gc, windows-amd64)
GC Precious Log:
 CPUs: 8 total, 8 available
 Memory: 8072M
 Large Page Support: Disabled
 NUMA Support: Disabled
 Compressed Oops: Enabled (32-bit)
 Heap Region Size: 1M
 Heap Min Capacity: 8M
 Heap Initial Capacity: 128M
 Heap Max Capacity: 2G
 Pre-touch: Disabled
 Parallel Workers: 8
 Concurrent Workers: 2
 Concurrent Refinement Workers: 8
 Periodic GC: Disabled
Heap:
 garbage-first heap   total 276480K, used 195365K [0x0000000080000000, 0x0000000100000000)
  region size 1024K, 58 young (59392K), 2 survivors (2048K)
 Metaspace       used 95333K, committed 96064K, reserved 1138688K
  class space    used 12817K, committed 13120K, reserved 1048576K
GC Heap History (20 events):
Event: 6.826 GC heap before
{Heap before GC invocations=32 (full 0):
 garbage-first heap   total 188416K, used 152677K [0x0000000080000000, 0x0000000100000000)
  region size 1024K, 60 young (61440K), 3 survivors (3072K)
 Metaspace       used 69414K, committed 70080K, reserved 1114112K
  class space    used 9233K, committed 9536K, reserved 1048576K
}
Event: 6.833 GC heap after
{Heap after GC invocations=33 (full 0):
 garbage-first heap   total 188416K, used 93318K [0x0000000080000000, 0x0000000100000000)
  region size 1024K, 8 young (8192K), 8 survivors (8192K)
 Metaspace       used 69414K, committed 70080K, reserved 1114112K
  class space    used 9233K, committed 9536K, reserved 1048576K
}
Event: 6.846 GC heap before
{Heap before GC invocations=33 (full 0):
 garbage-first heap   total 188416K, used 94342K [0x0000000080000000, 0x0000000100000000)
  region size 1024K, 9 young (9216K), 8 survivors (8192K)
 Metaspace       used 69421K, committed 70080K, reserved 1114112K
  class space    used 9233K, committed 9536K, reserved 1048576K
}
Event: 6.853 GC heap after
{Heap after GC invocations=34 (full 0):
 garbage-first heap   total 188416K, used 93483K [0x0000000080000000, 0x0000000100000000)
  region size 1024K, 1 young (1024K), 1 survivors (1024K)
 Metaspace       used 69421K, committed 70080K, reserved 1114112K
  class space    used 9233K, committed 9536K, reserved 1048576K
}
Event: 7.276 GC heap before
{Heap before GC invocations=34 (full 0):
 garbage-first heap   total 188416K, used 137515K [0x0000000080000000, 0x0000000100000000)
  region size 1024K, 45 young (46080K), 1 survivors (1024K)
 Metaspace       used 71481K, committed 72192K, reserved 1114112K
  class space    used 9521K, committed 9856K, reserved 1048576K
}
Event: 7.280 GC heap after
{Heap after GC invocations=35 (full 0):
 garbage-first heap   total 188416K, used 95874K [0x0000000080000000, 0x0000000100000000)
  region size 1024K, 4 young (4096K), 4 survivors (4096K)
 Metaspace       used 71481K, committed 72192K, reserved 1114112K
  class space    used 9521K, committed 9856K, reserved 1048576K
}
Event: 8.140 GC heap before
{Heap before GC invocations=36 (full 0):
 garbage-first heap   total 188416K, used 148098K [0x0000000080000000, 0x0000000100000000)
  region size 1024K, 55 young (56320K), 4 survivors (4096K)
 Metaspace       used 77726K, committed 78464K, reserved 1122304K
  class space    used 10556K, committed 10880K, reserved 1048576K
}
Event: 8.146 GC heap after
{Heap after GC invocations=37 (full 0):
 garbage-first heap   total 188416K, used 98884K [0x0000000080000000, 0x0000000100000000)
  region size 1024K, 7 young (7168K), 7 survivors (7168K)
 Metaspace       used 77726K, committed 78464K, reserved 1122304K
  class space    used 10556K, committed 10880K, reserved 1048576K
}
Event: 8.764 GC heap before
{Heap before GC invocations=38 (full 0):
 garbage-first heap   total 209920K, used 172612K [0x0000000080000000, 0x0000000100000000)
  region size 1024K, 57 young (58368K), 7 survivors (7168K)
 Metaspace       used 81413K, committed 82112K, reserved 1122304K
  class space    used 11123K, committed 11456K, reserved 1048576K
}
Event: 8.772 GC heap after
{Heap after GC invocations=39 (full 0):
 garbage-first heap   total 209920K, used 129062K [0x0000000080000000, 0x0000000100000000)
  region size 1024K, 8 young (8192K), 8 survivors (8192K)
 Metaspace       used 81413K, committed 82112K, reserved 1122304K
  class space    used 11123K, committed 11456K, reserved 1048576K
}
Event: 8.850 GC heap before
{Heap before GC invocations=39 (full 0):
 garbage-first heap   total 209920K, used 134182K [0x0000000080000000, 0x0000000100000000)
  region size 1024K, 14 young (14336K), 8 survivors (8192K)
 Metaspace       used 82006K, committed 82688K, reserved 1122304K
  class space    used 11178K, committed 11520K, reserved 1048576K
}
Event: 8.856 GC heap after
{Heap after GC invocations=40 (full 0):
 garbage-first heap   total 209920K, used 130043K [0x0000000080000000, 0x0000000100000000)
  region size 1024K, 2 young (2048K), 2 survivors (2048K)
 Metaspace       used 82006K, committed 82688K, reserved 1122304K
  class space    used 11178K, committed 11520K, reserved 1048576K
}
Event: 9.752 GC heap before
{Heap before GC invocations=41 (full 0):
 garbage-first heap   total 227328K, used 175099K [0x0000000080000000, 0x0000000100000000)
  region size 1024K, 45 young (46080K), 2 survivors (2048K)
 Metaspace       used 89296K, committed 90048K, reserved 1130496K
  class space    used 12115K, committed 12480K, reserved 1048576K
}
Event: 9.757 GC heap after
{Heap after GC invocations=42 (full 0):
 garbage-first heap   total 227328K, used 131514K [0x0000000080000000, 0x0000000100000000)
  region size 1024K, 3 young (3072K), 3 survivors (3072K)
 Metaspace       used 89296K, committed 90048K, reserved 1130496K
  class space    used 12115K, committed 12480K, reserved 1048576K
}
Event: 10.177 GC heap before
{Heap before GC invocations=42 (full 0):
 garbage-first heap   total 227328K, used 155066K [0x0000000080000000, 0x0000000100000000)
  region size 1024K, 27 young (27648K), 3 survivors (3072K)
 Metaspace       used 92651K, committed 93376K, reserved 1130496K
  class space    used 12587K, committed 12928K, reserved 1048576K
}
Event: 10.183 GC heap after
{Heap after GC invocations=43 (full 0):
 garbage-first heap   total 227328K, used 133612K [0x0000000080000000, 0x0000000100000000)
  region size 1024K, 5 young (5120K), 5 survivors (5120K)
 Metaspace       used 92651K, committed 93376K, reserved 1130496K
  class space    used 12587K, committed 12928K, reserved 1048576K
}
Event: 10.731 GC heap before
{Heap before GC invocations=44 (full 0):
 garbage-first heap   total 230400K, used 186860K [0x0000000080000000, 0x0000000100000000)
  region size 1024K, 57 young (58368K), 5 survivors (5120K)
 Metaspace       used 94312K, committed 95040K, reserved 1138688K
  class space    used 12717K, committed 13056K, reserved 1048576K
}
Event: 10.742 GC heap after
{Heap after GC invocations=45 (full 0):
 garbage-first heap   total 230400K, used 139131K [0x0000000080000000, 0x0000000100000000)
  region size 1024K, 8 young (8192K), 8 survivors (8192K)
 Metaspace       used 94312K, committed 95040K, reserved 1138688K
  class space    used 12717K, committed 13056K, reserved 1048576K
}
Event: 10.760 GC heap before
{Heap before GC invocations=45 (full 0):
 garbage-first heap   total 230400K, used 141179K [0x0000000080000000, 0x0000000100000000)
  region size 1024K, 11 young (11264K), 8 survivors (8192K)
 Metaspace       used 94319K, committed 95104K, reserved 1138688K
  class space    used 12717K, committed 13056K, reserved 1048576K
}
Event: 10.766 GC heap after
{Heap after GC invocations=46 (full 0):
 garbage-first heap   total 276480K, used 140069K [0x0000000080000000, 0x0000000100000000)
  region size 1024K, 2 young (2048K), 2 survivors (2048K)
 Metaspace       used 94319K, committed 95104K, reserved 1138688K
  class space    used 12717K, committed 13056K, reserved 1048576K
}

