# JRE version: OpenJDK Runtime Environment (17.0.6) (build 17.0.6+0-b2043.56-10027231)
# Java VM: OpenJDK 64-Bit Server VM (17.0.6+0-b2043.56-10027231, mixed mode, tiered, compressed oops, compressed class ptrs, g1 gc, windows-amd64)
GC Precious Log:
 CPUs: 8 total, 8 available
 Memory: 8072M
 Large Page Support: Disabled
 NUMA Support: Disabled
 Compressed Oops: Enabled (32-bit)
 Heap Region Size: 1M
 Heap Min Capacity: 8M
 Heap Initial Capacity: 128M
 Heap Max Capacity: 2G
 Pre-touch: Disabled
 Parallel Workers: 8
 Concurrent Workers: 2
 Concurrent Refinement Workers: 8
 Periodic GC: Disabled
Heap:
 garbage-first heap   total 179200K, used 99214K [0x0000000080000000, 0x0000000100000000)
  region size 1024K, 7 young (7168K), 7 survivors (7168K)
 Metaspace       used 91004K, committed 91648K, reserved 1130496K
  class space    used 12524K, committed 12800K, reserved 1048576K
GC Heap History (20 events):
Event: 9.185 GC heap after
{Heap after GC invocations=26 (full 0):
 garbage-first heap   total 125952K, used 64494K [0x0000000080000000, 0x0000000100000000)
  region size 1024K, 5 young (5120K), 5 survivors (5120K)
 Metaspace       used 77062K, committed 77632K, reserved 1122304K
  class space    used 10533K, committed 10752K, reserved 1048576K
}
Event: 9.690 GC heap before
{Heap before GC invocations=26 (full 0):
 garbage-first heap   total 125952K, used 102382K [0x0000000080000000, 0x0000000100000000)
  region size 1024K, 42 young (43008K), 5 survivors (5120K)
 Metaspace       used 80240K, committed 80832K, reserved 1122304K
  class space    used 11052K, committed 11328K, reserved 1048576K
}
Event: 9.696 GC heap after
{Heap after GC invocations=27 (full 0):
 garbage-first heap   total 125952K, used 66377K [0x0000000080000000, 0x0000000100000000)
  region size 1024K, 5 young (5120K), 5 survivors (5120K)
 Metaspace       used 80240K, committed 80832K, reserved 1122304K
  class space    used 11052K, committed 11328K, reserved 1048576K
}
Event: 10.131 GC heap before
{Heap before GC invocations=28 (full 0):
 garbage-first heap   total 125952K, used 103241K [0x0000000080000000, 0x0000000100000000)
  region size 1024K, 41 young (41984K), 5 survivors (5120K)
 Metaspace       used 83329K, committed 83968K, reserved 1122304K
  class space    used 11455K, committed 11776K, reserved 1048576K
}
Event: 10.137 GC heap after
{Heap after GC invocations=29 (full 0):
 garbage-first heap   total 125952K, used 69417K [0x0000000080000000, 0x0000000100000000)
  region size 1024K, 5 young (5120K), 5 survivors (5120K)
 Metaspace       used 83329K, committed 83968K, reserved 1122304K
  class space    used 11455K, committed 11776K, reserved 1048576K
}
Event: 10.341 GC heap before
{Heap before GC invocations=29 (full 0):
 garbage-first heap   total 125952K, used 104233K [0x0000000080000000, 0x0000000100000000)
  region size 1024K, 39 young (39936K), 5 survivors (5120K)
 Metaspace       used 83529K, committed 84160K, reserved 1122304K
  class space    used 11471K, committed 11776K, reserved 1048576K
}
Event: 10.350 GC heap after
{Heap after GC invocations=30 (full 0):
 garbage-first heap   total 151552K, used 74864K [0x0000000080000000, 0x0000000100000000)
  region size 1024K, 5 young (5120K), 5 survivors (5120K)
 Metaspace       used 83529K, committed 84160K, reserved 1122304K
  class space    used 11471K, committed 11776K, reserved 1048576K
}
Event: 10.913 GC heap before
{Heap before GC invocations=31 (full 0):
 garbage-first heap   total 151552K, used 120944K [0x0000000080000000, 0x0000000100000000)
  region size 1024K, 51 young (52224K), 5 survivors (5120K)
 Metaspace       used 86194K, committed 86848K, reserved 1130496K
  class space    used 12007K, committed 12288K, reserved 1048576K
}
Event: 10.922 GC heap after
{Heap after GC invocations=32 (full 0):
 garbage-first heap   total 151552K, used 80899K [0x0000000080000000, 0x0000000100000000)
  region size 1024K, 6 young (6144K), 6 survivors (6144K)
 Metaspace       used 86194K, committed 86848K, reserved 1130496K
  class space    used 12007K, committed 12288K, reserved 1048576K
}
Event: 11.374 GC heap before
{Heap before GC invocations=32 (full 0):
 garbage-first heap   total 151552K, used 121859K [0x0000000080000000, 0x0000000100000000)
  region size 1024K, 47 young (48128K), 6 survivors (6144K)
 Metaspace       used 86446K, committed 87168K, reserved 1130496K
  class space    used 12009K, committed 12352K, reserved 1048576K
}
Event: 11.379 GC heap after
{Heap after GC invocations=33 (full 0):
 garbage-first heap   total 151552K, used 83524K [0x0000000080000000, 0x0000000100000000)
  region size 1024K, 3 young (3072K), 3 survivors (3072K)
 Metaspace       used 86446K, committed 87168K, reserved 1130496K
  class space    used 12009K, committed 12352K, reserved 1048576K
}
Event: 11.748 GC heap before
{Heap before GC invocations=34 (full 0):
 garbage-first heap   total 155648K, used 123460K [0x0000000080000000, 0x0000000100000000)
  region size 1024K, 43 young (44032K), 3 survivors (3072K)
 Metaspace       used 86975K, committed 87616K, reserved 1130496K
  class space    used 12056K, committed 12352K, reserved 1048576K
}
Event: 11.752 GC heap after
{Heap after GC invocations=35 (full 0):
 garbage-first heap   total 155648K, used 86117K [0x0000000080000000, 0x0000000100000000)
  region size 1024K, 6 young (6144K), 6 survivors (6144K)
 Metaspace       used 86975K, committed 87616K, reserved 1130496K
  class space    used 12056K, committed 12352K, reserved 1048576K
}
Event: 11.938 GC heap before
{Heap before GC invocations=35 (full 0):
 garbage-first heap   total 155648K, used 127077K [0x0000000080000000, 0x0000000100000000)
  region size 1024K, 47 young (48128K), 6 survivors (6144K)
 Metaspace       used 87239K, committed 87808K, reserved 1130496K
  class space    used 12071K, committed 12352K, reserved 1048576K
}
Event: 11.942 GC heap after
{Heap after GC invocations=36 (full 0):
 garbage-first heap   total 155648K, used 88949K [0x0000000080000000, 0x0000000100000000)
  region size 1024K, 6 young (6144K), 6 survivors (6144K)
 Metaspace       used 87239K, committed 87808K, reserved 1130496K
  class space    used 12071K, committed 12352K, reserved 1048576K
}
Event: 12.231 GC heap before
{Heap before GC invocations=37 (full 0):
 garbage-first heap   total 179200K, used 127861K [0x0000000080000000, 0x0000000100000000)
  region size 1024K, 45 young (46080K), 6 survivors (6144K)
 Metaspace       used 87664K, committed 88320K, reserved 1130496K
  class space    used 12112K, committed 12416K, reserved 1048576K
}
Event: 12.237 GC heap after
{Heap after GC invocations=38 (full 0):
 garbage-first heap   total 179200K, used 92010K [0x0000000080000000, 0x0000000100000000)
  region size 1024K, 6 young (6144K), 6 survivors (6144K)
 Metaspace       used 87664K, committed 88320K, reserved 1130496K
  class space    used 12112K, committed 12416K, reserved 1048576K
}
Event: 12.243 GC heap before
{Heap before GC invocations=38 (full 0):
 garbage-first heap   total 179200K, used 94058K [0x0000000080000000, 0x0000000100000000)
  region size 1024K, 8 young (8192K), 6 survivors (6144K)
 Metaspace       used 87665K, committed 88320K, reserved 1130496K
  class space    used 12112K, committed 12416K, reserved 1048576K
}
Event: 12.247 GC heap after
{Heap after GC invocations=39 (full 0):
 garbage-first heap   total 179200K, used 92140K [0x0000000080000000, 0x0000000100000000)
  region size 1024K, 1 young (1024K), 1 survivors (1024K)
 Metaspace       used 87665K, committed 88320K, reserved 1130496K
  class space    used 12112K, committed 12416K, reserved 1048576K
}
Event: 12.700 GC heap before
{Heap before GC invocations=39 (full 0):
 garbage-first heap   total 179200K, used 152556K [0x0000000080000000, 0x0000000100000000)
  region size 1024K, 56 young (57344K), 1 survivors (1024K)
 Metaspace       used 91004K, committed 91648K, reserved 1130496K
  class space    used 12524K, committed 12800K, reserved 1048576K
}

