# JRE version: OpenJDK Runtime Environment (17.0.6) (build 17.0.6+0-b2043.56-10027231)
# Java VM: OpenJDK 64-Bit Server VM (17.0.6+0-b2043.56-10027231, mixed mode, tiered, compressed oops, compressed class ptrs, g1 gc, windows-amd64)
GC Precious Log:
 CPUs: 8 total, 8 available
 Memory: 8072M
 Large Page Support: Disabled
 NUMA Support: Disabled
 Compressed Oops: Enabled (32-bit)
 Heap Region Size: 1M
 Heap Min Capacity: 8M
 Heap Initial Capacity: 128M
 Heap Max Capacity: 2G
 Pre-touch: Disabled
 Parallel Workers: 8
 Concurrent Workers: 2
 Concurrent Refinement Workers: 8
 Periodic GC: Disabled
Heap:
 garbage-first heap   total 372736K, used 229421K [0x0000000080000000, 0x0000000100000000)
  region size 1024K, 1 young (1024K), 1 survivors (1024K)
 Metaspace       used 109186K, committed 110016K, reserved 1146880K
  class space    used 14782K, committed 15168K, reserved 1048576K
GC Heap History (20 events):
Event: 23.086 GC heap after
{Heap after GC invocations=40 (full 0):
 garbage-first heap   total 294912K, used 123599K [0x0000000080000000, 0x0000000100000000)
  region size 1024K, 9 young (9216K), 9 survivors (9216K)
 Metaspace       used 95225K, committed 95936K, reserved 1138688K
  class space    used 12759K, committed 13120K, reserved 1048576K
}
Event: 23.770 GC heap before
{Heap before GC invocations=40 (full 0):
 garbage-first heap   total 294912K, used 211663K [0x0000000080000000, 0x0000000100000000)
  region size 1024K, 96 young (98304K), 9 survivors (9216K)
 Metaspace       used 96182K, committed 96896K, reserved 1138688K
  class space    used 12828K, committed 13184K, reserved 1048576K
}
Event: 23.788 GC heap after
{Heap after GC invocations=41 (full 0):
 garbage-first heap   total 294912K, used 120414K [0x0000000080000000, 0x0000000100000000)
  region size 1024K, 5 young (5120K), 5 survivors (5120K)
 Metaspace       used 96182K, committed 96896K, reserved 1138688K
  class space    used 12828K, committed 13184K, reserved 1048576K
}
Event: 24.765 GC heap before
{Heap before GC invocations=41 (full 0):
 garbage-first heap   total 294912K, used 248414K [0x0000000080000000, 0x0000000100000000)
  region size 1024K, 93 young (95232K), 5 survivors (5120K)
 Metaspace       used 100016K, committed 100736K, reserved 1138688K
  class space    used 13353K, committed 13696K, reserved 1048576K
}
Event: 24.779 GC heap after
{Heap after GC invocations=42 (full 0):
 garbage-first heap   total 294912K, used 163189K [0x0000000080000000, 0x0000000100000000)
  region size 1024K, 13 young (13312K), 13 survivors (13312K)
 Metaspace       used 100016K, committed 100736K, reserved 1138688K
  class space    used 13353K, committed 13696K, reserved 1048576K
}
Event: 25.350 GC heap before
{Heap before GC invocations=42 (full 0):
 garbage-first heap   total 294912K, used 227701K [0x0000000080000000, 0x0000000100000000)
  region size 1024K, 75 young (76800K), 13 survivors (13312K)
 Metaspace       used 102708K, committed 103488K, reserved 1138688K
  class space    used 13899K, committed 14272K, reserved 1048576K
}
Event: 25.383 GC heap after
{Heap after GC invocations=43 (full 0):
 garbage-first heap   total 294912K, used 191804K [0x0000000080000000, 0x0000000100000000)
  region size 1024K, 10 young (10240K), 10 survivors (10240K)
 Metaspace       used 102708K, committed 103488K, reserved 1138688K
  class space    used 13899K, committed 14272K, reserved 1048576K
}
Event: 25.616 GC heap before
{Heap before GC invocations=43 (full 0):
 garbage-first heap   total 294912K, used 231740K [0x0000000080000000, 0x0000000100000000)
  region size 1024K, 49 young (50176K), 10 survivors (10240K)
 Metaspace       used 102763K, committed 103552K, reserved 1138688K
  class space    used 13899K, committed 14272K, reserved 1048576K
}
Event: 25.668 GC heap after
{Heap after GC invocations=44 (full 0):
 garbage-first heap   total 361472K, used 212932K [0x0000000080000000, 0x0000000100000000)
  region size 1024K, 7 young (7168K), 7 survivors (7168K)
 Metaspace       used 102763K, committed 103552K, reserved 1138688K
  class space    used 13899K, committed 14272K, reserved 1048576K
}
Event: 26.722 GC heap before
{Heap before GC invocations=45 (full 0):
 garbage-first heap   total 372736K, used 255940K [0x0000000080000000, 0x0000000100000000)
  region size 1024K, 63 young (64512K), 7 survivors (7168K)
 Metaspace       used 106419K, committed 107200K, reserved 1146880K
  class space    used 14436K, committed 14784K, reserved 1048576K
}
Event: 26.762 GC heap after
{Heap after GC invocations=46 (full 0):
 garbage-first heap   total 372736K, used 212988K [0x0000000080000000, 0x0000000100000000)
  region size 1024K, 8 young (8192K), 8 survivors (8192K)
 Metaspace       used 106419K, committed 107200K, reserved 1146880K
  class space    used 14436K, committed 14784K, reserved 1048576K
}
Event: 26.830 GC heap before
{Heap before GC invocations=46 (full 0):
 garbage-first heap   total 372736K, used 222204K [0x0000000080000000, 0x0000000100000000)
  region size 1024K, 18 young (18432K), 8 survivors (8192K)
 Metaspace       used 106430K, committed 107200K, reserved 1146880K
  class space    used 14436K, committed 14784K, reserved 1048576K
}
Event: 26.843 GC heap after
{Heap after GC invocations=47 (full 0):
 garbage-first heap   total 372736K, used 205391K [0x0000000080000000, 0x0000000100000000)
  region size 1024K, 3 young (3072K), 3 survivors (3072K)
 Metaspace       used 106430K, committed 107200K, reserved 1146880K
  class space    used 14436K, committed 14784K, reserved 1048576K
}
Event: 27.709 GC heap before
{Heap before GC invocations=47 (full 0):
 garbage-first heap   total 372736K, used 279119K [0x0000000080000000, 0x0000000100000000)
  region size 1024K, 69 young (70656K), 3 survivors (3072K)
 Metaspace       used 107342K, committed 108096K, reserved 1146880K
  class space    used 14549K, committed 14912K, reserved 1048576K
}
Event: 27.736 GC heap after
{Heap after GC invocations=48 (full 0):
 garbage-first heap   total 372736K, used 217677K [0x0000000080000000, 0x0000000100000000)
  region size 1024K, 8 young (8192K), 8 survivors (8192K)
 Metaspace       used 107342K, committed 108096K, reserved 1146880K
  class space    used 14549K, committed 14912K, reserved 1048576K
}
Event: 29.090 GC heap before
{Heap before GC invocations=48 (full 0):
 garbage-first heap   total 372736K, used 293453K [0x0000000080000000, 0x0000000100000000)
  region size 1024K, 73 young (74752K), 8 survivors (8192K)
 Metaspace       used 107864K, committed 108608K, reserved 1146880K
  class space    used 14605K, committed 14976K, reserved 1048576K
}
Event: 29.101 GC heap after
{Heap after GC invocations=49 (full 0):
 garbage-first heap   total 372736K, used 232847K [0x0000000080000000, 0x0000000100000000)
  region size 1024K, 6 young (6144K), 6 survivors (6144K)
 Metaspace       used 107864K, committed 108608K, reserved 1146880K
  class space    used 14605K, committed 14976K, reserved 1048576K
}
Event: 29.616 GC heap before
{Heap before GC invocations=49 (full 0):
 garbage-first heap   total 372736K, used 309647K [0x0000000080000000, 0x0000000100000000)
  region size 1024K, 67 young (68608K), 6 survivors (6144K)
 Metaspace       used 108111K, committed 108864K, reserved 1146880K
  class space    used 14629K, committed 14976K, reserved 1048576K
}
Event: 29.635 GC heap after
{Heap after GC invocations=50 (full 0):
 garbage-first heap   total 372736K, used 250008K [0x0000000080000000, 0x0000000100000000)
  region size 1024K, 9 young (9216K), 9 survivors (9216K)
 Metaspace       used 108111K, committed 108864K, reserved 1146880K
  class space    used 14629K, committed 14976K, reserved 1048576K
}
Event: 30.887 GC heap before
{Heap before GC invocations=50 (full 0):
 garbage-first heap   total 372736K, used 324760K [0x0000000080000000, 0x0000000100000000)
  region size 1024K, 63 young (64512K), 9 survivors (9216K)
 Metaspace       used 109186K, committed 110016K, reserved 1146880K
  class space    used 14782K, committed 15168K, reserved 1048576K
}

