# JRE version: OpenJDK Runtime Environment (17.0.6) (build 17.0.6+0-b2043.56-10027231)
# Java VM: OpenJDK 64-Bit Server VM (17.0.6+0-b2043.56-10027231, mixed mode, tiered, compressed oops, compressed class ptrs, g1 gc, windows-amd64)
GC Precious Log:
 CPUs: 8 total, 8 available
 Memory: 8072M
 Large Page Support: Disabled
 NUMA Support: Disabled
 Compressed Oops: Enabled (32-bit)
 Heap Region Size: 1M
 Heap Min Capacity: 8M
 Heap Initial Capacity: 128M
 Heap Max Capacity: 2G
 Pre-touch: Disabled
 Parallel Workers: 8
 Concurrent Workers: 2
 Concurrent Refinement Workers: 8
 Periodic GC: Disabled
Heap:
 garbage-first heap   total 343040K, used 235520K [0x0000000080000000, 0x0000000100000000)
  region size 1024K, 8 young (8192K), 8 survivors (8192K)
 Metaspace       used 100559K, committed 101184K, reserved 1138688K
  class space    used 13655K, committed 13952K, reserved 1048576K
GC Heap History (20 events):
Event: 9.221 GC heap after
{Heap after GC invocations=27 (full 0):
 garbage-first heap   total 165888K, used 73048K [0x0000000080000000, 0x0000000100000000)
  region size 1024K, 9 young (9216K), 9 survivors (9216K)
 Metaspace       used 82229K, committed 82816K, reserved 1122304K
  class space    used 11194K, committed 11456K, reserved 1048576K
}
Event: 9.948 GC heap before
{Heap before GC invocations=27 (full 0):
 garbage-first heap   total 165888K, used 128344K [0x0000000080000000, 0x0000000100000000)
  region size 1024K, 64 young (65536K), 9 survivors (9216K)
 Metaspace       used 84921K, committed 85568K, reserved 1122304K
  class space    used 11723K, committed 12032K, reserved 1048576K
}
Event: 9.962 GC heap after
{Heap after GC invocations=28 (full 0):
 garbage-first heap   total 165888K, used 81153K [0x0000000080000000, 0x0000000100000000)
  region size 1024K, 8 young (8192K), 8 survivors (8192K)
 Metaspace       used 84921K, committed 85568K, reserved 1122304K
  class space    used 11723K, committed 12032K, reserved 1048576K
}
Event: 10.272 GC heap before
{Heap before GC invocations=28 (full 0):
 garbage-first heap   total 165888K, used 129281K [0x0000000080000000, 0x0000000100000000)
  region size 1024K, 56 young (57344K), 8 survivors (8192K)
 Metaspace       used 85121K, committed 85760K, reserved 1130496K
  class space    used 11724K, committed 12032K, reserved 1048576K
}
Event: 10.279 GC heap after
{Heap after GC invocations=29 (full 0):
 garbage-first heap   total 165888K, used 84527K [0x0000000080000000, 0x0000000100000000)
  region size 1024K, 5 young (5120K), 5 survivors (5120K)
 Metaspace       used 85121K, committed 85760K, reserved 1130496K
  class space    used 11724K, committed 12032K, reserved 1048576K
}
Event: 10.799 GC heap before
{Heap before GC invocations=29 (full 0):
 garbage-first heap   total 165888K, used 131631K [0x0000000080000000, 0x0000000100000000)
  region size 1024K, 52 young (53248K), 5 survivors (5120K)
 Metaspace       used 85679K, committed 86272K, reserved 1130496K
  class space    used 11763K, committed 12032K, reserved 1048576K
}
Event: 10.810 GC heap after
{Heap after GC invocations=30 (full 0):
 garbage-first heap   total 331776K, used 87906K [0x0000000080000000, 0x0000000100000000)
  region size 1024K, 5 young (5120K), 5 survivors (5120K)
 Metaspace       used 85679K, committed 86272K, reserved 1130496K
  class space    used 11763K, committed 12032K, reserved 1048576K
}
Event: 12.673 GC heap before
{Heap before GC invocations=31 (full 0):
 garbage-first heap   total 331776K, used 251746K [0x0000000080000000, 0x0000000100000000)
  region size 1024K, 165 young (168960K), 5 survivors (5120K)
 Metaspace       used 95077K, committed 95744K, reserved 1138688K
  class space    used 12928K, committed 13248K, reserved 1048576K
}
Event: 12.689 GC heap after
{Heap after GC invocations=32 (full 0):
 garbage-first heap   total 331776K, used 98419K [0x0000000080000000, 0x0000000100000000)
  region size 1024K, 16 young (16384K), 16 survivors (16384K)
 Metaspace       used 95077K, committed 95744K, reserved 1138688K
  class space    used 12928K, committed 13248K, reserved 1048576K
}
Event: 12.694 GC heap before
{Heap before GC invocations=32 (full 0):
 garbage-first heap   total 331776K, used 99443K [0x0000000080000000, 0x0000000100000000)
  region size 1024K, 17 young (17408K), 16 survivors (16384K)
 Metaspace       used 95077K, committed 95744K, reserved 1138688K
  class space    used 12928K, committed 13248K, reserved 1048576K
}
Event: 12.706 GC heap after
{Heap after GC invocations=33 (full 0):
 garbage-first heap   total 331776K, used 98964K [0x0000000080000000, 0x0000000100000000)
  region size 1024K, 2 young (2048K), 2 survivors (2048K)
 Metaspace       used 95077K, committed 95744K, reserved 1138688K
  class space    used 12928K, committed 13248K, reserved 1048576K
}
Event: 13.416 GC heap before
{Heap before GC invocations=33 (full 0):
 garbage-first heap   total 331776K, used 273044K [0x0000000080000000, 0x0000000100000000)
  region size 1024K, 153 young (156672K), 2 survivors (2048K)
 Metaspace       used 97874K, committed 98560K, reserved 1138688K
  class space    used 13314K, committed 13632K, reserved 1048576K
}
Event: 13.430 GC heap after
{Heap after GC invocations=34 (full 0):
 garbage-first heap   total 331776K, used 143360K [0x0000000080000000, 0x0000000100000000)
  region size 1024K, 20 young (20480K), 20 survivors (20480K)
 Metaspace       used 97874K, committed 98560K, reserved 1138688K
  class space    used 13314K, committed 13632K, reserved 1048576K
}
Event: 13.828 GC heap before
{Heap before GC invocations=34 (full 0):
 garbage-first heap   total 331776K, used 292864K [0x0000000080000000, 0x0000000100000000)
  region size 1024K, 117 young (119808K), 20 survivors (20480K)
 Metaspace       used 99815K, committed 100480K, reserved 1138688K
  class space    used 13559K, committed 13888K, reserved 1048576K
}
Event: 13.862 GC heap after
{Heap after GC invocations=35 (full 0):
 garbage-first heap   total 343040K, used 190817K [0x0000000080000000, 0x0000000100000000)
  region size 1024K, 16 young (16384K), 16 survivors (16384K)
 Metaspace       used 99815K, committed 100480K, reserved 1138688K
  class space    used 13559K, committed 13888K, reserved 1048576K
}
Event: 14.202 GC heap before
{Heap before GC invocations=35 (full 0):
 garbage-first heap   total 343040K, used 270689K [0x0000000080000000, 0x0000000100000000)
  region size 1024K, 93 young (95232K), 16 survivors (16384K)
 Metaspace       used 100408K, committed 101056K, reserved 1138688K
  class space    used 13642K, committed 13952K, reserved 1048576K
}
Event: 14.237 GC heap after
{Heap after GC invocations=36 (full 0):
 garbage-first heap   total 343040K, used 212992K [0x0000000080000000, 0x0000000100000000)
  region size 1024K, 12 young (12288K), 12 survivors (12288K)
 Metaspace       used 100408K, committed 101056K, reserved 1138688K
  class space    used 13642K, committed 13952K, reserved 1048576K
}
Event: 14.408 GC heap before
{Heap before GC invocations=36 (full 0):
 garbage-first heap   total 343040K, used 277504K [0x0000000080000000, 0x0000000100000000)
  region size 1024K, 72 young (73728K), 12 survivors (12288K)
 Metaspace       used 100517K, committed 101184K, reserved 1138688K
  class space    used 13655K, committed 13952K, reserved 1048576K
}
Event: 14.431 GC heap after
{Heap after GC invocations=37 (full 0):
 garbage-first heap   total 343040K, used 227225K [0x0000000080000000, 0x0000000100000000)
  region size 1024K, 9 young (9216K), 9 survivors (9216K)
 Metaspace       used 100517K, committed 101184K, reserved 1138688K
  class space    used 13655K, committed 13952K, reserved 1048576K
}
Event: 14.563 GC heap before
{Heap before GC invocations=37 (full 0):
 garbage-first heap   total 343040K, used 280473K [0x0000000080000000, 0x0000000100000000)
  region size 1024K, 62 young (63488K), 9 survivors (9216K)
 Metaspace       used 100559K, committed 101184K, reserved 1138688K
  class space    used 13655K, committed 13952K, reserved 1048576K
}

