# JRE version: OpenJDK Runtime Environment (17.0.6) (build 17.0.6+0-b2043.56-10027231)
# Java VM: OpenJDK 64-Bit Server VM (17.0.6+0-b2043.56-10027231, mixed mode, tiered, compressed oops, compressed class ptrs, g1 gc, windows-amd64)
GC Precious Log:
 CPUs: 8 total, 8 available
 Memory: 8072M
 Large Page Support: Disabled
 NUMA Support: Disabled
 Compressed Oops: Enabled (32-bit)
 Heap Region Size: 1M
 Heap Min Capacity: 8M
 Heap Initial Capacity: 128M
 Heap Max Capacity: 2G
 Pre-touch: Disabled
 Parallel Workers: 8
 Concurrent Workers: 2
 Concurrent Refinement Workers: 8
 Periodic GC: Disabled
Heap:
 garbage-first heap   total 270336K, used 189684K [0x0000000080000000, 0x0000000100000000)
  region size 1024K, 81 young (82944K), 9 survivors (9216K)
 Metaspace       used 100571K, committed 101184K, reserved 1138688K
  class space    used 13562K, committed 13824K, reserved 1048576K
GC Heap History (20 events):
Event: 8.339 GC heap before
{Heap before GC invocations=28 (full 0):
 garbage-first heap   total 135168K, used 103704K [0x0000000080000000, 0x0000000100000000)
  region size 1024K, 42 young (43008K), 1 survivors (1024K)
 Metaspace       used 74277K, committed 74752K, reserved 1114112K
  class space    used 10117K, committed 10304K, reserved 1048576K
}
Event: 8.341 GC heap after
{Heap after GC invocations=29 (full 0):
 garbage-first heap   total 135168K, used 62858K [0x0000000080000000, 0x0000000100000000)
  region size 1024K, 2 young (2048K), 2 survivors (2048K)
 Metaspace       used 74277K, committed 74752K, reserved 1114112K
  class space    used 10117K, committed 10304K, reserved 1048576K
}
Event: 8.872 GC heap before
{Heap before GC invocations=30 (full 0):
 garbage-first heap   total 135168K, used 106890K [0x0000000080000000, 0x0000000100000000)
  region size 1024K, 45 young (46080K), 2 survivors (2048K)
 Metaspace       used 77513K, committed 78016K, reserved 1122304K
  class space    used 10602K, committed 10816K, reserved 1048576K
}
Event: 8.892 GC heap after
{Heap after GC invocations=31 (full 0):
 garbage-first heap   total 135168K, used 65936K [0x0000000080000000, 0x0000000100000000)
  region size 1024K, 5 young (5120K), 5 survivors (5120K)
 Metaspace       used 77513K, committed 78016K, reserved 1122304K
  class space    used 10602K, committed 10816K, reserved 1048576K
}
Event: 8.910 GC heap before
{Heap before GC invocations=31 (full 0):
 garbage-first heap   total 135168K, used 65936K [0x0000000080000000, 0x0000000100000000)
  region size 1024K, 6 young (6144K), 5 survivors (5120K)
 Metaspace       used 77611K, committed 78144K, reserved 1122304K
  class space    used 10617K, committed 10880K, reserved 1048576K
}
Event: 8.918 GC heap after
{Heap after GC invocations=32 (full 0):
 garbage-first heap   total 135168K, used 65976K [0x0000000080000000, 0x0000000100000000)
  region size 1024K, 1 young (1024K), 1 survivors (1024K)
 Metaspace       used 77611K, committed 78144K, reserved 1122304K
  class space    used 10617K, committed 10880K, reserved 1048576K
}
Event: 9.343 GC heap before
{Heap before GC invocations=32 (full 0):
 garbage-first heap   total 135168K, used 107960K [0x0000000080000000, 0x0000000100000000)
  region size 1024K, 42 young (43008K), 1 survivors (1024K)
 Metaspace       used 82028K, committed 82688K, reserved 1122304K
  class space    used 11262K, committed 11584K, reserved 1048576K
}
Event: 9.347 GC heap after
{Heap after GC invocations=33 (full 0):
 garbage-first heap   total 135168K, used 67505K [0x0000000080000000, 0x0000000100000000)
  region size 1024K, 3 young (3072K), 3 survivors (3072K)
 Metaspace       used 82028K, committed 82688K, reserved 1122304K
  class space    used 11262K, committed 11584K, reserved 1048576K
}
Event: 9.739 GC heap before
{Heap before GC invocations=34 (full 0):
 garbage-first heap   total 135168K, used 108465K [0x0000000080000000, 0x0000000100000000)
  region size 1024K, 43 young (44032K), 3 survivors (3072K)
 Metaspace       used 83494K, committed 84096K, reserved 1122304K
  class space    used 11466K, committed 11776K, reserved 1048576K
}
Event: 9.744 GC heap after
{Heap after GC invocations=35 (full 0):
 garbage-first heap   total 135168K, used 72159K [0x0000000080000000, 0x0000000100000000)
  region size 1024K, 6 young (6144K), 6 survivors (6144K)
 Metaspace       used 83494K, committed 84096K, reserved 1122304K
  class space    used 11466K, committed 11776K, reserved 1048576K
}
Event: 9.750 GC heap before
{Heap before GC invocations=35 (full 0):
 garbage-first heap   total 135168K, used 73183K [0x0000000080000000, 0x0000000100000000)
  region size 1024K, 7 young (7168K), 6 survivors (6144K)
 Metaspace       used 83495K, committed 84096K, reserved 1122304K
  class space    used 11466K, committed 11776K, reserved 1048576K
}
Event: 9.758 GC heap after
{Heap after GC invocations=36 (full 0):
 garbage-first heap   total 270336K, used 72721K [0x0000000080000000, 0x0000000100000000)
  region size 1024K, 1 young (1024K), 1 survivors (1024K)
 Metaspace       used 83495K, committed 84096K, reserved 1122304K
  class space    used 11466K, committed 11776K, reserved 1048576K
}
Event: 10.979 GC heap before
{Heap before GC invocations=36 (full 0):
 garbage-first heap   total 270336K, used 208913K [0x0000000080000000, 0x0000000100000000)
  region size 1024K, 135 young (138240K), 1 survivors (1024K)
 Metaspace       used 86748K, committed 87424K, reserved 1130496K
  class space    used 12010K, committed 12352K, reserved 1048576K
}
Event: 10.990 GC heap after
{Heap after GC invocations=37 (full 0):
 garbage-first heap   total 270336K, used 85097K [0x0000000080000000, 0x0000000100000000)
  region size 1024K, 14 young (14336K), 14 survivors (14336K)
 Metaspace       used 86748K, committed 87424K, reserved 1130496K
  class space    used 12010K, committed 12352K, reserved 1048576K
}
Event: 11.935 GC heap before
{Heap before GC invocations=37 (full 0):
 garbage-first heap   total 270336K, used 205929K [0x0000000080000000, 0x0000000100000000)
  region size 1024K, 128 young (131072K), 14 survivors (14336K)
 Metaspace       used 90100K, committed 90688K, reserved 1130496K
  class space    used 12397K, committed 12672K, reserved 1048576K
}
Event: 11.946 GC heap after
{Heap after GC invocations=38 (full 0):
 garbage-first heap   total 270336K, used 91843K [0x0000000080000000, 0x0000000100000000)
  region size 1024K, 8 young (8192K), 8 survivors (8192K)
 Metaspace       used 90100K, committed 90688K, reserved 1130496K
  class space    used 12397K, committed 12672K, reserved 1048576K
}
Event: 13.211 GC heap before
{Heap before GC invocations=38 (full 0):
 garbage-first heap   total 270336K, used 209603K [0x0000000080000000, 0x0000000100000000)
  region size 1024K, 122 young (124928K), 8 survivors (8192K)
 Metaspace       used 98970K, committed 99584K, reserved 1138688K
  class space    used 13425K, committed 13696K, reserved 1048576K
}
Event: 13.227 GC heap after
{Heap after GC invocations=39 (full 0):
 garbage-first heap   total 270336K, used 111282K [0x0000000080000000, 0x0000000100000000)
  region size 1024K, 16 young (16384K), 16 survivors (16384K)
 Metaspace       used 98970K, committed 99584K, reserved 1138688K
  class space    used 13425K, committed 13696K, reserved 1048576K
}
Event: 13.926 GC heap before
{Heap before GC invocations=39 (full 0):
 garbage-first heap   total 270336K, used 208562K [0x0000000080000000, 0x0000000100000000)
  region size 1024K, 111 young (113664K), 16 survivors (16384K)
 Metaspace       used 100262K, committed 100864K, reserved 1138688K
  class space    used 13507K, committed 13760K, reserved 1048576K
}
Event: 13.957 GC heap after
{Heap after GC invocations=40 (full 0):
 garbage-first heap   total 270336K, used 118004K [0x0000000080000000, 0x0000000100000000)
  region size 1024K, 9 young (9216K), 9 survivors (9216K)
 Metaspace       used 100262K, committed 100864K, reserved 1138688K
  class space    used 13507K, committed 13760K, reserved 1048576K
}

