# JRE version: OpenJDK Runtime Environment (17.0.6) (build 17.0.6+0-b2043.56-10027231)
# Java VM: OpenJDK 64-Bit Server VM (17.0.6+0-b2043.56-10027231, mixed mode, tiered, compressed oops, compressed class ptrs, g1 gc, windows-amd64)
GC Precious Log:
 CPUs: 8 total, 8 available
 Memory: 8072M
 Large Page Support: Disabled
 NUMA Support: Disabled
 Compressed Oops: Enabled (32-bit)
 Heap Region Size: 1M
 Heap Min Capacity: 8M
 Heap Initial Capacity: 128M
 Heap Max Capacity: 2G
 Pre-touch: Disabled
 Parallel Workers: 8
 Concurrent Workers: 2
 Concurrent Refinement Workers: 8
 Periodic GC: Disabled
Heap:
 garbage-first heap   total 465920K, used 297925K [0x0000000080000000, 0x0000000100000000)
  region size 1024K, 9 young (9216K), 9 survivors (9216K)
 Metaspace       used 113326K, committed 114112K, reserved 1155072K
  class space    used 15237K, committed 15616K, reserved 1048576K
GC Heap History (20 events):
Event: 10.751 GC heap after
{Heap after GC invocations=36 (full 0):
 garbage-first heap   total 169984K, used 101857K [0x0000000080000000, 0x0000000100000000)
  region size 1024K, 7 young (7168K), 7 survivors (7168K)
 Metaspace       used 90674K, committed 91392K, reserved 1130496K
  class space    used 12328K, committed 12672K, reserved 1048576K
}
Event: 10.759 GC heap before
{Heap before GC invocations=36 (full 0):
 garbage-first heap   total 169984K, used 102881K [0x0000000080000000, 0x0000000100000000)
  region size 1024K, 8 young (8192K), 7 survivors (7168K)
 Metaspace       used 90674K, committed 91392K, reserved 1130496K
  class space    used 12328K, committed 12672K, reserved 1048576K
}
Event: 10.765 GC heap after
{Heap after GC invocations=37 (full 0):
 garbage-first heap   total 169984K, used 103117K [0x0000000080000000, 0x0000000100000000)
  region size 1024K, 1 young (1024K), 1 survivors (1024K)
 Metaspace       used 90674K, committed 91392K, reserved 1130496K
  class space    used 12328K, committed 12672K, reserved 1048576K
}
Event: 11.111 GC heap before
{Heap before GC invocations=37 (full 0):
 garbage-first heap   total 169984K, used 133837K [0x0000000080000000, 0x0000000100000000)
  region size 1024K, 31 young (31744K), 1 survivors (1024K)
 Metaspace       used 90862K, committed 91584K, reserved 1130496K
  class space    used 12348K, committed 12672K, reserved 1048576K
}
Event: 11.124 GC heap after
{Heap after GC invocations=38 (full 0):
 garbage-first heap   total 465920K, used 118725K [0x0000000080000000, 0x0000000100000000)
  region size 1024K, 4 young (4096K), 4 survivors (4096K)
 Metaspace       used 90862K, committed 91584K, reserved 1130496K
  class space    used 12348K, committed 12672K, reserved 1048576K
}
Event: 12.729 GC heap before
{Heap before GC invocations=39 (full 0):
 garbage-first heap   total 413696K, used 296901K [0x0000000080000000, 0x0000000100000000)
  region size 1024K, 143 young (146432K), 4 survivors (4096K)
 Metaspace       used 95507K, committed 96256K, reserved 1138688K
  class space    used 12750K, committed 13120K, reserved 1048576K
}
Event: 12.745 GC heap after
{Heap after GC invocations=40 (full 0):
 garbage-first heap   total 413696K, used 134621K [0x0000000080000000, 0x0000000100000000)
  region size 1024K, 18 young (18432K), 18 survivors (18432K)
 Metaspace       used 95507K, committed 96256K, reserved 1138688K
  class space    used 12750K, committed 13120K, reserved 1048576K
}
Event: 12.759 GC heap before
{Heap before GC invocations=40 (full 0):
 garbage-first heap   total 413696K, used 135645K [0x0000000080000000, 0x0000000100000000)
  region size 1024K, 20 young (20480K), 18 survivors (18432K)
 Metaspace       used 95517K, committed 96256K, reserved 1138688K
  class space    used 12750K, committed 13120K, reserved 1048576K
}
Event: 12.773 GC heap after
{Heap after GC invocations=41 (full 0):
 garbage-first heap   total 413696K, used 135806K [0x0000000080000000, 0x0000000100000000)
  region size 1024K, 2 young (2048K), 2 survivors (2048K)
 Metaspace       used 95517K, committed 96256K, reserved 1138688K
  class space    used 12750K, committed 13120K, reserved 1048576K
}
Event: 13.443 GC heap before
{Heap before GC invocations=41 (full 0):
 garbage-first heap   total 413696K, used 273022K [0x0000000080000000, 0x0000000100000000)
  region size 1024K, 137 young (140288K), 2 survivors (2048K)
 Metaspace       used 98517K, committed 99136K, reserved 1138688K
  class space    used 13070K, committed 13376K, reserved 1048576K
}
Event: 13.450 GC heap after
{Heap after GC invocations=42 (full 0):
 garbage-first heap   total 413696K, used 140429K [0x0000000080000000, 0x0000000100000000)
  region size 1024K, 7 young (7168K), 7 survivors (7168K)
 Metaspace       used 98517K, committed 99136K, reserved 1138688K
  class space    used 13070K, committed 13376K, reserved 1048576K
}
Event: 14.739 GC heap before
{Heap before GC invocations=42 (full 0):
 garbage-first heap   total 413696K, used 291981K [0x0000000080000000, 0x0000000100000000)
  region size 1024K, 156 young (159744K), 7 survivors (7168K)
 Metaspace       used 104132K, committed 104832K, reserved 1146880K
  class space    used 13802K, committed 14144K, reserved 1048576K
}
Event: 14.754 GC heap after
{Heap after GC invocations=43 (full 0):
 garbage-first heap   total 413696K, used 151739K [0x0000000080000000, 0x0000000100000000)
  region size 1024K, 18 young (18432K), 18 survivors (18432K)
 Metaspace       used 104132K, committed 104832K, reserved 1146880K
  class space    used 13802K, committed 14144K, reserved 1048576K
}
Event: 15.393 GC heap before
{Heap before GC invocations=43 (full 0):
 garbage-first heap   total 413696K, used 352443K [0x0000000080000000, 0x0000000100000000)
  region size 1024K, 169 young (173056K), 18 survivors (18432K)
 Metaspace       used 109019K, committed 109824K, reserved 1146880K
  class space    used 14477K, committed 14848K, reserved 1048576K
}
Event: 15.418 GC heap after
{Heap after GC invocations=44 (full 0):
 garbage-first heap   total 413696K, used 206806K [0x0000000080000000, 0x0000000100000000)
  region size 1024K, 22 young (22528K), 22 survivors (22528K)
 Metaspace       used 109019K, committed 109824K, reserved 1146880K
  class space    used 14477K, committed 14848K, reserved 1048576K
}
Event: 15.889 GC heap before
{Heap before GC invocations=44 (full 0):
 garbage-first heap   total 413696K, used 322518K [0x0000000080000000, 0x0000000100000000)
  region size 1024K, 131 young (134144K), 22 survivors (22528K)
 Metaspace       used 111728K, committed 112512K, reserved 1146880K
  class space    used 15044K, committed 15424K, reserved 1048576K
}
Event: 15.916 GC heap after
{Heap after GC invocations=45 (full 0):
 garbage-first heap   total 413696K, used 227633K [0x0000000080000000, 0x0000000100000000)
  region size 1024K, 17 young (17408K), 17 survivors (17408K)
 Metaspace       used 111728K, committed 112512K, reserved 1146880K
  class space    used 15044K, committed 15424K, reserved 1048576K
}
Event: 16.211 GC heap before
{Heap before GC invocations=45 (full 0):
 garbage-first heap   total 413696K, used 319793K [0x0000000080000000, 0x0000000100000000)
  region size 1024K, 108 young (110592K), 17 survivors (17408K)
 Metaspace       used 112318K, committed 113152K, reserved 1155072K
  class space    used 15091K, committed 15488K, reserved 1048576K
}
Event: 16.271 GC heap after
{Heap after GC invocations=46 (full 0):
 garbage-first heap   total 413696K, used 271301K [0x0000000080000000, 0x0000000100000000)
  region size 1024K, 14 young (14336K), 14 survivors (14336K)
 Metaspace       used 112318K, committed 113152K, reserved 1155072K
  class space    used 15091K, committed 15488K, reserved 1048576K
}
Event: 16.669 GC heap before
{Heap before GC invocations=46 (full 0):
 garbage-first heap   total 413696K, used 323525K [0x0000000080000000, 0x0000000100000000)
  region size 1024K, 66 young (67584K), 14 survivors (14336K)
 Metaspace       used 113326K, committed 114112K, reserved 1155072K
  class space    used 15237K, committed 15616K, reserved 1048576K
}

