# JRE version: OpenJDK Runtime Environment (17.0.6) (build 17.0.6+0-b2043.56-10027231)
# Java VM: OpenJDK 64-Bit Server VM (17.0.6+0-b2043.56-10027231, mixed mode, tiered, compressed oops, compressed class ptrs, g1 gc, windows-amd64)
GC Precious Log:
 CPUs: 8 total, 8 available
 Memory: 8072M
 Large Page Support: Disabled
 NUMA Support: Disabled
 Compressed Oops: Enabled (32-bit)
 Heap Region Size: 1M
 Heap Min Capacity: 8M
 Heap Initial Capacity: 128M
 Heap Max Capacity: 2G
 Pre-touch: Disabled
 Parallel Workers: 8
 Concurrent Workers: 2
 Concurrent Refinement Workers: 8
 Periodic GC: Disabled
Heap:
 garbage-first heap   total 342016K, used 228301K [0x0000000080000000, 0x0000000100000000)
  region size 1024K, 13 young (13312K), 13 survivors (13312K)
 Metaspace       used 116209K, committed 117248K, reserved 1155072K
  class space    used 15601K, committed 16128K, reserved 1048576K
GC Heap History (20 events):
Event: 7.831 GC heap after
{Heap after GC invocations=39 (full 0):
 garbage-first heap   total 337920K, used 94476K [0x0000000080000000, 0x0000000100000000)
  region size 1024K, 1 young (1024K), 1 survivors (1024K)
 Metaspace       used 73437K, committed 74048K, reserved 1114112K
  class space    used 9888K, committed 10176K, reserved 1048576K
}
Event: 9.750 GC heap before
{Heap before GC invocations=39 (full 0):
 garbage-first heap   total 337920K, used 246028K [0x0000000080000000, 0x0000000100000000)
  region size 1024K, 127 young (130048K), 1 survivors (1024K)
 Metaspace       used 88211K, committed 88896K, reserved 1130496K
  class space    used 11966K, committed 12288K, reserved 1048576K
}
Event: 9.762 GC heap after
{Heap after GC invocations=40 (full 0):
 garbage-first heap   total 337920K, used 129645K [0x0000000080000000, 0x0000000100000000)
  region size 1024K, 13 young (13312K), 13 survivors (13312K)
 Metaspace       used 88211K, committed 88896K, reserved 1130496K
  class space    used 11966K, committed 12288K, reserved 1048576K
}
Event: 10.314 GC heap before
{Heap before GC invocations=40 (full 0):
 garbage-first heap   total 337920K, used 164461K [0x0000000080000000, 0x0000000100000000)
  region size 1024K, 48 young (49152K), 13 survivors (13312K)
 Metaspace       used 92651K, committed 93440K, reserved 1130496K
  class space    used 12588K, committed 12992K, reserved 1048576K
}
Event: 10.322 GC heap after
{Heap after GC invocations=41 (full 0):
 garbage-first heap   total 337920K, used 132639K [0x0000000080000000, 0x0000000100000000)
  region size 1024K, 4 young (4096K), 4 survivors (4096K)
 Metaspace       used 92651K, committed 93440K, reserved 1130496K
  class space    used 12588K, committed 12992K, reserved 1048576K
}
Event: 11.428 GC heap before
{Heap before GC invocations=42 (full 0):
 garbage-first heap   total 337920K, used 258591K [0x0000000080000000, 0x0000000100000000)
  region size 1024K, 127 young (130048K), 4 survivors (4096K)
 Metaspace       used 95118K, committed 95872K, reserved 1138688K
  class space    used 12762K, committed 13120K, reserved 1048576K
}
Event: 11.441 GC heap after
{Heap after GC invocations=43 (full 0):
 garbage-first heap   total 337920K, used 142884K [0x0000000080000000, 0x0000000100000000)
  region size 1024K, 14 young (14336K), 14 survivors (14336K)
 Metaspace       used 95118K, committed 95872K, reserved 1138688K
  class space    used 12762K, committed 13120K, reserved 1048576K
}
Event: 11.465 GC heap before
{Heap before GC invocations=43 (full 0):
 garbage-first heap   total 337920K, used 144932K [0x0000000080000000, 0x0000000100000000)
  region size 1024K, 16 young (16384K), 14 survivors (14336K)
 Metaspace       used 95190K, committed 95936K, reserved 1138688K
  class space    used 12770K, committed 13120K, reserved 1048576K
}
Event: 11.474 GC heap after
{Heap after GC invocations=44 (full 0):
 garbage-first heap   total 337920K, used 144578K [0x0000000080000000, 0x0000000100000000)
  region size 1024K, 2 young (2048K), 2 survivors (2048K)
 Metaspace       used 95190K, committed 95936K, reserved 1138688K
  class space    used 12770K, committed 13120K, reserved 1048576K
}
Event: 16.480 GC heap before
{Heap before GC invocations=44 (full 0):
 garbage-first heap   total 337920K, used 265410K [0x0000000080000000, 0x0000000100000000)
  region size 1024K, 120 young (122880K), 2 survivors (2048K)
 Metaspace       used 100240K, committed 101120K, reserved 1138688K
  class space    used 13432K, committed 13888K, reserved 1048576K
}
Event: 16.488 GC heap after
{Heap after GC invocations=45 (full 0):
 garbage-first heap   total 337920K, used 152755K [0x0000000080000000, 0x0000000100000000)
  region size 1024K, 10 young (10240K), 10 survivors (10240K)
 Metaspace       used 100240K, committed 101120K, reserved 1138688K
  class space    used 13432K, committed 13888K, reserved 1048576K
}
Event: 17.425 GC heap before
{Heap before GC invocations=45 (full 0):
 garbage-first heap   total 337920K, used 269491K [0x0000000080000000, 0x0000000100000000)
  region size 1024K, 125 young (128000K), 10 survivors (10240K)
 Metaspace       used 103268K, committed 104192K, reserved 1146880K
  class space    used 13863K, committed 14336K, reserved 1048576K
}
Event: 17.444 GC heap after
{Heap after GC invocations=46 (full 0):
 garbage-first heap   total 337920K, used 168511K [0x0000000080000000, 0x0000000100000000)
  region size 1024K, 16 young (16384K), 16 survivors (16384K)
 Metaspace       used 103268K, committed 104192K, reserved 1146880K
  class space    used 13863K, committed 14336K, reserved 1048576K
}
Event: 18.497 GC heap before
{Heap before GC invocations=46 (full 0):
 garbage-first heap   total 337920K, used 269887K [0x0000000080000000, 0x0000000100000000)
  region size 1024K, 116 young (118784K), 16 survivors (16384K)
 Metaspace       used 108001K, committed 109120K, reserved 1146880K
  class space    used 14475K, committed 15040K, reserved 1048576K
}
Event: 18.512 GC heap after
{Heap after GC invocations=47 (full 0):
 garbage-first heap   total 337920K, used 175442K [0x0000000080000000, 0x0000000100000000)
  region size 1024K, 8 young (8192K), 8 survivors (8192K)
 Metaspace       used 108001K, committed 109120K, reserved 1146880K
  class space    used 14475K, committed 15040K, reserved 1048576K
}
Event: 19.211 GC heap before
{Heap before GC invocations=48 (full 0):
 garbage-first heap   total 337920K, used 273746K [0x0000000080000000, 0x0000000100000000)
  region size 1024K, 105 young (107520K), 8 survivors (8192K)
 Metaspace       used 110653K, committed 111680K, reserved 1146880K
  class space    used 14835K, committed 15360K, reserved 1048576K
}
Event: 19.223 GC heap after
{Heap after GC invocations=49 (full 0):
 garbage-first heap   total 337920K, used 180418K [0x0000000080000000, 0x0000000100000000)
  region size 1024K, 13 young (13312K), 13 survivors (13312K)
 Metaspace       used 110653K, committed 111680K, reserved 1146880K
  class space    used 14835K, committed 15360K, reserved 1048576K
}
Event: 19.235 GC heap before
{Heap before GC invocations=49 (full 0):
 garbage-first heap   total 337920K, used 183490K [0x0000000080000000, 0x0000000100000000)
  region size 1024K, 16 young (16384K), 13 survivors (13312K)
 Metaspace       used 110712K, committed 111744K, reserved 1146880K
  class space    used 14841K, committed 15360K, reserved 1048576K
}
Event: 19.248 GC heap after
{Heap after GC invocations=50 (full 0):
 garbage-first heap   total 337920K, used 177946K [0x0000000080000000, 0x0000000100000000)
  region size 1024K, 2 young (2048K), 2 survivors (2048K)
 Metaspace       used 110712K, committed 111744K, reserved 1146880K
  class space    used 14841K, committed 15360K, reserved 1048576K
}
Event: 19.890 GC heap before
{Heap before GC invocations=50 (full 0):
 garbage-first heap   total 337920K, used 319258K [0x0000000080000000, 0x0000000100000000)
  region size 1024K, 99 young (101376K), 2 survivors (2048K)
 Metaspace       used 116209K, committed 117248K, reserved 1155072K
  class space    used 15601K, committed 16128K, reserved 1048576K
}

