# JRE version: OpenJDK Runtime Environment (17.0.6) (build 17.0.6+0-b2043.56-10027231)
# Java VM: OpenJDK 64-Bit Server VM (17.0.6+0-b2043.56-10027231, mixed mode, tiered, compressed oops, compressed class ptrs, g1 gc, windows-amd64)
GC Precious Log:
 CPUs: 8 total, 8 available
 Memory: 8072M
 Large Page Support: Disabled
 NUMA Support: Disabled
 Compressed Oops: Enabled (32-bit)
 Heap Region Size: 1M
 Heap Min Capacity: 8M
 Heap Initial Capacity: 128M
 Heap Max Capacity: 2G
 Pre-touch: Disabled
 Parallel Workers: 8
 Concurrent Workers: 2
 Concurrent Refinement Workers: 8
 Periodic GC: Disabled
Heap:
 garbage-first heap   total 317440K, used 299199K [0x0000000080000000, 0x0000000100000000)
  region size 1024K, 129 young (132096K), 3 survivors (3072K)
 Metaspace       used 131340K, committed 132224K, reserved 1163264K
  class space    used 17918K, committed 18368K, reserved 1048576K
GC Heap History (20 events):
Event: 8.343 GC heap before
{Heap before GC invocations=38 (full 0):
 garbage-first heap   total 158720K, used 127491K [0x0000000080000000, 0x0000000100000000)
  region size 1024K, 41 young (41984K), 1 survivors (1024K)
 Metaspace       used 86022K, committed 86592K, reserved 1130496K
  class space    used 11820K, committed 12096K, reserved 1048576K
}
Event: 8.347 GC heap after
{Heap after GC invocations=39 (full 0):
 garbage-first heap   total 317440K, used 91161K [0x0000000080000000, 0x0000000100000000)
  region size 1024K, 5 young (5120K), 5 survivors (5120K)
 Metaspace       used 86022K, committed 86592K, reserved 1130496K
  class space    used 11820K, committed 12096K, reserved 1048576K
}
Event: 181.764 GC heap before
{Heap before GC invocations=40 (full 0):
 garbage-first heap   total 317440K, used 273433K [0x0000000080000000, 0x0000000100000000)
  region size 1024K, 165 young (168960K), 5 survivors (5120K)
 Metaspace       used 94898K, committed 95552K, reserved 1138688K
  class space    used 12940K, committed 13248K, reserved 1048576K
}
Event: 181.774 GC heap after
{Heap after GC invocations=41 (full 0):
 garbage-first heap   total 317440K, used 101951K [0x0000000080000000, 0x0000000100000000)
  region size 1024K, 15 young (15360K), 15 survivors (15360K)
 Metaspace       used 94898K, committed 95552K, reserved 1138688K
  class space    used 12940K, committed 13248K, reserved 1048576K
}
Event: 181.778 GC heap before
{Heap before GC invocations=41 (full 0):
 garbage-first heap   total 317440K, used 101951K [0x0000000080000000, 0x0000000100000000)
  region size 1024K, 16 young (16384K), 15 survivors (15360K)
 Metaspace       used 94901K, committed 95552K, reserved 1138688K
  class space    used 12940K, committed 13248K, reserved 1048576K
}
Event: 181.786 GC heap after
{Heap after GC invocations=42 (full 0):
 garbage-first heap   total 317440K, used 102594K [0x0000000080000000, 0x0000000100000000)
  region size 1024K, 2 young (2048K), 2 survivors (2048K)
 Metaspace       used 94901K, committed 95552K, reserved 1138688K
  class space    used 12940K, committed 13248K, reserved 1048576K
}
Event: 182.128 GC heap before
{Heap before GC invocations=42 (full 0):
 garbage-first heap   total 317440K, used 140482K [0x0000000080000000, 0x0000000100000000)
  region size 1024K, 41 young (41984K), 2 survivors (2048K)
 Metaspace       used 95627K, committed 96384K, reserved 1138688K
  class space    used 12992K, committed 13376K, reserved 1048576K
}
Event: 182.132 GC heap after
{Heap after GC invocations=43 (full 0):
 garbage-first heap   total 317440K, used 105892K [0x0000000080000000, 0x0000000100000000)
  region size 1024K, 6 young (6144K), 6 survivors (6144K)
 Metaspace       used 95627K, committed 96384K, reserved 1138688K
  class space    used 12992K, committed 13376K, reserved 1048576K
}
Event: 184.798 GC heap before
{Heap before GC invocations=44 (full 0):
 garbage-first heap   total 317440K, used 278948K [0x0000000080000000, 0x0000000100000000)
  region size 1024K, 145 young (148480K), 6 survivors (6144K)
 Metaspace       used 101729K, committed 102464K, reserved 1138688K
  class space    used 13662K, committed 14016K, reserved 1048576K
}
Event: 184.805 GC heap after
{Heap after GC invocations=45 (full 0):
 garbage-first heap   total 317440K, used 111758K [0x0000000080000000, 0x0000000100000000)
  region size 1024K, 11 young (11264K), 11 survivors (11264K)
 Metaspace       used 101729K, committed 102464K, reserved 1138688K
  class space    used 13662K, committed 14016K, reserved 1048576K
}
Event: 184.824 GC heap before
{Heap before GC invocations=45 (full 0):
 garbage-first heap   total 317440K, used 114830K [0x0000000080000000, 0x0000000100000000)
  region size 1024K, 15 young (15360K), 11 survivors (11264K)
 Metaspace       used 101729K, committed 102464K, reserved 1138688K
  class space    used 13662K, committed 14016K, reserved 1048576K
}
Event: 184.832 GC heap after
{Heap after GC invocations=46 (full 0):
 garbage-first heap   total 317440K, used 109266K [0x0000000080000000, 0x0000000100000000)
  region size 1024K, 1 young (1024K), 1 survivors (1024K)
 Metaspace       used 101729K, committed 102464K, reserved 1138688K
  class space    used 13662K, committed 14016K, reserved 1048576K
}
Event: 185.490 GC heap before
{Heap before GC invocations=46 (full 0):
 garbage-first heap   total 317440K, used 178898K [0x0000000080000000, 0x0000000100000000)
  region size 1024K, 71 young (72704K), 1 survivors (1024K)
 Metaspace       used 109680K, committed 110464K, reserved 1146880K
  class space    used 14678K, committed 15040K, reserved 1048576K
}
Event: 185.496 GC heap after
{Heap after GC invocations=47 (full 0):
 garbage-first heap   total 317440K, used 117297K [0x0000000080000000, 0x0000000100000000)
  region size 1024K, 9 young (9216K), 9 survivors (9216K)
 Metaspace       used 109680K, committed 110464K, reserved 1146880K
  class space    used 14678K, committed 15040K, reserved 1048576K
}
Event: 186.792 GC heap before
{Heap before GC invocations=48 (full 0):
 garbage-first heap   total 317440K, used 259633K [0x0000000080000000, 0x0000000100000000)
  region size 1024K, 145 young (148480K), 9 survivors (9216K)
 Metaspace       used 123635K, committed 124416K, reserved 1163264K
  class space    used 16811K, committed 17152K, reserved 1048576K
}
Event: 186.802 GC heap after
{Heap after GC invocations=49 (full 0):
 garbage-first heap   total 317440K, used 127665K [0x0000000080000000, 0x0000000100000000)
  region size 1024K, 17 young (17408K), 17 survivors (17408K)
 Metaspace       used 123635K, committed 124416K, reserved 1163264K
  class space    used 16811K, committed 17152K, reserved 1048576K
}
Event: 186.807 GC heap before
{Heap before GC invocations=49 (full 0):
 garbage-first heap   total 317440K, used 128689K [0x0000000080000000, 0x0000000100000000)
  region size 1024K, 18 young (18432K), 17 survivors (17408K)
 Metaspace       used 123670K, committed 124480K, reserved 1163264K
  class space    used 16820K, committed 17216K, reserved 1048576K
}
Event: 186.818 GC heap after
{Heap after GC invocations=50 (full 0):
 garbage-first heap   total 317440K, used 123647K [0x0000000080000000, 0x0000000100000000)
  region size 1024K, 2 young (2048K), 2 survivors (2048K)
 Metaspace       used 123670K, committed 124480K, reserved 1163264K
  class space    used 16820K, committed 17216K, reserved 1048576K
}
Event: 187.329 GC heap before
{Heap before GC invocations=50 (full 0):
 garbage-first heap   total 317440K, used 175871K [0x0000000080000000, 0x0000000100000000)
  region size 1024K, 55 young (56320K), 2 survivors (2048K)
 Metaspace       used 127103K, committed 127936K, reserved 1163264K
  class space    used 17221K, committed 17600K, reserved 1048576K
}
Event: 187.331 GC heap after
{Heap after GC invocations=51 (full 0):
 garbage-first heap   total 317440K, used 124095K [0x0000000080000000, 0x0000000100000000)
  region size 1024K, 3 young (3072K), 3 survivors (3072K)
 Metaspace       used 127103K, committed 127936K, reserved 1163264K
  class space    used 17221K, committed 17600K, reserved 1048576K
}

