# JRE version: OpenJDK Runtime Environment (17.0.6) (build 17.0.6+0-b2043.56-10027231)
# Java VM: OpenJDK 64-Bit Server VM (17.0.6+0-b2043.56-10027231, mixed mode, tiered, compressed oops, compressed class ptrs, g1 gc, windows-amd64)
GC Precious Log:
 CPUs: 8 total, 8 available
 Memory: 8072M
 Large Page Support: Disabled
 NUMA Support: Disabled
 Compressed Oops: Enabled (32-bit)
 Heap Region Size: 1M
 Heap Min Capacity: 8M
 Heap Initial Capacity: 128M
 Heap Max Capacity: 2G
 Pre-touch: Disabled
 Parallel Workers: 8
 Concurrent Workers: 2
 Concurrent Refinement Workers: 8
 Periodic GC: Disabled
Heap:
 garbage-first heap   total 92160K, used 51746K [0x0000000080000000, 0x0000000100000000)
  region size 1024K, 29 young (29696K), 7 survivors (7168K)
 Metaspace       used 44707K, committed 45120K, reserved 1089536K
  class space    used 5918K, committed 6080K, reserved 1048576K
GC Heap History (16 events):
Event: 0.517 GC heap before
{Heap before GC invocations=0 (full 0):
 garbage-first heap   total 131072K, used 26624K [0x0000000080000000, 0x0000000100000000)
  region size 1024K, 23 young (23552K), 0 survivors (0K)
 Metaspace       used 10274K, committed 10432K, reserved 1064960K
  class space    used 1061K, committed 1152K, reserved 1048576K
}
Event: 0.521 GC heap after
{Heap after GC invocations=1 (full 0):
 garbage-first heap   total 131072K, used 10368K [0x0000000080000000, 0x0000000100000000)
  region size 1024K, 3 young (3072K), 3 survivors (3072K)
 Metaspace       used 10274K, committed 10432K, reserved 1064960K
  class space    used 1061K, committed 1152K, reserved 1048576K
}
Event: 0.798 GC heap before
{Heap before GC invocations=1 (full 0):
 garbage-first heap   total 131072K, used 40064K [0x0000000080000000, 0x0000000100000000)
  region size 1024K, 32 young (32768K), 3 survivors (3072K)
 Metaspace       used 11217K, committed 11456K, reserved 1064960K
  class space    used 1164K, committed 1280K, reserved 1048576K
}
Event: 0.803 GC heap after
{Heap after GC invocations=2 (full 0):
 garbage-first heap   total 131072K, used 14571K [0x0000000080000000, 0x0000000100000000)
  region size 1024K, 4 young (4096K), 4 survivors (4096K)
 Metaspace       used 11217K, committed 11456K, reserved 1064960K
  class space    used 1164K, committed 1280K, reserved 1048576K
}
Event: 1.421 GC heap before
{Heap before GC invocations=2 (full 0):
 garbage-first heap   total 131072K, used 50411K [0x0000000080000000, 0x0000000100000000)
  region size 1024K, 40 young (40960K), 4 survivors (4096K)
 Metaspace       used 21217K, committed 21504K, reserved 1073152K
  class space    used 2585K, committed 2752K, reserved 1048576K
}
Event: 1.426 GC heap after
{Heap after GC invocations=3 (full 0):
 garbage-first heap   total 131072K, used 18539K [0x0000000080000000, 0x0000000100000000)
  region size 1024K, 8 young (8192K), 8 survivors (8192K)
 Metaspace       used 21217K, committed 21504K, reserved 1073152K
  class space    used 2585K, committed 2752K, reserved 1048576K
}
Event: 1.872 GC heap before
{Heap before GC invocations=4 (full 0):
 garbage-first heap   total 68608K, used 50283K [0x0000000080000000, 0x0000000100000000)
  region size 1024K, 40 young (40960K), 8 survivors (8192K)
 Metaspace       used 26356K, committed 26688K, reserved 1073152K
  class space    used 3476K, committed 3584K, reserved 1048576K
}
Event: 1.879 GC heap after
{Heap after GC invocations=5 (full 0):
 garbage-first heap   total 68608K, used 20615K [0x0000000080000000, 0x0000000100000000)
  region size 1024K, 3 young (3072K), 3 survivors (3072K)
 Metaspace       used 26356K, committed 26688K, reserved 1073152K
  class space    used 3476K, committed 3584K, reserved 1048576K
}
Event: 1.891 GC heap before
{Heap before GC invocations=5 (full 0):
 garbage-first heap   total 68608K, used 21639K [0x0000000080000000, 0x0000000100000000)
  region size 1024K, 4 young (4096K), 3 survivors (3072K)
 Metaspace       used 26531K, committed 26880K, reserved 1073152K
  class space    used 3504K, committed 3648K, reserved 1048576K
}
Event: 1.893 GC heap after
{Heap after GC invocations=6 (full 0):
 garbage-first heap   total 68608K, used 20915K [0x0000000080000000, 0x0000000100000000)
  region size 1024K, 1 young (1024K), 1 survivors (1024K)
 Metaspace       used 26531K, committed 26880K, reserved 1073152K
  class space    used 3504K, committed 3648K, reserved 1048576K
}
Event: 2.220 GC heap before
{Heap before GC invocations=6 (full 0):
 garbage-first heap   total 68608K, used 46515K [0x0000000080000000, 0x0000000100000000)
  region size 1024K, 26 young (26624K), 1 survivors (1024K)
 Metaspace       used 30456K, committed 30784K, reserved 1081344K
  class space    used 4144K, committed 4288K, reserved 1048576K
}
Event: 2.222 GC heap after
{Heap after GC invocations=7 (full 0):
 garbage-first heap   total 98304K, used 22092K [0x0000000080000000, 0x0000000100000000)
  region size 1024K, 2 young (2048K), 2 survivors (2048K)
 Metaspace       used 30456K, committed 30784K, reserved 1081344K
  class space    used 4144K, committed 4288K, reserved 1048576K
}
Event: 2.590 GC heap before
{Heap before GC invocations=7 (full 0):
 garbage-first heap   total 98304K, used 50764K [0x0000000080000000, 0x0000000100000000)
  region size 1024K, 31 young (31744K), 2 survivors (2048K)
 Metaspace       used 35589K, committed 35968K, reserved 1081344K
  class space    used 4877K, committed 5056K, reserved 1048576K
}
Event: 2.593 GC heap after
{Heap after GC invocations=8 (full 0):
 garbage-first heap   total 98304K, used 24224K [0x0000000080000000, 0x0000000100000000)
  region size 1024K, 4 young (4096K), 4 survivors (4096K)
 Metaspace       used 35589K, committed 35968K, reserved 1081344K
  class space    used 4877K, committed 5056K, reserved 1048576K
}
Event: 3.056 GC heap before
{Heap before GC invocations=9 (full 0):
 garbage-first heap   total 92160K, used 76448K [0x0000000080000000, 0x0000000100000000)
  region size 1024K, 53 young (54272K), 4 survivors (4096K)
 Metaspace       used 42528K, committed 42880K, reserved 1089536K
  class space    used 5567K, committed 5760K, reserved 1048576K
}
Event: 3.062 GC heap after
{Heap after GC invocations=10 (full 0):
 garbage-first heap   total 92160K, used 30242K [0x0000000080000000, 0x0000000100000000)
  region size 1024K, 7 young (7168K), 7 survivors (7168K)
 Metaspace       used 42528K, committed 42880K, reserved 1089536K
  class space    used 5567K, committed 5760K, reserved 1048576K
}

