# JRE version: OpenJDK Runtime Environment (17.0.6) (build 17.0.6+0-b2043.56-10027231)
# Java VM: OpenJDK 64-Bit Server VM (17.0.6+0-b2043.56-10027231, mixed mode, tiered, compressed oops, compressed class ptrs, g1 gc, windows-amd64)
GC Precious Log:
 CPUs: 8 total, 8 available
 Memory: 8072M
 Large Page Support: Disabled
 NUMA Support: Disabled
 Compressed Oops: Enabled (32-bit)
 Heap Region Size: 1M
 Heap Min Capacity: 8M
 Heap Initial Capacity: 128M
 Heap Max Capacity: 2G
 Pre-touch: Disabled
 Parallel Workers: 8
 Concurrent Workers: 2
 Concurrent Refinement Workers: 8
 Periodic GC: Disabled
Heap:
 garbage-first heap   total 344064K, used 279883K [0x0000000080000000, 0x0000000100000000)
  region size 1024K, 4 young (4096K), 4 survivors (4096K)
 Metaspace       used 110824K, committed 111680K, reserved 1146880K
  class space    used 14783K, committed 15232K, reserved 1048576K
GC Heap History (20 events):
Event: 20.490 GC heap after
{Heap after GC invocations=38 (full 0):
 garbage-first heap   total 344064K, used 139848K [0x0000000080000000, 0x0000000100000000)
  region size 1024K, 23 young (23552K), 23 survivors (23552K)
 Metaspace       used 94146K, committed 94848K, reserved 1138688K
  class space    used 12821K, committed 13184K, reserved 1048576K
}
Event: 20.527 GC heap before
{Heap before GC invocations=38 (full 0):
 garbage-first heap   total 344064K, used 154184K [0x0000000080000000, 0x0000000100000000)
  region size 1024K, 24 young (24576K), 23 survivors (23552K)
 Metaspace       used 94249K, committed 94976K, reserved 1138688K
  class space    used 12826K, committed 13184K, reserved 1048576K
}
Event: 20.554 GC heap after
{Heap after GC invocations=39 (full 0):
 garbage-first heap   total 344064K, used 142070K [0x0000000080000000, 0x0000000100000000)
  region size 1024K, 2 young (2048K), 2 survivors (2048K)
 Metaspace       used 94249K, committed 94976K, reserved 1138688K
  class space    used 12826K, committed 13184K, reserved 1048576K
}
Event: 21.241 GC heap before
{Heap before GC invocations=39 (full 0):
 garbage-first heap   total 344064K, used 235254K [0x0000000080000000, 0x0000000100000000)
  region size 1024K, 94 young (96256K), 2 survivors (2048K)
 Metaspace       used 97833K, committed 98560K, reserved 1138688K
  class space    used 13132K, committed 13440K, reserved 1048576K
}
Event: 21.249 GC heap after
{Heap after GC invocations=40 (full 0):
 garbage-first heap   total 344064K, used 151842K [0x0000000080000000, 0x0000000100000000)
  region size 1024K, 12 young (12288K), 12 survivors (12288K)
 Metaspace       used 97833K, committed 98560K, reserved 1138688K
  class space    used 13132K, committed 13440K, reserved 1048576K
}
Event: 21.729 GC heap before
{Heap before GC invocations=40 (full 0):
 garbage-first heap   total 344064K, used 244002K [0x0000000080000000, 0x0000000100000000)
  region size 1024K, 103 young (105472K), 12 survivors (12288K)
 Metaspace       used 98988K, committed 99712K, reserved 1138688K
  class space    used 13218K, committed 13568K, reserved 1048576K
}
Event: 21.738 GC heap after
{Heap after GC invocations=41 (full 0):
 garbage-first heap   total 344064K, used 157060K [0x0000000080000000, 0x0000000100000000)
  region size 1024K, 8 young (8192K), 8 survivors (8192K)
 Metaspace       used 98988K, committed 99712K, reserved 1138688K
  class space    used 13218K, committed 13568K, reserved 1048576K
}
Event: 22.652 GC heap before
{Heap before GC invocations=41 (full 0):
 garbage-first heap   total 344064K, used 255364K [0x0000000080000000, 0x0000000100000000)
  region size 1024K, 105 young (107520K), 8 survivors (8192K)
 Metaspace       used 101489K, committed 102208K, reserved 1138688K
  class space    used 13509K, committed 13824K, reserved 1048576K
}
Event: 22.660 GC heap after
{Heap after GC invocations=42 (full 0):
 garbage-first heap   total 344064K, used 155559K [0x0000000080000000, 0x0000000100000000)
  region size 1024K, 3 young (3072K), 3 survivors (3072K)
 Metaspace       used 101489K, committed 102208K, reserved 1138688K
  class space    used 13509K, committed 13824K, reserved 1048576K
}
Event: 23.816 GC heap before
{Heap before GC invocations=42 (full 0):
 garbage-first heap   total 344064K, used 262055K [0x0000000080000000, 0x0000000100000000)
  region size 1024K, 108 young (110592K), 3 survivors (3072K)
 Metaspace       used 105904K, committed 106624K, reserved 1146880K
  class space    used 14111K, committed 14464K, reserved 1048576K
}
Event: 23.828 GC heap after
{Heap after GC invocations=43 (full 0):
 garbage-first heap   total 344064K, used 164974K [0x0000000080000000, 0x0000000100000000)
  region size 1024K, 12 young (12288K), 12 survivors (12288K)
 Metaspace       used 105904K, committed 106624K, reserved 1146880K
  class space    used 14111K, committed 14464K, reserved 1048576K
}
Event: 24.462 GC heap before
{Heap before GC invocations=43 (full 0):
 garbage-first heap   total 344064K, used 289902K [0x0000000080000000, 0x0000000100000000)
  region size 1024K, 113 young (115712K), 12 survivors (12288K)
 Metaspace       used 107785K, committed 108608K, reserved 1146880K
  class space    used 14367K, committed 14784K, reserved 1048576K
}
Event: 24.478 GC heap after
{Heap after GC invocations=44 (full 0):
 garbage-first heap   total 344064K, used 199055K [0x0000000080000000, 0x0000000100000000)
  region size 1024K, 15 young (15360K), 15 survivors (15360K)
 Metaspace       used 107785K, committed 108608K, reserved 1146880K
  class space    used 14367K, committed 14784K, reserved 1048576K
}
Event: 24.762 GC heap before
{Heap before GC invocations=44 (full 0):
 garbage-first heap   total 344064K, used 286095K [0x0000000080000000, 0x0000000100000000)
  region size 1024K, 66 young (67584K), 15 survivors (15360K)
 Metaspace       used 110342K, committed 111104K, reserved 1146880K
  class space    used 14714K, committed 15104K, reserved 1048576K
}
Event: 24.771 GC heap after
{Heap after GC invocations=45 (full 0):
 garbage-first heap   total 344064K, used 228241K [0x0000000080000000, 0x0000000100000000)
  region size 1024K, 12 young (12288K), 12 survivors (12288K)
 Metaspace       used 110342K, committed 111104K, reserved 1146880K
  class space    used 14714K, committed 15104K, reserved 1048576K
}
Event: 25.172 GC heap before
{Heap before GC invocations=45 (full 0):
 garbage-first heap   total 344064K, used 302993K [0x0000000080000000, 0x0000000100000000)
  region size 1024K, 65 young (66560K), 12 survivors (12288K)
 Metaspace       used 110824K, committed 111680K, reserved 1146880K
  class space    used 14783K, committed 15232K, reserved 1048576K
}
Event: 25.193 GC heap after
{Heap after GC invocations=46 (full 0):
 garbage-first heap   total 344064K, used 252687K [0x0000000080000000, 0x0000000100000000)
  region size 1024K, 9 young (9216K), 9 survivors (9216K)
 Metaspace       used 110824K, committed 111680K, reserved 1146880K
  class space    used 14783K, committed 15232K, reserved 1048576K
}
Event: 25.457 GC heap before
{Heap before GC invocations=46 (full 0):
 garbage-first heap   total 344064K, used 289551K [0x0000000080000000, 0x0000000100000000)
  region size 1024K, 42 young (43008K), 9 survivors (9216K)
 Metaspace       used 110824K, committed 111680K, reserved 1146880K
  class space    used 14783K, committed 15232K, reserved 1048576K
}
Event: 25.482 GC heap after
{Heap after GC invocations=47 (full 0):
 garbage-first heap   total 344064K, used 269538K [0x0000000080000000, 0x0000000100000000)
  region size 1024K, 6 young (6144K), 6 survivors (6144K)
 Metaspace       used 110824K, committed 111680K, reserved 1146880K
  class space    used 14783K, committed 15232K, reserved 1048576K
}
Event: 25.600 GC heap before
{Heap before GC invocations=47 (full 0):
 garbage-first heap   total 344064K, used 290018K [0x0000000080000000, 0x0000000100000000)
  region size 1024K, 26 young (26624K), 6 survivors (6144K)
 Metaspace       used 110824K, committed 111680K, reserved 1146880K
  class space    used 14783K, committed 15232K, reserved 1048576K
}

