# JRE version: OpenJDK Runtime Environment (17.0.6) (build 17.0.6+0-b2043.56-10027231)
# Java VM: OpenJDK 64-Bit Server VM (17.0.6+0-b2043.56-10027231, mixed mode, tiered, compressed oops, compressed class ptrs, g1 gc, windows-amd64)
GC Precious Log:
 CPUs: 8 total, 8 available
 Memory: 8072M
 Large Page Support: Disabled
 NUMA Support: Disabled
 Compressed Oops: Enabled (32-bit)
 Heap Region Size: 1M
 Heap Min Capacity: 8M
 Heap Initial Capacity: 128M
 Heap Max Capacity: 2G
 Pre-touch: Disabled
 Parallel Workers: 8
 Concurrent Workers: 2
 Concurrent Refinement Workers: 8
 Periodic GC: Disabled
Heap:
 garbage-first heap   total 373760K, used 285198K [0x0000000080000000, 0x0000000100000000)
  region size 1024K, 71 young (72704K), 13 survivors (13312K)
 Metaspace       used 124383K, committed 125376K, reserved 1163264K
  class space    used 16925K, committed 17408K, reserved 1048576K
GC Heap History (20 events):
Event: 37.630 GC heap before
{Heap before GC invocations=38 (full 0):
 garbage-first heap   total 311296K, used 245382K [0x0000000080000000, 0x0000000100000000)
  region size 1024K, 110 young (112640K), 9 survivors (9216K)
 Metaspace       used 101290K, committed 102144K, reserved 1138688K
  class space    used 13627K, committed 14016K, reserved 1048576K
}
Event: 37.639 GC heap after
{Heap after GC invocations=39 (full 0):
 garbage-first heap   total 311296K, used 152576K [0x0000000080000000, 0x0000000100000000)
  region size 1024K, 10 young (10240K), 10 survivors (10240K)
 Metaspace       used 101290K, committed 102144K, reserved 1138688K
  class space    used 13627K, committed 14016K, reserved 1048576K
}
Event: 41.604 GC heap before
{Heap before GC invocations=39 (full 0):
 garbage-first heap   total 311296K, used 250880K [0x0000000080000000, 0x0000000100000000)
  region size 1024K, 106 young (108544K), 10 survivors (10240K)
 Metaspace       used 105841K, committed 106816K, reserved 1146880K
  class space    used 14218K, committed 14656K, reserved 1048576K
}
Event: 41.616 GC heap after
{Heap after GC invocations=40 (full 0):
 garbage-first heap   total 311296K, used 159394K [0x0000000080000000, 0x0000000100000000)
  region size 1024K, 9 young (9216K), 9 survivors (9216K)
 Metaspace       used 105841K, committed 106816K, reserved 1146880K
  class space    used 14218K, committed 14656K, reserved 1048576K
}
Event: 42.314 GC heap before
{Heap before GC invocations=41 (full 0):
 garbage-first heap   total 311296K, used 252578K [0x0000000080000000, 0x0000000100000000)
  region size 1024K, 100 young (102400K), 9 survivors (9216K)
 Metaspace       used 107749K, committed 108672K, reserved 1146880K
  class space    used 14451K, committed 14912K, reserved 1048576K
}
Event: 42.325 GC heap after
{Heap after GC invocations=42 (full 0):
 garbage-first heap   total 311296K, used 171373K [0x0000000080000000, 0x0000000100000000)
  region size 1024K, 13 young (13312K), 13 survivors (13312K)
 Metaspace       used 107749K, committed 108672K, reserved 1146880K
  class space    used 14451K, committed 14912K, reserved 1048576K
}
Event: 42.362 GC heap before
{Heap before GC invocations=42 (full 0):
 garbage-first heap   total 311296K, used 173421K [0x0000000080000000, 0x0000000100000000)
  region size 1024K, 15 young (15360K), 13 survivors (13312K)
 Metaspace       used 107964K, committed 108864K, reserved 1146880K
  class space    used 14489K, committed 14912K, reserved 1048576K
}
Event: 42.371 GC heap after
{Heap after GC invocations=43 (full 0):
 garbage-first heap   total 311296K, used 171196K [0x0000000080000000, 0x0000000100000000)
  region size 1024K, 2 young (2048K), 2 survivors (2048K)
 Metaspace       used 107964K, committed 108864K, reserved 1146880K
  class space    used 14489K, committed 14912K, reserved 1048576K
}
Event: 42.821 GC heap before
{Heap before GC invocations=43 (full 0):
 garbage-first heap   total 311296K, used 251068K [0x0000000080000000, 0x0000000100000000)
  region size 1024K, 81 young (82944K), 2 survivors (2048K)
 Metaspace       used 110005K, committed 110912K, reserved 1146880K
  class space    used 14809K, committed 15232K, reserved 1048576K
}
Event: 42.828 GC heap after
{Heap after GC invocations=44 (full 0):
 garbage-first heap   total 311296K, used 177002K [0x0000000080000000, 0x0000000100000000)
  region size 1024K, 8 young (8192K), 8 survivors (8192K)
 Metaspace       used 110005K, committed 110912K, reserved 1146880K
  class space    used 14809K, committed 15232K, reserved 1048576K
}
Event: 43.261 GC heap before
{Heap before GC invocations=45 (full 0):
 garbage-first heap   total 311296K, used 252778K [0x0000000080000000, 0x0000000100000000)
  region size 1024K, 83 young (84992K), 8 survivors (8192K)
 Metaspace       used 114314K, committed 115328K, reserved 1155072K
  class space    used 15374K, committed 15872K, reserved 1048576K
}
Event: 43.270 GC heap after
{Heap after GC invocations=46 (full 0):
 garbage-first heap   total 311296K, used 183702K [0x0000000080000000, 0x0000000100000000)
  region size 1024K, 8 young (8192K), 8 survivors (8192K)
 Metaspace       used 114314K, committed 115328K, reserved 1155072K
  class space    used 15374K, committed 15872K, reserved 1048576K
}
Event: 43.292 GC heap before
{Heap before GC invocations=46 (full 0):
 garbage-first heap   total 311296K, used 189846K [0x0000000080000000, 0x0000000100000000)
  region size 1024K, 15 young (15360K), 8 survivors (8192K)
 Metaspace       used 114421K, committed 115392K, reserved 1155072K
  class space    used 15382K, committed 15872K, reserved 1048576K
}
Event: 43.301 GC heap after
{Heap after GC invocations=47 (full 0):
 garbage-first heap   total 311296K, used 179407K [0x0000000080000000, 0x0000000100000000)
  region size 1024K, 2 young (2048K), 2 survivors (2048K)
 Metaspace       used 114421K, committed 115392K, reserved 1155072K
  class space    used 15382K, committed 15872K, reserved 1048576K
}
Event: 43.424 GC heap before
{Heap before GC invocations=47 (full 0):
 garbage-first heap   total 311296K, used 254159K [0x0000000080000000, 0x0000000100000000)
  region size 1024K, 76 young (77824K), 2 survivors (2048K)
 Metaspace       used 115939K, committed 116928K, reserved 1155072K
  class space    used 15629K, committed 16128K, reserved 1048576K
}
Event: 43.429 GC heap after
{Heap after GC invocations=48 (full 0):
 garbage-first heap   total 373760K, used 192891K [0x0000000080000000, 0x0000000100000000)
  region size 1024K, 10 young (10240K), 10 survivors (10240K)
 Metaspace       used 115939K, committed 116928K, reserved 1155072K
  class space    used 15629K, committed 16128K, reserved 1048576K
}
Event: 43.778 GC heap before
{Heap before GC invocations=48 (full 0):
 garbage-first heap   total 373760K, used 295290K [0x0000000080000000, 0x0000000100000000)
  region size 1024K, 111 young (113664K), 10 survivors (10240K)
 Metaspace       used 120585K, committed 121536K, reserved 1155072K
  class space    used 16346K, committed 16832K, reserved 1048576K
}
Event: 43.792 GC heap after
{Heap after GC invocations=49 (full 0):
 garbage-first heap   total 373760K, used 211065K [0x0000000080000000, 0x0000000100000000)
  region size 1024K, 14 young (14336K), 14 survivors (14336K)
 Metaspace       used 120585K, committed 121536K, reserved 1155072K
  class space    used 16346K, committed 16832K, reserved 1048576K
}
Event: 44.061 GC heap before
{Heap before GC invocations=49 (full 0):
 garbage-first heap   total 373760K, used 298105K [0x0000000080000000, 0x0000000100000000)
  region size 1024K, 100 young (102400K), 14 survivors (14336K)
 Metaspace       used 123486K, committed 124480K, reserved 1163264K
  class space    used 16804K, committed 17280K, reserved 1048576K
}
Event: 44.087 GC heap after
{Heap after GC invocations=50 (full 0):
 garbage-first heap   total 373760K, used 226830K [0x0000000080000000, 0x0000000100000000)
  region size 1024K, 13 young (13312K), 13 survivors (13312K)
 Metaspace       used 123486K, committed 124480K, reserved 1163264K
  class space    used 16804K, committed 17280K, reserved 1048576K
}

