# JRE version: OpenJDK Runtime Environment (17.0.6) (build 17.0.6+0-b2043.56-10027231)
# Java VM: OpenJDK 64-Bit Server VM (17.0.6+0-b2043.56-10027231, mixed mode, tiered, compressed oops, compressed class ptrs, g1 gc, windows-amd64)
GC Precious Log:
 CPUs: 8 total, 8 available
 Memory: 8072M
 Large Page Support: Disabled
 NUMA Support: Disabled
 Compressed Oops: Enabled (32-bit)
 Heap Region Size: 1M
 Heap Min Capacity: 8M
 Heap Initial Capacity: 128M
 Heap Max Capacity: 2G
 Pre-touch: Disabled
 Parallel Workers: 8
 Concurrent Workers: 2
 Concurrent Refinement Workers: 8
 Periodic GC: Disabled
Heap:
 garbage-first heap   total 168960K, used 97818K [0x0000000080000000, 0x0000000100000000)
  region size 1024K, 3 young (3072K), 3 survivors (3072K)
 Metaspace       used 77301K, committed 77952K, reserved 1122304K
  class space    used 10514K, committed 10816K, reserved 1048576K
GC Heap History (20 events):
Event: 6.702 GC heap after
{Heap after GC invocations=27 (full 0):
 garbage-first heap   total 152576K, used 75657K [0x0000000080000000, 0x0000000100000000)
  region size 1024K, 4 young (4096K), 4 survivors (4096K)
 Metaspace       used 54111K, committed 54656K, reserved 1097728K
  class space    used 7227K, committed 7488K, reserved 1048576K
}
Event: 6.771 GC heap before
{Heap before GC invocations=28 (full 0):
 garbage-first heap   total 152576K, used 80777K [0x0000000080000000, 0x0000000100000000)
  region size 1024K, 8 young (8192K), 4 survivors (4096K)
 Metaspace       used 54232K, committed 54784K, reserved 1097728K
  class space    used 7244K, committed 7488K, reserved 1048576K
}
Event: 6.775 GC heap after
{Heap after GC invocations=29 (full 0):
 garbage-first heap   total 152576K, used 78564K [0x0000000080000000, 0x0000000100000000)
  region size 1024K, 4 young (4096K), 4 survivors (4096K)
 Metaspace       used 54232K, committed 54784K, reserved 1097728K
  class space    used 7244K, committed 7488K, reserved 1048576K
}
Event: 7.241 GC heap before
{Heap before GC invocations=30 (full 0):
 garbage-first heap   total 152576K, used 121572K [0x0000000080000000, 0x0000000100000000)
  region size 1024K, 45 young (46080K), 4 survivors (4096K)
 Metaspace       used 59470K, committed 60096K, reserved 1105920K
  class space    used 7928K, committed 8256K, reserved 1048576K
}
Event: 7.245 GC heap after
{Heap after GC invocations=31 (full 0):
 garbage-first heap   total 152576K, used 84839K [0x0000000080000000, 0x0000000100000000)
  region size 1024K, 6 young (6144K), 6 survivors (6144K)
 Metaspace       used 59470K, committed 60096K, reserved 1105920K
  class space    used 7928K, committed 8256K, reserved 1048576K
}
Event: 7.260 GC heap before
{Heap before GC invocations=31 (full 0):
 garbage-first heap   total 152576K, used 85863K [0x0000000080000000, 0x0000000100000000)
  region size 1024K, 7 young (7168K), 6 survivors (6144K)
 Metaspace       used 59771K, committed 60416K, reserved 1105920K
  class space    used 7958K, committed 8256K, reserved 1048576K
}
Event: 7.263 GC heap after
{Heap after GC invocations=32 (full 0):
 garbage-first heap   total 152576K, used 85301K [0x0000000080000000, 0x0000000100000000)
  region size 1024K, 1 young (1024K), 1 survivors (1024K)
 Metaspace       used 59771K, committed 60416K, reserved 1105920K
  class space    used 7958K, committed 8256K, reserved 1048576K
}
Event: 7.772 GC heap before
{Heap before GC invocations=32 (full 0):
 garbage-first heap   total 152576K, used 111925K [0x0000000080000000, 0x0000000100000000)
  region size 1024K, 28 young (28672K), 1 survivors (1024K)
 Metaspace       used 64824K, committed 65472K, reserved 1105920K
  class space    used 8631K, committed 8960K, reserved 1048576K
}
Event: 7.775 GC heap after
{Heap after GC invocations=33 (full 0):
 garbage-first heap   total 152576K, used 87341K [0x0000000080000000, 0x0000000100000000)
  region size 1024K, 3 young (3072K), 3 survivors (3072K)
 Metaspace       used 64824K, committed 65472K, reserved 1105920K
  class space    used 8631K, committed 8960K, reserved 1048576K
}
Event: 8.185 GC heap before
{Heap before GC invocations=34 (full 0):
 garbage-first heap   total 168960K, used 128301K [0x0000000080000000, 0x0000000100000000)
  region size 1024K, 37 young (37888K), 3 survivors (3072K)
 Metaspace       used 67148K, committed 67840K, reserved 1114112K
  class space    used 8941K, committed 9280K, reserved 1048576K
}
Event: 8.191 GC heap after
{Heap after GC invocations=35 (full 0):
 garbage-first heap   total 168960K, used 90293K [0x0000000080000000, 0x0000000100000000)
  region size 1024K, 5 young (5120K), 5 survivors (5120K)
 Metaspace       used 67148K, committed 67840K, reserved 1114112K
  class space    used 8941K, committed 9280K, reserved 1048576K
}
Event: 8.226 GC heap before
{Heap before GC invocations=35 (full 0):
 garbage-first heap   total 168960K, used 93365K [0x0000000080000000, 0x0000000100000000)
  region size 1024K, 8 young (8192K), 5 survivors (5120K)
 Metaspace       used 67367K, committed 68032K, reserved 1114112K
  class space    used 8966K, committed 9280K, reserved 1048576K
}
Event: 8.233 GC heap after
{Heap after GC invocations=36 (full 0):
 garbage-first heap   total 168960K, used 90551K [0x0000000080000000, 0x0000000100000000)
  region size 1024K, 1 young (1024K), 1 survivors (1024K)
 Metaspace       used 67367K, committed 68032K, reserved 1114112K
  class space    used 8966K, committed 9280K, reserved 1048576K
}
Event: 8.585 GC heap before
{Heap before GC invocations=36 (full 0):
 garbage-first heap   total 168960K, used 131511K [0x0000000080000000, 0x0000000100000000)
  region size 1024K, 41 young (41984K), 1 survivors (1024K)
 Metaspace       used 69028K, committed 69696K, reserved 1114112K
  class space    used 9198K, committed 9536K, reserved 1048576K
}
Event: 8.589 GC heap after
{Heap after GC invocations=37 (full 0):
 garbage-first heap   total 168960K, used 93080K [0x0000000080000000, 0x0000000100000000)
  region size 1024K, 4 young (4096K), 4 survivors (4096K)
 Metaspace       used 69028K, committed 69696K, reserved 1114112K
  class space    used 9198K, committed 9536K, reserved 1048576K
}
Event: 9.167 GC heap before
{Heap before GC invocations=38 (full 0):
 garbage-first heap   total 168960K, used 135064K [0x0000000080000000, 0x0000000100000000)
  region size 1024K, 44 young (45056K), 4 survivors (4096K)
 Metaspace       used 72994K, committed 73664K, reserved 1114112K
  class space    used 9842K, committed 10176K, reserved 1048576K
}
Event: 9.173 GC heap after
{Heap after GC invocations=39 (full 0):
 garbage-first heap   total 168960K, used 95481K [0x0000000080000000, 0x0000000100000000)
  region size 1024K, 6 young (6144K), 6 survivors (6144K)
 Metaspace       used 72994K, committed 73664K, reserved 1114112K
  class space    used 9842K, committed 10176K, reserved 1048576K
}
Event: 9.208 GC heap before
{Heap before GC invocations=39 (full 0):
 garbage-first heap   total 168960K, used 97529K [0x0000000080000000, 0x0000000100000000)
  region size 1024K, 8 young (8192K), 6 survivors (6144K)
 Metaspace       used 73282K, committed 73984K, reserved 1114112K
  class space    used 9912K, committed 10240K, reserved 1048576K
}
Event: 9.215 GC heap after
{Heap after GC invocations=40 (full 0):
 garbage-first heap   total 168960K, used 95534K [0x0000000080000000, 0x0000000100000000)
  region size 1024K, 1 young (1024K), 1 survivors (1024K)
 Metaspace       used 73282K, committed 73984K, reserved 1114112K
  class space    used 9912K, committed 10240K, reserved 1048576K
}
Event: 9.807 GC heap before
{Heap before GC invocations=40 (full 0):
 garbage-first heap   total 168960K, used 129326K [0x0000000080000000, 0x0000000100000000)
  region size 1024K, 35 young (35840K), 1 survivors (1024K)
 Metaspace       used 77301K, committed 77952K, reserved 1122304K
  class space    used 10514K, committed 10816K, reserved 1048576K
}

