# JRE version: OpenJDK Runtime Environment (17.0.6) (build 17.0.6+0-b2043.56-10027231)
# Java VM: OpenJDK 64-Bit Server VM (17.0.6+0-b2043.56-10027231, mixed mode, tiered, compressed oops, compressed class ptrs, g1 gc, windows-amd64)
GC Precious Log:
 CPUs: 8 total, 8 available
 Memory: 8072M
 Large Page Support: Disabled
 NUMA Support: Disabled
 Compressed Oops: Enabled (32-bit)
 Heap Region Size: 1M
 Heap Min Capacity: 8M
 Heap Initial Capacity: 128M
 Heap Max Capacity: 2G
 Pre-touch: Disabled
 Parallel Workers: 8
 Concurrent Workers: 2
 Concurrent Refinement Workers: 8
 Periodic GC: Disabled
Heap:
 garbage-first heap   total 256000K, used 131911K [0x0000000080000000, 0x0000000100000000)
  region size 1024K, 3 young (3072K), 3 survivors (3072K)
 Metaspace       used 94880K, committed 95552K, reserved 1138688K
  class space    used 12639K, committed 12928K, reserved 1048576K
GC Heap History (20 events):
Event: 11.427 GC heap after
{Heap after GC invocations=36 (full 0):
 garbage-first heap   total 143360K, used 81668K [0x0000000080000000, 0x0000000100000000)
  region size 1024K, 5 young (5120K), 5 survivors (5120K)
 Metaspace       used 84784K, committed 85440K, reserved 1122304K
  class space    used 11708K, committed 11968K, reserved 1048576K
}
Event: 11.644 GC heap before
{Heap before GC invocations=36 (full 0):
 garbage-first heap   total 143360K, used 114436K [0x0000000080000000, 0x0000000100000000)
  region size 1024K, 38 young (38912K), 5 survivors (5120K)
 Metaspace       used 84953K, committed 85568K, reserved 1130496K
  class space    used 11708K, committed 11968K, reserved 1048576K
}
Event: 11.649 GC heap after
{Heap after GC invocations=37 (full 0):
 garbage-first heap   total 143360K, used 83870K [0x0000000080000000, 0x0000000100000000)
  region size 1024K, 4 young (4096K), 4 survivors (4096K)
 Metaspace       used 84953K, committed 85568K, reserved 1130496K
  class space    used 11708K, committed 11968K, reserved 1048576K
}
Event: 12.235 GC heap before
{Heap before GC invocations=38 (full 0):
 garbage-first heap   total 155648K, used 116638K [0x0000000080000000, 0x0000000100000000)
  region size 1024K, 36 young (36864K), 4 survivors (4096K)
 Metaspace       used 87912K, committed 88576K, reserved 1130496K
  class space    used 12016K, committed 12352K, reserved 1048576K
}
Event: 12.240 GC heap after
{Heap after GC invocations=39 (full 0):
 garbage-first heap   total 155648K, used 86341K [0x0000000080000000, 0x0000000100000000)
  region size 1024K, 4 young (4096K), 4 survivors (4096K)
 Metaspace       used 87912K, committed 88576K, reserved 1130496K
  class space    used 12016K, committed 12352K, reserved 1048576K
}
Event: 12.290 GC heap before
{Heap before GC invocations=39 (full 0):
 garbage-first heap   total 155648K, used 89413K [0x0000000080000000, 0x0000000100000000)
  region size 1024K, 7 young (7168K), 4 survivors (4096K)
 Metaspace       used 88415K, committed 89088K, reserved 1130496K
  class space    used 12095K, committed 12416K, reserved 1048576K
}
Event: 12.293 GC heap after
{Heap after GC invocations=40 (full 0):
 garbage-first heap   total 155648K, used 86088K [0x0000000080000000, 0x0000000100000000)
  region size 1024K, 1 young (1024K), 1 survivors (1024K)
 Metaspace       used 88415K, committed 89088K, reserved 1130496K
  class space    used 12095K, committed 12416K, reserved 1048576K
}
Event: 13.067 GC heap before
{Heap before GC invocations=40 (full 0):
 garbage-first heap   total 155648K, used 123976K [0x0000000080000000, 0x0000000100000000)
  region size 1024K, 39 young (39936K), 1 survivors (1024K)
 Metaspace       used 88942K, committed 89600K, reserved 1130496K
  class space    used 12096K, committed 12416K, reserved 1048576K
}
Event: 13.072 GC heap after
{Heap after GC invocations=41 (full 0):
 garbage-first heap   total 208896K, used 94403K [0x0000000080000000, 0x0000000100000000)
  region size 1024K, 5 young (5120K), 5 survivors (5120K)
 Metaspace       used 88942K, committed 89600K, reserved 1130496K
  class space    used 12096K, committed 12416K, reserved 1048576K
}
Event: 14.113 GC heap before
{Heap before GC invocations=42 (full 0):
 garbage-first heap   total 208896K, used 179395K [0x0000000080000000, 0x0000000100000000)
  region size 1024K, 71 young (72704K), 5 survivors (5120K)
 Metaspace       used 89597K, committed 90240K, reserved 1130496K
  class space    used 12156K, committed 12480K, reserved 1048576K
}
Event: 14.131 GC heap after
{Heap after GC invocations=43 (full 0):
 garbage-first heap   total 208896K, used 119678K [0x0000000080000000, 0x0000000100000000)
  region size 1024K, 9 young (9216K), 9 survivors (9216K)
 Metaspace       used 89597K, committed 90240K, reserved 1130496K
  class space    used 12156K, committed 12480K, reserved 1048576K
}
Event: 14.155 GC heap before
{Heap before GC invocations=43 (full 0):
 garbage-first heap   total 208896K, used 120702K [0x0000000080000000, 0x0000000100000000)
  region size 1024K, 10 young (10240K), 9 survivors (9216K)
 Metaspace       used 89602K, committed 90240K, reserved 1130496K
  class space    used 12156K, committed 12480K, reserved 1048576K
}
Event: 14.165 GC heap after
{Heap after GC invocations=44 (full 0):
 garbage-first heap   total 208896K, used 121783K [0x0000000080000000, 0x0000000100000000)
  region size 1024K, 2 young (2048K), 2 survivors (2048K)
 Metaspace       used 89602K, committed 90240K, reserved 1130496K
  class space    used 12156K, committed 12480K, reserved 1048576K
}
Event: 14.900 GC heap before
{Heap before GC invocations=44 (full 0):
 garbage-first heap   total 208896K, used 192439K [0x0000000080000000, 0x0000000100000000)
  region size 1024K, 44 young (45056K), 2 survivors (2048K)
 Metaspace       used 90192K, committed 90880K, reserved 1130496K
  class space    used 12213K, committed 12544K, reserved 1048576K
}
Event: 14.907 GC heap after
{Heap after GC invocations=45 (full 0):
 garbage-first heap   total 208896K, used 124426K [0x0000000080000000, 0x0000000100000000)
  region size 1024K, 5 young (5120K), 5 survivors (5120K)
 Metaspace       used 90192K, committed 90880K, reserved 1130496K
  class space    used 12213K, committed 12544K, reserved 1048576K
}
Event: 15.439 GC heap before
{Heap before GC invocations=46 (full 0):
 garbage-first heap   total 256000K, used 165386K [0x0000000080000000, 0x0000000100000000)
  region size 1024K, 46 young (47104K), 5 survivors (5120K)
 Metaspace       used 93145K, committed 93760K, reserved 1130496K
  class space    used 12490K, committed 12800K, reserved 1048576K
}
Event: 15.449 GC heap after
{Heap after GC invocations=47 (full 0):
 garbage-first heap   total 256000K, used 130465K [0x0000000080000000, 0x0000000100000000)
  region size 1024K, 6 young (6144K), 6 survivors (6144K)
 Metaspace       used 93145K, committed 93760K, reserved 1130496K
  class space    used 12490K, committed 12800K, reserved 1048576K
}
Event: 15.513 GC heap before
{Heap before GC invocations=47 (full 0):
 garbage-first heap   total 256000K, used 136609K [0x0000000080000000, 0x0000000100000000)
  region size 1024K, 12 young (12288K), 6 survivors (6144K)
 Metaspace       used 93915K, committed 94528K, reserved 1138688K
  class space    used 12571K, committed 12864K, reserved 1048576K
}
Event: 15.521 GC heap after
{Heap after GC invocations=48 (full 0):
 garbage-first heap   total 256000K, used 130572K [0x0000000080000000, 0x0000000100000000)
  region size 1024K, 2 young (2048K), 2 survivors (2048K)
 Metaspace       used 93915K, committed 94528K, reserved 1138688K
  class space    used 12571K, committed 12864K, reserved 1048576K
}
Event: 15.911 GC heap before
{Heap before GC invocations=48 (full 0):
 garbage-first heap   total 256000K, used 188940K [0x0000000080000000, 0x0000000100000000)
  region size 1024K, 60 young (61440K), 2 survivors (2048K)
 Metaspace       used 94880K, committed 95552K, reserved 1138688K
  class space    used 12639K, committed 12928K, reserved 1048576K
}

