# JRE version: OpenJDK Runtime Environment (17.0.6) (build 17.0.6+0-b2043.56-10027231)
# Java VM: OpenJDK 64-Bit Server VM (17.0.6+0-b2043.56-10027231, mixed mode, tiered, compressed oops, compressed class ptrs, g1 gc, windows-amd64)
GC Precious Log:
 CPUs: 8 total, 8 available
 Memory: 8072M
 Large Page Support: Disabled
 NUMA Support: Disabled
 Compressed Oops: Enabled (32-bit)
 Heap Region Size: 1M
 Heap Min Capacity: 8M
 Heap Initial Capacity: 128M
 Heap Max Capacity: 2G
 Pre-touch: Disabled
 Parallel Workers: 8
 Concurrent Workers: 2
 Concurrent Refinement Workers: 8
 Periodic GC: Disabled
Heap:
 garbage-first heap   total 217088K, used 136283K [0x0000000080000000, 0x0000000100000000)
  region size 1024K, 6 young (6144K), 2 survivors (2048K)
 Metaspace       used 88081K, committed 88704K, reserved 1130496K
  class space    used 11947K, committed 12224K, reserved 1048576K
GC Heap History (20 events):
Event: 6.321 GC heap before
{Heap before GC invocations=31 (full 0):
 garbage-first heap   total 147456K, used 90446K [0x0000000080000000, 0x0000000100000000)
  region size 1024K, 7 young (7168K), 4 survivors (4096K)
 Metaspace       used 62929K, committed 63488K, reserved 1105920K
  class space    used 8474K, committed 8704K, reserved 1048576K
}
Event: 6.325 GC heap after
{Heap after GC invocations=32 (full 0):
 garbage-first heap   total 177152K, used 87992K [0x0000000080000000, 0x0000000100000000)
  region size 1024K, 1 young (1024K), 1 survivors (1024K)
 Metaspace       used 62929K, committed 63488K, reserved 1105920K
  class space    used 8474K, committed 8704K, reserved 1048576K
}
Event: 6.971 GC heap before
{Heap before GC invocations=32 (full 0):
 garbage-first heap   total 177152K, used 126904K [0x0000000080000000, 0x0000000100000000)
  region size 1024K, 40 young (40960K), 1 survivors (1024K)
 Metaspace       used 70179K, committed 70848K, reserved 1114112K
  class space    used 9392K, committed 9664K, reserved 1048576K
}
Event: 6.975 GC heap after
{Heap after GC invocations=33 (full 0):
 garbage-first heap   total 177152K, used 90492K [0x0000000080000000, 0x0000000100000000)
  region size 1024K, 3 young (3072K), 3 survivors (3072K)
 Metaspace       used 70179K, committed 70848K, reserved 1114112K
  class space    used 9392K, committed 9664K, reserved 1048576K
}
Event: 7.604 GC heap before
{Heap before GC invocations=34 (full 0):
 garbage-first heap   total 183296K, used 145788K [0x0000000080000000, 0x0000000100000000)
  region size 1024K, 51 young (52224K), 3 survivors (3072K)
 Metaspace       used 73935K, committed 74624K, reserved 1114112K
  class space    used 9870K, committed 10176K, reserved 1048576K
}
Event: 7.611 GC heap after
{Heap after GC invocations=35 (full 0):
 garbage-first heap   total 183296K, used 94350K [0x0000000080000000, 0x0000000100000000)
  region size 1024K, 7 young (7168K), 7 survivors (7168K)
 Metaspace       used 73935K, committed 74624K, reserved 1114112K
  class space    used 9870K, committed 10176K, reserved 1048576K
}
Event: 8.131 GC heap before
{Heap before GC invocations=35 (full 0):
 garbage-first heap   total 183296K, used 142478K [0x0000000080000000, 0x0000000100000000)
  region size 1024K, 54 young (55296K), 7 survivors (7168K)
 Metaspace       used 75628K, committed 76288K, reserved 1122304K
  class space    used 10120K, committed 10432K, reserved 1048576K
}
Event: 8.138 GC heap after
{Heap after GC invocations=36 (full 0):
 garbage-first heap   total 183296K, used 98495K [0x0000000080000000, 0x0000000100000000)
  region size 1024K, 5 young (5120K), 5 survivors (5120K)
 Metaspace       used 75628K, committed 76288K, reserved 1122304K
  class space    used 10120K, committed 10432K, reserved 1048576K
}
Event: 8.780 GC heap before
{Heap before GC invocations=37 (full 0):
 garbage-first heap   total 183296K, used 145599K [0x0000000080000000, 0x0000000100000000)
  region size 1024K, 51 young (52224K), 5 survivors (5120K)
 Metaspace       used 81104K, committed 81728K, reserved 1122304K
  class space    used 11066K, committed 11328K, reserved 1048576K
}
Event: 8.785 GC heap after
{Heap after GC invocations=38 (full 0):
 garbage-first heap   total 183296K, used 100963K [0x0000000080000000, 0x0000000100000000)
  region size 1024K, 3 young (3072K), 3 survivors (3072K)
 Metaspace       used 81104K, committed 81728K, reserved 1122304K
  class space    used 11066K, committed 11328K, reserved 1048576K
}
Event: 8.866 GC heap before
{Heap before GC invocations=38 (full 0):
 garbage-first heap   total 183296K, used 106083K [0x0000000080000000, 0x0000000100000000)
  region size 1024K, 8 young (8192K), 3 survivors (3072K)
 Metaspace       used 81531K, committed 82112K, reserved 1122304K
  class space    used 11133K, committed 11392K, reserved 1048576K
}
Event: 8.871 GC heap after
{Heap after GC invocations=39 (full 0):
 garbage-first heap   total 183296K, used 101127K [0x0000000080000000, 0x0000000100000000)
  region size 1024K, 1 young (1024K), 1 survivors (1024K)
 Metaspace       used 81531K, committed 82112K, reserved 1122304K
  class space    used 11133K, committed 11392K, reserved 1048576K
}
Event: 9.111 GC heap before
{Heap before GC invocations=39 (full 0):
 garbage-first heap   total 183296K, used 109319K [0x0000000080000000, 0x0000000100000000)
  region size 1024K, 10 young (10240K), 1 survivors (1024K)
 Metaspace       used 82852K, committed 83520K, reserved 1122304K
  class space    used 11297K, committed 11584K, reserved 1048576K
}
Event: 9.113 GC heap after
{Heap after GC invocations=40 (full 0):
 garbage-first heap   total 183296K, used 101843K [0x0000000080000000, 0x0000000100000000)
  region size 1024K, 2 young (2048K), 2 survivors (2048K)
 Metaspace       used 82852K, committed 83520K, reserved 1122304K
  class space    used 11297K, committed 11584K, reserved 1048576K
}
Event: 9.746 GC heap before
{Heap before GC invocations=41 (full 0):
 garbage-first heap   total 217088K, used 166355K [0x0000000080000000, 0x0000000100000000)
  region size 1024K, 43 young (44032K), 2 survivors (2048K)
 Metaspace       used 86070K, committed 86720K, reserved 1130496K
  class space    used 11781K, committed 12096K, reserved 1048576K
}
Event: 9.753 GC heap after
{Heap after GC invocations=42 (full 0):
 garbage-first heap   total 217088K, used 130967K [0x0000000080000000, 0x0000000100000000)
  region size 1024K, 6 young (6144K), 6 survivors (6144K)
 Metaspace       used 86070K, committed 86720K, reserved 1130496K
  class space    used 11781K, committed 12096K, reserved 1048576K
}
Event: 9.796 GC heap before
{Heap before GC invocations=42 (full 0):
 garbage-first heap   total 217088K, used 135063K [0x0000000080000000, 0x0000000100000000)
  region size 1024K, 10 young (10240K), 6 survivors (6144K)
 Metaspace       used 86377K, committed 86976K, reserved 1130496K
  class space    used 11830K, committed 12096K, reserved 1048576K
}
Event: 9.802 GC heap after
{Heap after GC invocations=43 (full 0):
 garbage-first heap   total 217088K, used 131225K [0x0000000080000000, 0x0000000100000000)
  region size 1024K, 1 young (1024K), 1 survivors (1024K)
 Metaspace       used 86377K, committed 86976K, reserved 1130496K
  class space    used 11830K, committed 12096K, reserved 1048576K
}
Event: 9.952 GC heap before
{Heap before GC invocations=43 (full 0):
 garbage-first heap   total 217088K, used 141465K [0x0000000080000000, 0x0000000100000000)
  region size 1024K, 13 young (13312K), 1 survivors (1024K)
 Metaspace       used 87120K, committed 87680K, reserved 1130496K
  class space    used 11911K, committed 12160K, reserved 1048576K
}
Event: 9.955 GC heap after
{Heap after GC invocations=44 (full 0):
 garbage-first heap   total 217088K, used 132187K [0x0000000080000000, 0x0000000100000000)
  region size 1024K, 2 young (2048K), 2 survivors (2048K)
 Metaspace       used 87120K, committed 87680K, reserved 1130496K
  class space    used 11911K, committed 12160K, reserved 1048576K
}

