# JRE version: OpenJDK Runtime Environment (17.0.6) (build 17.0.6+0-b2043.56-10027231)
# Java VM: OpenJDK 64-Bit Server VM (17.0.6+0-b2043.56-10027231, mixed mode, tiered, compressed oops, compressed class ptrs, g1 gc, windows-amd64)
GC Precious Log:
 CPUs: 8 total, 8 available
 Memory: 8072M
 Large Page Support: Disabled
 NUMA Support: Disabled
 Compressed Oops: Enabled (32-bit)
 Heap Region Size: 1M
 Heap Min Capacity: 8M
 Heap Initial Capacity: 128M
 Heap Max Capacity: 2G
 Pre-touch: Disabled
 Parallel Workers: 8
 Concurrent Workers: 2
 Concurrent Refinement Workers: 8
 Periodic GC: Disabled
Heap:
 garbage-first heap   total 404480K, used 294912K [0x0000000080000000, 0x0000000100000000)
  region size 1024K, 7 young (7168K), 7 survivors (7168K)
 Metaspace       used 140156K, committed 141056K, reserved 1171456K
  class space    used 19197K, committed 19648K, reserved 1048576K
GC Heap History (20 events):
Event: 13.693 GC heap after
{Heap after GC invocations=40 (full 0):
 garbage-first heap   total 403456K, used 125112K [0x0000000080000000, 0x0000000100000000)
  region size 1024K, 20 young (20480K), 20 survivors (20480K)
 Metaspace       used 101053K, committed 101760K, reserved 1138688K
  class space    used 13476K, committed 13824K, reserved 1048576K
}
Event: 13.696 GC heap before
{Heap before GC invocations=40 (full 0):
 garbage-first heap   total 403456K, used 126136K [0x0000000080000000, 0x0000000100000000)
  region size 1024K, 21 young (21504K), 20 survivors (20480K)
 Metaspace       used 101055K, committed 101760K, reserved 1138688K
  class space    used 13476K, committed 13824K, reserved 1048576K
}
Event: 13.704 GC heap after
{Heap after GC invocations=41 (full 0):
 garbage-first heap   total 403456K, used 121816K [0x0000000080000000, 0x0000000100000000)
  region size 1024K, 3 young (3072K), 3 survivors (3072K)
 Metaspace       used 101055K, committed 101760K, reserved 1138688K
  class space    used 13476K, committed 13824K, reserved 1048576K
}
Event: 15.447 GC heap before
{Heap before GC invocations=41 (full 0):
 garbage-first heap   total 403456K, used 306136K [0x0000000080000000, 0x0000000100000000)
  region size 1024K, 182 young (186368K), 3 survivors (3072K)
 Metaspace       used 112077K, committed 112832K, reserved 1146880K
  class space    used 14856K, committed 15232K, reserved 1048576K
}
Event: 15.455 GC heap after
{Heap after GC invocations=42 (full 0):
 garbage-first heap   total 403456K, used 130846K [0x0000000080000000, 0x0000000100000000)
  region size 1024K, 10 young (10240K), 10 survivors (10240K)
 Metaspace       used 112077K, committed 112832K, reserved 1146880K
  class space    used 14856K, committed 15232K, reserved 1048576K
}
Event: 17.539 GC heap before
{Heap before GC invocations=42 (full 0):
 garbage-first heap   total 403456K, used 313118K [0x0000000080000000, 0x0000000100000000)
  region size 1024K, 186 young (190464K), 10 survivors (10240K)
 Metaspace       used 131634K, committed 132480K, reserved 1163264K
  class space    used 18248K, committed 18624K, reserved 1048576K
}
Event: 17.550 GC heap after
{Heap after GC invocations=43 (full 0):
 garbage-first heap   total 403456K, used 133888K [0x0000000080000000, 0x0000000100000000)
  region size 1024K, 15 young (15360K), 15 survivors (15360K)
 Metaspace       used 131634K, committed 132480K, reserved 1163264K
  class space    used 18248K, committed 18624K, reserved 1048576K
}
Event: 132.448 GC heap before
{Heap before GC invocations=43 (full 0):
 garbage-first heap   total 403456K, used 346880K [0x0000000080000000, 0x0000000100000000)
  region size 1024K, 194 young (198656K), 15 survivors (15360K)
 Metaspace       used 137023K, committed 137984K, reserved 1171456K
  class space    used 18905K, committed 19392K, reserved 1048576K
}
Event: 132.467 GC heap after
{Heap after GC invocations=44 (full 0):
 garbage-first heap   total 403456K, used 163375K [0x0000000080000000, 0x0000000100000000)
  region size 1024K, 25 young (25600K), 25 survivors (25600K)
 Metaspace       used 137023K, committed 137984K, reserved 1171456K
  class space    used 18905K, committed 19392K, reserved 1048576K
}
Event: 133.294 GC heap before
{Heap before GC invocations=44 (full 0):
 garbage-first heap   total 403456K, used 342575K [0x0000000080000000, 0x0000000100000000)
  region size 1024K, 165 young (168960K), 25 survivors (25600K)
 Metaspace       used 137314K, committed 138304K, reserved 1171456K
  class space    used 18911K, committed 19392K, reserved 1048576K
}
Event: 133.313 GC heap after
{Heap after GC invocations=45 (full 0):
 garbage-first heap   total 403456K, used 180823K [0x0000000080000000, 0x0000000100000000)
  region size 1024K, 17 young (17408K), 17 survivors (17408K)
 Metaspace       used 137314K, committed 138304K, reserved 1171456K
  class space    used 18911K, committed 19392K, reserved 1048576K
}
Event: 133.851 GC heap before
{Heap before GC invocations=45 (full 0):
 garbage-first heap   total 403456K, used 310871K [0x0000000080000000, 0x0000000100000000)
  region size 1024K, 145 young (148480K), 17 survivors (17408K)
 Metaspace       used 138897K, committed 139776K, reserved 1171456K
  class space    used 19084K, committed 19520K, reserved 1048576K
}
Event: 133.862 GC heap after
{Heap after GC invocations=46 (full 0):
 garbage-first heap   total 403456K, used 175018K [0x0000000080000000, 0x0000000100000000)
  region size 1024K, 4 young (4096K), 4 survivors (4096K)
 Metaspace       used 138897K, committed 139776K, reserved 1171456K
  class space    used 19084K, committed 19520K, reserved 1048576K
}
Event: 134.270 GC heap before
{Heap before GC invocations=46 (full 0):
 garbage-first heap   total 403456K, used 363434K [0x0000000080000000, 0x0000000100000000)
  region size 1024K, 143 young (146432K), 4 survivors (4096K)
 Metaspace       used 139642K, committed 140544K, reserved 1171456K
  class space    used 19153K, committed 19584K, reserved 1048576K
}
Event: 134.301 GC heap after
{Heap after GC invocations=47 (full 0):
 garbage-first heap   total 404480K, used 237534K [0x0000000080000000, 0x0000000100000000)
  region size 1024K, 18 young (18432K), 18 survivors (18432K)
 Metaspace       used 139642K, committed 140544K, reserved 1171456K
  class space    used 19153K, committed 19584K, reserved 1048576K
}
Event: 134.511 GC heap before
{Heap before GC invocations=47 (full 0):
 garbage-first heap   total 404480K, used 320478K [0x0000000080000000, 0x0000000100000000)
  region size 1024K, 99 young (101376K), 18 survivors (18432K)
 Metaspace       used 140037K, committed 140992K, reserved 1171456K
  class space    used 19195K, committed 19648K, reserved 1048576K
}
Event: 134.534 GC heap after
{Heap after GC invocations=48 (full 0):
 garbage-first heap   total 404480K, used 264859K [0x0000000080000000, 0x0000000100000000)
  region size 1024K, 13 young (13312K), 13 survivors (13312K)
 Metaspace       used 140037K, committed 140992K, reserved 1171456K
  class space    used 19195K, committed 19648K, reserved 1048576K
}
Event: 134.609 GC heap before
{Heap before GC invocations=48 (full 0):
 garbage-first heap   total 404480K, used 323227K [0x0000000080000000, 0x0000000100000000)
  region size 1024K, 71 young (72704K), 13 survivors (13312K)
 Metaspace       used 140134K, committed 141056K, reserved 1171456K
  class space    used 19195K, committed 19648K, reserved 1048576K
}
Event: 134.629 GC heap after
{Heap after GC invocations=49 (full 0):
 garbage-first heap   total 404480K, used 283648K [0x0000000080000000, 0x0000000100000000)
  region size 1024K, 9 young (9216K), 9 survivors (9216K)
 Metaspace       used 140134K, committed 141056K, reserved 1171456K
  class space    used 19195K, committed 19648K, reserved 1048576K
}
Event: 134.659 GC heap before
{Heap before GC invocations=49 (full 0):
 garbage-first heap   total 404480K, used 306176K [0x0000000080000000, 0x0000000100000000)
  region size 1024K, 33 young (33792K), 9 survivors (9216K)
 Metaspace       used 140156K, committed 141056K, reserved 1171456K
  class space    used 19197K, committed 19648K, reserved 1048576K
}

