# JRE version: OpenJDK Runtime Environment (17.0.6) (build 17.0.6+0-b2043.56-10027231)
# Java VM: OpenJDK 64-Bit Server VM (17.0.6+0-b2043.56-10027231, mixed mode, tiered, compressed oops, compressed class ptrs, g1 gc, windows-amd64)
GC Precious Log:
 CPUs: 8 total, 8 available
 Memory: 8072M
 Large Page Support: Disabled
 NUMA Support: Disabled
 Compressed Oops: Enabled (32-bit)
 Heap Region Size: 1M
 Heap Min Capacity: 8M
 Heap Initial Capacity: 128M
 Heap Max Capacity: 2G
 Pre-touch: Disabled
 Parallel Workers: 8
 Concurrent Workers: 2
 Concurrent Refinement Workers: 8
 Periodic GC: Disabled
Heap:
 garbage-first heap   total 295936K, used 227365K [0x0000000080000000, 0x0000000100000000)
  region size 1024K, 105 young (107520K), 13 survivors (13312K)
 Metaspace       used 123989K, committed 124864K, reserved 1163264K
  class space    used 17296K, committed 17728K, reserved 1048576K
GC Heap History (20 events):
Event: 10.702 GC heap before
{Heap before GC invocations=36 (full 0):
 garbage-first heap   total 184320K, used 138328K [0x0000000080000000, 0x0000000100000000)
  region size 1024K, 78 young (79872K), 2 survivors (2048K)
 Metaspace       used 80641K, committed 81216K, reserved 1122304K
  class space    used 10985K, committed 11264K, reserved 1048576K
}
Event: 10.708 GC heap after
{Heap after GC invocations=37 (full 0):
 garbage-first heap   total 184320K, used 66285K [0x0000000080000000, 0x0000000100000000)
  region size 1024K, 7 young (7168K), 7 survivors (7168K)
 Metaspace       used 80641K, committed 81216K, reserved 1122304K
  class space    used 10985K, committed 11264K, reserved 1048576K
}
Event: 10.735 GC heap before
{Heap before GC invocations=37 (full 0):
 garbage-first heap   total 184320K, used 68333K [0x0000000080000000, 0x0000000100000000)
  region size 1024K, 9 young (9216K), 7 survivors (7168K)
 Metaspace       used 80774K, committed 81408K, reserved 1122304K
  class space    used 11009K, committed 11328K, reserved 1048576K
}
Event: 10.741 GC heap after
{Heap after GC invocations=38 (full 0):
 garbage-first heap   total 184320K, used 66669K [0x0000000080000000, 0x0000000100000000)
  region size 1024K, 1 young (1024K), 1 survivors (1024K)
 Metaspace       used 80774K, committed 81408K, reserved 1122304K
  class space    used 11009K, committed 11328K, reserved 1048576K
}
Event: 11.520 GC heap before
{Heap before GC invocations=38 (full 0):
 garbage-first heap   total 184320K, used 139373K [0x0000000080000000, 0x0000000100000000)
  region size 1024K, 72 young (73728K), 1 survivors (1024K)
 Metaspace       used 83530K, committed 84160K, reserved 1122304K
  class space    used 11466K, committed 11776K, reserved 1048576K
}
Event: 11.530 GC heap after
{Heap after GC invocations=39 (full 0):
 garbage-first heap   total 184320K, used 75776K [0x0000000080000000, 0x0000000100000000)
  region size 1024K, 9 young (9216K), 9 survivors (9216K)
 Metaspace       used 83530K, committed 84160K, reserved 1122304K
  class space    used 11466K, committed 11776K, reserved 1048576K
}
Event: 12.305 GC heap before
{Heap before GC invocations=39 (full 0):
 garbage-first heap   total 184320K, used 141312K [0x0000000080000000, 0x0000000100000000)
  region size 1024K, 74 young (75776K), 9 survivors (9216K)
 Metaspace       used 85158K, committed 85760K, reserved 1130496K
  class space    used 11750K, committed 12032K, reserved 1048576K
}
Event: 12.318 GC heap after
{Heap after GC invocations=40 (full 0):
 garbage-first heap   total 184320K, used 83381K [0x0000000080000000, 0x0000000100000000)
  region size 1024K, 8 young (8192K), 8 survivors (8192K)
 Metaspace       used 85158K, committed 85760K, reserved 1130496K
  class space    used 11750K, committed 12032K, reserved 1048576K
}
Event: 12.913 GC heap before
{Heap before GC invocations=40 (full 0):
 garbage-first heap   total 184320K, used 142773K [0x0000000080000000, 0x0000000100000000)
  region size 1024K, 67 young (68608K), 8 survivors (8192K)
 Metaspace       used 85754K, committed 86400K, reserved 1130496K
  class space    used 11788K, committed 12096K, reserved 1048576K
}
Event: 12.923 GC heap after
{Heap after GC invocations=41 (full 0):
 garbage-first heap   total 184320K, used 87402K [0x0000000080000000, 0x0000000100000000)
  region size 1024K, 6 young (6144K), 6 survivors (6144K)
 Metaspace       used 85754K, committed 86400K, reserved 1130496K
  class space    used 11788K, committed 12096K, reserved 1048576K
}
Event: 13.452 GC heap before
{Heap before GC invocations=41 (full 0):
 garbage-first heap   total 184320K, used 145770K [0x0000000080000000, 0x0000000100000000)
  region size 1024K, 64 young (65536K), 6 survivors (6144K)
 Metaspace       used 86051K, committed 86784K, reserved 1130496K
  class space    used 11803K, committed 12160K, reserved 1048576K
}
Event: 13.461 GC heap after
{Heap after GC invocations=42 (full 0):
 garbage-first heap   total 184320K, used 91402K [0x0000000080000000, 0x0000000100000000)
  region size 1024K, 6 young (6144K), 6 survivors (6144K)
 Metaspace       used 86051K, committed 86784K, reserved 1130496K
  class space    used 11803K, committed 12160K, reserved 1048576K
}
Event: 13.970 GC heap before
{Heap before GC invocations=42 (full 0):
 garbage-first heap   total 184320K, used 147722K [0x0000000080000000, 0x0000000100000000)
  region size 1024K, 61 young (62464K), 6 survivors (6144K)
 Metaspace       used 87750K, committed 88448K, reserved 1130496K
  class space    used 11964K, committed 12288K, reserved 1048576K
}
Event: 13.980 GC heap after
{Heap after GC invocations=43 (full 0):
 garbage-first heap   total 295936K, used 97623K [0x0000000080000000, 0x0000000100000000)
  region size 1024K, 8 young (8192K), 8 survivors (8192K)
 Metaspace       used 87750K, committed 88448K, reserved 1130496K
  class space    used 11964K, committed 12288K, reserved 1048576K
}
Event: 16.537 GC heap before
{Heap before GC invocations=43 (full 0):
 garbage-first heap   total 295936K, used 235863K [0x0000000080000000, 0x0000000100000000)
  region size 1024K, 142 young (145408K), 8 survivors (8192K)
 Metaspace       used 98511K, committed 99264K, reserved 1138688K
  class space    used 13296K, committed 13632K, reserved 1048576K
}
Event: 16.554 GC heap after
{Heap after GC invocations=44 (full 0):
 garbage-first heap   total 295936K, used 104771K [0x0000000080000000, 0x0000000100000000)
  region size 1024K, 13 young (13312K), 13 survivors (13312K)
 Metaspace       used 98511K, committed 99264K, reserved 1138688K
  class space    used 13296K, committed 13632K, reserved 1048576K
}
Event: 17.888 GC heap before
{Heap before GC invocations=44 (full 0):
 garbage-first heap   total 295936K, used 233795K [0x0000000080000000, 0x0000000100000000)
  region size 1024K, 140 young (143360K), 13 survivors (13312K)
 Metaspace       used 106494K, committed 107264K, reserved 1146880K
  class space    used 14544K, committed 14912K, reserved 1048576K
}
Event: 17.905 GC heap after
{Heap after GC invocations=45 (full 0):
 garbage-first heap   total 295936K, used 108795K [0x0000000080000000, 0x0000000100000000)
  region size 1024K, 13 young (13312K), 13 survivors (13312K)
 Metaspace       used 106494K, committed 107264K, reserved 1146880K
  class space    used 14544K, committed 14912K, reserved 1048576K
}
Event: 19.415 GC heap before
{Heap before GC invocations=45 (full 0):
 garbage-first heap   total 295936K, used 223483K [0x0000000080000000, 0x0000000100000000)
  region size 1024K, 127 young (130048K), 13 survivors (13312K)
 Metaspace       used 119591K, committed 120256K, reserved 1155072K
  class space    used 16721K, committed 17024K, reserved 1048576K
}
Event: 19.428 GC heap after
{Heap after GC invocations=46 (full 0):
 garbage-first heap   total 295936K, used 112677K [0x0000000080000000, 0x0000000100000000)
  region size 1024K, 13 young (13312K), 13 survivors (13312K)
 Metaspace       used 119591K, committed 120256K, reserved 1155072K
  class space    used 16721K, committed 17024K, reserved 1048576K
}

