# JRE version: OpenJDK Runtime Environment (17.0.6) (build 17.0.6+0-b2043.56-10027231)
# Java VM: OpenJDK 64-Bit Server VM (17.0.6+0-b2043.56-10027231, mixed mode, tiered, compressed oops, compressed class ptrs, g1 gc, windows-amd64)
GC Precious Log:
 CPUs: 8 total, 8 available
 Memory: 8072M
 Large Page Support: Disabled
 NUMA Support: Disabled
 Compressed Oops: Enabled (32-bit)
 Heap Region Size: 1M
 Heap Min Capacity: 8M
 Heap Initial Capacity: 128M
 Heap Max Capacity: 2G
 Pre-touch: Disabled
 Parallel Workers: 8
 Concurrent Workers: 2
 Concurrent Refinement Workers: 8
 Periodic GC: Disabled
Heap:
 garbage-first heap   total 360448K, used 150127K [0x0000000080000000, 0x0000000100000000)
  region size 1024K, 3 young (3072K), 3 survivors (3072K)
 Metaspace       used 128294K, committed 129344K, reserved 1163264K
  class space    used 17636K, committed 18176K, reserved 1048576K
GC Heap History (20 events):
Event: 1030.327 GC heap after
{Heap after GC invocations=44 (full 0):
 garbage-first heap   total 265216K, used 200392K [0x0000000080000000, 0x0000000100000000)
  region size 1024K, 2 young (2048K), 2 survivors (2048K)
 Metaspace       used 102791K, committed 103744K, reserved 1138688K
  class space    used 13613K, committed 14080K, reserved 1048576K
}
Event: 1030.426 GC heap before
{Heap before GC invocations=44 (full 0):
 garbage-first heap   total 265216K, used 225992K [0x0000000080000000, 0x0000000100000000)
  region size 1024K, 27 young (27648K), 2 survivors (2048K)
 Metaspace       used 102859K, committed 103808K, reserved 1138688K
  class space    used 13623K, committed 14080K, reserved 1048576K
}
Event: 1030.430 GC heap after
{Heap after GC invocations=45 (full 0):
 garbage-first heap   total 265216K, used 202313K [0x0000000080000000, 0x0000000100000000)
  region size 1024K, 4 young (4096K), 4 survivors (4096K)
 Metaspace       used 102859K, committed 103808K, reserved 1138688K
  class space    used 13623K, committed 14080K, reserved 1048576K
}
Event: 1030.688 GC heap before
{Heap before GC invocations=45 (full 0):
 garbage-first heap   total 265216K, used 230985K [0x0000000080000000, 0x0000000100000000)
  region size 1024K, 29 young (29696K), 4 survivors (4096K)
 Metaspace       used 105933K, committed 106880K, reserved 1146880K
  class space    used 14066K, committed 14528K, reserved 1048576K
}
Event: 1030.692 GC heap after
{Heap after GC invocations=46 (full 0):
 garbage-first heap   total 318464K, used 204712K [0x0000000080000000, 0x0000000100000000)
  region size 1024K, 4 young (4096K), 4 survivors (4096K)
 Metaspace       used 105933K, committed 106880K, reserved 1146880K
  class space    used 14066K, committed 14528K, reserved 1048576K
}
Event: 1030.976 GC heap before
{Heap before GC invocations=46 (full 0):
 garbage-first heap   total 318464K, used 249768K [0x0000000080000000, 0x0000000100000000)
  region size 1024K, 50 young (51200K), 4 survivors (4096K)
 Metaspace       used 111818K, committed 112768K, reserved 1146880K
  class space    used 15052K, committed 15488K, reserved 1048576K
}
Event: 1030.984 GC heap after
{Heap after GC invocations=47 (full 0):
 garbage-first heap   total 318464K, used 213544K [0x0000000080000000, 0x0000000100000000)
  region size 1024K, 8 young (8192K), 8 survivors (8192K)
 Metaspace       used 111818K, committed 112768K, reserved 1146880K
  class space    used 15052K, committed 15488K, reserved 1048576K
}
Event: 1031.386 GC heap before
{Heap before GC invocations=48 (full 0):
 garbage-first heap   total 360448K, used 249384K [0x0000000080000000, 0x0000000100000000)
  region size 1024K, 54 young (55296K), 8 survivors (8192K)
 Metaspace       used 116160K, committed 117120K, reserved 1155072K
  class space    used 15933K, committed 16384K, reserved 1048576K
}
Event: 1031.394 GC heap after
{Heap after GC invocations=49 (full 0):
 garbage-first heap   total 360448K, used 206643K [0x0000000080000000, 0x0000000100000000)
  region size 1024K, 4 young (4096K), 4 survivors (4096K)
 Metaspace       used 116160K, committed 117120K, reserved 1155072K
  class space    used 15933K, committed 16384K, reserved 1048576K
}
Event: 1031.462 GC heap before
{Heap before GC invocations=49 (full 0):
 garbage-first heap   total 360448K, used 219955K [0x0000000080000000, 0x0000000100000000)
  region size 1024K, 17 young (17408K), 4 survivors (4096K)
 Metaspace       used 116372K, committed 117248K, reserved 1155072K
  class space    used 15960K, committed 16384K, reserved 1048576K
}
Event: 1031.467 GC heap after
{Heap after GC invocations=50 (full 0):
 garbage-first heap   total 360448K, used 167692K [0x0000000080000000, 0x0000000100000000)
  region size 1024K, 2 young (2048K), 2 survivors (2048K)
 Metaspace       used 116372K, committed 117248K, reserved 1155072K
  class space    used 15960K, committed 16384K, reserved 1048576K
}
Event: 1031.559 GC heap before
{Heap before GC invocations=50 (full 0):
 garbage-first heap   total 360448K, used 183052K [0x0000000080000000, 0x0000000100000000)
  region size 1024K, 17 young (17408K), 2 survivors (2048K)
 Metaspace       used 117709K, committed 118720K, reserved 1155072K
  class space    used 16198K, committed 16640K, reserved 1048576K
}
Event: 1031.565 GC heap after
{Heap after GC invocations=51 (full 0):
 garbage-first heap   total 360448K, used 135259K [0x0000000080000000, 0x0000000100000000)
  region size 1024K, 1 young (1024K), 1 survivors (1024K)
 Metaspace       used 117709K, committed 118720K, reserved 1155072K
  class space    used 16198K, committed 16640K, reserved 1048576K
}
Event: 2037.017 GC heap before
{Heap before GC invocations=51 (full 0):
 garbage-first heap   total 360448K, used 312411K [0x0000000080000000, 0x0000000100000000)
  region size 1024K, 145 young (148480K), 1 survivors (1024K)
 Metaspace       used 127596K, committed 128640K, reserved 1163264K
  class space    used 17645K, committed 18176K, reserved 1048576K
}
Event: 2037.029 GC heap after
{Heap after GC invocations=52 (full 0):
 garbage-first heap   total 360448K, used 139887K [0x0000000080000000, 0x0000000100000000)
  region size 1024K, 6 young (6144K), 6 survivors (6144K)
 Metaspace       used 127596K, committed 128640K, reserved 1163264K
  class space    used 17645K, committed 18176K, reserved 1048576K
}
Event: 2127.904 GC heap before
{Heap before GC invocations=53 (full 0):
 garbage-first heap   total 360448K, used 287343K [0x0000000080000000, 0x0000000100000000)
  region size 1024K, 151 young (154624K), 6 survivors (6144K)
 Metaspace       used 127918K, committed 128960K, reserved 1163264K
  class space    used 17631K, committed 18176K, reserved 1048576K
}
Event: 2127.922 GC heap after
{Heap after GC invocations=54 (full 0):
 garbage-first heap   total 360448K, used 163609K [0x0000000080000000, 0x0000000100000000)
  region size 1024K, 19 young (19456K), 19 survivors (19456K)
 Metaspace       used 127918K, committed 128960K, reserved 1163264K
  class space    used 17631K, committed 18176K, reserved 1048576K
}
Event: 2127.931 GC heap before
{Heap before GC invocations=54 (full 0):
 garbage-first heap   total 360448K, used 164633K [0x0000000080000000, 0x0000000100000000)
  region size 1024K, 20 young (20480K), 19 survivors (19456K)
 Metaspace       used 127920K, committed 128960K, reserved 1163264K
  class space    used 17631K, committed 18176K, reserved 1048576K
}
Event: 2127.951 GC heap after
{Heap after GC invocations=55 (full 0):
 garbage-first heap   total 360448K, used 149847K [0x0000000080000000, 0x0000000100000000)
  region size 1024K, 2 young (2048K), 2 survivors (2048K)
 Metaspace       used 127920K, committed 128960K, reserved 1163264K
  class space    used 17631K, committed 18176K, reserved 1048576K
}
Event: 2128.286 GC heap before
{Heap before GC invocations=55 (full 0):
 garbage-first heap   total 360448K, used 193879K [0x0000000080000000, 0x0000000100000000)
  region size 1024K, 47 young (48128K), 2 survivors (2048K)
 Metaspace       used 128294K, committed 129344K, reserved 1163264K
  class space    used 17636K, committed 18176K, reserved 1048576K
}

