# JRE version: OpenJDK Runtime Environment (17.0.6) (build 17.0.6+0-b2043.56-10027231)
# Java VM: OpenJDK 64-Bit Server VM (17.0.6+0-b2043.56-10027231, mixed mode, tiered, compressed oops, compressed class ptrs, g1 gc, windows-amd64)
GC Precious Log:
 CPUs: 8 total, 8 available
 Memory: 8072M
 Large Page Support: Disabled
 NUMA Support: Disabled
 Compressed Oops: Enabled (32-bit)
 Heap Region Size: 1M
 Heap Min Capacity: 8M
 Heap Initial Capacity: 128M
 Heap Max Capacity: 2G
 Pre-touch: Disabled
 Parallel Workers: 8
 Concurrent Workers: 2
 Concurrent Refinement Workers: 8
 Periodic GC: Disabled
Heap:
 garbage-first heap   total 133120K, used 90184K [0x0000000080000000, 0x0000000100000000)
  region size 1024K, 17 young (17408K), 3 survivors (3072K)
 Metaspace       used 58019K, committed 58560K, reserved 1105920K
  class space    used 7814K, committed 8064K, reserved 1048576K
GC Heap History (20 events):
Event: 4.081 GC heap before
{Heap before GC invocations=11 (full 0):
 garbage-first heap   total 101376K, used 75436K [0x0000000080000000, 0x0000000100000000)
  region size 1024K, 29 young (29696K), 3 survivors (3072K)
 Metaspace       used 40628K, committed 41024K, reserved 1089536K
  class space    used 5495K, committed 5696K, reserved 1048576K
}
Event: 4.085 GC heap after
{Heap after GC invocations=12 (full 0):
 garbage-first heap   total 101376K, used 52984K [0x0000000080000000, 0x0000000100000000)
  region size 1024K, 4 young (4096K), 4 survivors (4096K)
 Metaspace       used 40628K, committed 41024K, reserved 1089536K
  class space    used 5495K, committed 5696K, reserved 1048576K
}
Event: 4.288 GC heap before
{Heap before GC invocations=12 (full 0):
 garbage-first heap   total 101376K, used 78584K [0x0000000080000000, 0x0000000100000000)
  region size 1024K, 29 young (29696K), 4 survivors (4096K)
 Metaspace       used 42068K, committed 42496K, reserved 1089536K
  class space    used 5616K, committed 5824K, reserved 1048576K
}
Event: 4.294 GC heap after
{Heap after GC invocations=13 (full 0):
 garbage-first heap   total 101376K, used 55636K [0x0000000080000000, 0x0000000100000000)
  region size 1024K, 3 young (3072K), 3 survivors (3072K)
 Metaspace       used 42068K, committed 42496K, reserved 1089536K
  class space    used 5616K, committed 5824K, reserved 1048576K
}
Event: 4.779 GC heap before
{Heap before GC invocations=14 (full 0):
 garbage-first heap   total 101376K, used 81236K [0x0000000080000000, 0x0000000100000000)
  region size 1024K, 26 young (26624K), 3 survivors (3072K)
 Metaspace       used 45770K, committed 46144K, reserved 1089536K
  class space    used 6055K, committed 6208K, reserved 1048576K
}
Event: 4.784 GC heap after
{Heap after GC invocations=15 (full 0):
 garbage-first heap   total 101376K, used 57079K [0x0000000080000000, 0x0000000100000000)
  region size 1024K, 2 young (2048K), 2 survivors (2048K)
 Metaspace       used 45770K, committed 46144K, reserved 1089536K
  class space    used 6055K, committed 6208K, reserved 1048576K
}
Event: 4.984 GC heap before
{Heap before GC invocations=15 (full 0):
 garbage-first heap   total 101376K, used 66295K [0x0000000080000000, 0x0000000100000000)
  region size 1024K, 12 young (12288K), 2 survivors (2048K)
 Metaspace       used 46634K, committed 47040K, reserved 1089536K
  class space    used 6194K, committed 6400K, reserved 1048576K
}
Event: 4.988 GC heap after
{Heap after GC invocations=16 (full 0):
 garbage-first heap   total 101376K, used 58614K [0x0000000080000000, 0x0000000100000000)
  region size 1024K, 4 young (4096K), 4 survivors (4096K)
 Metaspace       used 46634K, committed 47040K, reserved 1089536K
  class space    used 6194K, committed 6400K, reserved 1048576K
}
Event: 5.180 GC heap before
{Heap before GC invocations=17 (full 0):
 garbage-first heap   total 112640K, used 73974K [0x0000000080000000, 0x0000000100000000)
  region size 1024K, 15 young (15360K), 4 survivors (4096K)
 Metaspace       used 47355K, committed 47808K, reserved 1097728K
  class space    used 6277K, committed 6464K, reserved 1048576K
}
Event: 5.184 GC heap after
{Heap after GC invocations=18 (full 0):
 garbage-first heap   total 112640K, used 67166K [0x0000000080000000, 0x0000000100000000)
  region size 1024K, 4 young (4096K), 4 survivors (4096K)
 Metaspace       used 47355K, committed 47808K, reserved 1097728K
  class space    used 6277K, committed 6464K, reserved 1048576K
}
Event: 5.500 GC heap before
{Heap before GC invocations=19 (full 0):
 garbage-first heap   total 117760K, used 87646K [0x0000000080000000, 0x0000000100000000)
  region size 1024K, 23 young (23552K), 4 survivors (4096K)
 Metaspace       used 49198K, committed 49664K, reserved 1097728K
  class space    used 6435K, committed 6592K, reserved 1048576K
}
Event: 5.505 GC heap after
{Heap after GC invocations=20 (full 0):
 garbage-first heap   total 117760K, used 68754K [0x0000000080000000, 0x0000000100000000)
  region size 1024K, 3 young (3072K), 3 survivors (3072K)
 Metaspace       used 49198K, committed 49664K, reserved 1097728K
  class space    used 6435K, committed 6592K, reserved 1048576K
}
Event: 5.829 GC heap before
{Heap before GC invocations=20 (full 0):
 garbage-first heap   total 117760K, used 90258K [0x0000000080000000, 0x0000000100000000)
  region size 1024K, 24 young (24576K), 3 survivors (3072K)
 Metaspace       used 50949K, committed 51456K, reserved 1097728K
  class space    used 6747K, committed 6976K, reserved 1048576K
}
Event: 5.834 GC heap after
{Heap after GC invocations=21 (full 0):
 garbage-first heap   total 117760K, used 71271K [0x0000000080000000, 0x0000000100000000)
  region size 1024K, 3 young (3072K), 3 survivors (3072K)
 Metaspace       used 50949K, committed 51456K, reserved 1097728K
  class space    used 6747K, committed 6976K, reserved 1048576K
}
Event: 6.316 GC heap before
{Heap before GC invocations=22 (full 0):
 garbage-first heap   total 126976K, used 91751K [0x0000000080000000, 0x0000000100000000)
  region size 1024K, 23 young (23552K), 3 survivors (3072K)
 Metaspace       used 53557K, committed 54080K, reserved 1097728K
  class space    used 7172K, committed 7360K, reserved 1048576K
}
Event: 6.323 GC heap after
{Heap after GC invocations=23 (full 0):
 garbage-first heap   total 126976K, used 72491K [0x0000000080000000, 0x0000000100000000)
  region size 1024K, 2 young (2048K), 2 survivors (2048K)
 Metaspace       used 53557K, committed 54080K, reserved 1097728K
  class space    used 7172K, committed 7360K, reserved 1048576K
}
Event: 6.997 GC heap before
{Heap before GC invocations=23 (full 0):
 garbage-first heap   total 126976K, used 98091K [0x0000000080000000, 0x0000000100000000)
  region size 1024K, 28 young (28672K), 2 survivors (2048K)
 Metaspace       used 54593K, committed 55168K, reserved 1097728K
  class space    used 7270K, committed 7552K, reserved 1048576K
}
Event: 7.001 GC heap after
{Heap after GC invocations=24 (full 0):
 garbage-first heap   total 126976K, used 75334K [0x0000000080000000, 0x0000000100000000)
  region size 1024K, 4 young (4096K), 4 survivors (4096K)
 Metaspace       used 54593K, committed 55168K, reserved 1097728K
  class space    used 7270K, committed 7552K, reserved 1048576K
}
Event: 7.419 GC heap before
{Heap before GC invocations=25 (full 0):
 garbage-first heap   total 133120K, used 99910K [0x0000000080000000, 0x0000000100000000)
  region size 1024K, 29 young (29696K), 4 survivors (4096K)
 Metaspace       used 57495K, committed 58112K, reserved 1105920K
  class space    used 7760K, committed 8000K, reserved 1048576K
}
Event: 7.427 GC heap after
{Heap after GC invocations=26 (full 0):
 garbage-first heap   total 133120K, used 76872K [0x0000000080000000, 0x0000000100000000)
  region size 1024K, 3 young (3072K), 3 survivors (3072K)
 Metaspace       used 57495K, committed 58112K, reserved 1105920K
  class space    used 7760K, committed 8000K, reserved 1048576K
}

