# JRE version: OpenJDK Runtime Environment (17.0.6) (build 17.0.6+0-b2043.56-10027231)
# Java VM: OpenJDK 64-Bit Server VM (17.0.6+0-b2043.56-10027231, mixed mode, tiered, compressed oops, compressed class ptrs, g1 gc, windows-amd64)
GC Precious Log:
 CPUs: 8 total, 8 available
 Memory: 8072M
 Large Page Support: Disabled
 NUMA Support: Disabled
 Compressed Oops: Enabled (32-bit)
 Heap Region Size: 1M
 Heap Min Capacity: 8M
 Heap Initial Capacity: 128M
 Heap Max Capacity: 2G
 Pre-touch: Disabled
 Parallel Workers: 8
 Concurrent Workers: 2
 Concurrent Refinement Workers: 8
 Periodic GC: Disabled
Heap:
 garbage-first heap   total 404480K, used 118556K [0x0000000080000000, 0x0000000100000000)
  region size 1024K, 2 young (2048K), 2 survivors (2048K)
 Metaspace       used 132018K, committed 133056K, reserved 1171456K
  class space    used 17720K, committed 18304K, reserved 1048576K
GC Heap History (20 events):
Event: 1855.019 GC heap after
{Heap after GC invocations=58 (full 0):
 garbage-first heap   total 336896K, used 180299K [0x0000000080000000, 0x0000000100000000)
  region size 1024K, 5 young (5120K), 5 survivors (5120K)
 Metaspace       used 131102K, committed 132288K, reserved 1171456K
  class space    used 17767K, committed 18304K, reserved 1048576K
}
Event: 1855.186 GC heap before
{Heap before GC invocations=58 (full 0):
 garbage-first heap   total 336896K, used 190539K [0x0000000080000000, 0x0000000100000000)
  region size 1024K, 16 young (16384K), 5 survivors (5120K)
 Metaspace       used 131135K, committed 132288K, reserved 1171456K
  class space    used 17767K, committed 18304K, reserved 1048576K
}
Event: 1855.198 GC heap after
{Heap after GC invocations=59 (full 0):
 garbage-first heap   total 336896K, used 149415K [0x0000000080000000, 0x0000000100000000)
  region size 1024K, 2 young (2048K), 2 survivors (2048K)
 Metaspace       used 131135K, committed 132288K, reserved 1171456K
  class space    used 17767K, committed 18304K, reserved 1048576K
}
Event: 1855.348 GC heap before
{Heap before GC invocations=59 (full 0):
 garbage-first heap   total 336896K, used 162727K [0x0000000080000000, 0x0000000100000000)
  region size 1024K, 16 young (16384K), 2 survivors (2048K)
 Metaspace       used 131178K, committed 132288K, reserved 1171456K
  class space    used 17767K, committed 18304K, reserved 1048576K
}
Event: 1855.362 GC heap after
{Heap after GC invocations=60 (full 0):
 garbage-first heap   total 404480K, used 140905K [0x0000000080000000, 0x0000000100000000)
  region size 1024K, 2 young (2048K), 2 survivors (2048K)
 Metaspace       used 131178K, committed 132288K, reserved 1171456K
  class space    used 17767K, committed 18304K, reserved 1048576K
}
Event: 3994.796 GC heap before
{Heap before GC invocations=60 (full 0):
 garbage-first heap   total 404480K, used 289385K [0x0000000080000000, 0x0000000100000000)
  region size 1024K, 147 young (150528K), 2 survivors (2048K)
 Metaspace       used 131503K, committed 132544K, reserved 1171456K
  class space    used 17779K, committed 18304K, reserved 1048576K
}
Event: 3994.851 GC heap after
{Heap after GC invocations=61 (full 0):
 garbage-first heap   total 404480K, used 153297K [0x0000000080000000, 0x0000000100000000)
  region size 1024K, 15 young (15360K), 15 survivors (15360K)
 Metaspace       used 131503K, committed 132544K, reserved 1171456K
  class space    used 17779K, committed 18304K, reserved 1048576K
}
Event: 4716.791 GC heap before
{Heap before GC invocations=62 (full 0):
 garbage-first heap   total 404480K, used 319185K [0x0000000080000000, 0x0000000100000000)
  region size 1024K, 157 young (160768K), 15 survivors (15360K)
 Metaspace       used 131566K, committed 132608K, reserved 1171456K
  class space    used 17718K, committed 18304K, reserved 1048576K
}
Event: 4718.440 GC heap after
{Heap after GC invocations=63 (full 0):
 garbage-first heap   total 404480K, used 155075K [0x0000000080000000, 0x0000000100000000)
  region size 1024K, 11 young (11264K), 11 survivors (11264K)
 Metaspace       used 131566K, committed 132608K, reserved 1171456K
  class space    used 17718K, committed 18304K, reserved 1048576K
}
Event: 4718.530 GC heap before
{Heap before GC invocations=63 (full 0):
 garbage-first heap   total 404480K, used 163267K [0x0000000080000000, 0x0000000100000000)
  region size 1024K, 19 young (19456K), 11 survivors (11264K)
 Metaspace       used 131569K, committed 132608K, reserved 1171456K
  class space    used 17718K, committed 18304K, reserved 1048576K
}
Event: 4718.564 GC heap after
{Heap after GC invocations=64 (full 0):
 garbage-first heap   total 404480K, used 128615K [0x0000000080000000, 0x0000000100000000)
  region size 1024K, 3 young (3072K), 3 survivors (3072K)
 Metaspace       used 131569K, committed 132608K, reserved 1171456K
  class space    used 17718K, committed 18304K, reserved 1048576K
}
Event: 4718.634 GC heap before
{Heap before GC invocations=64 (full 0):
 garbage-first heap   total 404480K, used 143975K [0x0000000080000000, 0x0000000100000000)
  region size 1024K, 19 young (19456K), 3 survivors (3072K)
 Metaspace       used 131583K, committed 132608K, reserved 1171456K
  class space    used 17718K, committed 18304K, reserved 1048576K
}
Event: 4718.653 GC heap after
{Heap after GC invocations=65 (full 0):
 garbage-first heap   total 404480K, used 127724K [0x0000000080000000, 0x0000000100000000)
  region size 1024K, 2 young (2048K), 2 survivors (2048K)
 Metaspace       used 131583K, committed 132608K, reserved 1171456K
  class space    used 17718K, committed 18304K, reserved 1048576K
}
Event: 4718.873 GC heap before
{Heap before GC invocations=65 (full 0):
 garbage-first heap   total 404480K, used 147180K [0x0000000080000000, 0x0000000100000000)
  region size 1024K, 22 young (22528K), 2 survivors (2048K)
 Metaspace       used 131635K, committed 132608K, reserved 1171456K
  class space    used 17720K, committed 18304K, reserved 1048576K
}
Event: 4718.877 GC heap after
{Heap after GC invocations=66 (full 0):
 garbage-first heap   total 404480K, used 131268K [0x0000000080000000, 0x0000000100000000)
  region size 1024K, 6 young (6144K), 6 survivors (6144K)
 Metaspace       used 131635K, committed 132608K, reserved 1171456K
  class space    used 17720K, committed 18304K, reserved 1048576K
}
Event: 4719.423 GC heap before
{Heap before GC invocations=67 (full 0):
 garbage-first heap   total 404480K, used 203972K [0x0000000080000000, 0x0000000100000000)
  region size 1024K, 76 young (77824K), 6 survivors (6144K)
 Metaspace       used 131767K, committed 132800K, reserved 1171456K
  class space    used 17716K, committed 18304K, reserved 1048576K
}
Event: 4719.428 GC heap after
{Heap after GC invocations=68 (full 0):
 garbage-first heap   total 404480K, used 133060K [0x0000000080000000, 0x0000000100000000)
  region size 1024K, 4 young (4096K), 4 survivors (4096K)
 Metaspace       used 131767K, committed 132800K, reserved 1171456K
  class space    used 17716K, committed 18304K, reserved 1048576K
}
Event: 4719.474 GC heap before
{Heap before GC invocations=68 (full 0):
 garbage-first heap   total 404480K, used 148420K [0x0000000080000000, 0x0000000100000000)
  region size 1024K, 19 young (19456K), 4 survivors (4096K)
 Metaspace       used 131847K, committed 132928K, reserved 1171456K
  class space    used 17718K, committed 18304K, reserved 1048576K
}
Event: 4719.484 GC heap after
{Heap after GC invocations=69 (full 0):
 garbage-first heap   total 404480K, used 119037K [0x0000000080000000, 0x0000000100000000)
  region size 1024K, 3 young (3072K), 3 survivors (3072K)
 Metaspace       used 131847K, committed 132928K, reserved 1171456K
  class space    used 17718K, committed 18304K, reserved 1048576K
}
Event: 4719.657 GC heap before
{Heap before GC invocations=69 (full 0):
 garbage-first heap   total 404480K, used 142589K [0x0000000080000000, 0x0000000100000000)
  region size 1024K, 28 young (28672K), 3 survivors (3072K)
 Metaspace       used 132018K, committed 133056K, reserved 1171456K
  class space    used 17720K, committed 18304K, reserved 1048576K
}

